#
# There is insufficient memory for the Java Runtime Environment to continue.
# Native memory allocation (malloc) failed to allocate 2279376 bytes for Chunk::new
# Possible reasons:
#   The system is out of physical RAM or swap space
#   The process is running with CompressedOops enabled, and the Java Heap may be blocking the growth of the native heap
# Possible solutions:
#   Reduce memory load on the system
#   Increase physical memory or swap space
#   Check if swap backing store is full
#   Decrease Java heap size (-Xmx/-Xms)
#   Decrease number of Java threads
#   Decrease Java thread stack sizes (-Xss)
#   Set larger code cache with -XX:ReservedCodeCacheSize=
#   JVM is running with Unscaled Compressed Oops mode in which the Java heap is
#     placed in the first 4GB address space. The Java Heap base address is the
#     maximum limit for the native heap growth. Please use -XX:HeapBaseMinAddress
#     to set the Java Heap base and to place the Java Heap above 4GB virtual address.
# This output file may be truncated or incomplete.
#
#  Out of Memory Error (./src/hotspot/share/memory/arena.cpp:197), pid=8400, tid=6708
#
# JRE version: OpenJDK Runtime Environment (11.0.11+9) (build 11.0.11+9-b60-7590822)
# Java VM: OpenJDK 64-Bit Server VM (11.0.11+9-b60-7590822, mixed mode, tiered, compressed oops, g1 gc, windows-amd64)
# No core dump will be written. Minidumps are not enabled by default on client versions of Windows
#

---------------  S U M M A R Y ------------

Command Line: --add-opens=java.base/java.util=ALL-UNNAMED --add-opens=java.base/java.lang=ALL-UNNAMED --add-opens=java.base/java.lang.invoke=ALL-UNNAMED --add-opens=java.base/java.util=ALL-UNNAMED --add-opens=java.prefs/java.util.prefs=ALL-UNNAMED --add-opens=java.prefs/java.util.prefs=ALL-UNNAMED --add-opens=java.base/java.nio.charset=ALL-UNNAMED --add-opens=java.base/java.net=ALL-UNNAMED --add-opens=java.base/java.util.concurrent.atomic=ALL-UNNAMED -Xmx2048m -Dfile.encoding=UTF-8 -Duser.country=RU -Duser.language=ru -Duser.variant org.gradle.launcher.daemon.bootstrap.GradleDaemon 7.2

Host: Intel(R) Core(TM) i3-8145U CPU @ 2.10GHz, 4 cores, 3G,  Windows 10 , 64 bit Build 19041 (10.0.19041.1889)
Time: Sun Sep 25 11:50:23 2022 RTZ 2 (зима) elapsed time: 744.133187 seconds (0d 0h 12m 24s)

---------------  T H R E A D  ---------------

Current thread (0x000002ac6fcbd800):  JavaThread "C2 CompilerThread0" daemon [_thread_in_native, id=6708, stack(0x000000e5fc600000,0x000000e5fc700000)]


Current CompileTask:
C2: 744133 17831   !   4       java.io.ObjectOutputStream::writeObject0 (619 bytes)

Stack: [0x000000e5fc600000,0x000000e5fc700000]
Native frames: (J=compiled Java code, j=interpreted, Vv=VM code, C=native code)
V  [jvm.dll+0x5f214a]
V  [jvm.dll+0x726fb5]
V  [jvm.dll+0x7285cd]
V  [jvm.dll+0x728c83]
V  [jvm.dll+0x243278]
V  [jvm.dll+0xbc53c]
V  [jvm.dll+0xbca3c]
V  [jvm.dll+0x353e7d]
V  [jvm.dll+0x321893]
V  [jvm.dll+0x320d8a]
V  [jvm.dll+0x1fc1e2]
V  [jvm.dll+0x1fb3d4]
V  [jvm.dll+0x183d6c]
V  [jvm.dll+0x209a57]
V  [jvm.dll+0x2082a1]
V  [jvm.dll+0x6ef58f]
V  [jvm.dll+0x6e80b5]
V  [jvm.dll+0x5f1036]
C  [ucrtbase.dll+0x21bb2]
C  [KERNEL32.DLL+0x17034]
C  [ntdll.dll+0x526a1]


---------------  P R O C E S S  ---------------

Threads class SMR info:
_java_thread_list=0x000002ac72a25090, length=82, elements={
0x000002ac560d8000, 0x000002ac6fc96800, 0x000002ac6fc99800, 0x000002ac6fcba000,
0x000002ac6fcbb000, 0x000002ac6fcbc000, 0x000002ac6fcbd800, 0x000002ac6fd09800,
0x000002ac70680800, 0x000002ac70773800, 0x000002ac720f5800, 0x000002ac7121e800,
0x000002ac7168e800, 0x000002ac71f20800, 0x000002ac71f1d800, 0x000002ac71f20000,
0x000002ac71f22000, 0x000002ac71f1e000, 0x000002ac72ef8800, 0x000002ac72ef7800,
0x000002ac72ef6000, 0x000002ac72f02800, 0x000002ac72f01800, 0x000002ac74e36800,
0x000002ac74e3d000, 0x000002ac78082000, 0x000002ac7807d800, 0x000002ac78084000,
0x000002ac7807e000, 0x000002ac74e34000, 0x000002ac74e30000, 0x000002ac74e31000,
0x000002ac74e33000, 0x000002ac74e35000, 0x000002ac74e2f000, 0x000002ac74e31800,
0x000002ac74e3a800, 0x000002ac74e3b800, 0x000002ac7807f800, 0x000002ac78083000,
0x000002ac78084800, 0x000002ac78080800, 0x000002ac7807f000, 0x000002ac78089800,
0x000002ac7808a800, 0x000002ac78088000, 0x000002ac7808b000, 0x000002ac78086800,
0x000002ac78088800, 0x000002ac78085800, 0x000002ac7808c000, 0x000002ac78087000,
0x000002ac72efe000, 0x000002ac72eff000, 0x000002ac72ef9800, 0x000002ac72efd800,
0x000002ac72f00000, 0x000002ac72efa000, 0x000002ac72f04000, 0x000002ac72f04800,
0x000002ac72f00800, 0x000002ac72f03000, 0x000002ac71f1f000, 0x000002ac71f21800,
0x000002ac71f23000, 0x000002ac71f24000, 0x000002ac77ee9800, 0x000002ac77ee7000,
0x000002ac77eea800, 0x000002ac77ee5000, 0x000002ac77eeb800, 0x000002ac77ee5800,
0x000002ac77eec000, 0x000002ac77ee9000, 0x000002ac77ee6800, 0x000002ac77eed000,
0x000002ac77ef2800, 0x000002ac77eee800, 0x000002ac77eef800, 0x000002ac77ef1000,
0x000002ac73450800, 0x000002ac73454800
}
_to_delete_list=0x000002ac72a25360, length=83, elements={
0x000002ac560d8000, 0x000002ac6fc96800, 0x000002ac6fc99800, 0x000002ac6fcba000,
0x000002ac6fcbb000, 0x000002ac6fcbc000, 0x000002ac6fcbd800, 0x000002ac6fd09800,
0x000002ac70680800, 0x000002ac70773800, 0x000002ac720f5800, 0x000002ac7121e800,
0x000002ac7168e800, 0x000002ac71f20800, 0x000002ac71f1d800, 0x000002ac71f20000,
0x000002ac71f22000, 0x000002ac71f1e000, 0x000002ac72ef8800, 0x000002ac72ef7800,
0x000002ac72ef6000, 0x000002ac72f02800, 0x000002ac72f01800, 0x000002ac74e36800,
0x000002ac74e3d000, 0x000002ac78082000, 0x000002ac7807d800, 0x000002ac78084000,
0x000002ac7807e000, 0x000002ac74e34000, 0x000002ac74e30000, 0x000002ac74e31000,
0x000002ac74e33000, 0x000002ac74e35000, 0x000002ac74e2f000, 0x000002ac74e31800,
0x000002ac74e3a800, 0x000002ac74e3b800, 0x000002ac7807f800, 0x000002ac78083000,
0x000002ac78084800, 0x000002ac78080800, 0x000002ac7807f000, 0x000002ac78089800,
0x000002ac7808a800, 0x000002ac78088000, 0x000002ac7808b000, 0x000002ac78086800,
0x000002ac78088800, 0x000002ac78085800, 0x000002ac7808c000, 0x000002ac78087000,
0x000002ac72efe000, 0x000002ac72eff000, 0x000002ac72ef9800, 0x000002ac72efd800,
0x000002ac72f00000, 0x000002ac72efa000, 0x000002ac72f04000, 0x000002ac72f04800,
0x000002ac72f00800, 0x000002ac72f03000, 0x000002ac71f1f000, 0x000002ac71f21800,
0x000002ac71f23000, 0x000002ac71f24000, 0x000002ac77ee9800, 0x000002ac77ee7000,
0x000002ac77eea800, 0x000002ac77ee5000, 0x000002ac77eeb800, 0x000002ac77ee5800,
0x000002ac77eec000, 0x000002ac77ee9000, 0x000002ac77ee6800, 0x000002ac77eed000,
0x000002ac77ef2800, 0x000002ac77eee800, 0x000002ac77eef800, 0x000002ac77ef1000,
0x000002ac73450800, 0x000002ac73454000, 0x000002ac73454800
}

Java Threads: ( => current thread )
  0x000002ac560d8000 JavaThread "main" [_thread_blocked, id=15416, stack(0x000000e5fba00000,0x000000e5fbb00000)]
  0x000002ac6fc96800 JavaThread "Reference Handler" daemon [_thread_blocked, id=13712, stack(0x000000e5fc100000,0x000000e5fc200000)]
  0x000002ac6fc99800 JavaThread "Finalizer" daemon [_thread_blocked, id=5012, stack(0x000000e5fc200000,0x000000e5fc300000)]
  0x000002ac6fcba000 JavaThread "Signal Dispatcher" daemon [_thread_blocked, id=9184, stack(0x000000e5fc300000,0x000000e5fc400000)]
  0x000002ac6fcbb000 JavaThread "Attach Listener" daemon [_thread_blocked, id=5532, stack(0x000000e5fc400000,0x000000e5fc500000)]
  0x000002ac6fcbc000 JavaThread "Service Thread" daemon [_thread_blocked, id=1868, stack(0x000000e5fc500000,0x000000e5fc600000)]
=>0x000002ac6fcbd800 JavaThread "C2 CompilerThread0" daemon [_thread_in_native, id=6708, stack(0x000000e5fc600000,0x000000e5fc700000)]
  0x000002ac6fd09800 JavaThread "C1 CompilerThread0" daemon [_thread_blocked, id=13132, stack(0x000000e5fc700000,0x000000e5fc800000)]
  0x000002ac70680800 JavaThread "Sweeper thread" daemon [_thread_blocked, id=15084, stack(0x000000e5fc800000,0x000000e5fc900000)]
  0x000002ac70773800 JavaThread "Common-Cleaner" daemon [_thread_blocked, id=2004, stack(0x000000e5fc900000,0x000000e5fca00000)]
  0x000002ac720f5800 JavaThread "Daemon health stats" [_thread_blocked, id=16612, stack(0x000000e5fcd00000,0x000000e5fce00000)]
  0x000002ac7121e800 JavaThread "Incoming local TCP Connector on port 60323" [_thread_in_native, id=18176, stack(0x000000e5fcb00000,0x000000e5fcc00000)]
  0x000002ac7168e800 JavaThread "Daemon periodic checks" [_thread_blocked, id=16064, stack(0x000000e5fce00000,0x000000e5fcf00000)]
  0x000002ac71f20800 JavaThread "Cache worker for journal cache (C:\Users\User\.gradle\caches\journal-1)" [_thread_blocked, id=10892, stack(0x000000e5fd800000,0x000000e5fd900000)]
  0x000002ac71f1d800 JavaThread "File lock request listener" [_thread_in_native, id=16448, stack(0x000000e5fd900000,0x000000e5fda00000)]
  0x000002ac71f20000 JavaThread "Cache worker for file hash cache (C:\Users\User\.gradle\caches\7.2\fileHashes)" [_thread_blocked, id=2240, stack(0x000000e5fda00000,0x000000e5fdb00000)]
  0x000002ac71f22000 JavaThread "File watcher server" daemon [_thread_in_native, id=13648, stack(0x000000e5fdd00000,0x000000e5fde00000)]
  0x000002ac71f1e000 JavaThread "File watcher consumer" daemon [_thread_blocked, id=16432, stack(0x000000e5fde00000,0x000000e5fdf00000)]
  0x000002ac72ef8800 JavaThread "Cache worker for execution history cache (C:\Users\User\.gradle\caches\7.2\executionHistory)" [_thread_blocked, id=16700, stack(0x000000e5fe200000,0x000000e5fe300000)]
  0x000002ac72ef7800 JavaThread "jar transforms" [_thread_blocked, id=2300, stack(0x000000e5fe300000,0x000000e5fe400000)]
  0x000002ac72ef6000 JavaThread "Cache worker for file content cache (C:\Users\User\.gradle\caches\7.2\fileContent)" [_thread_blocked, id=10516, stack(0x000000e5fe400000,0x000000e5fe500000)]
  0x000002ac72f02800 JavaThread "jar transforms Thread 2" [_thread_blocked, id=1624, stack(0x000000e5fe500000,0x000000e5fe600000)]
  0x000002ac72f01800 JavaThread "jar transforms Thread 3" [_thread_blocked, id=12084, stack(0x000000e5fe700000,0x000000e5fe800000)]
  0x000002ac74e36800 JavaThread "jar transforms Thread 4" [_thread_blocked, id=12700, stack(0x000000e581100000,0x000000e581200000)]
  0x000002ac74e3d000 JavaThread "Memory manager" [_thread_blocked, id=18056, stack(0x000000e581200000,0x000000e581300000)]
  0x000002ac78082000 JavaThread "RMI Scheduler(0)" daemon [_thread_blocked, id=14352, stack(0x000000e581a00000,0x000000e581b00000)]
  0x000002ac7807d800 JavaThread "RMI GC Daemon" daemon [_thread_blocked, id=11476, stack(0x000000e581c00000,0x000000e581d00000)]
  0x000002ac78084000 JavaThread "RMI TCP Accept-0" daemon [_thread_in_native, id=13520, stack(0x000000e581d00000,0x000000e581e00000)]
  0x000002ac7807e000 JavaThread "RMI Reaper" [_thread_blocked, id=14688, stack(0x000000e581e00000,0x000000e581f00000)]
  0x000002ac74e34000 JavaThread "RMI TCP Connection(idle)" daemon [_thread_blocked, id=19028, stack(0x000000e580200000,0x000000e580300000)]
  0x000002ac74e30000 JavaThread "Daemon Thread 2" [_thread_blocked, id=15980, stack(0x000000e580000000,0x000000e580100000)]
  0x000002ac74e31000 JavaThread "Handler for socket connection from /127.0.0.1:60323 to /127.0.0.1:60929" [_thread_in_native, id=19048, stack(0x000000e580100000,0x000000e580200000)]
  0x000002ac74e33000 JavaThread "Cancel handler" [_thread_blocked, id=3556, stack(0x000000e580300000,0x000000e580400000)]
  0x000002ac74e35000 JavaThread "Daemon worker Thread 2" [_thread_in_vm, id=15256, stack(0x000000e580400000,0x000000e580500000)] _threads_hazard_ptr=0x000002ac72a25090
  0x000002ac74e2f000 JavaThread "Asynchronous log dispatcher for DefaultDaemonConnection: socket connection from /127.0.0.1:60323 to /127.0.0.1:60929" [_thread_blocked, id=15968, stack(0x000000e580500000,0x000000e580600000)]
  0x000002ac74e31800 JavaThread "Daemon client event forwarder" [_thread_blocked, id=2520, stack(0x000000e580700000,0x000000e580800000)]
  0x000002ac74e3a800 JavaThread "Unconstrained build operations" [_thread_blocked, id=19076, stack(0x000000e580e00000,0x000000e580f00000)]
  0x000002ac74e3b800 JavaThread "Unconstrained build operations Thread 2" [_thread_blocked, id=8792, stack(0x000000e580f00000,0x000000e581000000)]
  0x000002ac7807f800 JavaThread "Unconstrained build operations Thread 3" [_thread_blocked, id=12204, stack(0x000000e581000000,0x000000e581100000)]
  0x000002ac78083000 JavaThread "Unconstrained build operations Thread 4" [_thread_blocked, id=3268, stack(0x000000e581300000,0x000000e581400000)]
  0x000002ac78084800 JavaThread "Unconstrained build operations Thread 5" [_thread_blocked, id=15016, stack(0x000000e581400000,0x000000e581500000)]
  0x000002ac78080800 JavaThread "Unconstrained build operations Thread 6" [_thread_blocked, id=13472, stack(0x000000e581500000,0x000000e581600000)]
  0x000002ac7807f000 JavaThread "Unconstrained build operations Thread 7" [_thread_blocked, id=15588, stack(0x000000e581600000,0x000000e581700000)]
  0x000002ac78089800 JavaThread "Unconstrained build operations Thread 8" [_thread_blocked, id=15404, stack(0x000000e581700000,0x000000e581800000)]
  0x000002ac7808a800 JavaThread "Unconstrained build operations Thread 9" [_thread_in_Java, id=11472, stack(0x000000e581800000,0x000000e581900000)]
  0x000002ac78088000 JavaThread "Unconstrained build operations Thread 10" [_thread_blocked, id=13532, stack(0x000000e581900000,0x000000e581a00000)]
  0x000002ac7808b000 JavaThread "Unconstrained build operations Thread 11" [_thread_blocked, id=14000, stack(0x000000e581b00000,0x000000e581c00000)]
  0x000002ac78086800 JavaThread "Unconstrained build operations Thread 12" [_thread_in_Java, id=11956, stack(0x000000e581f00000,0x000000e582000000)]
  0x000002ac78088800 JavaThread "Unconstrained build operations Thread 13" [_thread_blocked, id=18072, stack(0x000000e582000000,0x000000e582100000)]
  0x000002ac78085800 JavaThread "Unconstrained build operations Thread 14" [_thread_blocked, id=7576, stack(0x000000e582100000,0x000000e582200000)]
  0x000002ac7808c000 JavaThread "Unconstrained build operations Thread 15" [_thread_in_Java, id=18776, stack(0x000000e582200000,0x000000e582300000)]
  0x000002ac78087000 JavaThread "Unconstrained build operations Thread 16" [_thread_blocked, id=10672, stack(0x000000e582300000,0x000000e582400000)]
  0x000002ac72efe000 JavaThread "Unconstrained build operations Thread 17" [_thread_blocked, id=16288, stack(0x000000e582400000,0x000000e582500000)]
  0x000002ac72eff000 JavaThread "Unconstrained build operations Thread 18" [_thread_in_vm, id=14392, stack(0x000000e582500000,0x000000e582600000)]
  0x000002ac72ef9800 JavaThread "Unconstrained build operations Thread 19" [_thread_blocked, id=13176, stack(0x000000e582600000,0x000000e582700000)]
  0x000002ac72efd800 JavaThread "Unconstrained build operations Thread 20" [_thread_blocked, id=3400, stack(0x000000e582700000,0x000000e582800000)]
  0x000002ac72f00000 JavaThread "Unconstrained build operations Thread 21" [_thread_blocked, id=4596, stack(0x000000e582800000,0x000000e582900000)]
  0x000002ac72efa000 JavaThread "Unconstrained build operations Thread 22" [_thread_blocked, id=14828, stack(0x000000e582900000,0x000000e582a00000)]
  0x000002ac72f04000 JavaThread "Unconstrained build operations Thread 23" [_thread_blocked, id=4588, stack(0x000000e582a00000,0x000000e582b00000)]
  0x000002ac72f04800 JavaThread "Unconstrained build operations Thread 24" [_thread_blocked, id=16560, stack(0x000000e582b00000,0x000000e582c00000)]
  0x000002ac72f00800 JavaThread "Unconstrained build operations Thread 25" [_thread_blocked, id=16104, stack(0x000000e582c00000,0x000000e582d00000)]
  0x000002ac72f03000 JavaThread "Unconstrained build operations Thread 26" [_thread_blocked, id=19172, stack(0x000000e582d00000,0x000000e582e00000)]
  0x000002ac71f1f000 JavaThread "Unconstrained build operations Thread 27" [_thread_blocked, id=2692, stack(0x000000e582e00000,0x000000e582f00000)]
  0x000002ac71f21800 JavaThread "Unconstrained build operations Thread 28" [_thread_in_Java, id=16480, stack(0x000000e582f00000,0x000000e583000000)]
  0x000002ac71f23000 JavaThread "Unconstrained build operations Thread 29" [_thread_blocked, id=2056, stack(0x000000e583000000,0x000000e583100000)]
  0x000002ac71f24000 JavaThread "Unconstrained build operations Thread 30" [_thread_blocked, id=17504, stack(0x000000e583100000,0x000000e583200000)]
  0x000002ac77ee9800 JavaThread "Unconstrained build operations Thread 31" [_thread_blocked, id=17992, stack(0x000000e583200000,0x000000e583300000)]
  0x000002ac77ee7000 JavaThread "Unconstrained build operations Thread 32" [_thread_blocked, id=17256, stack(0x000000e583300000,0x000000e583400000)]
  0x000002ac77eea800 JavaThread "Unconstrained build operations Thread 33" [_thread_blocked, id=11524, stack(0x000000e583400000,0x000000e583500000)]
  0x000002ac77ee5000 JavaThread "Unconstrained build operations Thread 34" [_thread_blocked, id=6276, stack(0x000000e583500000,0x000000e583600000)]
  0x000002ac77eeb800 JavaThread "Unconstrained build operations Thread 35" [_thread_blocked, id=18416, stack(0x000000e583600000,0x000000e583700000)]
  0x000002ac77ee5800 JavaThread "Unconstrained build operations Thread 36" [_thread_blocked, id=1116, stack(0x000000e583700000,0x000000e583800000)]
  0x000002ac77eec000 JavaThread "Unconstrained build operations Thread 37" [_thread_blocked, id=18556, stack(0x000000e583800000,0x000000e583900000)]
  0x000002ac77ee9000 JavaThread "Unconstrained build operations Thread 38" [_thread_in_Java, id=2360, stack(0x000000e583900000,0x000000e583a00000)]
  0x000002ac77ee6800 JavaThread "Unconstrained build operations Thread 39" [_thread_blocked, id=16300, stack(0x000000e583a00000,0x000000e583b00000)]
  0x000002ac77eed000 JavaThread "Unconstrained build operations Thread 40" [_thread_blocked, id=15624, stack(0x000000e583b00000,0x000000e583c00000)]
  0x000002ac77ef2800 JavaThread "Cache worker for Java compile cache (C:\Users\User\.gradle\caches\7.2\javaCompile)" [_thread_blocked, id=10140, stack(0x000000e584200000,0x000000e584300000)]
  0x000002ac77eee800 JavaThread "Build operations" [_thread_blocked, id=12692, stack(0x000000e584100000,0x000000e584200000)]
  0x000002ac77eef800 JavaThread "Build operations Thread 2" [_thread_blocked, id=4604, stack(0x000000e584300000,0x000000e584400000)]
  0x000002ac77ef1000 JavaThread "Build operations Thread 3" [_thread_blocked, id=19440, stack(0x000000e584400000,0x000000e584500000)]
  0x000002ac73450800 JavaThread "Build operations Thread 4" [_thread_blocked, id=2064, stack(0x000000e584500000,0x000000e584600000)]
  0x000002ac73454800 JavaThread "WorkerExecutor Queue Thread 3" [_thread_in_vm, id=14672, stack(0x000000e584800000,0x000000e584900000)]

Other Threads:
  0x000002ac6fc8f800 VMThread "VM Thread" [stack: 0x000000e5fc000000,0x000000e5fc100000] [id=15904]
  0x000002ac707a7000 WatcherThread [stack: 0x000000e5fca00000,0x000000e5fcb00000] [id=7580]
  0x000002ac560f1000 GCTaskThread "GC Thread#0" [stack: 0x000000e5fbb00000,0x000000e5fbc00000] [id=11792]
  0x000002ac709fe000 GCTaskThread "GC Thread#1" [stack: 0x000000e5fcc00000,0x000000e5fcd00000] [id=18300]
  0x000002ac7154e800 GCTaskThread "GC Thread#2" [stack: 0x000000e5fd600000,0x000000e5fd700000] [id=6220]
  0x000002ac72b5d800 GCTaskThread "GC Thread#3" [stack: 0x000000e5fd700000,0x000000e5fd800000] [id=4808]
  0x000002ac56122000 ConcurrentGCThread "G1 Main Marker" [stack: 0x000000e5fbc00000,0x000000e5fbd00000] [id=15244]
  0x000002ac56123000 ConcurrentGCThread "G1 Conc#0" [stack: 0x000000e5fbd00000,0x000000e5fbe00000] [id=9200]
  0x000002ac5617c800 ConcurrentGCThread "G1 Refine#0" [stack: 0x000000e5fbe00000,0x000000e5fbf00000] [id=10344]
  0x000002ac5617d800 ConcurrentGCThread "G1 Young RemSet Sampling" [stack: 0x000000e5fbf00000,0x000000e5fc000000] [id=18596]

Threads with active compile tasks:
C2 CompilerThread0 744368 17831   !   4       java.io.ObjectOutputStream::writeObject0 (619 bytes)

VM state:not at safepoint (normal execution)

VM Mutex/Monitor currently owned by a thread: None

Heap address: 0x0000000080000000, size: 2048 MB, Compressed Oops mode: 32-bit
Narrow klass base: 0x0000000000000000, Narrow klass shift: 3
Compressed class space size: 1073741824 Address: 0x0000000100000000

Heap:
 garbage-first heap   total 225280K, used 162794K [0x0000000080000000, 0x0000000100000000)
  region size 1024K, 24 young (24576K), 1 survivors (1024K)
 Metaspace       used 118572K, capacity 121956K, committed 122268K, reserved 1155072K
  class space    used 15275K, capacity 16557K, committed 16640K, reserved 1048576K
Heap Regions: E=young(eden), S=young(survivor), O=old, HS=humongous(starts), HC=humongous(continues), CS=collection set, F=free, A=archive, TAMS=top-at-mark-start (previous, next)
|   0|0x0000000080000000, 0x0000000080100000, 0x0000000080100000|100%| O|  |TAMS 0x0000000080100000, 0x0000000080000000| Untracked 
|   1|0x0000000080100000, 0x0000000080200000, 0x0000000080200000|100%| O|  |TAMS 0x0000000080200000, 0x0000000080100000| Untracked 
|   2|0x0000000080200000, 0x0000000080300000, 0x0000000080300000|100%|HS|  |TAMS 0x0000000080200000, 0x0000000080200000| Complete 
|   3|0x0000000080300000, 0x0000000080400000, 0x0000000080400000|100%|HS|  |TAMS 0x0000000080400000, 0x0000000080300000| Complete 
|   4|0x0000000080400000, 0x0000000080500000, 0x0000000080500000|100%|HC|  |TAMS 0x0000000080500000, 0x0000000080400000| Complete 
|   5|0x0000000080500000, 0x0000000080600000, 0x0000000080600000|100%|HC|  |TAMS 0x0000000080600000, 0x0000000080500000| Complete 
|   6|0x0000000080600000, 0x0000000080700000, 0x0000000080700000|100%| O|  |TAMS 0x0000000080700000, 0x0000000080600000| Untracked 
|   7|0x0000000080700000, 0x0000000080800000, 0x0000000080800000|100%| O|  |TAMS 0x0000000080800000, 0x0000000080700000| Untracked 
|   8|0x0000000080800000, 0x0000000080900000, 0x0000000080900000|100%| O|  |TAMS 0x0000000080900000, 0x0000000080800000| Untracked 
|   9|0x0000000080900000, 0x0000000080a00000, 0x0000000080a00000|100%| O|  |TAMS 0x0000000080a00000, 0x0000000080900000| Untracked 
|  10|0x0000000080a00000, 0x0000000080b00000, 0x0000000080b00000|100%| O|  |TAMS 0x0000000080b00000, 0x0000000080a00000| Untracked 
|  11|0x0000000080b00000, 0x0000000080c00000, 0x0000000080c00000|100%| O|  |TAMS 0x0000000080c00000, 0x0000000080b00000| Untracked 
|  12|0x0000000080c00000, 0x0000000080d00000, 0x0000000080d00000|100%| O|  |TAMS 0x0000000080d00000, 0x0000000080c00000| Untracked 
|  13|0x0000000080d00000, 0x0000000080e00000, 0x0000000080e00000|100%| O|  |TAMS 0x0000000080e00000, 0x0000000080d00000| Untracked 
|  14|0x0000000080e00000, 0x0000000080f00000, 0x0000000080f00000|100%| O|  |TAMS 0x0000000080f00000, 0x0000000080e00000| Untracked 
|  15|0x0000000080f00000, 0x0000000081000000, 0x0000000081000000|100%| O|  |TAMS 0x0000000081000000, 0x0000000080f00000| Untracked 
|  16|0x0000000081000000, 0x0000000081100000, 0x0000000081100000|100%| O|  |TAMS 0x0000000081100000, 0x0000000081000000| Untracked 
|  17|0x0000000081100000, 0x0000000081200000, 0x0000000081200000|100%| O|  |TAMS 0x0000000081200000, 0x0000000081100000| Untracked 
|  18|0x0000000081200000, 0x0000000081300000, 0x0000000081300000|100%| O|  |TAMS 0x0000000081300000, 0x0000000081200000| Untracked 
|  19|0x0000000081300000, 0x0000000081400000, 0x0000000081400000|100%| O|  |TAMS 0x0000000081400000, 0x0000000081300000| Untracked 
|  20|0x0000000081400000, 0x0000000081500000, 0x0000000081500000|100%| O|  |TAMS 0x0000000081500000, 0x0000000081400000| Untracked 
|  21|0x0000000081500000, 0x0000000081600000, 0x0000000081600000|100%| O|  |TAMS 0x0000000081600000, 0x0000000081500000| Untracked 
|  22|0x0000000081600000, 0x0000000081700000, 0x0000000081700000|100%| O|  |TAMS 0x0000000081700000, 0x0000000081600000| Untracked 
|  23|0x0000000081700000, 0x0000000081800000, 0x0000000081800000|100%| O|  |TAMS 0x0000000081800000, 0x0000000081700000| Untracked 
|  24|0x0000000081800000, 0x0000000081900000, 0x0000000081900000|100%| O|  |TAMS 0x0000000081900000, 0x0000000081800000| Untracked 
|  25|0x0000000081900000, 0x0000000081a00000, 0x0000000081a00000|100%| O|  |TAMS 0x0000000081a00000, 0x0000000081900000| Untracked 
|  26|0x0000000081a00000, 0x0000000081b00000, 0x0000000081b00000|100%| O|  |TAMS 0x0000000081b00000, 0x0000000081a00000| Untracked 
|  27|0x0000000081b00000, 0x0000000081c00000, 0x0000000081c00000|100%| O|  |TAMS 0x0000000081c00000, 0x0000000081b00000| Untracked 
|  28|0x0000000081c00000, 0x0000000081d00000, 0x0000000081d00000|100%| O|  |TAMS 0x0000000081d00000, 0x0000000081c00000| Untracked 
|  29|0x0000000081d00000, 0x0000000081e00000, 0x0000000081e00000|100%|HS|  |TAMS 0x0000000081e00000, 0x0000000081d00000| Complete 
|  30|0x0000000081e00000, 0x0000000081f00000, 0x0000000081f00000|100%|HS|  |TAMS 0x0000000081f00000, 0x0000000081e00000| Complete 
|  31|0x0000000081f00000, 0x0000000082000000, 0x0000000082000000|100%|HS|  |TAMS 0x0000000082000000, 0x0000000081f00000| Complete 
|  32|0x0000000082000000, 0x0000000082100000, 0x0000000082100000|100%|HS|  |TAMS 0x0000000082100000, 0x0000000082000000| Complete 
|  33|0x0000000082100000, 0x0000000082200000, 0x0000000082200000|100%|HS|  |TAMS 0x0000000082200000, 0x0000000082100000| Complete 
|  34|0x0000000082200000, 0x0000000082300000, 0x0000000082300000|100%|HC|  |TAMS 0x0000000082300000, 0x0000000082200000| Complete 
|  35|0x0000000082300000, 0x0000000082400000, 0x0000000082400000|100%|HC|  |TAMS 0x0000000082400000, 0x0000000082300000| Complete 
|  36|0x0000000082400000, 0x0000000082500000, 0x0000000082500000|100%|HS|  |TAMS 0x0000000082500000, 0x0000000082400000| Complete 
|  37|0x0000000082500000, 0x0000000082600000, 0x0000000082600000|100%|HC|  |TAMS 0x0000000082600000, 0x0000000082500000| Complete 
|  38|0x0000000082600000, 0x0000000082700000, 0x0000000082700000|100%| O|  |TAMS 0x0000000082700000, 0x0000000082600000| Untracked 
|  39|0x0000000082700000, 0x0000000082800000, 0x0000000082800000|100%| O|  |TAMS 0x0000000082800000, 0x0000000082700000| Untracked 
|  40|0x0000000082800000, 0x0000000082900000, 0x0000000082900000|100%| O|  |TAMS 0x0000000082900000, 0x0000000082800000| Untracked 
|  41|0x0000000082900000, 0x0000000082a00000, 0x0000000082a00000|100%| O|  |TAMS 0x0000000082a00000, 0x0000000082900000| Untracked 
|  42|0x0000000082a00000, 0x0000000082b00000, 0x0000000082b00000|100%| O|  |TAMS 0x0000000082b00000, 0x0000000082a00000| Untracked 
|  43|0x0000000082b00000, 0x0000000082c00000, 0x0000000082c00000|100%| O|  |TAMS 0x0000000082c00000, 0x0000000082b00000| Untracked 
|  44|0x0000000082c00000, 0x0000000082d00000, 0x0000000082d00000|100%| O|  |TAMS 0x0000000082d00000, 0x0000000082c00000| Untracked 
|  45|0x0000000082d00000, 0x0000000082e00000, 0x0000000082e00000|100%| O|  |TAMS 0x0000000082e00000, 0x0000000082d00000| Untracked 
|  46|0x0000000082e00000, 0x0000000082f00000, 0x0000000082f00000|100%| O|  |TAMS 0x0000000082f00000, 0x0000000082e00000| Untracked 
|  47|0x0000000082f00000, 0x0000000083000000, 0x0000000083000000|100%| O|  |TAMS 0x0000000083000000, 0x0000000082f00000| Untracked 
|  48|0x0000000083000000, 0x0000000083100000, 0x0000000083100000|100%| O|  |TAMS 0x0000000083100000, 0x0000000083000000| Untracked 
|  49|0x0000000083100000, 0x0000000083200000, 0x0000000083200000|100%| O|  |TAMS 0x0000000083200000, 0x0000000083100000| Untracked 
|  50|0x0000000083200000, 0x0000000083300000, 0x0000000083300000|100%| O|  |TAMS 0x0000000083300000, 0x0000000083200000| Untracked 
|  51|0x0000000083300000, 0x0000000083400000, 0x0000000083400000|100%| O|  |TAMS 0x0000000083400000, 0x0000000083300000| Untracked 
|  52|0x0000000083400000, 0x0000000083500000, 0x0000000083500000|100%| O|  |TAMS 0x0000000083500000, 0x0000000083400000| Untracked 
|  53|0x0000000083500000, 0x0000000083600000, 0x0000000083600000|100%| O|  |TAMS 0x0000000083600000, 0x0000000083500000| Untracked 
|  54|0x0000000083600000, 0x0000000083700000, 0x0000000083700000|100%| O|  |TAMS 0x0000000083700000, 0x0000000083600000| Untracked 
|  55|0x0000000083700000, 0x0000000083800000, 0x0000000083800000|100%| O|  |TAMS 0x0000000083800000, 0x0000000083700000| Untracked 
|  56|0x0000000083800000, 0x0000000083900000, 0x0000000083900000|100%| O|  |TAMS 0x0000000083900000, 0x0000000083800000| Untracked 
|  57|0x0000000083900000, 0x0000000083a00000, 0x0000000083a00000|100%| O|  |TAMS 0x0000000083a00000, 0x0000000083900000| Untracked 
|  58|0x0000000083a00000, 0x0000000083b00000, 0x0000000083b00000|100%| O|  |TAMS 0x0000000083b00000, 0x0000000083a00000| Untracked 
|  59|0x0000000083b00000, 0x0000000083c00000, 0x0000000083c00000|100%| O|  |TAMS 0x0000000083c00000, 0x0000000083b00000| Untracked 
|  60|0x0000000083c00000, 0x0000000083d00000, 0x0000000083d00000|100%| O|  |TAMS 0x0000000083d00000, 0x0000000083c00000| Untracked 
|  61|0x0000000083d00000, 0x0000000083e00000, 0x0000000083e00000|100%| O|  |TAMS 0x0000000083e00000, 0x0000000083d00000| Untracked 
|  62|0x0000000083e00000, 0x0000000083f00000, 0x0000000083f00000|100%| O|  |TAMS 0x0000000083f00000, 0x0000000083e00000| Untracked 
|  63|0x0000000083f00000, 0x0000000084000000, 0x0000000084000000|100%| O|  |TAMS 0x0000000084000000, 0x0000000083f00000| Untracked 
|  64|0x0000000084000000, 0x0000000084100000, 0x0000000084100000|100%| O|  |TAMS 0x0000000084100000, 0x0000000084000000| Untracked 
|  65|0x0000000084100000, 0x0000000084200000, 0x0000000084200000|100%| O|  |TAMS 0x0000000084200000, 0x0000000084100000| Untracked 
|  66|0x0000000084200000, 0x0000000084300000, 0x0000000084300000|100%| O|  |TAMS 0x0000000084300000, 0x0000000084200000| Untracked 
|  67|0x0000000084300000, 0x0000000084400000, 0x0000000084400000|100%| O|  |TAMS 0x0000000084400000, 0x0000000084300000| Untracked 
|  68|0x0000000084400000, 0x0000000084500000, 0x0000000084500000|100%| O|  |TAMS 0x0000000084500000, 0x0000000084400000| Untracked 
|  69|0x0000000084500000, 0x0000000084600000, 0x0000000084600000|100%| O|  |TAMS 0x0000000084500000, 0x0000000084500000| Untracked 
|  70|0x0000000084600000, 0x0000000084700000, 0x0000000084700000|100%| O|  |TAMS 0x0000000084700000, 0x0000000084600000| Untracked 
|  71|0x0000000084700000, 0x0000000084800000, 0x0000000084800000|100%| O|  |TAMS 0x0000000084800000, 0x0000000084700000| Untracked 
|  72|0x0000000084800000, 0x0000000084900000, 0x0000000084900000|100%|HS|  |TAMS 0x0000000084800000, 0x0000000084800000| Complete 
|  73|0x0000000084900000, 0x0000000084a00000, 0x0000000084a00000|100%| O|  |TAMS 0x0000000084a00000, 0x0000000084900000| Untracked 
|  74|0x0000000084a00000, 0x0000000084b00000, 0x0000000084b00000|100%| O|  |TAMS 0x0000000084b00000, 0x0000000084a00000| Untracked 
|  75|0x0000000084b00000, 0x0000000084c00000, 0x0000000084c00000|100%| O|  |TAMS 0x0000000084c00000, 0x0000000084b00000| Untracked 
|  76|0x0000000084c00000, 0x0000000084d00000, 0x0000000084d00000|100%| O|  |TAMS 0x0000000084d00000, 0x0000000084c00000| Untracked 
|  77|0x0000000084d00000, 0x0000000084e00000, 0x0000000084e00000|100%| O|  |TAMS 0x0000000084e00000, 0x0000000084d00000| Untracked 
|  78|0x0000000084e00000, 0x0000000084f00000, 0x0000000084f00000|100%| O|  |TAMS 0x0000000084f00000, 0x0000000084e00000| Untracked 
|  79|0x0000000084f00000, 0x0000000085000000, 0x0000000085000000|100%| O|  |TAMS 0x0000000085000000, 0x0000000084f00000| Untracked 
|  80|0x0000000085000000, 0x0000000085100000, 0x0000000085100000|100%| O|  |TAMS 0x0000000085100000, 0x0000000085000000| Untracked 
|  81|0x0000000085100000, 0x0000000085200000, 0x0000000085200000|100%| O|  |TAMS 0x0000000085200000, 0x0000000085100000| Untracked 
|  82|0x0000000085200000, 0x0000000085300000, 0x0000000085300000|100%| O|  |TAMS 0x0000000085300000, 0x0000000085200000| Untracked 
|  83|0x0000000085300000, 0x0000000085400000, 0x0000000085400000|100%| O|  |TAMS 0x0000000085400000, 0x0000000085300000| Untracked 
|  84|0x0000000085400000, 0x0000000085500000, 0x0000000085500000|100%| O|  |TAMS 0x0000000085500000, 0x0000000085400000| Untracked 
|  85|0x0000000085500000, 0x0000000085600000, 0x0000000085600000|100%|HS|  |TAMS 0x0000000085500000, 0x0000000085500000| Complete 
|  86|0x0000000085600000, 0x0000000085700000, 0x0000000085700000|100%| O|  |TAMS 0x0000000085700000, 0x0000000085600000| Untracked 
|  87|0x0000000085700000, 0x0000000085800000, 0x0000000085800000|100%| O|  |TAMS 0x0000000085800000, 0x0000000085700000| Untracked 
|  88|0x0000000085800000, 0x0000000085900000, 0x0000000085900000|100%| O|  |TAMS 0x0000000085900000, 0x0000000085800000| Untracked 
|  89|0x0000000085900000, 0x0000000085a00000, 0x0000000085a00000|100%| O|  |TAMS 0x0000000085a00000, 0x0000000085900000| Untracked 
|  90|0x0000000085a00000, 0x0000000085b00000, 0x0000000085b00000|100%| O|  |TAMS 0x0000000085b00000, 0x0000000085a00000| Untracked 
|  91|0x0000000085b00000, 0x0000000085c00000, 0x0000000085c00000|100%| O|  |TAMS 0x0000000085c00000, 0x0000000085b00000| Untracked 
|  92|0x0000000085c00000, 0x0000000085d00000, 0x0000000085d00000|100%| O|  |TAMS 0x0000000085d00000, 0x0000000085c00000| Untracked 
|  93|0x0000000085d00000, 0x0000000085e00000, 0x0000000085e00000|100%| O|  |TAMS 0x0000000085e00000, 0x0000000085d00000| Untracked 
|  94|0x0000000085e00000, 0x0000000085f00000, 0x0000000085f00000|100%| O|  |TAMS 0x0000000085f00000, 0x0000000085e00000| Untracked 
|  95|0x0000000085f00000, 0x0000000086000000, 0x0000000086000000|100%| O|  |TAMS 0x0000000086000000, 0x0000000085f00000| Untracked 
|  96|0x0000000086000000, 0x0000000086100000, 0x0000000086100000|100%| O|  |TAMS 0x0000000086100000, 0x0000000086000000| Untracked 
|  97|0x0000000086100000, 0x0000000086200000, 0x0000000086200000|100%| O|  |TAMS 0x0000000086200000, 0x0000000086100000| Untracked 
|  98|0x0000000086200000, 0x0000000086300000, 0x0000000086300000|100%| O|  |TAMS 0x0000000086300000, 0x0000000086200000| Untracked 
|  99|0x0000000086300000, 0x0000000086400000, 0x0000000086400000|100%| O|  |TAMS 0x0000000086400000, 0x0000000086300000| Untracked 
| 100|0x0000000086400000, 0x0000000086500000, 0x0000000086500000|100%| O|  |TAMS 0x0000000086500000, 0x0000000086400000| Untracked 
| 101|0x0000000086500000, 0x0000000086600000, 0x0000000086600000|100%| O|  |TAMS 0x0000000086600000, 0x0000000086500000| Untracked 
| 102|0x0000000086600000, 0x0000000086700000, 0x0000000086700000|100%| O|  |TAMS 0x0000000086700000, 0x0000000086600000| Untracked 
| 103|0x0000000086700000, 0x0000000086800000, 0x0000000086800000|100%| O|  |TAMS 0x0000000086800000, 0x0000000086700000| Untracked 
| 104|0x0000000086800000, 0x0000000086900000, 0x0000000086900000|100%| O|  |TAMS 0x0000000086900000, 0x0000000086800000| Untracked 
| 105|0x0000000086900000, 0x0000000086a00000, 0x0000000086a00000|100%| O|  |TAMS 0x0000000086a00000, 0x0000000086900000| Untracked 
| 106|0x0000000086a00000, 0x0000000086b00000, 0x0000000086b00000|100%| O|  |TAMS 0x0000000086b00000, 0x0000000086a00000| Untracked 
| 107|0x0000000086b00000, 0x0000000086c00000, 0x0000000086c00000|100%| O|  |TAMS 0x0000000086b00000, 0x0000000086b00000| Untracked 
| 108|0x0000000086c00000, 0x0000000086d00000, 0x0000000086d00000|100%| O|  |TAMS 0x0000000086d00000, 0x0000000086c00000| Untracked 
| 109|0x0000000086d00000, 0x0000000086e00000, 0x0000000086e00000|100%| O|  |TAMS 0x0000000086e00000, 0x0000000086d00000| Untracked 
| 110|0x0000000086e00000, 0x0000000086f00000, 0x0000000086f00000|100%| O|  |TAMS 0x0000000086f00000, 0x0000000086e00000| Untracked 
| 111|0x0000000086f00000, 0x0000000087000000, 0x0000000087000000|100%| O|  |TAMS 0x0000000087000000, 0x0000000086f00000| Untracked 
| 112|0x0000000087000000, 0x0000000087100000, 0x0000000087100000|100%| O|  |TAMS 0x0000000087100000, 0x0000000087000000| Untracked 
| 113|0x0000000087100000, 0x0000000087200000, 0x0000000087200000|100%| O|  |TAMS 0x0000000087200000, 0x0000000087100000| Untracked 
| 114|0x0000000087200000, 0x0000000087300000, 0x0000000087300000|100%| O|  |TAMS 0x0000000087300000, 0x0000000087200000| Untracked 
| 115|0x0000000087300000, 0x0000000087400000, 0x0000000087400000|100%|HS|  |TAMS 0x0000000087300000, 0x0000000087300000| Complete 
| 116|0x0000000087400000, 0x0000000087500000, 0x0000000087500000|100%| O|  |TAMS 0x0000000087500000, 0x0000000087400000| Untracked 
| 117|0x0000000087500000, 0x0000000087600000, 0x0000000087600000|100%| O|  |TAMS 0x0000000087600000, 0x0000000087500000| Untracked 
| 118|0x0000000087600000, 0x0000000087700000, 0x0000000087700000|100%| O|  |TAMS 0x0000000087700000, 0x0000000087600000| Untracked 
| 119|0x0000000087700000, 0x0000000087800000, 0x0000000087800000|100%|HS|  |TAMS 0x0000000087700000, 0x0000000087700000| Complete 
| 120|0x0000000087800000, 0x0000000087900000, 0x0000000087900000|100%| O|  |TAMS 0x0000000087800000, 0x0000000087800000| Untracked 
| 121|0x0000000087900000, 0x0000000087a00000, 0x0000000087a00000|100%| O|  |TAMS 0x0000000087900000, 0x0000000087900000| Untracked 
| 122|0x0000000087a00000, 0x0000000087b00000, 0x0000000087b00000|100%| O|  |TAMS 0x0000000087a00000, 0x0000000087a00000| Untracked 
| 123|0x0000000087b00000, 0x0000000087c00000, 0x0000000087c00000|100%|HS|  |TAMS 0x0000000087b00000, 0x0000000087b00000| Complete 
| 124|0x0000000087c00000, 0x0000000087d00000, 0x0000000087d00000|100%| O|  |TAMS 0x0000000087c00000, 0x0000000087c00000| Untracked 
| 125|0x0000000087d00000, 0x0000000087e00000, 0x0000000087e00000|100%| O|  |TAMS 0x0000000087d00000, 0x0000000087d00000| Untracked 
| 126|0x0000000087e00000, 0x0000000087f00000, 0x0000000087f00000|100%| O|  |TAMS 0x0000000087e00000, 0x0000000087e00000| Untracked 
| 127|0x0000000087f00000, 0x0000000087fca800, 0x0000000088000000| 79%| O|  |TAMS 0x0000000087f00000, 0x0000000087f00000| Untracked 
| 128|0x0000000088000000, 0x0000000088100000, 0x0000000088100000|100%|HS|  |TAMS 0x0000000088000000, 0x0000000088000000| Complete 
| 129|0x0000000088100000, 0x0000000088200000, 0x0000000088200000|100%|HC|  |TAMS 0x0000000088100000, 0x0000000088100000| Complete 
| 130|0x0000000088200000, 0x0000000088300000, 0x0000000088300000|100%|HS|  |TAMS 0x0000000088200000, 0x0000000088200000| Complete 
| 131|0x0000000088300000, 0x0000000088400000, 0x0000000088400000|100%|HC|  |TAMS 0x0000000088300000, 0x0000000088300000| Complete 
| 132|0x0000000088400000, 0x0000000088500000, 0x0000000088500000|100%|HC|  |TAMS 0x0000000088400000, 0x0000000088400000| Complete 
| 133|0x0000000088500000, 0x0000000088600000, 0x0000000088600000|100%|HS|  |TAMS 0x0000000088500000, 0x0000000088500000| Complete 
| 134|0x0000000088600000, 0x0000000088700000, 0x0000000088700000|100%|HC|  |TAMS 0x0000000088600000, 0x0000000088600000| Complete 
| 135|0x0000000088700000, 0x0000000088800000, 0x0000000088800000|100%|HC|  |TAMS 0x0000000088700000, 0x0000000088700000| Complete 
| 136|0x0000000088800000, 0x0000000088900000, 0x0000000088900000|100%|HS|  |TAMS 0x0000000088800000, 0x0000000088800000| Complete 
| 137|0x0000000088900000, 0x0000000088a00000, 0x0000000088a00000|100%|HC|  |TAMS 0x0000000088900000, 0x0000000088900000| Complete 
| 138|0x0000000088a00000, 0x0000000088a00000, 0x0000000088b00000|  0%| F|  |TAMS 0x0000000088a00000, 0x0000000088a00000| Untracked 
| 139|0x0000000088b00000, 0x0000000088b00000, 0x0000000088c00000|  0%| F|  |TAMS 0x0000000088b00000, 0x0000000088b00000| Untracked 
| 140|0x0000000088c00000, 0x0000000088c00000, 0x0000000088d00000|  0%| F|  |TAMS 0x0000000088c00000, 0x0000000088c00000| Untracked 
| 141|0x0000000088d00000, 0x0000000088d00000, 0x0000000088e00000|  0%| F|  |TAMS 0x0000000088d00000, 0x0000000088d00000| Untracked 
| 142|0x0000000088e00000, 0x0000000088e00000, 0x0000000088f00000|  0%| F|  |TAMS 0x0000000088e00000, 0x0000000088e00000| Untracked 
| 143|0x0000000088f00000, 0x0000000088f00000, 0x0000000089000000|  0%| F|  |TAMS 0x0000000088f00000, 0x0000000088f00000| Untracked 
| 144|0x0000000089000000, 0x0000000089000000, 0x0000000089100000|  0%| F|  |TAMS 0x0000000089000000, 0x0000000089000000| Untracked 
| 145|0x0000000089100000, 0x0000000089100000, 0x0000000089200000|  0%| F|  |TAMS 0x0000000089100000, 0x0000000089100000| Untracked 
| 146|0x0000000089200000, 0x0000000089200000, 0x0000000089300000|  0%| F|  |TAMS 0x0000000089200000, 0x0000000089200000| Untracked 
| 147|0x0000000089300000, 0x0000000089300000, 0x0000000089400000|  0%| F|  |TAMS 0x0000000089300000, 0x0000000089300000| Untracked 
| 148|0x0000000089400000, 0x0000000089400000, 0x0000000089500000|  0%| F|  |TAMS 0x0000000089400000, 0x0000000089400000| Untracked 
| 149|0x0000000089500000, 0x0000000089500000, 0x0000000089600000|  0%| F|  |TAMS 0x0000000089500000, 0x0000000089500000| Untracked 
| 150|0x0000000089600000, 0x0000000089600000, 0x0000000089700000|  0%| F|  |TAMS 0x0000000089600000, 0x0000000089600000| Untracked 
| 151|0x0000000089700000, 0x0000000089700000, 0x0000000089800000|  0%| F|  |TAMS 0x0000000089700000, 0x0000000089700000| Untracked 
| 152|0x0000000089800000, 0x0000000089800000, 0x0000000089900000|  0%| F|  |TAMS 0x0000000089800000, 0x0000000089800000| Untracked 
| 153|0x0000000089900000, 0x0000000089900000, 0x0000000089a00000|  0%| F|  |TAMS 0x0000000089900000, 0x0000000089900000| Untracked 
| 154|0x0000000089a00000, 0x0000000089a00000, 0x0000000089b00000|  0%| F|  |TAMS 0x0000000089a00000, 0x0000000089a00000| Untracked 
| 155|0x0000000089b00000, 0x0000000089b00000, 0x0000000089c00000|  0%| F|  |TAMS 0x0000000089b00000, 0x0000000089b00000| Untracked 
| 156|0x0000000089c00000, 0x0000000089c00000, 0x0000000089d00000|  0%| F|  |TAMS 0x0000000089c00000, 0x0000000089c00000| Untracked 
| 157|0x0000000089d00000, 0x0000000089d00000, 0x0000000089e00000|  0%| F|  |TAMS 0x0000000089d00000, 0x0000000089d00000| Untracked 
| 158|0x0000000089e00000, 0x0000000089e00000, 0x0000000089f00000|  0%| F|  |TAMS 0x0000000089e00000, 0x0000000089e00000| Untracked 
| 159|0x0000000089f00000, 0x0000000089f00000, 0x000000008a000000|  0%| F|  |TAMS 0x0000000089f00000, 0x0000000089f00000| Untracked 
| 160|0x000000008a000000, 0x000000008a000000, 0x000000008a100000|  0%| F|  |TAMS 0x000000008a000000, 0x000000008a000000| Untracked 
| 161|0x000000008a100000, 0x000000008a100000, 0x000000008a200000|  0%| F|  |TAMS 0x000000008a100000, 0x000000008a100000| Untracked 
| 162|0x000000008a200000, 0x000000008a200000, 0x000000008a300000|  0%| F|  |TAMS 0x000000008a200000, 0x000000008a200000| Untracked 
| 163|0x000000008a300000, 0x000000008a300000, 0x000000008a400000|  0%| F|  |TAMS 0x000000008a300000, 0x000000008a300000| Untracked 
| 164|0x000000008a400000, 0x000000008a400000, 0x000000008a500000|  0%| F|  |TAMS 0x000000008a400000, 0x000000008a400000| Untracked 
| 165|0x000000008a500000, 0x000000008a500000, 0x000000008a600000|  0%| F|  |TAMS 0x000000008a500000, 0x000000008a500000| Untracked 
| 166|0x000000008a600000, 0x000000008a600000, 0x000000008a700000|  0%| F|  |TAMS 0x000000008a600000, 0x000000008a600000| Untracked 
| 167|0x000000008a700000, 0x000000008a700000, 0x000000008a800000|  0%| F|  |TAMS 0x000000008a700000, 0x000000008a700000| Untracked 
| 168|0x000000008a800000, 0x000000008a800000, 0x000000008a900000|  0%| F|  |TAMS 0x000000008a800000, 0x000000008a800000| Untracked 
| 169|0x000000008a900000, 0x000000008a900000, 0x000000008aa00000|  0%| F|  |TAMS 0x000000008a900000, 0x000000008a900000| Untracked 
| 170|0x000000008aa00000, 0x000000008aa00000, 0x000000008ab00000|  0%| F|  |TAMS 0x000000008aa00000, 0x000000008aa00000| Untracked 
| 171|0x000000008ab00000, 0x000000008ab00000, 0x000000008ac00000|  0%| F|  |TAMS 0x000000008ab00000, 0x000000008ab00000| Untracked 
| 172|0x000000008ac00000, 0x000000008ac00000, 0x000000008ad00000|  0%| F|  |TAMS 0x000000008ac00000, 0x000000008ac00000| Untracked 
| 173|0x000000008ad00000, 0x000000008ad00000, 0x000000008ae00000|  0%| F|  |TAMS 0x000000008ad00000, 0x000000008ad00000| Untracked 
| 174|0x000000008ae00000, 0x000000008ae00000, 0x000000008af00000|  0%| F|  |TAMS 0x000000008ae00000, 0x000000008ae00000| Untracked 
| 175|0x000000008af00000, 0x000000008af00000, 0x000000008b000000|  0%| F|  |TAMS 0x000000008af00000, 0x000000008af00000| Untracked 
| 176|0x000000008b000000, 0x000000008b000000, 0x000000008b100000|  0%| F|  |TAMS 0x000000008b000000, 0x000000008b000000| Untracked 
| 177|0x000000008b100000, 0x000000008b100000, 0x000000008b200000|  0%| F|  |TAMS 0x000000008b100000, 0x000000008b100000| Untracked 
| 178|0x000000008b200000, 0x000000008b200000, 0x000000008b300000|  0%| F|  |TAMS 0x000000008b200000, 0x000000008b200000| Untracked 
| 179|0x000000008b300000, 0x000000008b300000, 0x000000008b400000|  0%| F|  |TAMS 0x000000008b300000, 0x000000008b300000| Untracked 
| 180|0x000000008b400000, 0x000000008b400000, 0x000000008b500000|  0%| F|  |TAMS 0x000000008b400000, 0x000000008b400000| Untracked 
| 181|0x000000008b500000, 0x000000008b500000, 0x000000008b600000|  0%| F|  |TAMS 0x000000008b500000, 0x000000008b500000| Untracked 
| 182|0x000000008b600000, 0x000000008b600000, 0x000000008b700000|  0%| F|  |TAMS 0x000000008b600000, 0x000000008b600000| Untracked 
| 183|0x000000008b700000, 0x000000008b700000, 0x000000008b800000|  0%| F|  |TAMS 0x000000008b700000, 0x000000008b700000| Untracked 
| 184|0x000000008b800000, 0x000000008b800000, 0x000000008b900000|  0%| F|  |TAMS 0x000000008b800000, 0x000000008b800000| Untracked 
| 185|0x000000008b900000, 0x000000008b900000, 0x000000008ba00000|  0%| F|  |TAMS 0x000000008b900000, 0x000000008b900000| Untracked 
| 186|0x000000008ba00000, 0x000000008ba00000, 0x000000008bb00000|  0%| F|  |TAMS 0x000000008ba00000, 0x000000008ba00000| Untracked 
| 187|0x000000008bb00000, 0x000000008bb00000, 0x000000008bc00000|  0%| F|  |TAMS 0x000000008bb00000, 0x000000008bb00000| Untracked 
| 188|0x000000008bc00000, 0x000000008bc00000, 0x000000008bd00000|  0%| F|  |TAMS 0x000000008bc00000, 0x000000008bc00000| Untracked 
| 189|0x000000008bd00000, 0x000000008bd00000, 0x000000008be00000|  0%| F|  |TAMS 0x000000008bd00000, 0x000000008bd00000| Untracked 
| 190|0x000000008be00000, 0x000000008be00000, 0x000000008bf00000|  0%| F|  |TAMS 0x000000008be00000, 0x000000008be00000| Untracked 
| 191|0x000000008bf00000, 0x000000008bf00000, 0x000000008c000000|  0%| F|  |TAMS 0x000000008bf00000, 0x000000008bf00000| Untracked 
| 192|0x000000008c000000, 0x000000008c000000, 0x000000008c100000|  0%| F|  |TAMS 0x000000008c000000, 0x000000008c000000| Untracked 
| 193|0x000000008c100000, 0x000000008c100000, 0x000000008c200000|  0%| F|  |TAMS 0x000000008c100000, 0x000000008c100000| Untracked 
| 194|0x000000008c200000, 0x000000008c200000, 0x000000008c300000|  0%| F|  |TAMS 0x000000008c200000, 0x000000008c200000| Untracked 
| 195|0x000000008c300000, 0x000000008c300000, 0x000000008c400000|  0%| F|  |TAMS 0x000000008c300000, 0x000000008c300000| Untracked 
| 196|0x000000008c400000, 0x000000008c478f38, 0x000000008c500000| 47%| E|  |TAMS 0x000000008c400000, 0x000000008c400000| Complete 
| 197|0x000000008c500000, 0x000000008c600000, 0x000000008c600000|100%| E|  |TAMS 0x000000008c500000, 0x000000008c500000| Complete 
| 198|0x000000008c600000, 0x000000008c700000, 0x000000008c700000|100%| E|CS|TAMS 0x000000008c600000, 0x000000008c600000| Complete 
| 199|0x000000008c700000, 0x000000008c800000, 0x000000008c800000|100%| E|CS|TAMS 0x000000008c700000, 0x000000008c700000| Complete 
| 200|0x000000008c800000, 0x000000008c900000, 0x000000008c900000|100%| E|CS|TAMS 0x000000008c800000, 0x000000008c800000| Complete 
| 201|0x000000008c900000, 0x000000008ca00000, 0x000000008ca00000|100%| E|CS|TAMS 0x000000008c900000, 0x000000008c900000| Complete 
| 202|0x000000008ca00000, 0x000000008cb00000, 0x000000008cb00000|100%| E|CS|TAMS 0x000000008ca00000, 0x000000008ca00000| Complete 
| 203|0x000000008cb00000, 0x000000008cc00000, 0x000000008cc00000|100%| E|CS|TAMS 0x000000008cb00000, 0x000000008cb00000| Complete 
| 204|0x000000008cc00000, 0x000000008cd00000, 0x000000008cd00000|100%| E|CS|TAMS 0x000000008cc00000, 0x000000008cc00000| Complete 
| 205|0x000000008cd00000, 0x000000008ce00000, 0x000000008ce00000|100%| E|CS|TAMS 0x000000008cd00000, 0x000000008cd00000| Complete 
| 206|0x000000008ce00000, 0x000000008cf00000, 0x000000008cf00000|100%| E|CS|TAMS 0x000000008ce00000, 0x000000008ce00000| Complete 
| 207|0x000000008cf00000, 0x000000008d000000, 0x000000008d000000|100%| E|CS|TAMS 0x000000008cf00000, 0x000000008cf00000| Complete 
| 208|0x000000008d000000, 0x000000008d100000, 0x000000008d100000|100%| E|CS|TAMS 0x000000008d000000, 0x000000008d000000| Complete 
| 209|0x000000008d100000, 0x000000008d200000, 0x000000008d200000|100%| E|CS|TAMS 0x000000008d100000, 0x000000008d100000| Complete 
| 210|0x000000008d200000, 0x000000008d300000, 0x000000008d300000|100%| E|CS|TAMS 0x000000008d200000, 0x000000008d200000| Complete 
| 211|0x000000008d300000, 0x000000008d400000, 0x000000008d400000|100%| E|CS|TAMS 0x000000008d300000, 0x000000008d300000| Complete 
| 212|0x000000008d400000, 0x000000008d430378, 0x000000008d500000| 18%| S|CS|TAMS 0x000000008d400000, 0x000000008d400000| Complete 
| 213|0x000000008d500000, 0x000000008d600000, 0x000000008d600000|100%| E|CS|TAMS 0x000000008d500000, 0x000000008d500000| Complete 
| 214|0x000000008d600000, 0x000000008d700000, 0x000000008d700000|100%| E|CS|TAMS 0x000000008d600000, 0x000000008d600000| Complete 
| 215|0x000000008d700000, 0x000000008d800000, 0x000000008d800000|100%| E|CS|TAMS 0x000000008d700000, 0x000000008d700000| Complete 
| 216|0x000000008d800000, 0x000000008d900000, 0x000000008d900000|100%| E|CS|TAMS 0x000000008d800000, 0x000000008d800000| Complete 
| 217|0x000000008d900000, 0x000000008da00000, 0x000000008da00000|100%| E|CS|TAMS 0x000000008d900000, 0x000000008d900000| Complete 
| 218|0x000000008da00000, 0x000000008db00000, 0x000000008db00000|100%| E|CS|TAMS 0x000000008da00000, 0x000000008da00000| Complete 
| 219|0x000000008db00000, 0x000000008dc00000, 0x000000008dc00000|100%| E|CS|TAMS 0x000000008db00000, 0x000000008db00000| Complete 

Card table byte_map: [0x000002ac68fe0000,0x000002ac693e0000] _byte_map_base: 0x000002ac68be0000

Marking Bits (Prev, Next): (CMBitMap*) 0x000002ac56119440, (CMBitMap*) 0x000002ac56119408
 Prev Bits: [0x000002ac6b7e0000, 0x000002ac6d7e0000)
 Next Bits: [0x000002ac697e0000, 0x000002ac6b7e0000)

Polling page: 0x000002ac53e90000

Metaspace:

Usage:
  Non-class:    102.93 MB capacity,   100.88 MB ( 98%) used,     1.64 MB (  2%) free+waste,   418.13 KB ( <1%) overhead. 
      Class:     16.17 MB capacity,    14.92 MB ( 92%) used,     1.07 MB (  7%) free+waste,   188.00 KB (  1%) overhead. 
       Both:    119.10 MB capacity,   115.79 MB ( 97%) used,     2.71 MB (  2%) free+waste,   606.13 KB ( <1%) overhead. 

Virtual space:
  Non-class space:      104.00 MB reserved,     103.15 MB (>99%) committed 
      Class space:        1.00 GB reserved,      16.25 MB (  2%) committed 
             Both:        1.10 GB reserved,     119.40 MB ( 11%) committed 

Chunk freelists:
   Non-Class:  101.00 KB
       Class:  81.00 KB
        Both:  182.00 KB

MaxMetaspaceSize: 17179869184.00 GB
CompressedClassSpaceSize: 1.00 GB

CodeHeap 'non-profiled nmethods': size=120064Kb used=11623Kb max_used=11623Kb free=108440Kb
 bounds [0x000002ac616a0000, 0x000002ac62200000, 0x000002ac68be0000]
CodeHeap 'profiled nmethods': size=120000Kb used=40471Kb max_used=40471Kb free=79529Kb
 bounds [0x000002ac5a170000, 0x000002ac5c900000, 0x000002ac616a0000]
CodeHeap 'non-nmethods': size=5696Kb used=2363Kb max_used=2399Kb free=3332Kb
 bounds [0x000002ac59be0000, 0x000002ac59e50000, 0x000002ac5a170000]
 total_blobs=18647 nmethods=17655 adapters=901
 compilation: enabled
              stopped_count=0, restarted_count=0
 full_count=0

Compilation events (20 events):
Event: 743.374 Thread 0x000002ac6fd09800 nmethod 17826 0x000002ac5c8f1190 code [0x000002ac5c8f13a0, 0x000002ac5c8f17d8]
Event: 743.374 Thread 0x000002ac6fd09800 17827       1       org.gradle.internal.operations.DefaultBuildOperationListenerManager$ProgressShieldingBuildOperationListener::access$200 (5 bytes)
Event: 743.374 Thread 0x000002ac6fd09800 nmethod 17827 0x000002ac621f8d10 code [0x000002ac621f8ec0, 0x000002ac621f8f58]
Event: 743.479 Thread 0x000002ac6fcbd800 17828       4       org.gradle.internal.classpath.DefaultClassPath$ImmutableUniqueList::get (57 bytes)
Event: 743.480 Thread 0x000002ac6fcbd800 nmethod 17828 0x000002ac621f9010 code [0x000002ac621f91a0, 0x000002ac621f9258]
Event: 743.536 Thread 0x000002ac6fcbd800 17829       4       java.io.ObjectOutputStream::writeHandle (21 bytes)
Event: 743.541 Thread 0x000002ac6fcbd800 nmethod 17829 0x000002ac621f9310 code [0x000002ac621f94a0, 0x000002ac621f9618]
Event: 743.541 Thread 0x000002ac6fcbd800 17830       4       org.gradle.internal.io.StreamByteBuffer::allocateSpace (73 bytes)
Event: 743.545 Thread 0x000002ac6fd09800 17832       2       java.io.ObjectOutputStream::writeClassDesc (60 bytes)
Event: 743.550 Thread 0x000002ac6fd09800 nmethod 17832 0x000002ac5c8f1990 code [0x000002ac5c8f1ba0, 0x000002ac5c8f1ee8]
Event: 743.551 Thread 0x000002ac6fcbd800 nmethod 17830 0x000002ac621f9790 code [0x000002ac621f9940, 0x000002ac621f9ca8]
Event: 743.551 Thread 0x000002ac6fcbd800 17831   !   4       java.io.ObjectOutputStream::writeObject0 (619 bytes)
Event: 743.990 Thread 0x000002ac6fd09800 17836       3       jdk.internal.loader.BootLoader::getDefinedPackage (39 bytes)
Event: 743.994 Thread 0x000002ac6fd09800 nmethod 17836 0x000002ac5c8f2190 code [0x000002ac5c8f23e0, 0x000002ac5c8f2b48]
Event: 744.000 Thread 0x000002ac6fd09800 17837       3       sun.security.provider.AbstractDrbg::engineNextBytes (15 bytes)
Event: 744.001 Thread 0x000002ac6fd09800 nmethod 17837 0x000002ac5c8f2e10 code [0x000002ac5c8f2fe0, 0x000002ac5c8f3238]
Event: 744.001 Thread 0x000002ac6fd09800 17838       3       java.security.DrbgParameters::nextBytes (11 bytes)
Event: 744.001 Thread 0x000002ac6fd09800 nmethod 17838 0x000002ac5c8f3390 code [0x000002ac5c8f3540, 0x000002ac5c8f36c8]
Event: 744.001 Thread 0x000002ac6fd09800 17839       3       java.security.DrbgParameters$NextBytes::<init> (66 bytes)
Event: 744.070 Thread 0x000002ac6fd09800 nmethod 17839 0x000002ac5c8f3790 code [0x000002ac5c8f3a20, 0x000002ac5c8f4568]

GC Heap History (20 events):
Event: 718.714 GC heap before
{Heap before GC invocations=55 (full 0):
 garbage-first heap   total 225280K, used 148505K [0x0000000080000000, 0x0000000100000000)
  region size 1024K, 49 young (50176K), 4 survivors (4096K)
 Metaspace       used 105200K, capacity 107956K, committed 108188K, reserved 1142784K
  class space    used 13508K, capacity 14540K, committed 14592K, reserved 1048576K
}
Event: 718.786 GC heap after
{Heap after GC invocations=56 (full 0):
 garbage-first heap   total 225280K, used 105514K [0x0000000080000000, 0x0000000100000000)
  region size 1024K, 7 young (7168K), 7 survivors (7168K)
 Metaspace       used 105200K, capacity 107956K, committed 108188K, reserved 1142784K
  class space    used 13508K, capacity 14540K, committed 14592K, reserved 1048576K
}
Event: 721.147 GC heap before
{Heap before GC invocations=57 (full 0):
 garbage-first heap   total 225280K, used 133162K [0x0000000080000000, 0x0000000100000000)
  region size 1024K, 34 young (34816K), 7 survivors (7168K)
 Metaspace       used 107290K, capacity 110092K, committed 110364K, reserved 1144832K
  class space    used 13789K, capacity 14860K, committed 14976K, reserved 1048576K
}
Event: 721.235 GC heap after
{Heap after GC invocations=58 (full 0):
 garbage-first heap   total 225280K, used 108028K [0x0000000080000000, 0x0000000100000000)
  region size 1024K, 5 young (5120K), 5 survivors (5120K)
 Metaspace       used 107290K, capacity 110092K, committed 110364K, reserved 1144832K
  class space    used 13789K, capacity 14860K, committed 14976K, reserved 1048576K
}
Event: 721.774 GC heap before
{Heap before GC invocations=58 (full 0):
 garbage-first heap   total 225280K, used 114172K [0x0000000080000000, 0x0000000100000000)
  region size 1024K, 11 young (11264K), 5 survivors (5120K)
 Metaspace       used 107752K, capacity 110539K, committed 110620K, reserved 1144832K
  class space    used 13852K, capacity 14903K, committed 14976K, reserved 1048576K
}
Event: 721.803 GC heap after
{Heap after GC invocations=59 (full 0):
 garbage-first heap   total 225280K, used 108767K [0x0000000080000000, 0x0000000100000000)
  region size 1024K, 2 young (2048K), 2 survivors (2048K)
 Metaspace       used 107752K, capacity 110539K, committed 110620K, reserved 1144832K
  class space    used 13852K, capacity 14903K, committed 14976K, reserved 1048576K
}
Event: 724.741 GC heap before
{Heap before GC invocations=59 (full 0):
 garbage-first heap   total 225280K, used 171231K [0x0000000080000000, 0x0000000100000000)
  region size 1024K, 64 young (65536K), 2 survivors (2048K)
 Metaspace       used 114378K, capacity 117447K, committed 117660K, reserved 1150976K
  class space    used 14858K, capacity 16070K, committed 16128K, reserved 1048576K
}
Event: 724.838 GC heap after
{Heap after GC invocations=60 (full 0):
 garbage-first heap   total 225280K, used 119000K [0x0000000080000000, 0x0000000100000000)
  region size 1024K, 8 young (8192K), 8 survivors (8192K)
 Metaspace       used 114378K, capacity 117447K, committed 117660K, reserved 1150976K
  class space    used 14858K, capacity 16070K, committed 16128K, reserved 1048576K
}
Event: 729.742 GC heap before
{Heap before GC invocations=61 (full 0):
 garbage-first heap   total 225280K, used 157912K [0x0000000080000000, 0x0000000100000000)
  region size 1024K, 46 young (47104K), 8 survivors (8192K)
 Metaspace       used 116739K, capacity 119954K, committed 119964K, reserved 1153024K
  class space    used 15119K, capacity 16383K, committed 16384K, reserved 1048576K
}
Event: 729.825 GC heap after
{Heap after GC invocations=62 (full 0):
 garbage-first heap   total 225280K, used 121650K [0x0000000080000000, 0x0000000100000000)
  region size 1024K, 3 young (3072K), 3 survivors (3072K)
 Metaspace       used 116739K, capacity 119954K, committed 119964K, reserved 1153024K
  class space    used 15119K, capacity 16383K, committed 16384K, reserved 1048576K
}
Event: 730.267 GC heap before
{Heap before GC invocations=62 (full 0):
 garbage-first heap   total 225280K, used 129842K [0x0000000080000000, 0x0000000100000000)
  region size 1024K, 11 young (11264K), 3 survivors (3072K)
 Metaspace       used 117313K, capacity 120656K, committed 120860K, reserved 1153024K
  class space    used 15197K, capacity 16485K, committed 16512K, reserved 1048576K
}
Event: 730.303 GC heap after
{Heap after GC invocations=63 (full 0):
 garbage-first heap   total 225280K, used 121686K [0x0000000080000000, 0x0000000100000000)
  region size 1024K, 1 young (1024K), 1 survivors (1024K)
 Metaspace       used 117313K, capacity 120656K, committed 120860K, reserved 1153024K
  class space    used 15197K, capacity 16485K, committed 16512K, reserved 1048576K
}
Event: 732.054 GC heap before
{Heap before GC invocations=63 (full 0):
 garbage-first heap   total 225280K, used 172886K [0x0000000080000000, 0x0000000100000000)
  region size 1024K, 52 young (53248K), 1 survivors (1024K)
 Metaspace       used 118205K, capacity 121589K, committed 121756K, reserved 1155072K
  class space    used 15314K, capacity 16638K, committed 16640K, reserved 1048576K
}
Event: 732.127 GC heap after
{Heap after GC invocations=64 (full 0):
 garbage-first heap   total 225280K, used 125746K [0x0000000080000000, 0x0000000100000000)
  region size 1024K, 5 young (5120K), 5 survivors (5120K)
 Metaspace       used 118205K, capacity 121589K, committed 121756K, reserved 1155072K
  class space    used 15314K, capacity 16638K, committed 16640K, reserved 1048576K
}
Event: 735.487 GC heap before
{Heap before GC invocations=64 (full 0):
 garbage-first heap   total 225280K, used 175922K [0x0000000080000000, 0x0000000100000000)
  region size 1024K, 55 young (56320K), 5 survivors (5120K)
 Metaspace       used 118373K, capacity 121722K, committed 122012K, reserved 1155072K
  class space    used 15268K, capacity 16552K, committed 16640K, reserved 1048576K
}
Event: 735.610 GC heap after
{Heap after GC invocations=65 (full 0):
 garbage-first heap   total 225280K, used 127608K [0x0000000080000000, 0x0000000100000000)
  region size 1024K, 3 young (3072K), 3 survivors (3072K)
 Metaspace       used 118373K, capacity 121722K, committed 122012K, reserved 1155072K
  class space    used 15268K, capacity 16552K, committed 16640K, reserved 1048576K
}
Event: 738.427 GC heap before
{Heap before GC invocations=66 (full 0):
 garbage-first heap   total 225280K, used 177784K [0x0000000080000000, 0x0000000100000000)
  region size 1024K, 53 young (54272K), 3 survivors (3072K)
 Metaspace       used 118475K, capacity 121864K, committed 122268K, reserved 1155072K
  class space    used 15271K, capacity 16553K, committed 16640K, reserved 1048576K
}
Event: 738.458 GC heap after
{Heap after GC invocations=67 (full 0):
 garbage-first heap   total 225280K, used 128399K [0x0000000080000000, 0x0000000100000000)
  region size 1024K, 4 young (4096K), 4 survivors (4096K)
 Metaspace       used 118475K, capacity 121864K, committed 122268K, reserved 1155072K
  class space    used 15271K, capacity 16553K, committed 16640K, reserved 1048576K
}
Event: 738.785 GC heap before
{Heap before GC invocations=67 (full 0):
 garbage-first heap   total 225280K, used 135567K [0x0000000080000000, 0x0000000100000000)
  region size 1024K, 11 young (11264K), 4 survivors (4096K)
 Metaspace       used 118516K, capacity 121873K, committed 122268K, reserved 1155072K
  class space    used 15271K, capacity 16553K, committed 16640K, reserved 1048576K
}
Event: 738.854 GC heap after
{Heap after GC invocations=68 (full 0):
 garbage-first heap   total 225280K, used 125930K [0x0000000080000000, 0x0000000100000000)
  region size 1024K, 1 young (1024K), 1 survivors (1024K)
 Metaspace       used 118516K, capacity 121873K, committed 122268K, reserved 1155072K
  class space    used 15271K, capacity 16553K, committed 16640K, reserved 1048576K
}

Deoptimization events (20 events):
Event: 743.297 Thread 0x000002ac74e3c000 DEOPT PACKING pc=0x000002ac5ab970dc sp=0x000000e580dfec40
Event: 743.298 Thread 0x000002ac74e3c000 DEOPT UNPACKING pc=0x000002ac59c06dde sp=0x000000e580dfe210 mode 0
Event: 743.314 Thread 0x000002ac74e37800 DEOPT PACKING pc=0x000002ac5ab970dc sp=0x000000e580bfeb60
Event: 743.314 Thread 0x000002ac74e37800 DEOPT UNPACKING pc=0x000002ac59c06dde sp=0x000000e580bfe130 mode 0
Event: 743.503 Thread 0x000002ac74e35000 Uncommon trap: trap_request=0xffffff6e fr.pc=0x000002ac61fb4f2c relative=0x0000000000000dcc
Event: 743.503 Thread 0x000002ac74e35000 Uncommon trap: reason=speculate_class_check action=maybe_recompile pc=0x000002ac61fb4f2c method=java.io.ObjectOutputStream.writeNonProxyDesc(Ljava/io/ObjectStreamClass;Z)V @ 44 c2
Event: 743.503 Thread 0x000002ac74e35000 DEOPT PACKING pc=0x000002ac61fb4f2c sp=0x000000e5804fd8d0
Event: 743.504 Thread 0x000002ac74e35000 DEOPT UNPACKING pc=0x000002ac59c0662f sp=0x000000e5804fd800 mode 2
Event: 743.519 Thread 0x000002ac74e35000 Uncommon trap: trap_request=0xffffff6e fr.pc=0x000002ac61fb4f2c relative=0x0000000000000dcc
Event: 743.519 Thread 0x000002ac74e35000 Uncommon trap: reason=speculate_class_check action=maybe_recompile pc=0x000002ac61fb4f2c method=java.io.ObjectOutputStream.writeNonProxyDesc(Ljava/io/ObjectStreamClass;Z)V @ 44 c2
Event: 743.519 Thread 0x000002ac74e35000 DEOPT PACKING pc=0x000002ac61fb4f2c sp=0x000000e5804fd7c0
Event: 743.519 Thread 0x000002ac74e35000 DEOPT UNPACKING pc=0x000002ac59c0662f sp=0x000000e5804fd708 mode 2
Event: 743.519 Thread 0x000002ac74e35000 Uncommon trap: trap_request=0xffffff6e fr.pc=0x000002ac61fb4f2c relative=0x0000000000000dcc
Event: 743.519 Thread 0x000002ac74e35000 Uncommon trap: reason=speculate_class_check action=maybe_recompile pc=0x000002ac61fb4f2c method=java.io.ObjectOutputStream.writeNonProxyDesc(Ljava/io/ObjectStreamClass;Z)V @ 44 c2
Event: 743.519 Thread 0x000002ac74e35000 DEOPT PACKING pc=0x000002ac61fb4f2c sp=0x000000e5804fd6c0
Event: 743.520 Thread 0x000002ac74e35000 DEOPT UNPACKING pc=0x000002ac59c0662f sp=0x000000e5804fd608 mode 2
Event: 743.523 Thread 0x000002ac74e35000 Uncommon trap: trap_request=0xffffff6e fr.pc=0x000002ac61fb4f2c relative=0x0000000000000dcc
Event: 743.523 Thread 0x000002ac74e35000 Uncommon trap: reason=speculate_class_check action=maybe_recompile pc=0x000002ac61fb4f2c method=java.io.ObjectOutputStream.writeNonProxyDesc(Ljava/io/ObjectStreamClass;Z)V @ 44 c2
Event: 743.523 Thread 0x000002ac74e35000 DEOPT PACKING pc=0x000002ac61fb4f2c sp=0x000000e5804fd5c0
Event: 743.523 Thread 0x000002ac74e35000 DEOPT UNPACKING pc=0x000002ac59c0662f sp=0x000000e5804fd508 mode 2

Classes redefined (0 events):
No events

Internal exceptions (20 events):
Event: 731.456 Thread 0x000002ac73454800 Exception <a 'sun/nio/fs/WindowsException'{0x000000008c8caea8}> (0x000000008c8caea8) thrown at [./src/hotspot/share/prims/jni.cpp, line 615]
Event: 731.486 Thread 0x000002ac73451800 Exception <a 'sun/nio/fs/WindowsException'{0x000000008d27c600}> (0x000000008d27c600) thrown at [./src/hotspot/share/prims/jni.cpp, line 615]
Event: 731.592 Thread 0x000002ac73451800 Exception <a 'sun/nio/fs/WindowsException'{0x000000008c0a77b0}> (0x000000008c0a77b0) thrown at [./src/hotspot/share/prims/jni.cpp, line 615]
Event: 731.677 Thread 0x000002ac73454800 Exception <a 'sun/nio/fs/WindowsException'{0x000000008c8d37a0}> (0x000000008c8d37a0) thrown at [./src/hotspot/share/prims/jni.cpp, line 615]
Event: 731.785 Thread 0x000002ac73451800 Exception <a 'sun/nio/fs/WindowsException'{0x000000008c0b0d60}> (0x000000008c0b0d60) thrown at [./src/hotspot/share/prims/jni.cpp, line 615]
Event: 731.873 Thread 0x000002ac73451800 Exception <a 'sun/nio/fs/WindowsException'{0x000000008c0c7fc8}> (0x000000008c0c7fc8) thrown at [./src/hotspot/share/prims/jni.cpp, line 615]
Event: 731.884 Thread 0x000002ac73454800 Exception <a 'sun/nio/fs/WindowsException'{0x000000008c8eb128}> (0x000000008c8eb128) thrown at [./src/hotspot/share/prims/jni.cpp, line 615]
Event: 731.950 Thread 0x000002ac73451800 Exception <a 'sun/nio/fs/WindowsException'{0x000000008ae4bd20}> (0x000000008ae4bd20) thrown at [./src/hotspot/share/prims/jni.cpp, line 615]
Event: 731.977 Thread 0x000002ac73451800 Exception <a 'sun/nio/fs/WindowsException'{0x000000008ae52db8}> (0x000000008ae52db8) thrown at [./src/hotspot/share/prims/jni.cpp, line 615]
Event: 731.979 Thread 0x000002ac73454800 Exception <a 'sun/nio/fs/WindowsException'{0x000000008a9d57e8}> (0x000000008a9d57e8) thrown at [./src/hotspot/share/prims/jni.cpp, line 615]
Event: 732.150 Thread 0x000002ac73451800 Exception <a 'sun/nio/fs/WindowsException'{0x000000008da06088}> (0x000000008da06088) thrown at [./src/hotspot/share/prims/jni.cpp, line 615]
Event: 732.152 Thread 0x000002ac73454800 Exception <a 'sun/nio/fs/WindowsException'{0x000000008db4c070}> (0x000000008db4c070) thrown at [./src/hotspot/share/prims/jni.cpp, line 615]
Event: 732.233 Thread 0x000002ac73454800 Exception <a 'sun/nio/fs/WindowsException'{0x000000008db55538}> (0x000000008db55538) thrown at [./src/hotspot/share/prims/jni.cpp, line 615]
Event: 732.266 Thread 0x000002ac73454800 Exception <a 'sun/nio/fs/WindowsException'{0x000000008d4c3c58}> (0x000000008d4c3c58) thrown at [./src/hotspot/share/prims/jni.cpp, line 615]
Event: 732.467 Thread 0x000002ac73454800 Exception <a 'sun/nio/fs/WindowsException'{0x000000008d4cdbe0}> (0x000000008d4cdbe0) thrown at [./src/hotspot/share/prims/jni.cpp, line 615]
Event: 732.639 Thread 0x000002ac73454800 Exception <a 'sun/nio/fs/WindowsException'{0x000000008d4d6858}> (0x000000008d4d6858) thrown at [./src/hotspot/share/prims/jni.cpp, line 615]
Event: 732.862 Thread 0x000002ac73454800 Exception <a 'sun/nio/fs/WindowsException'{0x000000008d4df0d8}> (0x000000008d4df0d8) thrown at [./src/hotspot/share/prims/jni.cpp, line 615]
Event: 741.687 Thread 0x000002ac74e35000 Exception <a 'sun/nio/fs/WindowsException'{0x000000008c76a048}> (0x000000008c76a048) thrown at [./src/hotspot/share/prims/jni.cpp, line 615]
Event: 741.689 Thread 0x000002ac74e35000 Exception <a 'sun/nio/fs/WindowsException'{0x000000008c76a0c8}> (0x000000008c76a0c8) thrown at [./src/hotspot/share/prims/jni.cpp, line 615]
Event: 741.695 Thread 0x000002ac74e35000 Exception <a 'sun/nio/fs/WindowsException'{0x000000008c76ba28}> (0x000000008c76ba28) thrown at [./src/hotspot/share/prims/jni.cpp, line 615]

Events (20 events):
Event: 743.287 Executing VM operation: RevokeBias done
Event: 743.290 Thread 0x000002ac77ef3800 Thread exited: 0x000002ac77ef3800
Event: 743.291 Executing VM operation: BulkRevokeBias
Event: 743.293 Executing VM operation: BulkRevokeBias done
Event: 743.298 Executing VM operation: RevokeBias
Event: 743.298 Executing VM operation: RevokeBias done
Event: 743.299 Thread 0x000002ac74e3c000 Thread exited: 0x000002ac74e3c000
Event: 743.303 Executing VM operation: RevokeBias
Event: 743.304 Executing VM operation: RevokeBias done
Event: 743.305 Executing VM operation: RevokeBias
Event: 743.305 Executing VM operation: RevokeBias done
Event: 743.305 Executing VM operation: BulkRevokeBias
Event: 743.306 Executing VM operation: BulkRevokeBias done
Event: 743.315 Executing VM operation: RevokeBias
Event: 743.315 Executing VM operation: RevokeBias done
Event: 743.315 Thread 0x000002ac74e37800 Thread exited: 0x000002ac74e37800
Event: 743.421 loading class com/google/common/collect/AbstractMultiset$EntrySet
Event: 743.421 loading class com/google/common/collect/AbstractMultiset$EntrySet done
Event: 743.452 loading class com/google/common/collect/Multisets$EntrySet
Event: 743.452 loading class com/google/common/collect/Multisets$EntrySet done


Dynamic libraries:
0x00007ff7aea70000 - 0x00007ff7aea7a000 	C:\Program Files\Android\Android Studio\jre\bin\java.exe
0x00007ffcc6570000 - 0x00007ffcc6768000 	C:\WINDOWS\SYSTEM32\ntdll.dll
0x00007ffcc59c0000 - 0x00007ffcc5a7d000 	C:\WINDOWS\System32\KERNEL32.DLL
0x00007ffcc3f80000 - 0x00007ffcc424e000 	C:\WINDOWS\System32\KERNELBASE.dll
0x00007ffcc43b0000 - 0x00007ffcc44b0000 	C:\WINDOWS\System32\ucrtbase.dll
0x00007ffcbd9c0000 - 0x00007ffcbd9d9000 	C:\Program Files\Android\Android Studio\jre\bin\jli.dll
0x00007ffcc5c90000 - 0x00007ffcc5e30000 	C:\WINDOWS\System32\USER32.dll
0x00007ffcc3d20000 - 0x00007ffcc3d42000 	C:\WINDOWS\System32\win32u.dll
0x00007ffcc6030000 - 0x00007ffcc605a000 	C:\WINDOWS\System32\GDI32.dll
0x00007ffcc3dd0000 - 0x00007ffcc3edb000 	C:\WINDOWS\System32\gdi32full.dll
0x00007ffcc3ee0000 - 0x00007ffcc3f7d000 	C:\WINDOWS\System32\msvcp_win.dll
0x00007ffcb77d0000 - 0x00007ffcb77e7000 	C:\Program Files\Android\Android Studio\jre\bin\VCRUNTIME140.dll
0x00007ffc9f660000 - 0x00007ffc9f8fa000 	C:\WINDOWS\WinSxS\amd64_microsoft.windows.common-controls_6595b64144ccf1df_6.0.19041.1110_none_60b5254171f9507e\COMCTL32.dll
0x00007ffcc5bf0000 - 0x00007ffcc5c8e000 	C:\WINDOWS\System32\msvcrt.dll
0x00007ffcc5990000 - 0x00007ffcc59c0000 	C:\WINDOWS\System32\IMM32.DLL
0x00007ffc99980000 - 0x00007ffc99a1d000 	C:\Program Files\Android\Android Studio\jre\bin\msvcp140.dll
0x00007ffc3e540000 - 0x00007ffc3f015000 	C:\Program Files\Android\Android Studio\jre\bin\server\jvm.dll
0x00007ffcc45d0000 - 0x00007ffcc467e000 	C:\WINDOWS\System32\ADVAPI32.dll
0x00007ffcc5750000 - 0x00007ffcc57ec000 	C:\WINDOWS\System32\sechost.dll
0x00007ffcc5e90000 - 0x00007ffcc5fb5000 	C:\WINDOWS\System32\RPCRT4.dll
0x00007ffcc5be0000 - 0x00007ffcc5be8000 	C:\WINDOWS\System32\PSAPI.DLL
0x00007ffca31e0000 - 0x00007ffca31e9000 	C:\WINDOWS\SYSTEM32\WSOCK32.dll
0x00007ffcc5fc0000 - 0x00007ffcc602b000 	C:\WINDOWS\System32\WS2_32.dll
0x00007ffca5f30000 - 0x00007ffca5f57000 	C:\WINDOWS\SYSTEM32\WINMM.dll
0x00007ffcbeaa0000 - 0x00007ffcbeaaa000 	C:\WINDOWS\SYSTEM32\VERSION.dll
0x00007ffcc1b80000 - 0x00007ffcc1b92000 	C:\WINDOWS\SYSTEM32\kernel.appcore.dll
0x00007ffcb2a00000 - 0x00007ffcb2a11000 	C:\Program Files\Android\Android Studio\jre\bin\verify.dll
0x00007ffcb38b0000 - 0x00007ffcb3a94000 	C:\WINDOWS\SYSTEM32\DBGHELP.DLL
0x00007ffcb23e0000 - 0x00007ffcb240c000 	C:\WINDOWS\SYSTEM32\dbgcore.DLL
0x00007ffcc3c90000 - 0x00007ffcc3d12000 	C:\WINDOWS\System32\bcryptPrimitives.dll
0x00007ffca9360000 - 0x00007ffca9389000 	C:\Program Files\Android\Android Studio\jre\bin\java.dll
0x00007ffcbf9e0000 - 0x00007ffcbf9eb000 	C:\Program Files\Android\Android Studio\jre\bin\jimage.dll
0x00007ffca7110000 - 0x00007ffca7128000 	C:\Program Files\Android\Android Studio\jre\bin\zip.dll
0x00007ffcc4f70000 - 0x00007ffcc56b3000 	C:\WINDOWS\System32\SHELL32.dll
0x00007ffcc1d80000 - 0x00007ffcc2515000 	C:\WINDOWS\SYSTEM32\windows.storage.dll
0x00007ffcc6060000 - 0x00007ffcc63b4000 	C:\WINDOWS\System32\combase.dll
0x00007ffcc3620000 - 0x00007ffcc3650000 	C:\WINDOWS\SYSTEM32\Wldp.dll
0x00007ffcc5a80000 - 0x00007ffcc5b2d000 	C:\WINDOWS\System32\SHCORE.dll
0x00007ffcc56e0000 - 0x00007ffcc5735000 	C:\WINDOWS\System32\shlwapi.dll
0x00007ffcc3bd0000 - 0x00007ffcc3bef000 	C:\WINDOWS\SYSTEM32\profapi.dll
0x00007ffca70f0000 - 0x00007ffca710a000 	C:\Program Files\Android\Android Studio\jre\bin\net.dll
0x00007ffcb76c0000 - 0x00007ffcb77ca000 	C:\WINDOWS\SYSTEM32\WINHTTP.dll
0x00007ffcc3380000 - 0x00007ffcc33ea000 	C:\WINDOWS\system32\mswsock.dll
0x00007ffca70d0000 - 0x00007ffca70e4000 	C:\Program Files\Android\Android Studio\jre\bin\nio.dll
0x00007ffc99dd0000 - 0x00007ffc99df7000 	C:\Users\User\.gradle\native\e1d6ef7f7dcc3fd88c89a11ec53ec762bb8ba0a96d01ffa2cd45eb1d1d8dd5c5\windows-amd64\native-platform.dll
0x00007ffc88d20000 - 0x00007ffc88e64000 	C:\Users\User\.gradle\native\5664cfc778a61ccfe75a443a1ab52a65af34e5dc3c78e0209fed803814484fcb\windows-amd64\native-platform-file-events.dll
0x00007ffcbe6c0000 - 0x00007ffcbe6ca000 	C:\Program Files\Android\Android Studio\jre\bin\management.dll
0x00007ffca9350000 - 0x00007ffca935d000 	C:\Program Files\Android\Android Studio\jre\bin\management_ext.dll
0x00007ffcc3570000 - 0x00007ffcc3588000 	C:\WINDOWS\SYSTEM32\CRYPTSP.dll
0x00007ffcc2d00000 - 0x00007ffcc2d34000 	C:\WINDOWS\system32\rsaenh.dll
0x00007ffcc3d50000 - 0x00007ffcc3d77000 	C:\WINDOWS\System32\bcrypt.dll
0x00007ffcc3b50000 - 0x00007ffcc3b7e000 	C:\WINDOWS\SYSTEM32\USERENV.dll
0x00007ffcc3590000 - 0x00007ffcc359c000 	C:\WINDOWS\SYSTEM32\CRYPTBASE.dll
0x00007ffcc3070000 - 0x00007ffcc30ab000 	C:\WINDOWS\SYSTEM32\IPHLPAPI.DLL
0x00007ffcc5980000 - 0x00007ffcc5988000 	C:\WINDOWS\System32\NSI.dll
0x00007ffcbc6a0000 - 0x00007ffcbc6b7000 	C:\WINDOWS\SYSTEM32\dhcpcsvc6.DLL
0x00007ffcbc680000 - 0x00007ffcbc69d000 	C:\WINDOWS\SYSTEM32\dhcpcsvc.DLL
0x00007ffcc30c0000 - 0x00007ffcc318a000 	C:\WINDOWS\SYSTEM32\DNSAPI.dll
0x00007ffca1a10000 - 0x00007ffca1a18000 	C:\Program Files\Android\Android Studio\jre\bin\rmi.dll

dbghelp: loaded successfully - version: 4.0.5 - missing functions: none
symbol engine: initialized successfully - sym options: 0x614 - pdb path: .;C:\Program Files\Android\Android Studio\jre\bin;C:\WINDOWS\SYSTEM32;C:\WINDOWS\WinSxS\amd64_microsoft.windows.common-controls_6595b64144ccf1df_6.0.19041.1110_none_60b5254171f9507e;C:\Program Files\Android\Android Studio\jre\bin\server;C:\Users\User\.gradle\native\e1d6ef7f7dcc3fd88c89a11ec53ec762bb8ba0a96d01ffa2cd45eb1d1d8dd5c5\windows-amd64;C:\Users\User\.gradle\native\5664cfc778a61ccfe75a443a1ab52a65af34e5dc3c78e0209fed803814484fcb\windows-amd64

VM Arguments:
jvm_args: --add-opens=java.base/java.util=ALL-UNNAMED --add-opens=java.base/java.lang=ALL-UNNAMED --add-opens=java.base/java.lang.invoke=ALL-UNNAMED --add-opens=java.base/java.util=ALL-UNNAMED --add-opens=java.prefs/java.util.prefs=ALL-UNNAMED --add-opens=java.prefs/java.util.prefs=ALL-UNNAMED --add-opens=java.base/java.nio.charset=ALL-UNNAMED --add-opens=java.base/java.net=ALL-UNNAMED --add-opens=java.base/java.util.concurrent.atomic=ALL-UNNAMED -Xmx2048m -Dfile.encoding=UTF-8 -Duser.country=RU -Duser.language=ru -Duser.variant 
java_command: org.gradle.launcher.daemon.bootstrap.GradleDaemon 7.2
java_class_path (initial): C:\Users\User\.gradle\wrapper\dists\gradle-7.2-bin\2dnblmf4td7x66yl1d74lt32g\gradle-7.2\lib\gradle-launcher-7.2.jar
Launcher Type: SUN_STANDARD

[Global flags]
     intx CICompilerCount                          = 3                                         {product} {ergonomic}
     uint ConcGCThreads                            = 1                                         {product} {ergonomic}
     uint G1ConcRefinementThreads                  = 4                                         {product} {ergonomic}
   size_t G1HeapRegionSize                         = 1048576                                   {product} {ergonomic}
    uintx GCDrainStackTargetSize                   = 64                                        {product} {ergonomic}
   size_t InitialHeapSize                          = 67108864                                  {product} {ergonomic}
   size_t MarkStackSize                            = 4194304                                   {product} {ergonomic}
   size_t MaxHeapSize                              = 2147483648                                {product} {command line}
   size_t MaxNewSize                               = 1287651328                                {product} {ergonomic}
   size_t MinHeapDeltaBytes                        = 1048576                                   {product} {ergonomic}
    uintx NonNMethodCodeHeapSize                   = 5830732                                {pd product} {ergonomic}
    uintx NonProfiledCodeHeapSize                  = 122913754                              {pd product} {ergonomic}
    uintx ProfiledCodeHeapSize                     = 122913754                              {pd product} {ergonomic}
    uintx ReservedCodeCacheSize                    = 251658240                              {pd product} {ergonomic}
     bool SegmentedCodeCache                       = true                                      {product} {ergonomic}
     bool UseCompressedClassPointers               = true                                 {lp64_product} {ergonomic}
     bool UseCompressedOops                        = true                                 {lp64_product} {ergonomic}
     bool UseG1GC                                  = true                                      {product} {ergonomic}
     bool UseLargePagesIndividualAllocation        = false                                  {pd product} {ergonomic}

Logging:
Log output configuration:
 #0: stdout all=warning uptime,level,tags
 #1: stderr all=off uptime,level,tags

Environment Variables:
PATH=C:\Program Files (x86)\NVIDIA Corporation\PhysX\Common;C:\ProgramData\Oracle\Java\javapath;C:\WINDOWS\system32;C:\WINDOWS;C:\WINDOWS\System32\Wbem;C:\WINDOWS\System32\WindowsPowerShell\v1.0\;C:\WINDOWS\System32\OpenSSH\;C:\Program Files (x86)\ZeroTier\One\;C:\Program Files\nodejs\;C:\Users\User\AppData\Local\Programs\Python\Python37\Scripts\;C:\Users\User\AppData\Local\Programs\Python\Python37\;C:\Users\User\AppData\Local\Microsoft\WindowsApps;;C:\Users\User\AppData\Local\Programs\Microsoft VS Code\bin;C:\Users\User\AppData\Roaming\npm
USERNAME=User
OS=Windows_NT
PROCESSOR_IDENTIFIER=Intel64 Family 6 Model 142 Stepping 12, GenuineIntel



---------------  S Y S T E M  ---------------

OS: Windows 10 , 64 bit Build 19041 (10.0.19041.1889)
OS uptime: 8 days 11:43 hours

CPU:total 4 (initial active 4) (2 cores per cpu, 2 threads per core) family 6 model 142 stepping 12 microcode 0xde, cmov, cx8, fxsr, mmx, sse, sse2, sse3, ssse3, sse4.1, sse4.2, popcnt, avx, avx2, aes, clmul, erms, 3dnowpref, lzcnt, ht, tsc, tscinvbit, bmi1, bmi2, adx, fma

Memory: 4k page, system-wide physical 3984M (41M free)
TotalPageFile size 16272M (AvailPageFile size 8M)
current process WorkingSet (physical memory assigned to process): 123M, peak: 366M
current process commit charge ("private bytes"): 557M, peak: 561M

vm_info: OpenJDK 64-Bit Server VM (11.0.11+9-b60-7590822) for windows-amd64 JRE (11.0.11+9-b60-7590822), built on Jul 29 2021 21:43:44 by "builder" with MS VC++ 14.0 (VS2015)

END.
