#
# There is insufficient memory for the Java Runtime Environment to continue.
# Native memory allocation (malloc) failed to allocate 664336 bytes for Chunk::new
# Possible reasons:
#   The system is out of physical RAM or swap space
#   The process is running with CompressedOops enabled, and the Java Heap may be blocking the growth of the native heap
# Possible solutions:
#   Reduce memory load on the system
#   Increase physical memory or swap space
#   Check if swap backing store is full
#   Decrease Java heap size (-Xmx/-Xms)
#   Decrease number of Java threads
#   Decrease Java thread stack sizes (-Xss)
#   Set larger code cache with -XX:ReservedCodeCacheSize=
#   JVM is running with Unscaled Compressed Oops mode in which the Java heap is
#     placed in the first 4GB address space. The Java Heap base address is the
#     maximum limit for the native heap growth. Please use -XX:HeapBaseMinAddress
#     to set the Java Heap base and to place the Java Heap above 4GB virtual address.
# This output file may be truncated or incomplete.
#
#  Out of Memory Error (./src/hotspot/share/memory/arena.cpp:197), pid=3384, tid=18108
#
# JRE version: OpenJDK Runtime Environment (11.0.11+9) (build 11.0.11+9-b60-7590822)
# Java VM: OpenJDK 64-Bit Server VM (11.0.11+9-b60-7590822, mixed mode, tiered, compressed oops, g1 gc, windows-amd64)
# No core dump will be written. Minidumps are not enabled by default on client versions of Windows
#

---------------  S U M M A R Y ------------

Command Line: --add-opens=java.base/java.util=ALL-UNNAMED --add-opens=java.base/java.lang=ALL-UNNAMED --add-opens=java.base/java.lang.invoke=ALL-UNNAMED --add-opens=java.base/java.util=ALL-UNNAMED --add-opens=java.prefs/java.util.prefs=ALL-UNNAMED --add-opens=java.prefs/java.util.prefs=ALL-UNNAMED --add-opens=java.base/java.nio.charset=ALL-UNNAMED --add-opens=java.base/java.net=ALL-UNNAMED --add-opens=java.base/java.util.concurrent.atomic=ALL-UNNAMED -Xmx2048m -Dfile.encoding=UTF-8 -Duser.country=RU -Duser.language=ru -Duser.variant org.gradle.launcher.daemon.bootstrap.GradleDaemon 7.2

Host: Intel(R) Core(TM) i3-8145U CPU @ 2.10GHz, 4 cores, 3G,  Windows 10 , 64 bit Build 19041 (10.0.19041.1889)
Time: Sun Sep 25 11:33:22 2022 RTZ 2 (зима) elapsed time: 115.965074 seconds (0d 0h 1m 55s)

---------------  T H R E A D  ---------------

Current thread (0x0000028df85a2800):  JavaThread "C2 CompilerThread0" daemon [_thread_in_native, id=18108, stack(0x000000d760100000,0x000000d760200000)]


Current CompileTask:
C2: 115965 11674 %     4       javax.management.ObjectName::construct @ 448 (1135 bytes)

Stack: [0x000000d760100000,0x000000d760200000]
Native frames: (J=compiled Java code, j=interpreted, Vv=VM code, C=native code)
V  [jvm.dll+0x5f214a]
V  [jvm.dll+0x726fb5]
V  [jvm.dll+0x7285cd]
V  [jvm.dll+0x728c83]
V  [jvm.dll+0x243278]
V  [jvm.dll+0xbc53c]
V  [jvm.dll+0xbca3c]
V  [jvm.dll+0x2b5c34]
V  [jvm.dll+0x508488]
V  [jvm.dll+0x1fd826]
V  [jvm.dll+0x1fb35f]
V  [jvm.dll+0x183d6c]
V  [jvm.dll+0x209a57]
V  [jvm.dll+0x2082a1]
V  [jvm.dll+0x6ef58f]
V  [jvm.dll+0x6e80b5]
V  [jvm.dll+0x5f1036]
C  [ucrtbase.dll+0x21bb2]
C  [KERNEL32.DLL+0x17034]
C  [ntdll.dll+0x526a1]


---------------  P R O C E S S  ---------------

Threads class SMR info:
_java_thread_list=0x0000028dfda7cc00, length=88, elements={
0x0000028dde98a000, 0x0000028df8537800, 0x0000028df853b800, 0x0000028df8558800,
0x0000028df855a800, 0x0000028df855b800, 0x0000028df85a2800, 0x0000028df85a4800,
0x0000028df85a9000, 0x0000028df901a800, 0x0000028dfa18a800, 0x0000028df9dca000,
0x0000028dfa95b800, 0x0000028dfaebe800, 0x0000028df9421000, 0x0000028dfb081000,
0x0000028dfa3b0000, 0x0000028dfb00b800, 0x0000028df9201000, 0x0000028df91fe800,
0x0000028df9201800, 0x0000028df9202800, 0x0000028df9203800, 0x0000028df9204000,
0x0000028df9205000, 0x0000028df91ff000, 0x0000028df9200000, 0x0000028dfd236800,
0x0000028dfd239800, 0x0000028dfd23a800, 0x0000028dfd237800, 0x0000028dfd23d000,
0x0000028dfd23e000, 0x0000028dfd238000, 0x0000028dfd241000, 0x0000028dfd242000,
0x0000028dfd242800, 0x0000028dfd23e800, 0x0000028dfd23f800, 0x0000028dfd243800,
0x0000028dfd245000, 0x0000028dfd240000, 0x0000028dfd244800, 0x0000028dfb34b000,
0x0000028dfb34c000, 0x0000028dfb34a800, 0x0000028dfb348000, 0x0000028dfb348800,
0x0000028dfb346800, 0x0000028dfb349800, 0x0000028dfb34d000, 0x0000028dfb347000,
0x0000028df9523000, 0x0000028df9524000, 0x0000028df9525000, 0x0000028df9525800,
0x0000028df9526800, 0x0000028df9527000, 0x0000028df9528000, 0x0000028df9522800,
0x0000028df952b800, 0x0000028df952d800, 0x0000028df952e800, 0x0000028df9529000,
0x0000028df952d000, 0x0000028df9529800, 0x0000028df952f800, 0x0000028df9530000,
0x0000028df952a800, 0x0000028df9531000, 0x0000028df952c000, 0x0000028dfd7da800,
0x0000028dfd7e0000, 0x0000028dfd7db800, 0x0000028dfd7e1000, 0x0000028dfd7de000,
0x0000028dfd7e2000, 0x0000028dfd7dd000, 0x0000028dfd7e2800, 0x0000028dfd7e3800,
0x0000028dfd7e4800, 0x0000028dfd7e5000, 0x0000028dfd7df800, 0x0000028dfd7e6000,
0x0000028dfd7e7000, 0x0000028dfd7e7800, 0x0000028dfd7e8800, 0x0000028dfd7e9000
}

Java Threads: ( => current thread )
  0x0000028dde98a000 JavaThread "main" [_thread_blocked, id=10956, stack(0x000000d75f500000,0x000000d75f600000)]
  0x0000028df8537800 JavaThread "Reference Handler" daemon [_thread_blocked, id=14236, stack(0x000000d75fc00000,0x000000d75fd00000)]
  0x0000028df853b800 JavaThread "Finalizer" daemon [_thread_blocked, id=17472, stack(0x000000d75fd00000,0x000000d75fe00000)]
  0x0000028df8558800 JavaThread "Signal Dispatcher" daemon [_thread_blocked, id=8204, stack(0x000000d75fe00000,0x000000d75ff00000)]
  0x0000028df855a800 JavaThread "Attach Listener" daemon [_thread_blocked, id=13680, stack(0x000000d75ff00000,0x000000d760000000)]
  0x0000028df855b800 JavaThread "Service Thread" daemon [_thread_blocked, id=15228, stack(0x000000d760000000,0x000000d760100000)]
=>0x0000028df85a2800 JavaThread "C2 CompilerThread0" daemon [_thread_in_native, id=18108, stack(0x000000d760100000,0x000000d760200000)]
  0x0000028df85a4800 JavaThread "C1 CompilerThread0" daemon [_thread_blocked, id=15264, stack(0x000000d760200000,0x000000d760300000)]
  0x0000028df85a9000 JavaThread "Sweeper thread" daemon [_thread_blocked, id=1856, stack(0x000000d760300000,0x000000d760400000)]
  0x0000028df901a800 JavaThread "Common-Cleaner" daemon [_thread_blocked, id=11424, stack(0x000000d760400000,0x000000d760500000)]
  0x0000028dfa18a800 JavaThread "Daemon health stats" [_thread_blocked, id=10868, stack(0x000000d760700000,0x000000d760800000)]
  0x0000028df9dca000 JavaThread "Incoming local TCP Connector on port 59741" [_thread_in_native, id=10184, stack(0x000000d760800000,0x000000d760900000)]
  0x0000028dfa95b800 JavaThread "Daemon periodic checks" [_thread_blocked, id=12016, stack(0x000000d760900000,0x000000d760a00000)]
  0x0000028dfaebe800 JavaThread "Daemon" [_thread_blocked, id=11472, stack(0x000000d760a00000,0x000000d760b00000)]
  0x0000028df9421000 JavaThread "Handler for socket connection from /127.0.0.1:59741 to /127.0.0.1:59742" [_thread_in_native, id=18240, stack(0x000000d760b00000,0x000000d760c00000)]
  0x0000028dfb081000 JavaThread "Cancel handler" [_thread_blocked, id=16956, stack(0x000000d760c00000,0x000000d760d00000)]
  0x0000028dfa3b0000 JavaThread "Daemon worker" [_thread_blocked, id=16788, stack(0x000000d760d00000,0x000000d760e00000)]
  0x0000028dfb00b800 JavaThread "Asynchronous log dispatcher for DefaultDaemonConnection: socket connection from /127.0.0.1:59741 to /127.0.0.1:59742" [_thread_blocked, id=11736, stack(0x000000d760e00000,0x000000d760f00000)]
  0x0000028df9201000 JavaThread "Daemon client event forwarder" [_thread_blocked, id=10968, stack(0x000000d761000000,0x000000d761100000)]
  0x0000028df91fe800 JavaThread "Cache worker for journal cache (C:\Users\User\.gradle\caches\journal-1)" [_thread_blocked, id=10764, stack(0x000000d761300000,0x000000d761400000)]
  0x0000028df9201800 JavaThread "File lock request listener" [_thread_in_native, id=17944, stack(0x000000d761400000,0x000000d761500000)]
  0x0000028df9202800 JavaThread "Cache worker for file hash cache (C:\Users\User\.gradle\caches\7.2\fileHashes)" [_thread_blocked, id=15712, stack(0x000000d761500000,0x000000d761600000)]
  0x0000028df9203800 JavaThread "Cache worker for file hash cache (C:\Users\User\AndroidStudioProjects\CookRoomD\.gradle\7.2\fileHashes)" [_thread_blocked, id=13348, stack(0x000000d761600000,0x000000d761700000)]
  0x0000028df9204000 JavaThread "File watcher server" daemon [_thread_in_native, id=13972, stack(0x000000d761700000,0x000000d761800000)]
  0x0000028df9205000 JavaThread "File watcher consumer" daemon [_thread_in_Java, id=3816, stack(0x000000d761800000,0x000000d761900000)]
  0x0000028df91ff000 JavaThread "Cache worker for checksums cache (C:\Users\User\AndroidStudioProjects\CookRoomD\.gradle\checksums)" [_thread_blocked, id=11528, stack(0x000000d761900000,0x000000d761a00000)]
  0x0000028df9200000 JavaThread "Cache worker for cache directory md-supplier (C:\Users\User\.gradle\caches\7.2\md-supplier)" [_thread_blocked, id=9312, stack(0x000000d761a00000,0x000000d761b00000)]
  0x0000028dfd236800 JavaThread "Cache worker for cache directory md-rule (C:\Users\User\.gradle\caches\7.2\md-rule)" [_thread_blocked, id=9144, stack(0x000000d761b00000,0x000000d761c00000)]
  0x0000028dfd239800 JavaThread "Cache worker for execution history cache (C:\Users\User\.gradle\caches\7.2\executionHistory)" [_thread_blocked, id=10052, stack(0x000000d761c00000,0x000000d761d00000)]
  0x0000028dfd23a800 JavaThread "jar transforms" [_thread_blocked, id=12432, stack(0x000000d761d00000,0x000000d761e00000)]
  0x0000028dfd237800 JavaThread "Cache worker for file content cache (C:\Users\User\.gradle\caches\7.2\fileContent)" [_thread_blocked, id=12204, stack(0x000000d761e00000,0x000000d761f00000)]
  0x0000028dfd23d000 JavaThread "jar transforms Thread 2" [_thread_blocked, id=616, stack(0x000000d761f00000,0x000000d762000000)]
  0x0000028dfd23e000 JavaThread "Cache worker for dependencies-accessors (C:\Users\User\AndroidStudioProjects\CookRoomD\.gradle\7.2\dependencies-accessors)" [_thread_blocked, id=10588, stack(0x000000d762000000,0x000000d762100000)]
  0x0000028dfd238000 JavaThread "jar transforms Thread 3" [_thread_blocked, id=8440, stack(0x000000d762100000,0x000000d762200000)]
  0x0000028dfd241000 JavaThread "Cache worker for Build Output Cleanup Cache (C:\Users\User\AndroidStudioProjects\CookRoomD\.gradle\buildOutputCleanup)" [_thread_blocked, id=9932, stack(0x000000d762200000,0x000000d762300000)]
  0x0000028dfd242000 JavaThread "Unconstrained build operations" [_thread_blocked, id=4544, stack(0x000000d762300000,0x000000d762400000)]
  0x0000028dfd242800 JavaThread "Unconstrained build operations Thread 2" [_thread_blocked, id=19336, stack(0x000000d762400000,0x000000d762500000)]
  0x0000028dfd23e800 JavaThread "Unconstrained build operations Thread 3" [_thread_blocked, id=13728, stack(0x000000d762500000,0x000000d762600000)]
  0x0000028dfd23f800 JavaThread "Unconstrained build operations Thread 4" [_thread_blocked, id=13008, stack(0x000000d762600000,0x000000d762700000)]
  0x0000028dfd243800 JavaThread "Unconstrained build operations Thread 5" [_thread_blocked, id=12868, stack(0x000000d762700000,0x000000d762800000)]
  0x0000028dfd245000 JavaThread "Unconstrained build operations Thread 6" [_thread_blocked, id=13784, stack(0x000000d762800000,0x000000d762900000)]
  0x0000028dfd240000 JavaThread "Unconstrained build operations Thread 7" [_thread_blocked, id=14980, stack(0x000000d762900000,0x000000d762a00000)]
  0x0000028dfd244800 JavaThread "Unconstrained build operations Thread 8" [_thread_blocked, id=14916, stack(0x000000d762a00000,0x000000d762b00000)]
  0x0000028dfb34b000 JavaThread "Unconstrained build operations Thread 9" [_thread_blocked, id=11516, stack(0x000000d762b00000,0x000000d762c00000)]
  0x0000028dfb34c000 JavaThread "Unconstrained build operations Thread 10" [_thread_blocked, id=15380, stack(0x000000d762c00000,0x000000d762d00000)]
  0x0000028dfb34a800 JavaThread "Unconstrained build operations Thread 11" [_thread_blocked, id=12880, stack(0x000000d762d00000,0x000000d762e00000)]
  0x0000028dfb348000 JavaThread "Unconstrained build operations Thread 12" [_thread_blocked, id=18116, stack(0x000000d762e00000,0x000000d762f00000)]
  0x0000028dfb348800 JavaThread "Unconstrained build operations Thread 13" [_thread_blocked, id=13608, stack(0x000000d762f00000,0x000000d763000000)]
  0x0000028dfb346800 JavaThread "Unconstrained build operations Thread 14" [_thread_blocked, id=18224, stack(0x000000d763000000,0x000000d763100000)]
  0x0000028dfb349800 JavaThread "Unconstrained build operations Thread 15" [_thread_blocked, id=15840, stack(0x000000d763100000,0x000000d763200000)]
  0x0000028dfb34d000 JavaThread "Unconstrained build operations Thread 16" [_thread_blocked, id=11572, stack(0x000000d763200000,0x000000d763300000)]
  0x0000028dfb347000 JavaThread "Unconstrained build operations Thread 17" [_thread_blocked, id=14516, stack(0x000000d763300000,0x000000d763400000)]
  0x0000028df9523000 JavaThread "Unconstrained build operations Thread 18" [_thread_blocked, id=4880, stack(0x000000d763400000,0x000000d763500000)]
  0x0000028df9524000 JavaThread "Unconstrained build operations Thread 19" [_thread_blocked, id=1960, stack(0x000000d763500000,0x000000d763600000)]
  0x0000028df9525000 JavaThread "Unconstrained build operations Thread 20" [_thread_blocked, id=2008, stack(0x000000d763600000,0x000000d763700000)]
  0x0000028df9525800 JavaThread "Unconstrained build operations Thread 21" [_thread_blocked, id=6304, stack(0x000000d763700000,0x000000d763800000)]
  0x0000028df9526800 JavaThread "Unconstrained build operations Thread 22" [_thread_blocked, id=19344, stack(0x000000d763800000,0x000000d763900000)]
  0x0000028df9527000 JavaThread "Unconstrained build operations Thread 23" [_thread_blocked, id=15608, stack(0x000000d763900000,0x000000d763a00000)]
  0x0000028df9528000 JavaThread "Unconstrained build operations Thread 24" [_thread_blocked, id=15736, stack(0x000000d763a00000,0x000000d763b00000)]
  0x0000028df9522800 JavaThread "Unconstrained build operations Thread 25" [_thread_blocked, id=3284, stack(0x000000d763b00000,0x000000d763c00000)]
  0x0000028df952b800 JavaThread "Unconstrained build operations Thread 26" [_thread_blocked, id=15020, stack(0x000000d763c00000,0x000000d763d00000)]
  0x0000028df952d800 JavaThread "Unconstrained build operations Thread 27" [_thread_blocked, id=12668, stack(0x000000d763d00000,0x000000d763e00000)]
  0x0000028df952e800 JavaThread "Unconstrained build operations Thread 28" [_thread_blocked, id=13272, stack(0x000000d763e00000,0x000000d763f00000)]
  0x0000028df9529000 JavaThread "Unconstrained build operations Thread 29" [_thread_blocked, id=6064, stack(0x000000d763f00000,0x000000d764000000)]
  0x0000028df952d000 JavaThread "Unconstrained build operations Thread 30" [_thread_blocked, id=17180, stack(0x000000d764000000,0x000000d764100000)]
  0x0000028df9529800 JavaThread "Unconstrained build operations Thread 31" [_thread_blocked, id=17724, stack(0x000000d764100000,0x000000d764200000)]
  0x0000028df952f800 JavaThread "Unconstrained build operations Thread 32" [_thread_blocked, id=16684, stack(0x000000d764200000,0x000000d764300000)]
  0x0000028df9530000 JavaThread "Unconstrained build operations Thread 33" [_thread_blocked, id=17088, stack(0x000000d764300000,0x000000d764400000)]
  0x0000028df952a800 JavaThread "Unconstrained build operations Thread 34" [_thread_blocked, id=5124, stack(0x000000d764400000,0x000000d764500000)]
  0x0000028df9531000 JavaThread "Unconstrained build operations Thread 35" [_thread_blocked, id=976, stack(0x000000d764500000,0x000000d764600000)]
  0x0000028df952c000 JavaThread "Unconstrained build operations Thread 36" [_thread_blocked, id=2664, stack(0x000000d764600000,0x000000d764700000)]
  0x0000028dfd7da800 JavaThread "Unconstrained build operations Thread 37" [_thread_blocked, id=18660, stack(0x000000d764700000,0x000000d764800000)]
  0x0000028dfd7e0000 JavaThread "Unconstrained build operations Thread 38" [_thread_blocked, id=16036, stack(0x000000d764800000,0x000000d764900000)]
  0x0000028dfd7db800 JavaThread "Unconstrained build operations Thread 39" [_thread_blocked, id=15860, stack(0x000000d764900000,0x000000d764a00000)]
  0x0000028dfd7e1000 JavaThread "Unconstrained build operations Thread 40" [_thread_blocked, id=15568, stack(0x000000d764a00000,0x000000d764b00000)]
  0x0000028dfd7de000 JavaThread "jar transforms Thread 4" [_thread_blocked, id=6588, stack(0x000000d764b00000,0x000000d764c00000)]
  0x0000028dfd7e2000 JavaThread "Memory manager" [_thread_blocked, id=1808, stack(0x000000d764c00000,0x000000d764d00000)]
  0x0000028dfd7dd000 JavaThread "build event listener" [_thread_blocked, id=18120, stack(0x000000d764f00000,0x000000d765000000)]
  0x0000028dfd7e2800 JavaThread "Execution worker for ':'" [_thread_blocked, id=8608, stack(0x000000d765000000,0x000000d765100000)]
  0x0000028dfd7e3800 JavaThread "Execution worker for ':' Thread 2" [_thread_in_native, id=18652, stack(0x000000d765100000,0x000000d765200000)]
  0x0000028dfd7e4800 JavaThread "Execution worker for ':' Thread 3" [_thread_blocked, id=9840, stack(0x000000d765200000,0x000000d765300000)]
  0x0000028dfd7e5000 JavaThread "Cache worker for execution history cache (C:\Users\User\AndroidStudioProjects\CookRoomD\.gradle\7.2\executionHistory)" [_thread_blocked, id=13192, stack(0x000000d765300000,0x000000d765400000)]
  0x0000028dfd7df800 JavaThread "RMI Scheduler(0)" daemon [_thread_blocked, id=13836, stack(0x000000d760f00000,0x000000d761000000)]
  0x0000028dfd7e6000 JavaThread "RMI RenewClean-[127.0.0.1:17707,org.jetbrains.kotlin.daemon.common.LoopbackNetworkInterface$ClientLoopbackSocketFactory@49398237]" daemon [_thread_blocked, id=15648, stack(0x000000d765400000,0x000000d765500000)]
  0x0000028dfd7e7000 JavaThread "RMI GC Daemon" daemon [_thread_blocked, id=16288, stack(0x000000d765500000,0x000000d765600000)]
  0x0000028dfd7e7800 JavaThread "RMI TCP Accept-0" daemon [_thread_in_native, id=14392, stack(0x000000d765600000,0x000000d765700000)]
  0x0000028dfd7e8800 JavaThread "RMI Reaper" [_thread_blocked, id=18140, stack(0x000000d765700000,0x000000d765800000)]
  0x0000028dfd7e9000 JavaThread "RMI TCP Connection(2)-127.0.0.1" daemon [_thread_in_native, id=2140, stack(0x000000d765800000,0x000000d765900000)]

Other Threads:
  0x0000028df8530800 VMThread "VM Thread" [stack: 0x000000d75fb00000,0x000000d75fc00000] [id=18896]
  0x0000028df901d800 WatcherThread [stack: 0x000000d760500000,0x000000d760600000] [id=1560]
  0x0000028dde9a2800 GCTaskThread "GC Thread#0" [stack: 0x000000d75f600000,0x000000d75f700000] [id=10692]
  0x0000028df92c9800 GCTaskThread "GC Thread#1" [stack: 0x000000d760600000,0x000000d760700000] [id=392]
  0x0000028dfa95c000 GCTaskThread "GC Thread#2" [stack: 0x000000d761100000,0x000000d761200000] [id=19064]
  0x0000028dfa974000 GCTaskThread "GC Thread#3" [stack: 0x000000d761200000,0x000000d761300000] [id=15708]
  0x0000028dde9d3800 ConcurrentGCThread "G1 Main Marker" [stack: 0x000000d75f700000,0x000000d75f800000] [id=17952]
  0x0000028dde9d4800 ConcurrentGCThread "G1 Conc#0" [stack: 0x000000d75f800000,0x000000d75f900000] [id=5112]
  0x0000028ddea2f000 ConcurrentGCThread "G1 Refine#0" [stack: 0x000000d75f900000,0x000000d75fa00000] [id=16824]
  0x0000028ddea30000 ConcurrentGCThread "G1 Young RemSet Sampling" [stack: 0x000000d75fa00000,0x000000d75fb00000] [id=8004]

Threads with active compile tasks:
C2 CompilerThread0 116150 11674 %     4       javax.management.ObjectName::construct @ 448 (1135 bytes)

VM state:not at safepoint (normal execution)

VM Mutex/Monitor currently owned by a thread: None

Heap address: 0x0000000080000000, size: 2048 MB, Compressed Oops mode: 32-bit
Narrow klass base: 0x0000000000000000, Narrow klass shift: 3
Compressed class space size: 1073741824 Address: 0x0000000100000000

Heap:
 garbage-first heap   total 197632K, used 123993K [0x0000000080000000, 0x0000000100000000)
  region size 1024K, 44 young (45056K), 8 survivors (8192K)
 Metaspace       used 93311K, capacity 95648K, committed 95952K, reserved 1132544K
  class space    used 12106K, capacity 12986K, committed 13056K, reserved 1048576K
Heap Regions: E=young(eden), S=young(survivor), O=old, HS=humongous(starts), HC=humongous(continues), CS=collection set, F=free, A=archive, TAMS=top-at-mark-start (previous, next)
|   0|0x0000000080000000, 0x0000000080100000, 0x0000000080100000|100%| O|  |TAMS 0x0000000080100000, 0x0000000080000000| Untracked 
|   1|0x0000000080100000, 0x0000000080200000, 0x0000000080200000|100%| O|  |TAMS 0x0000000080200000, 0x0000000080100000| Untracked 
|   2|0x0000000080200000, 0x0000000080300000, 0x0000000080300000|100%| O|  |TAMS 0x0000000080300000, 0x0000000080200000| Untracked 
|   3|0x0000000080300000, 0x0000000080400000, 0x0000000080400000|100%|HS|  |TAMS 0x0000000080400000, 0x0000000080300000| Complete 
|   4|0x0000000080400000, 0x0000000080500000, 0x0000000080500000|100%|HC|  |TAMS 0x0000000080500000, 0x0000000080400000| Complete 
|   5|0x0000000080500000, 0x0000000080600000, 0x0000000080600000|100%|HC|  |TAMS 0x0000000080600000, 0x0000000080500000| Complete 
|   6|0x0000000080600000, 0x0000000080700000, 0x0000000080700000|100%| O|  |TAMS 0x0000000080700000, 0x0000000080600000| Untracked 
|   7|0x0000000080700000, 0x0000000080800000, 0x0000000080800000|100%| O|  |TAMS 0x0000000080800000, 0x0000000080700000| Untracked 
|   8|0x0000000080800000, 0x0000000080900000, 0x0000000080900000|100%| O|  |TAMS 0x0000000080900000, 0x0000000080800000| Untracked 
|   9|0x0000000080900000, 0x0000000080a00000, 0x0000000080a00000|100%| O|  |TAMS 0x0000000080a00000, 0x0000000080900000| Untracked 
|  10|0x0000000080a00000, 0x0000000080b00000, 0x0000000080b00000|100%| O|  |TAMS 0x0000000080b00000, 0x0000000080a00000| Untracked 
|  11|0x0000000080b00000, 0x0000000080c00000, 0x0000000080c00000|100%| O|  |TAMS 0x0000000080c00000, 0x0000000080b00000| Untracked 
|  12|0x0000000080c00000, 0x0000000080d00000, 0x0000000080d00000|100%| O|  |TAMS 0x0000000080d00000, 0x0000000080c00000| Untracked 
|  13|0x0000000080d00000, 0x0000000080e00000, 0x0000000080e00000|100%| O|  |TAMS 0x0000000080e00000, 0x0000000080d00000| Untracked 
|  14|0x0000000080e00000, 0x0000000080f00000, 0x0000000080f00000|100%| O|  |TAMS 0x0000000080f00000, 0x0000000080e00000| Untracked 
|  15|0x0000000080f00000, 0x0000000081000000, 0x0000000081000000|100%| O|  |TAMS 0x0000000081000000, 0x0000000080f00000| Untracked 
|  16|0x0000000081000000, 0x0000000081100000, 0x0000000081100000|100%| O|  |TAMS 0x0000000081100000, 0x0000000081000000| Untracked 
|  17|0x0000000081100000, 0x0000000081200000, 0x0000000081200000|100%| O|  |TAMS 0x0000000081200000, 0x0000000081100000| Untracked 
|  18|0x0000000081200000, 0x0000000081300000, 0x0000000081300000|100%| O|  |TAMS 0x0000000081300000, 0x0000000081200000| Untracked 
|  19|0x0000000081300000, 0x0000000081400000, 0x0000000081400000|100%| O|  |TAMS 0x0000000081400000, 0x0000000081300000| Untracked 
|  20|0x0000000081400000, 0x0000000081500000, 0x0000000081500000|100%| O|  |TAMS 0x0000000081500000, 0x0000000081400000| Untracked 
|  21|0x0000000081500000, 0x0000000081600000, 0x0000000081600000|100%| O|  |TAMS 0x0000000081600000, 0x0000000081500000| Untracked 
|  22|0x0000000081600000, 0x0000000081700000, 0x0000000081700000|100%| O|  |TAMS 0x0000000081700000, 0x0000000081600000| Untracked 
|  23|0x0000000081700000, 0x0000000081800000, 0x0000000081800000|100%| O|  |TAMS 0x0000000081800000, 0x0000000081700000| Untracked 
|  24|0x0000000081800000, 0x0000000081900000, 0x0000000081900000|100%| O|  |TAMS 0x0000000081900000, 0x0000000081800000| Untracked 
|  25|0x0000000081900000, 0x0000000081a00000, 0x0000000081a00000|100%| O|  |TAMS 0x0000000081a00000, 0x0000000081900000| Untracked 
|  26|0x0000000081a00000, 0x0000000081b00000, 0x0000000081b00000|100%| O|  |TAMS 0x0000000081b00000, 0x0000000081a00000| Untracked 
|  27|0x0000000081b00000, 0x0000000081c00000, 0x0000000081c00000|100%| O|  |TAMS 0x0000000081c00000, 0x0000000081b00000| Untracked 
|  28|0x0000000081c00000, 0x0000000081d00000, 0x0000000081d00000|100%| O|  |TAMS 0x0000000081d00000, 0x0000000081c00000| Untracked 
|  29|0x0000000081d00000, 0x0000000081e00000, 0x0000000081e00000|100%| O|  |TAMS 0x0000000081e00000, 0x0000000081d00000| Untracked 
|  30|0x0000000081e00000, 0x0000000081f00000, 0x0000000081f00000|100%|HS|  |TAMS 0x0000000081f00000, 0x0000000081e00000| Complete 
|  31|0x0000000081f00000, 0x0000000082000000, 0x0000000082000000|100%|HS|  |TAMS 0x0000000082000000, 0x0000000081f00000| Complete 
|  32|0x0000000082000000, 0x0000000082100000, 0x0000000082100000|100%|HS|  |TAMS 0x0000000082100000, 0x0000000082000000| Complete 
|  33|0x0000000082100000, 0x0000000082200000, 0x0000000082200000|100%|HS|  |TAMS 0x0000000082200000, 0x0000000082100000| Complete 
|  34|0x0000000082200000, 0x0000000082300000, 0x0000000082300000|100%| O|  |TAMS 0x0000000082300000, 0x0000000082200000| Untracked 
|  35|0x0000000082300000, 0x0000000082400000, 0x0000000082400000|100%| O|  |TAMS 0x0000000082400000, 0x0000000082300000| Untracked 
|  36|0x0000000082400000, 0x0000000082500000, 0x0000000082500000|100%|HS|  |TAMS 0x0000000082500000, 0x0000000082400000| Complete 
|  37|0x0000000082500000, 0x0000000082600000, 0x0000000082600000|100%|HC|  |TAMS 0x0000000082600000, 0x0000000082500000| Complete 
|  38|0x0000000082600000, 0x0000000082700000, 0x0000000082700000|100%|HC|  |TAMS 0x0000000082700000, 0x0000000082600000| Complete 
|  39|0x0000000082700000, 0x0000000082800000, 0x0000000082800000|100%| O|  |TAMS 0x0000000082800000, 0x0000000082700000| Untracked 
|  40|0x0000000082800000, 0x0000000082900000, 0x0000000082900000|100%| O|  |TAMS 0x0000000082900000, 0x0000000082800000| Untracked 
|  41|0x0000000082900000, 0x0000000082a00000, 0x0000000082a00000|100%| O|  |TAMS 0x0000000082a00000, 0x0000000082900000| Untracked 
|  42|0x0000000082a00000, 0x0000000082b00000, 0x0000000082b00000|100%| O|  |TAMS 0x0000000082b00000, 0x0000000082a00000| Untracked 
|  43|0x0000000082b00000, 0x0000000082c00000, 0x0000000082c00000|100%|HS|  |TAMS 0x0000000082c00000, 0x0000000082b00000| Complete 
|  44|0x0000000082c00000, 0x0000000082d00000, 0x0000000082d00000|100%|HC|  |TAMS 0x0000000082d00000, 0x0000000082c00000| Complete 
|  45|0x0000000082d00000, 0x0000000082e00000, 0x0000000082e00000|100%| O|  |TAMS 0x0000000082e00000, 0x0000000082d00000| Untracked 
|  46|0x0000000082e00000, 0x0000000082f00000, 0x0000000082f00000|100%| O|  |TAMS 0x0000000082f00000, 0x0000000082e00000| Untracked 
|  47|0x0000000082f00000, 0x0000000083000000, 0x0000000083000000|100%| O|  |TAMS 0x0000000083000000, 0x0000000082f00000| Untracked 
|  48|0x0000000083000000, 0x0000000083100000, 0x0000000083100000|100%| O|  |TAMS 0x0000000083100000, 0x0000000083000000| Untracked 
|  49|0x0000000083100000, 0x0000000083200000, 0x0000000083200000|100%| O|  |TAMS 0x0000000083200000, 0x0000000083100000| Untracked 
|  50|0x0000000083200000, 0x0000000083300000, 0x0000000083300000|100%| O|  |TAMS 0x0000000083300000, 0x0000000083200000| Untracked 
|  51|0x0000000083300000, 0x0000000083400000, 0x0000000083400000|100%| O|  |TAMS 0x0000000083400000, 0x0000000083300000| Untracked 
|  52|0x0000000083400000, 0x0000000083500000, 0x0000000083500000|100%| O|  |TAMS 0x0000000083500000, 0x0000000083400000| Untracked 
|  53|0x0000000083500000, 0x0000000083600000, 0x0000000083600000|100%| O|  |TAMS 0x0000000083600000, 0x0000000083500000| Untracked 
|  54|0x0000000083600000, 0x0000000083700000, 0x0000000083700000|100%| O|  |TAMS 0x0000000083700000, 0x0000000083600000| Untracked 
|  55|0x0000000083700000, 0x0000000083800000, 0x0000000083800000|100%| O|  |TAMS 0x0000000083800000, 0x0000000083700000| Untracked 
|  56|0x0000000083800000, 0x0000000083900000, 0x0000000083900000|100%| O|  |TAMS 0x0000000083900000, 0x0000000083800000| Untracked 
|  57|0x0000000083900000, 0x0000000083a00000, 0x0000000083a00000|100%| O|  |TAMS 0x0000000083a00000, 0x0000000083900000| Untracked 
|  58|0x0000000083a00000, 0x0000000083b00000, 0x0000000083b00000|100%| O|  |TAMS 0x0000000083b00000, 0x0000000083a00000| Untracked 
|  59|0x0000000083b00000, 0x0000000083c00000, 0x0000000083c00000|100%| O|  |TAMS 0x0000000083c00000, 0x0000000083b00000| Untracked 
|  60|0x0000000083c00000, 0x0000000083d00000, 0x0000000083d00000|100%| O|  |TAMS 0x0000000083d00000, 0x0000000083c00000| Untracked 
|  61|0x0000000083d00000, 0x0000000083e00000, 0x0000000083e00000|100%| O|  |TAMS 0x0000000083e00000, 0x0000000083d00000| Untracked 
|  62|0x0000000083e00000, 0x0000000083f00000, 0x0000000083f00000|100%| O|  |TAMS 0x0000000083f00000, 0x0000000083e00000| Untracked 
|  63|0x0000000083f00000, 0x0000000084000000, 0x0000000084000000|100%| O|  |TAMS 0x0000000084000000, 0x0000000083f00000| Untracked 
|  64|0x0000000084000000, 0x0000000084100000, 0x0000000084100000|100%| O|  |TAMS 0x0000000084100000, 0x0000000084000000| Untracked 
|  65|0x0000000084100000, 0x0000000084200000, 0x0000000084200000|100%| O|  |TAMS 0x0000000084200000, 0x0000000084100000| Untracked 
|  66|0x0000000084200000, 0x0000000084300000, 0x0000000084300000|100%| O|  |TAMS 0x0000000084300000, 0x0000000084200000| Untracked 
|  67|0x0000000084300000, 0x0000000084400000, 0x0000000084400000|100%| O|  |TAMS 0x0000000084400000, 0x0000000084300000| Untracked 
|  68|0x0000000084400000, 0x0000000084500000, 0x0000000084500000|100%| O|  |TAMS 0x0000000084500000, 0x0000000084400000| Untracked 
|  69|0x0000000084500000, 0x0000000084600000, 0x0000000084600000|100%| O|  |TAMS 0x00000000845a6e00, 0x0000000084500000| Untracked 
|  70|0x0000000084600000, 0x0000000084700000, 0x0000000084700000|100%| O|  |TAMS 0x0000000084600000, 0x0000000084600000| Untracked 
|  71|0x0000000084700000, 0x0000000084800000, 0x0000000084800000|100%| O|  |TAMS 0x0000000084700000, 0x0000000084700000| Untracked 
|  72|0x0000000084800000, 0x0000000084900000, 0x0000000084900000|100%| O|  |TAMS 0x0000000084800000, 0x0000000084800000| Untracked 
|  73|0x0000000084900000, 0x0000000084a00000, 0x0000000084a00000|100%| O|  |TAMS 0x0000000084900000, 0x0000000084900000| Untracked 
|  74|0x0000000084a00000, 0x0000000084b00000, 0x0000000084b00000|100%| O|  |TAMS 0x0000000084a00000, 0x0000000084a00000| Untracked 
|  75|0x0000000084b00000, 0x0000000084c00000, 0x0000000084c00000|100%| O|  |TAMS 0x0000000084b00000, 0x0000000084b00000| Untracked 
|  76|0x0000000084c00000, 0x0000000084d00000, 0x0000000084d00000|100%| O|  |TAMS 0x0000000084c00000, 0x0000000084c00000| Untracked 
|  77|0x0000000084d00000, 0x0000000084e00000, 0x0000000084e00000|100%| O|  |TAMS 0x0000000084d00000, 0x0000000084d00000| Untracked 
|  78|0x0000000084e00000, 0x0000000084e55c00, 0x0000000084f00000| 33%| O|  |TAMS 0x0000000084e00000, 0x0000000084e00000| Untracked 
|  79|0x0000000084f00000, 0x0000000084f00000, 0x0000000085000000|  0%| F|  |TAMS 0x0000000084f00000, 0x0000000084f00000| Untracked 
|  80|0x0000000085000000, 0x0000000085000000, 0x0000000085100000|  0%| F|  |TAMS 0x0000000085000000, 0x0000000085000000| Untracked 
|  81|0x0000000085100000, 0x0000000085100000, 0x0000000085200000|  0%| F|  |TAMS 0x0000000085100000, 0x0000000085100000| Untracked 
|  82|0x0000000085200000, 0x0000000085200000, 0x0000000085300000|  0%| F|  |TAMS 0x0000000085200000, 0x0000000085200000| Untracked 
|  83|0x0000000085300000, 0x0000000085300000, 0x0000000085400000|  0%| F|  |TAMS 0x0000000085300000, 0x0000000085300000| Untracked 
|  84|0x0000000085400000, 0x0000000085400000, 0x0000000085500000|  0%| F|  |TAMS 0x0000000085400000, 0x0000000085400000| Untracked 
|  85|0x0000000085500000, 0x0000000085500000, 0x0000000085600000|  0%| F|  |TAMS 0x0000000085500000, 0x0000000085500000| Untracked 
|  86|0x0000000085600000, 0x0000000085600000, 0x0000000085700000|  0%| F|  |TAMS 0x0000000085600000, 0x0000000085600000| Untracked 
|  87|0x0000000085700000, 0x0000000085700000, 0x0000000085800000|  0%| F|  |TAMS 0x0000000085700000, 0x0000000085700000| Untracked 
|  88|0x0000000085800000, 0x0000000085800000, 0x0000000085900000|  0%| F|  |TAMS 0x0000000085800000, 0x0000000085800000| Untracked 
|  89|0x0000000085900000, 0x0000000085900000, 0x0000000085a00000|  0%| F|  |TAMS 0x0000000085900000, 0x0000000085900000| Untracked 
|  90|0x0000000085a00000, 0x0000000085a00000, 0x0000000085b00000|  0%| F|  |TAMS 0x0000000085a00000, 0x0000000085a00000| Untracked 
|  91|0x0000000085b00000, 0x0000000085b00000, 0x0000000085c00000|  0%| F|  |TAMS 0x0000000085b00000, 0x0000000085b00000| Untracked 
|  92|0x0000000085c00000, 0x0000000085c00000, 0x0000000085d00000|  0%| F|  |TAMS 0x0000000085c00000, 0x0000000085c00000| Untracked 
|  93|0x0000000085d00000, 0x0000000085d00000, 0x0000000085e00000|  0%| F|  |TAMS 0x0000000085d00000, 0x0000000085d00000| Untracked 
|  94|0x0000000085e00000, 0x0000000085e00000, 0x0000000085f00000|  0%| F|  |TAMS 0x0000000085e00000, 0x0000000085e00000| Untracked 
|  95|0x0000000085f00000, 0x0000000085f00000, 0x0000000086000000|  0%| F|  |TAMS 0x0000000085f00000, 0x0000000085f00000| Untracked 
|  96|0x0000000086000000, 0x0000000086000000, 0x0000000086100000|  0%| F|  |TAMS 0x0000000086000000, 0x0000000086000000| Untracked 
|  97|0x0000000086100000, 0x0000000086100000, 0x0000000086200000|  0%| F|  |TAMS 0x0000000086100000, 0x0000000086100000| Untracked 
|  98|0x0000000086200000, 0x0000000086200000, 0x0000000086300000|  0%| F|  |TAMS 0x0000000086200000, 0x0000000086200000| Untracked 
|  99|0x0000000086300000, 0x0000000086300000, 0x0000000086400000|  0%| F|  |TAMS 0x0000000086300000, 0x0000000086300000| Untracked 
| 100|0x0000000086400000, 0x0000000086400000, 0x0000000086500000|  0%| F|  |TAMS 0x0000000086400000, 0x0000000086400000| Untracked 
| 101|0x0000000086500000, 0x0000000086500000, 0x0000000086600000|  0%| F|  |TAMS 0x0000000086500000, 0x0000000086500000| Untracked 
| 102|0x0000000086600000, 0x0000000086600000, 0x0000000086700000|  0%| F|  |TAMS 0x0000000086600000, 0x0000000086600000| Untracked 
| 103|0x0000000086700000, 0x0000000086700000, 0x0000000086800000|  0%| F|  |TAMS 0x0000000086700000, 0x0000000086700000| Untracked 
| 104|0x0000000086800000, 0x0000000086800000, 0x0000000086900000|  0%| F|  |TAMS 0x0000000086800000, 0x0000000086800000| Untracked 
| 105|0x0000000086900000, 0x0000000086900000, 0x0000000086a00000|  0%| F|  |TAMS 0x0000000086900000, 0x0000000086900000| Untracked 
| 106|0x0000000086a00000, 0x0000000086a00000, 0x0000000086b00000|  0%| F|  |TAMS 0x0000000086a00000, 0x0000000086a00000| Untracked 
| 107|0x0000000086b00000, 0x0000000086b00000, 0x0000000086c00000|  0%| F|  |TAMS 0x0000000086b00000, 0x0000000086b00000| Untracked 
| 108|0x0000000086c00000, 0x0000000086c00000, 0x0000000086d00000|  0%| F|  |TAMS 0x0000000086c00000, 0x0000000086c00000| Untracked 
| 109|0x0000000086d00000, 0x0000000086d00000, 0x0000000086e00000|  0%| F|  |TAMS 0x0000000086d00000, 0x0000000086d00000| Untracked 
| 110|0x0000000086e00000, 0x0000000086ec0960, 0x0000000086f00000| 75%| S|CS|TAMS 0x0000000086e00000, 0x0000000086e00000| Complete 
| 111|0x0000000086f00000, 0x0000000087000000, 0x0000000087000000|100%| S|CS|TAMS 0x0000000086f00000, 0x0000000086f00000| Complete 
| 112|0x0000000087000000, 0x0000000087100000, 0x0000000087100000|100%| S|CS|TAMS 0x0000000087000000, 0x0000000087000000| Complete 
| 113|0x0000000087100000, 0x0000000087200000, 0x0000000087200000|100%| S|CS|TAMS 0x0000000087100000, 0x0000000087100000| Complete 
| 114|0x0000000087200000, 0x0000000087300000, 0x0000000087300000|100%| S|CS|TAMS 0x0000000087200000, 0x0000000087200000| Complete 
| 115|0x0000000087300000, 0x0000000087400000, 0x0000000087400000|100%| S|CS|TAMS 0x0000000087300000, 0x0000000087300000| Complete 
| 116|0x0000000087400000, 0x0000000087400000, 0x0000000087500000|  0%| F|  |TAMS 0x0000000087400000, 0x0000000087400000| Untracked 
| 117|0x0000000087500000, 0x0000000087500000, 0x0000000087600000|  0%| F|  |TAMS 0x0000000087500000, 0x0000000087500000| Untracked 
| 118|0x0000000087600000, 0x0000000087600000, 0x0000000087700000|  0%| F|  |TAMS 0x0000000087600000, 0x0000000087600000| Untracked 
| 119|0x0000000087700000, 0x0000000087700000, 0x0000000087800000|  0%| F|  |TAMS 0x0000000087700000, 0x0000000087700000| Untracked 
| 120|0x0000000087800000, 0x0000000087800000, 0x0000000087900000|  0%| F|  |TAMS 0x0000000087800000, 0x0000000087800000| Untracked 
| 121|0x0000000087900000, 0x0000000087900000, 0x0000000087a00000|  0%| F|  |TAMS 0x0000000087900000, 0x0000000087900000| Untracked 
| 122|0x0000000087a00000, 0x0000000087a00000, 0x0000000087b00000|  0%| F|  |TAMS 0x0000000087a00000, 0x0000000087a00000| Untracked 
| 123|0x0000000087b00000, 0x0000000087b00000, 0x0000000087c00000|  0%| F|  |TAMS 0x0000000087b00000, 0x0000000087b00000| Untracked 
| 124|0x0000000087c00000, 0x0000000087c00000, 0x0000000087d00000|  0%| F|  |TAMS 0x0000000087c00000, 0x0000000087c00000| Untracked 
| 125|0x0000000087d00000, 0x0000000087e00000, 0x0000000087e00000|100%| S|CS|TAMS 0x0000000087d00000, 0x0000000087d00000| Complete 
| 126|0x0000000087e00000, 0x0000000087f00000, 0x0000000087f00000|100%| S|CS|TAMS 0x0000000087e00000, 0x0000000087e00000| Complete 
| 127|0x0000000087f00000, 0x0000000087f00000, 0x0000000088000000|  0%| F|  |TAMS 0x0000000087f00000, 0x0000000087f00000| Untracked 
| 128|0x0000000088000000, 0x0000000088000000, 0x0000000088100000|  0%| F|  |TAMS 0x0000000088000000, 0x0000000088000000| Untracked 
| 129|0x0000000088100000, 0x0000000088100000, 0x0000000088200000|  0%| F|  |TAMS 0x0000000088100000, 0x0000000088100000| Untracked 
| 130|0x0000000088200000, 0x0000000088200000, 0x0000000088300000|  0%| F|  |TAMS 0x0000000088200000, 0x0000000088200000| Untracked 
| 131|0x0000000088300000, 0x0000000088300000, 0x0000000088400000|  0%| F|  |TAMS 0x0000000088300000, 0x0000000088300000| Untracked 
| 132|0x0000000088400000, 0x0000000088400000, 0x0000000088500000|  0%| F|  |TAMS 0x0000000088400000, 0x0000000088400000| Untracked 
| 133|0x0000000088500000, 0x0000000088500000, 0x0000000088600000|  0%| F|  |TAMS 0x0000000088500000, 0x0000000088500000| Untracked 
| 134|0x0000000088600000, 0x0000000088600000, 0x0000000088700000|  0%| F|  |TAMS 0x0000000088600000, 0x0000000088600000| Untracked 
| 135|0x0000000088700000, 0x0000000088700000, 0x0000000088800000|  0%| F|  |TAMS 0x0000000088700000, 0x0000000088700000| Untracked 
| 136|0x0000000088800000, 0x0000000088800000, 0x0000000088900000|  0%| F|  |TAMS 0x0000000088800000, 0x0000000088800000| Untracked 
| 137|0x0000000088900000, 0x0000000088900000, 0x0000000088a00000|  0%| F|  |TAMS 0x0000000088900000, 0x0000000088900000| Untracked 
| 138|0x0000000088a00000, 0x0000000088a00000, 0x0000000088b00000|  0%| F|  |TAMS 0x0000000088a00000, 0x0000000088a00000| Untracked 
| 139|0x0000000088b00000, 0x0000000088b00000, 0x0000000088c00000|  0%| F|  |TAMS 0x0000000088b00000, 0x0000000088b00000| Untracked 
| 140|0x0000000088c00000, 0x0000000088c00000, 0x0000000088d00000|  0%| F|  |TAMS 0x0000000088c00000, 0x0000000088c00000| Untracked 
| 141|0x0000000088d00000, 0x0000000088d00000, 0x0000000088e00000|  0%| F|  |TAMS 0x0000000088d00000, 0x0000000088d00000| Untracked 
| 142|0x0000000088e00000, 0x0000000088e00000, 0x0000000088f00000|  0%| F|  |TAMS 0x0000000088e00000, 0x0000000088e00000| Untracked 
| 143|0x0000000088f00000, 0x0000000088f00000, 0x0000000089000000|  0%| F|  |TAMS 0x0000000088f00000, 0x0000000088f00000| Untracked 
| 144|0x0000000089000000, 0x0000000089000000, 0x0000000089100000|  0%| F|  |TAMS 0x0000000089000000, 0x0000000089000000| Untracked 
| 145|0x0000000089100000, 0x0000000089100000, 0x0000000089200000|  0%| F|  |TAMS 0x0000000089100000, 0x0000000089100000| Untracked 
| 146|0x0000000089200000, 0x0000000089200000, 0x0000000089300000|  0%| F|  |TAMS 0x0000000089200000, 0x0000000089200000| Untracked 
| 147|0x0000000089300000, 0x0000000089300000, 0x0000000089400000|  0%| F|  |TAMS 0x0000000089300000, 0x0000000089300000| Untracked 
| 148|0x0000000089400000, 0x0000000089400000, 0x0000000089500000|  0%| F|  |TAMS 0x0000000089400000, 0x0000000089400000| Untracked 
| 149|0x0000000089500000, 0x0000000089500000, 0x0000000089600000|  0%| F|  |TAMS 0x0000000089500000, 0x0000000089500000| Untracked 
| 150|0x0000000089600000, 0x0000000089600000, 0x0000000089700000|  0%| F|  |TAMS 0x0000000089600000, 0x0000000089600000| Untracked 
| 151|0x0000000089700000, 0x0000000089700000, 0x0000000089800000|  0%| F|  |TAMS 0x0000000089700000, 0x0000000089700000| Untracked 
| 152|0x0000000089800000, 0x0000000089800000, 0x0000000089900000|  0%| F|  |TAMS 0x0000000089800000, 0x0000000089800000| Untracked 
| 153|0x0000000089900000, 0x0000000089900000, 0x0000000089a00000|  0%| F|  |TAMS 0x0000000089900000, 0x0000000089900000| Untracked 
| 154|0x0000000089a00000, 0x0000000089a00000, 0x0000000089b00000|  0%| F|  |TAMS 0x0000000089a00000, 0x0000000089a00000| Untracked 
| 155|0x0000000089b00000, 0x0000000089b00000, 0x0000000089c00000|  0%| F|  |TAMS 0x0000000089b00000, 0x0000000089b00000| Untracked 
| 156|0x0000000089c00000, 0x0000000089c00000, 0x0000000089d00000|  0%| F|  |TAMS 0x0000000089c00000, 0x0000000089c00000| Untracked 
| 157|0x0000000089d00000, 0x0000000089d51990, 0x0000000089e00000| 31%| E|  |TAMS 0x0000000089d00000, 0x0000000089d00000| Complete 
| 158|0x0000000089e00000, 0x0000000089f00000, 0x0000000089f00000|100%| E|CS|TAMS 0x0000000089e00000, 0x0000000089e00000| Complete 
| 159|0x0000000089f00000, 0x000000008a000000, 0x000000008a000000|100%| E|CS|TAMS 0x0000000089f00000, 0x0000000089f00000| Complete 
| 160|0x000000008a000000, 0x000000008a100000, 0x000000008a100000|100%| E|CS|TAMS 0x000000008a000000, 0x000000008a000000| Complete 
| 161|0x000000008a100000, 0x000000008a200000, 0x000000008a200000|100%| E|CS|TAMS 0x000000008a100000, 0x000000008a100000| Complete 
| 162|0x000000008a200000, 0x000000008a300000, 0x000000008a300000|100%| E|CS|TAMS 0x000000008a200000, 0x000000008a200000| Complete 
| 163|0x000000008a300000, 0x000000008a400000, 0x000000008a400000|100%| E|CS|TAMS 0x000000008a300000, 0x000000008a300000| Complete 
| 164|0x000000008a400000, 0x000000008a500000, 0x000000008a500000|100%| E|CS|TAMS 0x000000008a400000, 0x000000008a400000| Complete 
| 165|0x000000008a500000, 0x000000008a600000, 0x000000008a600000|100%| E|CS|TAMS 0x000000008a500000, 0x000000008a500000| Complete 
| 166|0x000000008a600000, 0x000000008a700000, 0x000000008a700000|100%| E|CS|TAMS 0x000000008a600000, 0x000000008a600000| Complete 
| 167|0x000000008a700000, 0x000000008a800000, 0x000000008a800000|100%| E|CS|TAMS 0x000000008a700000, 0x000000008a700000| Complete 
| 168|0x000000008a800000, 0x000000008a900000, 0x000000008a900000|100%| E|CS|TAMS 0x000000008a800000, 0x000000008a800000| Complete 
| 169|0x000000008a900000, 0x000000008aa00000, 0x000000008aa00000|100%| E|CS|TAMS 0x000000008a900000, 0x000000008a900000| Complete 
| 170|0x000000008aa00000, 0x000000008ab00000, 0x000000008ab00000|100%| E|CS|TAMS 0x000000008aa00000, 0x000000008aa00000| Complete 
| 171|0x000000008ab00000, 0x000000008ac00000, 0x000000008ac00000|100%| E|CS|TAMS 0x000000008ab00000, 0x000000008ab00000| Complete 
| 172|0x000000008ac00000, 0x000000008ad00000, 0x000000008ad00000|100%| E|CS|TAMS 0x000000008ac00000, 0x000000008ac00000| Complete 
| 173|0x000000008ad00000, 0x000000008ae00000, 0x000000008ae00000|100%| E|CS|TAMS 0x000000008ad00000, 0x000000008ad00000| Complete 
| 174|0x000000008ae00000, 0x000000008af00000, 0x000000008af00000|100%| E|CS|TAMS 0x000000008ae00000, 0x000000008ae00000| Complete 
| 175|0x000000008af00000, 0x000000008b000000, 0x000000008b000000|100%| E|CS|TAMS 0x000000008af00000, 0x000000008af00000| Complete 
| 176|0x000000008b000000, 0x000000008b100000, 0x000000008b100000|100%| E|CS|TAMS 0x000000008b000000, 0x000000008b000000| Complete 
| 177|0x000000008b100000, 0x000000008b200000, 0x000000008b200000|100%| E|CS|TAMS 0x000000008b100000, 0x000000008b100000| Complete 
| 178|0x000000008b200000, 0x000000008b300000, 0x000000008b300000|100%| E|CS|TAMS 0x000000008b200000, 0x000000008b200000| Complete 
| 179|0x000000008b300000, 0x000000008b400000, 0x000000008b400000|100%| E|CS|TAMS 0x000000008b300000, 0x000000008b300000| Complete 
| 180|0x000000008b400000, 0x000000008b500000, 0x000000008b500000|100%| E|CS|TAMS 0x000000008b400000, 0x000000008b400000| Complete 
| 181|0x000000008b500000, 0x000000008b600000, 0x000000008b600000|100%| E|CS|TAMS 0x000000008b500000, 0x000000008b500000| Complete 
| 182|0x000000008b600000, 0x000000008b700000, 0x000000008b700000|100%| E|CS|TAMS 0x000000008b600000, 0x000000008b600000| Complete 
| 183|0x000000008b700000, 0x000000008b800000, 0x000000008b800000|100%| E|CS|TAMS 0x000000008b700000, 0x000000008b700000| Complete 
| 184|0x000000008b800000, 0x000000008b900000, 0x000000008b900000|100%| E|CS|TAMS 0x000000008b800000, 0x000000008b800000| Complete 
| 185|0x000000008b900000, 0x000000008ba00000, 0x000000008ba00000|100%| E|CS|TAMS 0x000000008b900000, 0x000000008b900000| Complete 
| 186|0x000000008ba00000, 0x000000008bb00000, 0x000000008bb00000|100%| E|CS|TAMS 0x000000008ba00000, 0x000000008ba00000| Complete 
| 187|0x000000008bb00000, 0x000000008bc00000, 0x000000008bc00000|100%| E|CS|TAMS 0x000000008bb00000, 0x000000008bb00000| Complete 
| 188|0x000000008bc00000, 0x000000008bd00000, 0x000000008bd00000|100%| E|CS|TAMS 0x000000008bc00000, 0x000000008bc00000| Complete 
| 189|0x000000008bd00000, 0x000000008be00000, 0x000000008be00000|100%| E|CS|TAMS 0x000000008bd00000, 0x000000008bd00000| Complete 
| 190|0x000000008be00000, 0x000000008bf00000, 0x000000008bf00000|100%| E|CS|TAMS 0x000000008be00000, 0x000000008be00000| Complete 
| 191|0x000000008bf00000, 0x000000008c000000, 0x000000008c000000|100%| E|CS|TAMS 0x000000008bf00000, 0x000000008bf00000| Complete 
| 192|0x000000008c000000, 0x000000008c100000, 0x000000008c100000|100%| E|CS|TAMS 0x000000008c000000, 0x000000008c000000| Complete 

Card table byte_map: [0x0000028df1890000,0x0000028df1c90000] _byte_map_base: 0x0000028df1490000

Marking Bits (Prev, Next): (CMBitMap*) 0x0000028dde9cac90, (CMBitMap*) 0x0000028dde9cac58
 Prev Bits: [0x0000028df4090000, 0x0000028df6090000)
 Next Bits: [0x0000028df2090000, 0x0000028df4090000)

Polling page: 0x0000028ddc980000

Metaspace:

Usage:
  Non-class:     80.72 MB capacity,    79.30 MB ( 98%) used,     1.15 MB (  1%) free+waste,   275.63 KB ( <1%) overhead. 
      Class:     12.68 MB capacity,    11.82 MB ( 93%) used,   755.77 KB (  6%) free+waste,   123.94 KB ( <1%) overhead. 
       Both:     93.41 MB capacity,    91.12 MB ( 98%) used,     1.89 MB (  2%) free+waste,   399.56 KB ( <1%) overhead. 

Virtual space:
  Non-class space:       82.00 MB reserved,      80.95 MB ( 99%) committed 
      Class space:        1.00 GB reserved,      12.75 MB (  1%) committed 
             Both:        1.08 GB reserved,      93.70 MB (  8%) committed 

Chunk freelists:
   Non-Class:  2.00 KB
       Class:  0 bytes
        Both:  2.00 KB

MaxMetaspaceSize: 17179869184.00 GB
CompressedClassSpaceSize: 1.00 GB

CodeHeap 'non-profiled nmethods': size=120064Kb used=6115Kb max_used=6115Kb free=113948Kb
 bounds [0x0000028de9f50000, 0x0000028dea550000, 0x0000028df1490000]
CodeHeap 'profiled nmethods': size=120000Kb used=25665Kb max_used=25665Kb free=94334Kb
 bounds [0x0000028de2a20000, 0x0000028de4340000, 0x0000028de9f50000]
CodeHeap 'non-nmethods': size=5696Kb used=2319Kb max_used=2347Kb free=3377Kb
 bounds [0x0000028de2490000, 0x0000028de2700000, 0x0000028de2a20000]
 total_blobs=12491 nmethods=11556 adapters=846
 compilation: enabled
              stopped_count=0, restarted_count=0
 full_count=0

Compilation events (20 events):
Event: 87.529 Thread 0x0000028df85a4800 nmethod 11662 0x0000028de432d690 code [0x0000028de432d840, 0x0000028de432d968]
Event: 101.141 Thread 0x0000028df85a4800 11664       3       java.io.FileInputStream::read (8 bytes)
Event: 101.146 Thread 0x0000028df85a4800 nmethod 11664 0x0000028de432da10 code [0x0000028de432dbc0, 0x0000028de432dce8]
Event: 101.836 Thread 0x0000028df85a2800 11665       4       java.util.ArrayList::spliterator (12 bytes)
Event: 101.848 Thread 0x0000028df85a2800 nmethod 11665 0x0000028dea548610 code [0x0000028dea5487a0, 0x0000028dea548898]
Event: 102.653 Thread 0x0000028df85a4800 11666       3       java.util.concurrent.ScheduledThreadPoolExecutor$DelayedWorkQueue::setIndex (16 bytes)
Event: 102.658 Thread 0x0000028df85a4800 nmethod 11666 0x0000028de432dd90 code [0x0000028de432df40, 0x0000028de432e238]
Event: 102.689 Thread 0x0000028df85a4800 11667       1       java.util.concurrent.ThreadPoolExecutor::getQueue (5 bytes)
Event: 102.694 Thread 0x0000028df85a4800 nmethod 11667 0x0000028dea548990 code [0x0000028dea548b40, 0x0000028dea548bf8]
Event: 108.244 Thread 0x0000028df85a4800 11668       3       org.gradle.internal.serialize.AbstractDecoder::readSmallInt (5 bytes)
Event: 108.275 Thread 0x0000028df85a4800 nmethod 11668 0x0000028de432e310 code [0x0000028de432e4c0, 0x0000028de432e668]
Event: 112.676 Thread 0x0000028df85a4800 11670       3       java.lang.StringConcatHelper::newString (46 bytes)
Event: 112.688 Thread 0x0000028df85a4800 nmethod 11670 0x0000028de432e710 code [0x0000028de432e9a0, 0x0000028de432f428]
Event: 113.343 Thread 0x0000028df85a4800 11671       3       java.io.Bits::getShort (18 bytes)
Event: 113.344 Thread 0x0000028df85a4800 nmethod 11671 0x0000028de432f810 code [0x0000028de432f9c0, 0x0000028de432faf8]
Event: 113.480 Thread 0x0000028df85a4800 11672       3       java.lang.Math::min (12 bytes)
Event: 113.481 Thread 0x0000028df85a4800 nmethod 11672 0x0000028de432fc10 code [0x0000028de432fdc0, 0x0000028de432fef8]
Event: 113.484 Thread 0x0000028df85a4800 11673       3       sun.rmi.runtime.Log$LoggerLog::isLoggable (9 bytes)
Event: 113.488 Thread 0x0000028df85a4800 nmethod 11673 0x0000028de432ff90 code [0x0000028de4330140, 0x0000028de43303d8]
Event: 115.694 Thread 0x0000028df85a2800 11674 %     4       javax.management.ObjectName::construct @ 448 (1135 bytes)

GC Heap History (20 events):
Event: 33.234 GC heap before
{Heap before GC invocations=44 (full 0):
 garbage-first heap   total 114688K, used 86479K [0x0000000080000000, 0x0000000100000000)
  region size 1024K, 28 young (28672K), 3 survivors (3072K)
 Metaspace       used 67216K, capacity 68619K, committed 68688K, reserved 1110016K
  class space    used 8505K, capacity 9072K, committed 9088K, reserved 1048576K
}
Event: 33.250 GC heap after
{Heap after GC invocations=45 (full 0):
 garbage-first heap   total 114688K, used 63065K [0x0000000080000000, 0x0000000100000000)
  region size 1024K, 4 young (4096K), 4 survivors (4096K)
 Metaspace       used 67216K, capacity 68619K, committed 68688K, reserved 1110016K
  class space    used 8505K, capacity 9072K, committed 9088K, reserved 1048576K
}
Event: 34.326 GC heap before
{Heap before GC invocations=46 (full 0):
 garbage-first heap   total 114688K, used 89689K [0x0000000080000000, 0x0000000100000000)
  region size 1024K, 30 young (30720K), 4 survivors (4096K)
 Metaspace       used 67930K, capacity 69427K, committed 69584K, reserved 1110016K
  class space    used 8570K, capacity 9172K, committed 9216K, reserved 1048576K
}
Event: 34.349 GC heap after
{Heap after GC invocations=47 (full 0):
 garbage-first heap   total 114688K, used 65030K [0x0000000080000000, 0x0000000100000000)
  region size 1024K, 4 young (4096K), 4 survivors (4096K)
 Metaspace       used 67930K, capacity 69427K, committed 69584K, reserved 1110016K
  class space    used 8570K, capacity 9172K, committed 9216K, reserved 1048576K
}
Event: 35.954 GC heap before
{Heap before GC invocations=47 (full 0):
 garbage-first heap   total 114688K, used 89606K [0x0000000080000000, 0x0000000100000000)
  region size 1024K, 29 young (29696K), 4 survivors (4096K)
 Metaspace       used 71154K, capacity 72721K, committed 73040K, reserved 1112064K
  class space    used 9153K, capacity 9757K, committed 9856K, reserved 1048576K
}
Event: 36.050 GC heap after
{Heap after GC invocations=48 (full 0):
 garbage-first heap   total 138240K, used 67173K [0x0000000080000000, 0x0000000100000000)
  region size 1024K, 2 young (2048K), 2 survivors (2048K)
 Metaspace       used 71154K, capacity 72721K, committed 73040K, reserved 1112064K
  class space    used 9153K, capacity 9757K, committed 9856K, reserved 1048576K
}
Event: 38.784 GC heap before
{Heap before GC invocations=49 (full 0):
 garbage-first heap   total 138240K, used 100965K [0x0000000080000000, 0x0000000100000000)
  region size 1024K, 35 young (35840K), 2 survivors (2048K)
 Metaspace       used 74241K, capacity 75873K, committed 76112K, reserved 1116160K
  class space    used 9590K, capacity 10244K, committed 10368K, reserved 1048576K
}
Event: 38.810 GC heap after
{Heap after GC invocations=50 (full 0):
 garbage-first heap   total 138240K, used 69233K [0x0000000080000000, 0x0000000100000000)
  region size 1024K, 4 young (4096K), 4 survivors (4096K)
 Metaspace       used 74241K, capacity 75873K, committed 76112K, reserved 1116160K
  class space    used 9590K, capacity 10244K, committed 10368K, reserved 1048576K
}
Event: 41.476 GC heap before
{Heap before GC invocations=50 (full 0):
 garbage-first heap   total 138240K, used 104049K [0x0000000080000000, 0x0000000100000000)
  region size 1024K, 38 young (38912K), 4 survivors (4096K)
 Metaspace       used 77041K, capacity 78622K, committed 78672K, reserved 1118208K
  class space    used 9971K, capacity 10614K, committed 10624K, reserved 1048576K
}
Event: 41.516 GC heap after
{Heap after GC invocations=51 (full 0):
 garbage-first heap   total 138240K, used 71550K [0x0000000080000000, 0x0000000100000000)
  region size 1024K, 5 young (5120K), 5 survivors (5120K)
 Metaspace       used 77041K, capacity 78622K, committed 78672K, reserved 1118208K
  class space    used 9971K, capacity 10614K, committed 10624K, reserved 1048576K
}
Event: 45.790 GC heap before
{Heap before GC invocations=52 (full 0):
 garbage-first heap   total 138240K, used 106366K [0x0000000080000000, 0x0000000100000000)
  region size 1024K, 39 young (39936K), 5 survivors (5120K)
 Metaspace       used 81142K, capacity 82920K, committed 83152K, reserved 1122304K
  class space    used 10525K, capacity 11220K, committed 11264K, reserved 1048576K
}
Event: 45.846 GC heap after
{Heap after GC invocations=53 (full 0):
 garbage-first heap   total 138240K, used 73552K [0x0000000080000000, 0x0000000100000000)
  region size 1024K, 5 young (5120K), 5 survivors (5120K)
 Metaspace       used 81142K, capacity 82920K, committed 83152K, reserved 1122304K
  class space    used 10525K, capacity 11220K, committed 11264K, reserved 1048576K
}
Event: 51.771 GC heap before
{Heap before GC invocations=53 (full 0):
 garbage-first heap   total 138240K, used 108368K [0x0000000080000000, 0x0000000100000000)
  region size 1024K, 39 young (39936K), 5 survivors (5120K)
 Metaspace       used 83820K, capacity 85783K, committed 85968K, reserved 1124352K
  class space    used 10936K, capacity 11701K, committed 11776K, reserved 1048576K
}
Event: 51.827 GC heap after
{Heap after GC invocations=54 (full 0):
 garbage-first heap   total 197632K, used 76443K [0x0000000080000000, 0x0000000100000000)
  region size 1024K, 5 young (5120K), 5 survivors (5120K)
 Metaspace       used 83820K, capacity 85783K, committed 85968K, reserved 1124352K
  class space    used 10936K, capacity 11701K, committed 11776K, reserved 1048576K
}
Event: 55.079 GC heap before
{Heap before GC invocations=55 (full 0):
 garbage-first heap   total 197632K, used 131739K [0x0000000080000000, 0x0000000100000000)
  region size 1024K, 60 young (61440K), 5 survivors (5120K)
 Metaspace       used 84401K, capacity 86407K, committed 86480K, reserved 1124352K
  class space    used 10964K, capacity 11768K, committed 11776K, reserved 1048576K
}
Event: 55.121 GC heap after
{Heap after GC invocations=56 (full 0):
 garbage-first heap   total 197632K, used 80454K [0x0000000080000000, 0x0000000100000000)
  region size 1024K, 7 young (7168K), 7 survivors (7168K)
 Metaspace       used 84401K, capacity 86407K, committed 86480K, reserved 1124352K
  class space    used 10964K, capacity 11768K, committed 11776K, reserved 1048576K
}
Event: 61.234 GC heap before
{Heap before GC invocations=56 (full 0):
 garbage-first heap   total 197632K, used 141894K [0x0000000080000000, 0x0000000100000000)
  region size 1024K, 68 young (69632K), 7 survivors (7168K)
 Metaspace       used 85472K, capacity 87497K, committed 87632K, reserved 1124352K
  class space    used 11066K, capacity 11861K, committed 11904K, reserved 1048576K
}
Event: 61.289 GC heap after
{Heap after GC invocations=57 (full 0):
 garbage-first heap   total 197632K, used 85259K [0x0000000080000000, 0x0000000100000000)
  region size 1024K, 9 young (9216K), 9 survivors (9216K)
 Metaspace       used 85472K, capacity 87497K, committed 87632K, reserved 1124352K
  class space    used 11066K, capacity 11861K, committed 11904K, reserved 1048576K
}
Event: 64.837 GC heap before
{Heap before GC invocations=57 (full 0):
 garbage-first heap   total 197632K, used 152843K [0x0000000080000000, 0x0000000100000000)
  region size 1024K, 75 young (76800K), 9 survivors (9216K)
 Metaspace       used 90308K, capacity 92364K, committed 92624K, reserved 1130496K
  class space    used 11666K, capacity 12438K, committed 12544K, reserved 1048576K
}
Event: 64.888 GC heap after
{Heap after GC invocations=58 (full 0):
 garbage-first heap   total 197632K, used 88153K [0x0000000080000000, 0x0000000100000000)
  region size 1024K, 8 young (8192K), 8 survivors (8192K)
 Metaspace       used 90308K, capacity 92364K, committed 92624K, reserved 1130496K
  class space    used 11666K, capacity 12438K, committed 12544K, reserved 1048576K
}

Deoptimization events (20 events):
Event: 71.902 Thread 0x0000028dfd7e9000 DEOPT PACKING pc=0x0000028dea32a1ac sp=0x000000d7658fb270
Event: 71.902 Thread 0x0000028dfd7e9000 DEOPT UNPACKING pc=0x0000028de24b662f sp=0x000000d7658fb208 mode 2
Event: 76.620 Thread 0x0000028df9205000 Uncommon trap: trap_request=0xffffffde fr.pc=0x0000028dea4a27bc relative=0x0000000000000c1c
Event: 76.621 Thread 0x0000028df9205000 Uncommon trap: reason=class_check action=maybe_recompile pc=0x0000028dea4a27bc method=org.gradle.internal.file.DefaultFileHierarchySet$Node.contains(Ljava/lang/String;I)Z @ 55 c2
Event: 76.621 Thread 0x0000028df9205000 DEOPT PACKING pc=0x0000028dea4a27bc sp=0x000000d7618ff3d0
Event: 76.621 Thread 0x0000028df9205000 DEOPT UNPACKING pc=0x0000028de24b662f sp=0x000000d7618ff380 mode 2
Event: 76.623 Thread 0x0000028df9205000 Uncommon trap: trap_request=0xffffffde fr.pc=0x0000028dea4a27bc relative=0x0000000000000c1c
Event: 76.623 Thread 0x0000028df9205000 Uncommon trap: reason=class_check action=maybe_recompile pc=0x0000028dea4a27bc method=org.gradle.internal.file.DefaultFileHierarchySet$Node.contains(Ljava/lang/String;I)Z @ 55 c2
Event: 76.623 Thread 0x0000028df9205000 DEOPT PACKING pc=0x0000028dea4a27bc sp=0x000000d7618ff3d0
Event: 76.623 Thread 0x0000028df9205000 DEOPT UNPACKING pc=0x0000028de24b662f sp=0x000000d7618ff380 mode 2
Event: 76.668 Thread 0x0000028df9205000 Uncommon trap: trap_request=0xffffffde fr.pc=0x0000028dea4a27bc relative=0x0000000000000c1c
Event: 76.668 Thread 0x0000028df9205000 Uncommon trap: reason=class_check action=maybe_recompile pc=0x0000028dea4a27bc method=org.gradle.internal.file.DefaultFileHierarchySet$Node.contains(Ljava/lang/String;I)Z @ 55 c2
Event: 76.668 Thread 0x0000028df9205000 DEOPT PACKING pc=0x0000028dea4a27bc sp=0x000000d7618ff3d0
Event: 76.668 Thread 0x0000028df9205000 DEOPT UNPACKING pc=0x0000028de24b662f sp=0x000000d7618ff380 mode 2
Event: 76.668 Thread 0x0000028df9205000 Uncommon trap: trap_request=0xffffffde fr.pc=0x0000028dea4a27bc relative=0x0000000000000c1c
Event: 76.668 Thread 0x0000028df9205000 Uncommon trap: reason=class_check action=maybe_recompile pc=0x0000028dea4a27bc method=org.gradle.internal.file.DefaultFileHierarchySet$Node.contains(Ljava/lang/String;I)Z @ 55 c2
Event: 76.668 Thread 0x0000028df9205000 DEOPT PACKING pc=0x0000028dea4a27bc sp=0x000000d7618ff3d0
Event: 76.670 Thread 0x0000028df9205000 DEOPT UNPACKING pc=0x0000028de24b662f sp=0x000000d7618ff380 mode 2
Event: 115.684 Thread 0x0000028df9205000 DEOPT PACKING pc=0x0000028de4329344 sp=0x000000d7618ff1c0
Event: 115.694 Thread 0x0000028df9205000 DEOPT UNPACKING pc=0x0000028de24b6dde sp=0x000000d7618fe760 mode 0

Classes redefined (0 events):
No events

Internal exceptions (20 events):
Event: 65.397 Thread 0x0000028dfd7e3800 Exception <a 'java/lang/NoSuchMethodError'{0x000000008b7029c8}: 'int java.lang.invoke.DirectMethodHandle$Holder.invokeSpecial(java.lang.Object, java.lang.Object, java.lang.Object, java.lang.Object, java.lang.Object)'> (0x000000008b7029c8) thrown at [./src/hotspot/share/interpreter/linkResolver.cpp, line 773]
Event: 68.106 Thread 0x0000028dfd7e3800 Exception <a 'java/lang/NoSuchMethodError'{0x000000008a543b38}: <clinit>> (0x000000008a543b38) thrown at [./src/hotspot/share/prims/jni.cpp, line 1362]
Event: 68.109 Thread 0x0000028dfd7e3800 Exception <a 'java/lang/NoSuchMethodError'{0x000000008a555900}: <clinit>> (0x000000008a555900) thrown at [./src/hotspot/share/prims/jni.cpp, line 1362]
Event: 68.170 Thread 0x0000028dfd7e3800 Exception <a 'java/lang/NoSuchMethodError'{0x000000008a5f7748}: 'java.lang.Object java.lang.invoke.DirectMethodHandle$Holder.invokeSpecial(java.lang.Object, java.lang.Object, int, int, java.lang.Object, int, java.lang.Object, java.lang.Object)'> (0x000000008a5f7748) thrown at [./src/hotspot/share/interpreter/linkResolver.cpp, line 773]
Event: 68.171 Thread 0x0000028dfd7e3800 Exception <a 'java/lang/NoSuchMethodError'{0x000000008a5fbad0}: 'java.lang.Object java.lang.invoke.DelegatingMethodHandle$Holder.reinvoke_L(java.lang.Object, int, int, java.lang.Object, int, java.lang.Object, java.lang.Object)'> (0x000000008a5fbad0) thrown at [./src/hotspot/share/interpreter/linkResolver.cpp, line 773]
Event: 68.184 Thread 0x0000028dfd7e3800 Exception <a 'java/lang/NoSuchMethodError'{0x000000008a4271f8}: 'java.lang.Object java.lang.invoke.DirectMethodHandle$Holder.invokeStatic(java.lang.Object, java.lang.Object, java.lang.Object, java.lang.Object, java.lang.Object, java.lang.Object, java.lang.Object, java.lang.Object, int)'> (0x000000008a4271f8) thrown at [./src/hotspot/share/interpreter/linkResolver.cpp, line 773]
Event: 68.198 Thread 0x0000028dfd7e3800 Exception <a 'java/lang/NoSuchMethodError'{0x000000008a442498}: 'java.lang.Object java.lang.invoke.DirectMethodHandle$Holder.invokeStatic(java.lang.Object, java.lang.Object, java.lang.Object, java.lang.Object, java.lang.Object, java.lang.Object, java.lang.Object, java.lang.Object, int, int)'> (0x000000008a442498) thrown at [./src/hotspot/share/interpreter/linkResolver.cpp, line 773]
Event: 68.201 Thread 0x0000028dfd7e3800 Exception <a 'java/lang/NoSuchMethodError'{0x000000008a45e638}: 'java.lang.Object java.lang.invoke.DirectMethodHandle$Holder.invokeStatic(java.lang.Object, java.lang.Object, java.lang.Object, java.lang.Object, java.lang.Object, java.lang.Object, java.lang.Object, java.lang.Object, int, int, java.lang.Object)'> (0x000000008a45e638) thrown at [./src/hotspot/share/interpreter/linkResolver.cpp, line 773]
Event: 68.205 Thread 0x0000028dfd7e3800 Exception <a 'java/lang/NoSuchMethodError'{0x000000008a47bbb0}: 'java.lang.Object java.lang.invoke.DirectMethodHandle$Holder.invokeStatic(java.lang.Object, java.lang.Object, java.lang.Object, java.lang.Object, java.lang.Object, java.lang.Object, java.lang.Object, java.lang.Object, int, int, java.lang.Object, java.lang.Object)'> (0x000000008a47bbb0) thrown at [./src/hotspot/share/interpreter/linkResolver.cpp, line 773]
Event: 70.450 Thread 0x0000028dfd7e3800 Exception <a 'java/lang/NoSuchMethodError'{0x000000008a4aed88}: <clinit>> (0x000000008a4aed88) thrown at [./src/hotspot/share/prims/jni.cpp, line 1362]
Event: 70.462 Thread 0x0000028dfd7e3800 Exception <a 'java/lang/NoSuchMethodError'{0x000000008a4e1508}: <clinit>> (0x000000008a4e1508) thrown at [./src/hotspot/share/prims/jni.cpp, line 1362]
Event: 70.536 Thread 0x0000028dfd7e6000 Exception <a 'java/lang/InterruptedException'{0x000000008a30f2a8}> (0x000000008a30f2a8) thrown at [./src/hotspot/share/runtime/objectMonitor.cpp, line 1635]
Event: 70.539 Thread 0x0000028dfd7e6000 Exception <a 'java/lang/NoSuchMethodError'{0x000000008a3170b8}: 'java.lang.Object java.lang.invoke.DirectMethodHandle$Holder.invokeStatic(java.lang.Object, java.lang.Object, int, java.lang.Object, long)'> (0x000000008a3170b8) thrown at [./src/hotspot/share/interpreter/linkResolver.cpp, line 773]
Event: 70.757 Thread 0x0000028dfd7e3800 Exception <a 'java/lang/NoSuchMethodError'{0x000000008a34ac48}: <clinit>> (0x000000008a34ac48) thrown at [./src/hotspot/share/prims/jni.cpp, line 1362]
Event: 70.760 Thread 0x0000028dfd7e3800 Exception <a 'java/lang/NoSuchMethodError'{0x000000008a35ca40}: <clinit>> (0x000000008a35ca40) thrown at [./src/hotspot/share/prims/jni.cpp, line 1362]
Event: 70.762 Thread 0x0000028dfd7e3800 Exception <a 'java/lang/NoSuchMethodError'{0x000000008a36e810}: <clinit>> (0x000000008a36e810) thrown at [./src/hotspot/share/prims/jni.cpp, line 1362]
Event: 70.788 Thread 0x0000028dfd7e3800 Exception <a 'java/lang/NoSuchMethodError'{0x000000008a3d0b60}: <clinit>> (0x000000008a3d0b60) thrown at [./src/hotspot/share/prims/jni.cpp, line 1362]
Event: 70.927 Thread 0x0000028dfd7e3800 Exception <a 'java/lang/NoSuchMethodError'{0x000000008a19fce8}: <clinit>> (0x000000008a19fce8) thrown at [./src/hotspot/share/prims/jni.cpp, line 1362]
Event: 71.746 Thread 0x0000028dfd7e9000 Exception <a 'java/lang/NoSuchMethodError'{0x0000000089fc43a8}: 'java.lang.Object java.lang.invoke.DirectMethodHandle$Holder.invokeStatic(java.lang.Object, java.lang.Object, java.lang.Object, java.lang.Object, java.lang.Object, java.lang.Object, java.lang.Object, java.lang.Object, java.lang.Object, java.lang.Object, java.lang.Object, java.lang.Object, java.lang.Object, int)'> (0x0000000089fc43a8) thrown at [./src/hotspot/share/interpreter/linkResolver.cpp, line 773]
Event: 71.864 Thread 0x0000028dfd7e9000 Exception <a 'java/lang/NoSuchMethodError'{0x0000000089fd4550}: 'java.lang.Object java.lang.invoke.DirectMethodHandle$Holder.invokeStatic(java.lang.Object, java.lang.Object, java.lang.Object, java.lang.Object, java.lang.Object, java.lang.Object, java.lang.Object, java.lang.Object, java.lang.Object, java.lang.Object, java.lang.Object, java.lang.Object, java.lang.Object, int, int)'> (0x0000000089fd4550) thrown at [./src/hotspot/share/interpreter/linkResolver.cpp, line 773]

Events (20 events):
Event: 112.002 Executing VM operation: RevokeBias
Event: 112.004 Executing VM operation: RevokeBias done
Event: 112.263 loading class org/jetbrains/kotlin/daemon/common/CompileIterationResult
Event: 112.263 loading class org/jetbrains/kotlin/daemon/common/CompileIterationResult done
Event: 112.618 loading class org/jetbrains/kotlin/daemon/common/CompileIterationResult$Companion
Event: 112.618 loading class org/jetbrains/kotlin/daemon/common/CompileIterationResult$Companion done
Event: 113.013 loading class org/jetbrains/kotlin/compilerRunner/GradleCompilerServicesFacadeImpl$WhenMappings
Event: 113.013 loading class org/jetbrains/kotlin/compilerRunner/GradleCompilerServicesFacadeImpl$WhenMappings done
Event: 113.067 loading class org/jetbrains/kotlin/daemon/client/BasicCompilerServicesWithResultsFacadeServerKt
Event: 113.067 loading class org/jetbrains/kotlin/daemon/client/BasicCompilerServicesWithResultsFacadeServerKt done
Event: 113.225 loading class org/jetbrains/kotlin/daemon/client/BasicCompilerServicesWithResultsFacadeServerKt$WhenMappings
Event: 113.225 loading class org/jetbrains/kotlin/daemon/client/BasicCompilerServicesWithResultsFacadeServerKt$WhenMappings done
Event: 113.261 loading class org/jetbrains/kotlin/gradle/logging/GradleBufferingMessageCollector$MessageData
Event: 113.261 loading class org/jetbrains/kotlin/gradle/logging/GradleBufferingMessageCollector$MessageData done
Event: 113.347 loading class org/jetbrains/kotlin/cli/common/messages/CompilerMessageLocationWithRange
Event: 113.347 loading class org/jetbrains/kotlin/cli/common/messages/CompilerMessageLocationWithRange done
Event: 113.411 loading class org/jetbrains/kotlin/cli/common/messages/CompilerMessageSourceLocation
Event: 113.411 loading class org/jetbrains/kotlin/cli/common/messages/CompilerMessageSourceLocation done
Event: 113.440 loading class org/jetbrains/kotlin/cli/common/messages/CompilerMessageLocationWithRange$Companion
Event: 113.440 loading class org/jetbrains/kotlin/cli/common/messages/CompilerMessageLocationWithRange$Companion done


Dynamic libraries:
0x00007ff7aea70000 - 0x00007ff7aea7a000 	C:\Program Files\Android\Android Studio\jre\bin\java.exe
0x00007ffcc6570000 - 0x00007ffcc6768000 	C:\WINDOWS\SYSTEM32\ntdll.dll
0x00007ffcc59c0000 - 0x00007ffcc5a7d000 	C:\WINDOWS\System32\KERNEL32.DLL
0x00007ffcc3f80000 - 0x00007ffcc424e000 	C:\WINDOWS\System32\KERNELBASE.dll
0x00007ffcc43b0000 - 0x00007ffcc44b0000 	C:\WINDOWS\System32\ucrtbase.dll
0x00007ffcbd9c0000 - 0x00007ffcbd9d9000 	C:\Program Files\Android\Android Studio\jre\bin\jli.dll
0x00007ffcc5c90000 - 0x00007ffcc5e30000 	C:\WINDOWS\System32\USER32.dll
0x00007ffcc3d20000 - 0x00007ffcc3d42000 	C:\WINDOWS\System32\win32u.dll
0x00007ffcc6030000 - 0x00007ffcc605a000 	C:\WINDOWS\System32\GDI32.dll
0x00007ffcc3dd0000 - 0x00007ffcc3edb000 	C:\WINDOWS\System32\gdi32full.dll
0x00007ffcc3ee0000 - 0x00007ffcc3f7d000 	C:\WINDOWS\System32\msvcp_win.dll
0x00007ffcb77d0000 - 0x00007ffcb77e7000 	C:\Program Files\Android\Android Studio\jre\bin\VCRUNTIME140.dll
0x00007ffc9f660000 - 0x00007ffc9f8fa000 	C:\WINDOWS\WinSxS\amd64_microsoft.windows.common-controls_6595b64144ccf1df_6.0.19041.1110_none_60b5254171f9507e\COMCTL32.dll
0x00007ffcc5bf0000 - 0x00007ffcc5c8e000 	C:\WINDOWS\System32\msvcrt.dll
0x00007ffcc5990000 - 0x00007ffcc59c0000 	C:\WINDOWS\System32\IMM32.DLL
0x00007ffc99980000 - 0x00007ffc99a1d000 	C:\Program Files\Android\Android Studio\jre\bin\msvcp140.dll
0x00007ffc3e540000 - 0x00007ffc3f015000 	C:\Program Files\Android\Android Studio\jre\bin\server\jvm.dll
0x00007ffcc45d0000 - 0x00007ffcc467e000 	C:\WINDOWS\System32\ADVAPI32.dll
0x00007ffcc5750000 - 0x00007ffcc57ec000 	C:\WINDOWS\System32\sechost.dll
0x00007ffcc5e90000 - 0x00007ffcc5fb5000 	C:\WINDOWS\System32\RPCRT4.dll
0x00007ffcc5be0000 - 0x00007ffcc5be8000 	C:\WINDOWS\System32\PSAPI.DLL
0x00007ffca31e0000 - 0x00007ffca31e9000 	C:\WINDOWS\SYSTEM32\WSOCK32.dll
0x00007ffcc5fc0000 - 0x00007ffcc602b000 	C:\WINDOWS\System32\WS2_32.dll
0x00007ffca5f30000 - 0x00007ffca5f57000 	C:\WINDOWS\SYSTEM32\WINMM.dll
0x00007ffcbeaa0000 - 0x00007ffcbeaaa000 	C:\WINDOWS\SYSTEM32\VERSION.dll
0x00007ffcc1b80000 - 0x00007ffcc1b92000 	C:\WINDOWS\SYSTEM32\kernel.appcore.dll
0x00007ffcb2a00000 - 0x00007ffcb2a11000 	C:\Program Files\Android\Android Studio\jre\bin\verify.dll
0x00007ffcb38b0000 - 0x00007ffcb3a94000 	C:\WINDOWS\SYSTEM32\DBGHELP.DLL
0x00007ffcb23e0000 - 0x00007ffcb240c000 	C:\WINDOWS\SYSTEM32\dbgcore.DLL
0x00007ffcc3c90000 - 0x00007ffcc3d12000 	C:\WINDOWS\System32\bcryptPrimitives.dll
0x00007ffca9360000 - 0x00007ffca9389000 	C:\Program Files\Android\Android Studio\jre\bin\java.dll
0x00007ffcbf9e0000 - 0x00007ffcbf9eb000 	C:\Program Files\Android\Android Studio\jre\bin\jimage.dll
0x00007ffca7110000 - 0x00007ffca7128000 	C:\Program Files\Android\Android Studio\jre\bin\zip.dll
0x00007ffcc4f70000 - 0x00007ffcc56b3000 	C:\WINDOWS\System32\SHELL32.dll
0x00007ffcc1d80000 - 0x00007ffcc2515000 	C:\WINDOWS\SYSTEM32\windows.storage.dll
0x00007ffcc6060000 - 0x00007ffcc63b4000 	C:\WINDOWS\System32\combase.dll
0x00007ffcc3620000 - 0x00007ffcc3650000 	C:\WINDOWS\SYSTEM32\Wldp.dll
0x00007ffcc5a80000 - 0x00007ffcc5b2d000 	C:\WINDOWS\System32\SHCORE.dll
0x00007ffcc56e0000 - 0x00007ffcc5735000 	C:\WINDOWS\System32\shlwapi.dll
0x00007ffcc3bd0000 - 0x00007ffcc3bef000 	C:\WINDOWS\SYSTEM32\profapi.dll
0x00007ffca70f0000 - 0x00007ffca710a000 	C:\Program Files\Android\Android Studio\jre\bin\net.dll
0x00007ffcb76c0000 - 0x00007ffcb77ca000 	C:\WINDOWS\SYSTEM32\WINHTTP.dll
0x00007ffcc3380000 - 0x00007ffcc33ea000 	C:\WINDOWS\system32\mswsock.dll
0x00007ffca70d0000 - 0x00007ffca70e4000 	C:\Program Files\Android\Android Studio\jre\bin\nio.dll
0x00007ffc99dd0000 - 0x00007ffc99df7000 	C:\Users\User\.gradle\native\e1d6ef7f7dcc3fd88c89a11ec53ec762bb8ba0a96d01ffa2cd45eb1d1d8dd5c5\windows-amd64\native-platform.dll
0x00007ffc896b0000 - 0x00007ffc897f4000 	C:\Users\User\.gradle\native\5664cfc778a61ccfe75a443a1ab52a65af34e5dc3c78e0209fed803814484fcb\windows-amd64\native-platform-file-events.dll
0x00007ffcbe6c0000 - 0x00007ffcbe6ca000 	C:\Program Files\Android\Android Studio\jre\bin\management.dll
0x00007ffca9350000 - 0x00007ffca935d000 	C:\Program Files\Android\Android Studio\jre\bin\management_ext.dll
0x00007ffcc3570000 - 0x00007ffcc3588000 	C:\WINDOWS\SYSTEM32\CRYPTSP.dll
0x00007ffcc2d00000 - 0x00007ffcc2d34000 	C:\WINDOWS\system32\rsaenh.dll
0x00007ffcc3d50000 - 0x00007ffcc3d77000 	C:\WINDOWS\System32\bcrypt.dll
0x00007ffcc3b50000 - 0x00007ffcc3b7e000 	C:\WINDOWS\SYSTEM32\USERENV.dll
0x00007ffcc3590000 - 0x00007ffcc359c000 	C:\WINDOWS\SYSTEM32\CRYPTBASE.dll
0x00007ffcc3070000 - 0x00007ffcc30ab000 	C:\WINDOWS\SYSTEM32\IPHLPAPI.DLL
0x00007ffcc5980000 - 0x00007ffcc5988000 	C:\WINDOWS\System32\NSI.dll
0x00007ffcbc6a0000 - 0x00007ffcbc6b7000 	C:\WINDOWS\SYSTEM32\dhcpcsvc6.DLL
0x00007ffcbc680000 - 0x00007ffcbc69d000 	C:\WINDOWS\SYSTEM32\dhcpcsvc.DLL
0x00007ffcc30c0000 - 0x00007ffcc318a000 	C:\WINDOWS\SYSTEM32\DNSAPI.dll
0x00007ffca1a10000 - 0x00007ffca1a18000 	C:\Program Files\Android\Android Studio\jre\bin\rmi.dll

dbghelp: loaded successfully - version: 4.0.5 - missing functions: none
symbol engine: initialized successfully - sym options: 0x614 - pdb path: .;C:\Program Files\Android\Android Studio\jre\bin;C:\WINDOWS\SYSTEM32;C:\WINDOWS\WinSxS\amd64_microsoft.windows.common-controls_6595b64144ccf1df_6.0.19041.1110_none_60b5254171f9507e;C:\Program Files\Android\Android Studio\jre\bin\server;C:\Users\User\.gradle\native\e1d6ef7f7dcc3fd88c89a11ec53ec762bb8ba0a96d01ffa2cd45eb1d1d8dd5c5\windows-amd64;C:\Users\User\.gradle\native\5664cfc778a61ccfe75a443a1ab52a65af34e5dc3c78e0209fed803814484fcb\windows-amd64

VM Arguments:
jvm_args: --add-opens=java.base/java.util=ALL-UNNAMED --add-opens=java.base/java.lang=ALL-UNNAMED --add-opens=java.base/java.lang.invoke=ALL-UNNAMED --add-opens=java.base/java.util=ALL-UNNAMED --add-opens=java.prefs/java.util.prefs=ALL-UNNAMED --add-opens=java.prefs/java.util.prefs=ALL-UNNAMED --add-opens=java.base/java.nio.charset=ALL-UNNAMED --add-opens=java.base/java.net=ALL-UNNAMED --add-opens=java.base/java.util.concurrent.atomic=ALL-UNNAMED -Xmx2048m -Dfile.encoding=UTF-8 -Duser.country=RU -Duser.language=ru -Duser.variant 
java_command: org.gradle.launcher.daemon.bootstrap.GradleDaemon 7.2
java_class_path (initial): C:\Users\User\.gradle\wrapper\dists\gradle-7.2-bin\2dnblmf4td7x66yl1d74lt32g\gradle-7.2\lib\gradle-launcher-7.2.jar
Launcher Type: SUN_STANDARD

[Global flags]
     intx CICompilerCount                          = 3                                         {product} {ergonomic}
     uint ConcGCThreads                            = 1                                         {product} {ergonomic}
     uint G1ConcRefinementThreads                  = 4                                         {product} {ergonomic}
   size_t G1HeapRegionSize                         = 1048576                                   {product} {ergonomic}
    uintx GCDrainStackTargetSize                   = 64                                        {product} {ergonomic}
   size_t InitialHeapSize                          = 67108864                                  {product} {ergonomic}
   size_t MarkStackSize                            = 4194304                                   {product} {ergonomic}
   size_t MaxHeapSize                              = 2147483648                                {product} {command line}
   size_t MaxNewSize                               = 1287651328                                {product} {ergonomic}
   size_t MinHeapDeltaBytes                        = 1048576                                   {product} {ergonomic}
    uintx NonNMethodCodeHeapSize                   = 5830732                                {pd product} {ergonomic}
    uintx NonProfiledCodeHeapSize                  = 122913754                              {pd product} {ergonomic}
    uintx ProfiledCodeHeapSize                     = 122913754                              {pd product} {ergonomic}
    uintx ReservedCodeCacheSize                    = 251658240                              {pd product} {ergonomic}
     bool SegmentedCodeCache                       = true                                      {product} {ergonomic}
     bool UseCompressedClassPointers               = true                                 {lp64_product} {ergonomic}
     bool UseCompressedOops                        = true                                 {lp64_product} {ergonomic}
     bool UseG1GC                                  = true                                      {product} {ergonomic}
     bool UseLargePagesIndividualAllocation        = false                                  {pd product} {ergonomic}

Logging:
Log output configuration:
 #0: stdout all=warning uptime,level,tags
 #1: stderr all=off uptime,level,tags

Environment Variables:
PATH=C:\Program Files (x86)\NVIDIA Corporation\PhysX\Common;C:\ProgramData\Oracle\Java\javapath;C:\WINDOWS\system32;C:\WINDOWS;C:\WINDOWS\System32\Wbem;C:\WINDOWS\System32\WindowsPowerShell\v1.0\;C:\WINDOWS\System32\OpenSSH\;C:\Program Files (x86)\ZeroTier\One\;C:\Program Files\nodejs\;C:\Users\User\AppData\Local\Programs\Python\Python37\Scripts\;C:\Users\User\AppData\Local\Programs\Python\Python37\;C:\Users\User\AppData\Local\Microsoft\WindowsApps;;C:\Users\User\AppData\Local\Programs\Microsoft VS Code\bin;C:\Users\User\AppData\Roaming\npm
USERNAME=User
OS=Windows_NT
PROCESSOR_IDENTIFIER=Intel64 Family 6 Model 142 Stepping 12, GenuineIntel



---------------  S Y S T E M  ---------------

OS: Windows 10 , 64 bit Build 19041 (10.0.19041.1889)
OS uptime: 8 days 11:26 hours

CPU:total 4 (initial active 4) (2 cores per cpu, 2 threads per core) family 6 model 142 stepping 12 microcode 0xde, cmov, cx8, fxsr, mmx, sse, sse2, sse3, ssse3, sse4.1, sse4.2, popcnt, avx, avx2, aes, clmul, erms, 3dnowpref, lzcnt, ht, tsc, tscinvbit, bmi1, bmi2, adx, fma

Memory: 4k page, system-wide physical 3984M (130M free)
TotalPageFile size 16272M (AvailPageFile size 0M)
current process WorkingSet (physical memory assigned to process): 41M, peak: 255M
current process commit charge ("private bytes"): 462M, peak: 470M

vm_info: OpenJDK 64-Bit Server VM (11.0.11+9-b60-7590822) for windows-amd64 JRE (11.0.11+9-b60-7590822), built on Jul 29 2021 21:43:44 by "builder" with MS VC++ 14.0 (VS2015)

END.
