#
# There is insufficient memory for the Java Runtime Environment to continue.
# Native memory allocation (malloc) failed to allocate 2183376 bytes for Chunk::new
# Possible reasons:
#   The system is out of physical RAM or swap space
#   The process is running with CompressedOops enabled, and the Java Heap may be blocking the growth of the native heap
# Possible solutions:
#   Reduce memory load on the system
#   Increase physical memory or swap space
#   Check if swap backing store is full
#   Decrease Java heap size (-Xmx/-Xms)
#   Decrease number of Java threads
#   Decrease Java thread stack sizes (-Xss)
#   Set larger code cache with -XX:ReservedCodeCacheSize=
#   JVM is running with Unscaled Compressed Oops mode in which the Java heap is
#     placed in the first 4GB address space. The Java Heap base address is the
#     maximum limit for the native heap growth. Please use -XX:HeapBaseMinAddress
#     to set the Java Heap base and to place the Java Heap above 4GB virtual address.
# This output file may be truncated or incomplete.
#
#  Out of Memory Error (./src/hotspot/share/memory/arena.cpp:197), pid=4524, tid=1316
#
# JRE version: OpenJDK Runtime Environment (11.0.11+9) (build 11.0.11+9-b60-7590822)
# Java VM: OpenJDK 64-Bit Server VM (11.0.11+9-b60-7590822, mixed mode, tiered, compressed oops, g1 gc, windows-amd64)
# No core dump will be written. Minidumps are not enabled by default on client versions of Windows
#

---------------  S U M M A R Y ------------

Command Line: --add-opens=java.base/java.util=ALL-UNNAMED --add-opens=java.base/java.lang=ALL-UNNAMED --add-opens=java.base/java.lang.invoke=ALL-UNNAMED --add-opens=java.base/java.util=ALL-UNNAMED --add-opens=java.prefs/java.util.prefs=ALL-UNNAMED --add-opens=java.prefs/java.util.prefs=ALL-UNNAMED --add-opens=java.base/java.nio.charset=ALL-UNNAMED --add-opens=java.base/java.net=ALL-UNNAMED --add-opens=java.base/java.util.concurrent.atomic=ALL-UNNAMED -Xmx2048m -Dfile.encoding=UTF-8 -Duser.country=RU -Duser.language=ru -Duser.variant org.gradle.launcher.daemon.bootstrap.GradleDaemon 7.2

Host: Intel(R) Core(TM) i3-8145U CPU @ 2.10GHz, 4 cores, 3G,  Windows 10 , 64 bit Build 19041 (10.0.19041.1889)
Time: Sun Sep 25 11:20:47 2022 RTZ 2 (зима) elapsed time: 95.898240 seconds (0d 0h 1m 35s)

---------------  T H R E A D  ---------------

Current thread (0x00000141b60c3800):  JavaThread "C2 CompilerThread0" daemon [_thread_in_native, id=1316, stack(0x0000003a1b800000,0x0000003a1b900000)]


Current CompileTask:
C2:  95898 14046       4       com.android.builder.symbols.BytecodeRClassWriterKt::generateResourceTypeClass (725 bytes)

Stack: [0x0000003a1b800000,0x0000003a1b900000]
Native frames: (J=compiled Java code, j=interpreted, Vv=VM code, C=native code)
V  [jvm.dll+0x5f214a]
V  [jvm.dll+0x726fb5]
V  [jvm.dll+0x7285cd]
V  [jvm.dll+0x728c83]
V  [jvm.dll+0x243278]
V  [jvm.dll+0xbc53c]
V  [jvm.dll+0xbca3c]
V  [jvm.dll+0x353e7d]
V  [jvm.dll+0x321893]
V  [jvm.dll+0x320d8a]
V  [jvm.dll+0x1fc1e2]
V  [jvm.dll+0x1fb3d4]
V  [jvm.dll+0x183d6c]
V  [jvm.dll+0x209a57]
V  [jvm.dll+0x2082a1]
V  [jvm.dll+0x6ef58f]
V  [jvm.dll+0x6e80b5]
V  [jvm.dll+0x5f1036]
C  [ucrtbase.dll+0x21bb2]
C  [KERNEL32.DLL+0x17034]
C  [ntdll.dll+0x526a1]


---------------  P R O C E S S  ---------------

Threads class SMR info:
_java_thread_list=0x00000141bceedc30, length=89, elements={
0x000001419a54a000, 0x00000141b605b000, 0x00000141b6066800, 0x00000141b607b000,
0x00000141b607c800, 0x00000141b607d800, 0x00000141b60c3800, 0x00000141b60c5000,
0x00000141b60d1000, 0x00000141b6b40800, 0x00000141b7d61000, 0x00000141b8a53000,
0x00000141b8388000, 0x00000141b7a22000, 0x00000141b7a23000, 0x00000141b7e31800,
0x00000141b7e32800, 0x00000141b7ef1800, 0x00000141b6c9a800, 0x00000141b6c9a000,
0x00000141b6c9b800, 0x00000141b6c9c000, 0x00000141b6c9d000, 0x00000141b6c97800,
0x00000141b6c98000, 0x00000141b6c99000, 0x00000141b6c9e000, 0x00000141bb0b1000,
0x00000141bb0ae800, 0x00000141bb0ab800, 0x00000141bb0b2000, 0x00000141bb0b3800,
0x00000141bb0ad800, 0x00000141bb0b5000, 0x00000141bb0b6000, 0x00000141bb0b8800,
0x00000141bb0b9000, 0x00000141bb0b6800, 0x00000141bb0b4800, 0x00000141bb0ba000,
0x00000141bb4f6000, 0x00000141bb4f7800, 0x00000141bb4f8800, 0x00000141bb4f7000,
0x00000141bb4f9000, 0x00000141bb4fa000, 0x00000141bb4fb000, 0x00000141bb4f5000,
0x00000141bb4ff000, 0x00000141bb4fc800, 0x00000141bb4ff800, 0x00000141bb500800,
0x00000141bb4fe000, 0x00000141bb501800, 0x00000141bb4fb800, 0x00000141bb502000,
0x00000141bb503000, 0x00000141bb4fd800, 0x00000141bb504000, 0x00000141b6f13800,
0x00000141b6f12000, 0x00000141b6f0e800, 0x00000141b6f0e000, 0x00000141b6f0f800,
0x00000141b6f16000, 0x00000141b6f12800, 0x00000141b6f10000, 0x00000141b6f17000,
0x00000141b6f11000, 0x00000141b6f17800, 0x00000141b6f18800, 0x00000141b6f19000,
0x00000141b6f1a000, 0x00000141b6f14800, 0x00000141b6f15000, 0x00000141b6f1b000,
0x00000141b6f1c800, 0x00000141b9609000, 0x00000141b960e800, 0x00000141b960a800,
0x00000141b960f800, 0x00000141b960d000, 0x00000141b960c000, 0x00000141b960e000,
0x00000141b9609800, 0x00000141b9612800, 0x00000141b9613800, 0x00000141b9614800,
0x00000141b9615000
}

Java Threads: ( => current thread )
  0x000001419a54a000 JavaThread "main" [_thread_blocked, id=10404, stack(0x0000003a1ac00000,0x0000003a1ad00000)]
  0x00000141b605b000 JavaThread "Reference Handler" daemon [_thread_blocked, id=19244, stack(0x0000003a1b300000,0x0000003a1b400000)]
  0x00000141b6066800 JavaThread "Finalizer" daemon [_thread_blocked, id=8788, stack(0x0000003a1b400000,0x0000003a1b500000)]
  0x00000141b607b000 JavaThread "Signal Dispatcher" daemon [_thread_blocked, id=8872, stack(0x0000003a1b500000,0x0000003a1b600000)]
  0x00000141b607c800 JavaThread "Attach Listener" daemon [_thread_blocked, id=6712, stack(0x0000003a1b600000,0x0000003a1b700000)]
  0x00000141b607d800 JavaThread "Service Thread" daemon [_thread_blocked, id=13008, stack(0x0000003a1b700000,0x0000003a1b800000)]
=>0x00000141b60c3800 JavaThread "C2 CompilerThread0" daemon [_thread_in_native, id=1316, stack(0x0000003a1b800000,0x0000003a1b900000)]
  0x00000141b60c5000 JavaThread "C1 CompilerThread0" daemon [_thread_blocked, id=18660, stack(0x0000003a1b900000,0x0000003a1ba00000)]
  0x00000141b60d1000 JavaThread "Sweeper thread" daemon [_thread_blocked, id=2664, stack(0x0000003a1ba00000,0x0000003a1bb00000)]
  0x00000141b6b40800 JavaThread "Common-Cleaner" daemon [_thread_blocked, id=10636, stack(0x0000003a1bb00000,0x0000003a1bc00000)]
  0x00000141b7d61000 JavaThread "Daemon health stats" [_thread_blocked, id=14872, stack(0x0000003a1be00000,0x0000003a1bf00000)]
  0x00000141b8a53000 JavaThread "Incoming local TCP Connector on port 59095" [_thread_in_native, id=7896, stack(0x0000003a1c100000,0x0000003a1c200000)]
  0x00000141b8388000 JavaThread "Daemon periodic checks" [_thread_blocked, id=3164, stack(0x0000003a1c200000,0x0000003a1c300000)]
  0x00000141b7a22000 JavaThread "Daemon" [_thread_blocked, id=7148, stack(0x0000003a1c300000,0x0000003a1c400000)]
  0x00000141b7a23000 JavaThread "Handler for socket connection from /127.0.0.1:59095 to /127.0.0.1:59096" [_thread_in_native, id=8248, stack(0x0000003a1c400000,0x0000003a1c500000)]
  0x00000141b7e31800 JavaThread "Cancel handler" [_thread_blocked, id=13744, stack(0x0000003a1c500000,0x0000003a1c600000)]
  0x00000141b7e32800 JavaThread "Daemon worker" [_thread_blocked, id=18416, stack(0x0000003a1c600000,0x0000003a1c700000)]
  0x00000141b7ef1800 JavaThread "Asynchronous log dispatcher for DefaultDaemonConnection: socket connection from /127.0.0.1:59095 to /127.0.0.1:59096" [_thread_blocked, id=10768, stack(0x0000003a1c700000,0x0000003a1c800000)]
  0x00000141b6c9a800 JavaThread "Daemon client event forwarder" [_thread_blocked, id=10584, stack(0x0000003a1c900000,0x0000003a1ca00000)]
  0x00000141b6c9a000 JavaThread "Cache worker for journal cache (C:\Users\User\.gradle\caches\journal-1)" [_thread_blocked, id=8544, stack(0x0000003a1ca00000,0x0000003a1cb00000)]
  0x00000141b6c9b800 JavaThread "File lock request listener" [_thread_in_native, id=15664, stack(0x0000003a1cb00000,0x0000003a1cc00000)]
  0x00000141b6c9c000 JavaThread "Cache worker for file hash cache (C:\Users\User\.gradle\caches\7.2\fileHashes)" [_thread_blocked, id=16420, stack(0x0000003a1cc00000,0x0000003a1cd00000)]
  0x00000141b6c9d000 JavaThread "Cache worker for file hash cache (C:\Users\User\AndroidStudioProjects\CookRoomD\.gradle\7.2\fileHashes)" [_thread_blocked, id=17960, stack(0x0000003a1cd00000,0x0000003a1ce00000)]
  0x00000141b6c97800 JavaThread "File watcher server" daemon [_thread_in_native, id=18796, stack(0x0000003a1ce00000,0x0000003a1cf00000)]
  0x00000141b6c98000 JavaThread "File watcher consumer" daemon [_thread_blocked, id=2008, stack(0x0000003a1cf00000,0x0000003a1d000000)]
  0x00000141b6c99000 JavaThread "Cache worker for checksums cache (C:\Users\User\AndroidStudioProjects\CookRoomD\.gradle\checksums)" [_thread_blocked, id=15676, stack(0x0000003a1d000000,0x0000003a1d100000)]
  0x00000141b6c9e000 JavaThread "Cache worker for cache directory md-supplier (C:\Users\User\.gradle\caches\7.2\md-supplier)" [_thread_blocked, id=19344, stack(0x0000003a1d100000,0x0000003a1d200000)]
  0x00000141bb0b1000 JavaThread "Cache worker for cache directory md-rule (C:\Users\User\.gradle\caches\7.2\md-rule)" [_thread_blocked, id=7808, stack(0x0000003a1d200000,0x0000003a1d300000)]
  0x00000141bb0ae800 JavaThread "Cache worker for execution history cache (C:\Users\User\.gradle\caches\7.2\executionHistory)" [_thread_blocked, id=3684, stack(0x0000003a1d300000,0x0000003a1d400000)]
  0x00000141bb0ab800 JavaThread "jar transforms" [_thread_blocked, id=19148, stack(0x0000003a1d400000,0x0000003a1d500000)]
  0x00000141bb0b2000 JavaThread "Cache worker for file content cache (C:\Users\User\.gradle\caches\7.2\fileContent)" [_thread_blocked, id=11996, stack(0x0000003a1d500000,0x0000003a1d600000)]
  0x00000141bb0b3800 JavaThread "jar transforms Thread 2" [_thread_blocked, id=10072, stack(0x0000003a1d600000,0x0000003a1d700000)]
  0x00000141bb0ad800 JavaThread "Cache worker for dependencies-accessors (C:\Users\User\AndroidStudioProjects\CookRoomD\.gradle\7.2\dependencies-accessors)" [_thread_blocked, id=11532, stack(0x0000003a1d700000,0x0000003a1d800000)]
  0x00000141bb0b5000 JavaThread "jar transforms Thread 3" [_thread_blocked, id=1792, stack(0x0000003a1d800000,0x0000003a1d900000)]
  0x00000141bb0b6000 JavaThread "Cache worker for Build Output Cleanup Cache (C:\Users\User\AndroidStudioProjects\CookRoomD\.gradle\buildOutputCleanup)" [_thread_blocked, id=5112, stack(0x0000003a1d900000,0x0000003a1da00000)]
  0x00000141bb0b8800 JavaThread "Unconstrained build operations" [_thread_blocked, id=18896, stack(0x0000003a1da00000,0x0000003a1db00000)]
  0x00000141bb0b9000 JavaThread "Unconstrained build operations Thread 2" [_thread_blocked, id=8004, stack(0x0000003a1db00000,0x0000003a1dc00000)]
  0x00000141bb0b6800 JavaThread "Unconstrained build operations Thread 3" [_thread_blocked, id=17576, stack(0x0000003a1dc00000,0x0000003a1dd00000)]
  0x00000141bb0b4800 JavaThread "Unconstrained build operations Thread 4" [_thread_blocked, id=16824, stack(0x0000003a1dd00000,0x0000003a1de00000)]
  0x00000141bb0ba000 JavaThread "Unconstrained build operations Thread 5" [_thread_blocked, id=18972, stack(0x0000003a1de00000,0x0000003a1df00000)]
  0x00000141bb4f6000 JavaThread "Unconstrained build operations Thread 6" [_thread_blocked, id=7492, stack(0x0000003a1df00000,0x0000003a1e000000)]
  0x00000141bb4f7800 JavaThread "Unconstrained build operations Thread 7" [_thread_blocked, id=17472, stack(0x0000003a1e000000,0x0000003a1e100000)]
  0x00000141bb4f8800 JavaThread "Unconstrained build operations Thread 8" [_thread_blocked, id=14236, stack(0x0000003a1e100000,0x0000003a1e200000)]
  0x00000141bb4f7000 JavaThread "Unconstrained build operations Thread 9" [_thread_blocked, id=8204, stack(0x0000003a1e200000,0x0000003a1e300000)]
  0x00000141bb4f9000 JavaThread "Unconstrained build operations Thread 10" [_thread_blocked, id=8996, stack(0x0000003a1e300000,0x0000003a1e400000)]
  0x00000141bb4fa000 JavaThread "Unconstrained build operations Thread 11" [_thread_blocked, id=18108, stack(0x0000003a1e400000,0x0000003a1e500000)]
  0x00000141bb4fb000 JavaThread "Unconstrained build operations Thread 12" [_thread_blocked, id=16100, stack(0x0000003a1e500000,0x0000003a1e600000)]
  0x00000141bb4f5000 JavaThread "Unconstrained build operations Thread 13" [_thread_blocked, id=17696, stack(0x0000003a1e600000,0x0000003a1e700000)]
  0x00000141bb4ff000 JavaThread "Unconstrained build operations Thread 14" [_thread_blocked, id=15228, stack(0x0000003a1e700000,0x0000003a1e800000)]
  0x00000141bb4fc800 JavaThread "Unconstrained build operations Thread 15" [_thread_blocked, id=13680, stack(0x0000003a1e800000,0x0000003a1e900000)]
  0x00000141bb4ff800 JavaThread "Unconstrained build operations Thread 16" [_thread_blocked, id=14912, stack(0x0000003a1e900000,0x0000003a1ea00000)]
  0x00000141bb500800 JavaThread "Unconstrained build operations Thread 17" [_thread_blocked, id=10400, stack(0x0000003a1ea00000,0x0000003a1eb00000)]
  0x00000141bb4fe000 JavaThread "Unconstrained build operations Thread 18" [_thread_blocked, id=19016, stack(0x0000003a1eb00000,0x0000003a1ec00000)]
  0x00000141bb501800 JavaThread "Unconstrained build operations Thread 19" [_thread_blocked, id=13936, stack(0x0000003a1ec00000,0x0000003a1ed00000)]
  0x00000141bb4fb800 JavaThread "Unconstrained build operations Thread 20" [_thread_blocked, id=14928, stack(0x0000003a1ed00000,0x0000003a1ee00000)]
  0x00000141bb502000 JavaThread "Unconstrained build operations Thread 21" [_thread_blocked, id=14576, stack(0x0000003a1ee00000,0x0000003a1ef00000)]
  0x00000141bb503000 JavaThread "Unconstrained build operations Thread 22" [_thread_blocked, id=17784, stack(0x0000003a1ef00000,0x0000003a1f000000)]
  0x00000141bb4fd800 JavaThread "Unconstrained build operations Thread 23" [_thread_blocked, id=14904, stack(0x0000003a1f000000,0x0000003a1f100000)]
  0x00000141bb504000 JavaThread "Unconstrained build operations Thread 24" [_thread_blocked, id=6704, stack(0x0000003a1f100000,0x0000003a1f200000)]
  0x00000141b6f13800 JavaThread "Unconstrained build operations Thread 25" [_thread_blocked, id=16064, stack(0x0000003a1f200000,0x0000003a1f300000)]
  0x00000141b6f12000 JavaThread "Unconstrained build operations Thread 26" [_thread_blocked, id=11388, stack(0x0000003a1f300000,0x0000003a1f400000)]
  0x00000141b6f0e800 JavaThread "Unconstrained build operations Thread 27" [_thread_blocked, id=12140, stack(0x0000003a1f400000,0x0000003a1f500000)]
  0x00000141b6f0e000 JavaThread "Unconstrained build operations Thread 28" [_thread_blocked, id=19388, stack(0x0000003a1f500000,0x0000003a1f600000)]
  0x00000141b6f0f800 JavaThread "Unconstrained build operations Thread 29" [_thread_blocked, id=8164, stack(0x0000003a1f600000,0x0000003a1f700000)]
  0x00000141b6f16000 JavaThread "Unconstrained build operations Thread 30" [_thread_blocked, id=9136, stack(0x0000003a1f700000,0x0000003a1f800000)]
  0x00000141b6f12800 JavaThread "Unconstrained build operations Thread 31" [_thread_blocked, id=11928, stack(0x0000003a1f800000,0x0000003a1f900000)]
  0x00000141b6f10000 JavaThread "Unconstrained build operations Thread 32" [_thread_blocked, id=12396, stack(0x0000003a1f900000,0x0000003a1fa00000)]
  0x00000141b6f17000 JavaThread "Unconstrained build operations Thread 33" [_thread_blocked, id=1188, stack(0x0000003a1fa00000,0x0000003a1fb00000)]
  0x00000141b6f11000 JavaThread "Unconstrained build operations Thread 34" [_thread_blocked, id=7008, stack(0x0000003a1fb00000,0x0000003a1fc00000)]
  0x00000141b6f17800 JavaThread "Unconstrained build operations Thread 35" [_thread_blocked, id=14992, stack(0x0000003a1fc00000,0x0000003a1fd00000)]
  0x00000141b6f18800 JavaThread "Unconstrained build operations Thread 36" [_thread_blocked, id=2644, stack(0x0000003a1fd00000,0x0000003a1fe00000)]
  0x00000141b6f19000 JavaThread "Unconstrained build operations Thread 37" [_thread_blocked, id=16740, stack(0x0000003a1fe00000,0x0000003a1ff00000)]
  0x00000141b6f1a000 JavaThread "Unconstrained build operations Thread 38" [_thread_blocked, id=14748, stack(0x0000003a1ff00000,0x0000003a20000000)]
  0x00000141b6f14800 JavaThread "Unconstrained build operations Thread 39" [_thread_blocked, id=13004, stack(0x0000003a20000000,0x0000003a20100000)]
  0x00000141b6f15000 JavaThread "Unconstrained build operations Thread 40" [_thread_blocked, id=17664, stack(0x0000003a20100000,0x0000003a20200000)]
  0x00000141b6f1b000 JavaThread "jar transforms Thread 4" [_thread_blocked, id=17380, stack(0x0000003a20200000,0x0000003a20300000)]
  0x00000141b6f1c800 JavaThread "Memory manager" [_thread_blocked, id=8404, stack(0x0000003a20300000,0x0000003a20400000)]
  0x00000141b9609000 JavaThread "build event listener" [_thread_blocked, id=12896, stack(0x0000003a20400000,0x0000003a20500000)]
  0x00000141b960e800 JavaThread "Execution worker for ':'" [_thread_blocked, id=4700, stack(0x0000003a20500000,0x0000003a20600000)]
  0x00000141b960a800 JavaThread "Execution worker for ':' Thread 2" [_thread_blocked, id=9420, stack(0x0000003a20600000,0x0000003a20700000)]
  0x00000141b960f800 JavaThread "Execution worker for ':' Thread 3" [_thread_blocked, id=10300, stack(0x0000003a20700000,0x0000003a20800000)]
  0x00000141b960d000 JavaThread "Cache worker for execution history cache (C:\Users\User\AndroidStudioProjects\CookRoomD\.gradle\7.2\executionHistory)" [_thread_blocked, id=10668, stack(0x0000003a20800000,0x0000003a20900000)]
  0x00000141b960c000 JavaThread "WorkerExecutor Queue" [_thread_in_Java, id=13620, stack(0x0000003a20c00000,0x0000003a20d00000)]
  0x00000141b960e000 JavaThread "WorkerExecutor Queue Thread 2" [_thread_blocked, id=18880, stack(0x0000003a20d00000,0x0000003a20e00000)]
  0x00000141b9609800 JavaThread "WorkerExecutor Queue Thread 3" [_thread_blocked, id=16288, stack(0x0000003a20e00000,0x0000003a20f00000)]
  0x00000141b9612800 JavaThread "WorkerExecutor Queue Thread 4" [_thread_blocked, id=15064, stack(0x0000003a20f00000,0x0000003a21000000)]
  0x00000141b9613800 JavaThread "pool-3-thread-1" [_thread_blocked, id=18768, stack(0x0000003a21000000,0x0000003a21100000)]
  0x00000141b9614800 JavaThread "stderr" [_thread_in_native, id=13836, stack(0x0000003a21100000,0x0000003a21200000)]
  0x00000141b9615000 JavaThread "stdout" [_thread_in_native, id=16316, stack(0x0000003a21200000,0x0000003a21300000)]

Other Threads:
  0x00000141b6054800 VMThread "VM Thread" [stack: 0x0000003a1b200000,0x0000003a1b300000] [id=7624]
  0x00000141b6b7c800 WatcherThread [stack: 0x0000003a1bc00000,0x0000003a1bd00000] [id=18176]
  0x000001419a562800 GCTaskThread "GC Thread#0" [stack: 0x0000003a1ad00000,0x0000003a1ae00000] [id=7136]
  0x00000141b7409800 GCTaskThread "GC Thread#1" [stack: 0x0000003a1bd00000,0x0000003a1be00000] [id=1984]
  0x00000141b8cc2800 GCTaskThread "GC Thread#2" [stack: 0x0000003a1bf00000,0x0000003a1c000000] [id=6276]
  0x00000141b7ca9800 GCTaskThread "GC Thread#3" [stack: 0x0000003a1c000000,0x0000003a1c100000] [id=16952]
  0x000001419a593800 ConcurrentGCThread "G1 Main Marker" [stack: 0x0000003a1ae00000,0x0000003a1af00000] [id=9588]
  0x000001419a594800 ConcurrentGCThread "G1 Conc#0" [stack: 0x0000003a1af00000,0x0000003a1b000000] [id=17120]
  0x000001419a5f0000 ConcurrentGCThread "G1 Refine#0" [stack: 0x0000003a1b000000,0x0000003a1b100000] [id=17052]
  0x00000141bdd1b000 ConcurrentGCThread "G1 Refine#1" [stack: 0x0000003a20b00000,0x0000003a20c00000] [id=12056]
  0x000001419a5f1000 ConcurrentGCThread "G1 Young RemSet Sampling" [stack: 0x0000003a1b100000,0x0000003a1b200000] [id=17332]

Threads with active compile tasks:
C2 CompilerThread0  96017 14046       4       com.android.builder.symbols.BytecodeRClassWriterKt::generateResourceTypeClass (725 bytes)
C1 CompilerThread0  96018 14060       3       com.google.gson.internal.$Gson$Types::resolve (418 bytes)

VM state:not at safepoint (normal execution)

VM Mutex/Monitor currently owned by a thread:  ([mutex/lock_event])
[0x000001419a547b50] Compile_lock - owner thread: 0x00000141b60c5000

Heap address: 0x0000000080000000, size: 2048 MB, Compressed Oops mode: 32-bit
Narrow klass base: 0x0000000000000000, Narrow klass shift: 3
Compressed class space size: 1073741824 Address: 0x0000000100000000

Heap:
 garbage-first heap   total 294912K, used 111104K [0x0000000080000000, 0x0000000100000000)
  region size 1024K, 22 young (22528K), 11 survivors (11264K)
 Metaspace       used 97610K, capacity 99816K, committed 100124K, reserved 1136640K
  class space    used 12273K, capacity 13116K, committed 13184K, reserved 1048576K
Heap Regions: E=young(eden), S=young(survivor), O=old, HS=humongous(starts), HC=humongous(continues), CS=collection set, F=free, A=archive, TAMS=top-at-mark-start (previous, next)
|   0|0x0000000080000000, 0x0000000080100000, 0x0000000080100000|100%| O|  |TAMS 0x0000000080100000, 0x0000000080000000| Untracked 
|   1|0x0000000080100000, 0x0000000080200000, 0x0000000080200000|100%| O|  |TAMS 0x0000000080200000, 0x0000000080100000| Untracked 
|   2|0x0000000080200000, 0x0000000080300000, 0x0000000080300000|100%| O|  |TAMS 0x0000000080300000, 0x0000000080200000| Untracked 
|   3|0x0000000080300000, 0x0000000080400000, 0x0000000080400000|100%|HS|  |TAMS 0x0000000080400000, 0x0000000080300000| Complete 
|   4|0x0000000080400000, 0x0000000080500000, 0x0000000080500000|100%|HC|  |TAMS 0x0000000080500000, 0x0000000080400000| Complete 
|   5|0x0000000080500000, 0x0000000080600000, 0x0000000080600000|100%|HC|  |TAMS 0x0000000080600000, 0x0000000080500000| Complete 
|   6|0x0000000080600000, 0x0000000080700000, 0x0000000080700000|100%| O|  |TAMS 0x0000000080700000, 0x0000000080600000| Untracked 
|   7|0x0000000080700000, 0x0000000080800000, 0x0000000080800000|100%| O|  |TAMS 0x0000000080800000, 0x0000000080700000| Untracked 
|   8|0x0000000080800000, 0x0000000080900000, 0x0000000080900000|100%| O|  |TAMS 0x0000000080900000, 0x0000000080800000| Untracked 
|   9|0x0000000080900000, 0x0000000080a00000, 0x0000000080a00000|100%| O|  |TAMS 0x0000000080a00000, 0x0000000080900000| Untracked 
|  10|0x0000000080a00000, 0x0000000080b00000, 0x0000000080b00000|100%| O|  |TAMS 0x0000000080b00000, 0x0000000080a00000| Untracked 
|  11|0x0000000080b00000, 0x0000000080c00000, 0x0000000080c00000|100%| O|  |TAMS 0x0000000080c00000, 0x0000000080b00000| Untracked 
|  12|0x0000000080c00000, 0x0000000080d00000, 0x0000000080d00000|100%| O|  |TAMS 0x0000000080d00000, 0x0000000080c00000| Untracked 
|  13|0x0000000080d00000, 0x0000000080e00000, 0x0000000080e00000|100%| O|  |TAMS 0x0000000080e00000, 0x0000000080d00000| Untracked 
|  14|0x0000000080e00000, 0x0000000080f00000, 0x0000000080f00000|100%| O|  |TAMS 0x0000000080f00000, 0x0000000080e00000| Untracked 
|  15|0x0000000080f00000, 0x0000000081000000, 0x0000000081000000|100%| O|  |TAMS 0x0000000081000000, 0x0000000080f00000| Untracked 
|  16|0x0000000081000000, 0x0000000081100000, 0x0000000081100000|100%| O|  |TAMS 0x0000000081100000, 0x0000000081000000| Untracked 
|  17|0x0000000081100000, 0x0000000081200000, 0x0000000081200000|100%| O|  |TAMS 0x0000000081200000, 0x0000000081100000| Untracked 
|  18|0x0000000081200000, 0x0000000081300000, 0x0000000081300000|100%| O|  |TAMS 0x0000000081300000, 0x0000000081200000| Untracked 
|  19|0x0000000081300000, 0x0000000081400000, 0x0000000081400000|100%| O|  |TAMS 0x0000000081400000, 0x0000000081300000| Untracked 
|  20|0x0000000081400000, 0x0000000081500000, 0x0000000081500000|100%| O|  |TAMS 0x0000000081500000, 0x0000000081400000| Untracked 
|  21|0x0000000081500000, 0x0000000081600000, 0x0000000081600000|100%| O|  |TAMS 0x0000000081600000, 0x0000000081500000| Untracked 
|  22|0x0000000081600000, 0x0000000081700000, 0x0000000081700000|100%| O|  |TAMS 0x0000000081700000, 0x0000000081600000| Untracked 
|  23|0x0000000081700000, 0x0000000081800000, 0x0000000081800000|100%| O|  |TAMS 0x0000000081800000, 0x0000000081700000| Untracked 
|  24|0x0000000081800000, 0x0000000081900000, 0x0000000081900000|100%| O|  |TAMS 0x0000000081900000, 0x0000000081800000| Untracked 
|  25|0x0000000081900000, 0x0000000081a00000, 0x0000000081a00000|100%| O|  |TAMS 0x0000000081a00000, 0x0000000081900000| Untracked 
|  26|0x0000000081a00000, 0x0000000081b00000, 0x0000000081b00000|100%| O|  |TAMS 0x0000000081b00000, 0x0000000081a00000| Untracked 
|  27|0x0000000081b00000, 0x0000000081c00000, 0x0000000081c00000|100%| O|  |TAMS 0x0000000081c00000, 0x0000000081b00000| Untracked 
|  28|0x0000000081c00000, 0x0000000081d00000, 0x0000000081d00000|100%| O|  |TAMS 0x0000000081d00000, 0x0000000081c00000| Untracked 
|  29|0x0000000081d00000, 0x0000000081e00000, 0x0000000081e00000|100%| O|  |TAMS 0x0000000081e00000, 0x0000000081d00000| Untracked 
|  30|0x0000000081e00000, 0x0000000081f00000, 0x0000000081f00000|100%|HS|  |TAMS 0x0000000081f00000, 0x0000000081e00000| Complete 
|  31|0x0000000081f00000, 0x0000000082000000, 0x0000000082000000|100%|HS|  |TAMS 0x0000000082000000, 0x0000000081f00000| Complete 
|  32|0x0000000082000000, 0x0000000082100000, 0x0000000082100000|100%|HS|  |TAMS 0x0000000082100000, 0x0000000082000000| Complete 
|  33|0x0000000082100000, 0x0000000082200000, 0x0000000082200000|100%|HS|  |TAMS 0x0000000082200000, 0x0000000082100000| Complete 
|  34|0x0000000082200000, 0x0000000082300000, 0x0000000082300000|100%| O|  |TAMS 0x0000000082300000, 0x0000000082200000| Untracked 
|  35|0x0000000082300000, 0x0000000082400000, 0x0000000082400000|100%| O|  |TAMS 0x0000000082400000, 0x0000000082300000| Untracked 
|  36|0x0000000082400000, 0x0000000082500000, 0x0000000082500000|100%|HS|  |TAMS 0x0000000082500000, 0x0000000082400000| Complete 
|  37|0x0000000082500000, 0x0000000082600000, 0x0000000082600000|100%|HC|  |TAMS 0x0000000082600000, 0x0000000082500000| Complete 
|  38|0x0000000082600000, 0x0000000082700000, 0x0000000082700000|100%|HC|  |TAMS 0x0000000082700000, 0x0000000082600000| Complete 
|  39|0x0000000082700000, 0x0000000082800000, 0x0000000082800000|100%| O|  |TAMS 0x0000000082800000, 0x0000000082700000| Untracked 
|  40|0x0000000082800000, 0x0000000082900000, 0x0000000082900000|100%| O|  |TAMS 0x0000000082900000, 0x0000000082800000| Untracked 
|  41|0x0000000082900000, 0x0000000082a00000, 0x0000000082a00000|100%| O|  |TAMS 0x0000000082a00000, 0x0000000082900000| Untracked 
|  42|0x0000000082a00000, 0x0000000082b00000, 0x0000000082b00000|100%| O|  |TAMS 0x0000000082b00000, 0x0000000082a00000| Untracked 
|  43|0x0000000082b00000, 0x0000000082c00000, 0x0000000082c00000|100%|HS|  |TAMS 0x0000000082c00000, 0x0000000082b00000| Complete 
|  44|0x0000000082c00000, 0x0000000082d00000, 0x0000000082d00000|100%|HC|  |TAMS 0x0000000082d00000, 0x0000000082c00000| Complete 
|  45|0x0000000082d00000, 0x0000000082e00000, 0x0000000082e00000|100%| O|  |TAMS 0x0000000082e00000, 0x0000000082d00000| Untracked 
|  46|0x0000000082e00000, 0x0000000082f00000, 0x0000000082f00000|100%| O|  |TAMS 0x0000000082f00000, 0x0000000082e00000| Untracked 
|  47|0x0000000082f00000, 0x0000000083000000, 0x0000000083000000|100%| O|  |TAMS 0x0000000083000000, 0x0000000082f00000| Untracked 
|  48|0x0000000083000000, 0x0000000083100000, 0x0000000083100000|100%| O|  |TAMS 0x0000000083100000, 0x0000000083000000| Untracked 
|  49|0x0000000083100000, 0x0000000083200000, 0x0000000083200000|100%| O|  |TAMS 0x0000000083200000, 0x0000000083100000| Untracked 
|  50|0x0000000083200000, 0x0000000083300000, 0x0000000083300000|100%| O|  |TAMS 0x0000000083300000, 0x0000000083200000| Untracked 
|  51|0x0000000083300000, 0x0000000083400000, 0x0000000083400000|100%| O|  |TAMS 0x0000000083400000, 0x0000000083300000| Untracked 
|  52|0x0000000083400000, 0x0000000083500000, 0x0000000083500000|100%| O|  |TAMS 0x0000000083500000, 0x0000000083400000| Untracked 
|  53|0x0000000083500000, 0x0000000083600000, 0x0000000083600000|100%| O|  |TAMS 0x0000000083600000, 0x0000000083500000| Untracked 
|  54|0x0000000083600000, 0x0000000083700000, 0x0000000083700000|100%| O|  |TAMS 0x0000000083700000, 0x0000000083600000| Untracked 
|  55|0x0000000083700000, 0x0000000083800000, 0x0000000083800000|100%| O|  |TAMS 0x0000000083800000, 0x0000000083700000| Untracked 
|  56|0x0000000083800000, 0x0000000083900000, 0x0000000083900000|100%| O|  |TAMS 0x0000000083900000, 0x0000000083800000| Untracked 
|  57|0x0000000083900000, 0x0000000083a00000, 0x0000000083a00000|100%| O|  |TAMS 0x0000000083a00000, 0x0000000083900000| Untracked 
|  58|0x0000000083a00000, 0x0000000083b00000, 0x0000000083b00000|100%| O|  |TAMS 0x0000000083b00000, 0x0000000083a00000| Untracked 
|  59|0x0000000083b00000, 0x0000000083c00000, 0x0000000083c00000|100%| O|  |TAMS 0x0000000083c00000, 0x0000000083b00000| Untracked 
|  60|0x0000000083c00000, 0x0000000083d00000, 0x0000000083d00000|100%| O|  |TAMS 0x0000000083d00000, 0x0000000083c00000| Untracked 
|  61|0x0000000083d00000, 0x0000000083e00000, 0x0000000083e00000|100%| O|  |TAMS 0x0000000083e00000, 0x0000000083d00000| Untracked 
|  62|0x0000000083e00000, 0x0000000083f00000, 0x0000000083f00000|100%| O|  |TAMS 0x0000000083f00000, 0x0000000083e00000| Untracked 
|  63|0x0000000083f00000, 0x0000000084000000, 0x0000000084000000|100%| O|  |TAMS 0x0000000084000000, 0x0000000083f00000| Untracked 
|  64|0x0000000084000000, 0x0000000084100000, 0x0000000084100000|100%| O|  |TAMS 0x0000000084100000, 0x0000000084000000| Untracked 
|  65|0x0000000084100000, 0x0000000084200000, 0x0000000084200000|100%| O|  |TAMS 0x0000000084200000, 0x0000000084100000| Untracked 
|  66|0x0000000084200000, 0x0000000084300000, 0x0000000084300000|100%| O|  |TAMS 0x0000000084300000, 0x0000000084200000| Untracked 
|  67|0x0000000084300000, 0x0000000084400000, 0x0000000084400000|100%| O|  |TAMS 0x0000000084400000, 0x0000000084300000| Untracked 
|  68|0x0000000084400000, 0x0000000084500000, 0x0000000084500000|100%| O|  |TAMS 0x0000000084500000, 0x0000000084400000| Untracked 
|  69|0x0000000084500000, 0x0000000084600000, 0x0000000084600000|100%| O|  |TAMS 0x0000000084600000, 0x0000000084500000| Untracked 
|  70|0x0000000084600000, 0x0000000084700000, 0x0000000084700000|100%| O|  |TAMS 0x0000000084700000, 0x0000000084600000| Untracked 
|  71|0x0000000084700000, 0x0000000084800000, 0x0000000084800000|100%| O|  |TAMS 0x0000000084800000, 0x0000000084700000| Untracked 
|  72|0x0000000084800000, 0x0000000084900000, 0x0000000084900000|100%| O|  |TAMS 0x0000000084900000, 0x0000000084800000| Untracked 
|  73|0x0000000084900000, 0x0000000084a00000, 0x0000000084a00000|100%| O|  |TAMS 0x0000000084a00000, 0x0000000084900000| Untracked 
|  74|0x0000000084a00000, 0x0000000084b00000, 0x0000000084b00000|100%| O|  |TAMS 0x0000000084a00000, 0x0000000084a00000| Untracked 
|  75|0x0000000084b00000, 0x0000000084c00000, 0x0000000084c00000|100%| O|  |TAMS 0x0000000084b00000, 0x0000000084b00000| Untracked 
|  76|0x0000000084c00000, 0x0000000084d00000, 0x0000000084d00000|100%| O|  |TAMS 0x0000000084c00000, 0x0000000084c00000| Untracked 
|  77|0x0000000084d00000, 0x0000000084e00000, 0x0000000084e00000|100%| O|  |TAMS 0x0000000084d00000, 0x0000000084d00000| Untracked 
|  78|0x0000000084e00000, 0x0000000084f00000, 0x0000000084f00000|100%| O|  |TAMS 0x0000000084f00000, 0x0000000084e00000| Untracked 
|  79|0x0000000084f00000, 0x0000000085000000, 0x0000000085000000|100%| O|  |TAMS 0x0000000084f00000, 0x0000000084f00000| Untracked 
|  80|0x0000000085000000, 0x0000000085080000, 0x0000000085100000| 50%| O|  |TAMS 0x0000000085000000, 0x0000000085000000| Untracked 
|  81|0x0000000085100000, 0x0000000085100000, 0x0000000085200000|  0%| F|  |TAMS 0x0000000085100000, 0x0000000085100000| Untracked 
|  82|0x0000000085200000, 0x0000000085200000, 0x0000000085300000|  0%| F|  |TAMS 0x0000000085200000, 0x0000000085200000| Untracked 
|  83|0x0000000085300000, 0x0000000085400000, 0x0000000085400000|100%| O|  |TAMS 0x0000000085400000, 0x0000000085300000| Untracked 
|  84|0x0000000085400000, 0x0000000085400000, 0x0000000085500000|  0%| F|  |TAMS 0x0000000085400000, 0x0000000085400000| Untracked 
|  85|0x0000000085500000, 0x0000000085500000, 0x0000000085600000|  0%| F|  |TAMS 0x0000000085500000, 0x0000000085500000| Untracked 
|  86|0x0000000085600000, 0x0000000085600000, 0x0000000085700000|  0%| F|  |TAMS 0x0000000085600000, 0x0000000085600000| Untracked 
|  87|0x0000000085700000, 0x0000000085700000, 0x0000000085800000|  0%| F|  |TAMS 0x0000000085700000, 0x0000000085700000| Untracked 
|  88|0x0000000085800000, 0x0000000085800000, 0x0000000085900000|  0%| F|  |TAMS 0x0000000085800000, 0x0000000085800000| Untracked 
|  89|0x0000000085900000, 0x0000000085900000, 0x0000000085a00000|  0%| F|  |TAMS 0x0000000085900000, 0x0000000085900000| Untracked 
|  90|0x0000000085a00000, 0x0000000085a00000, 0x0000000085b00000|  0%| F|  |TAMS 0x0000000085a00000, 0x0000000085a00000| Untracked 
|  91|0x0000000085b00000, 0x0000000085b00000, 0x0000000085c00000|  0%| F|  |TAMS 0x0000000085b00000, 0x0000000085b00000| Untracked 
|  92|0x0000000085c00000, 0x0000000085c00000, 0x0000000085d00000|  0%| F|  |TAMS 0x0000000085c00000, 0x0000000085c00000| Untracked 
|  93|0x0000000085d00000, 0x0000000085d00000, 0x0000000085e00000|  0%| F|  |TAMS 0x0000000085d00000, 0x0000000085d00000| Untracked 
|  94|0x0000000085e00000, 0x0000000085e00000, 0x0000000085f00000|  0%| F|  |TAMS 0x0000000085e00000, 0x0000000085e00000| Untracked 
|  95|0x0000000085f00000, 0x0000000085f00000, 0x0000000086000000|  0%| F|  |TAMS 0x0000000085f00000, 0x0000000085f00000| Untracked 
|  96|0x0000000086000000, 0x0000000086000000, 0x0000000086100000|  0%| F|  |TAMS 0x0000000086000000, 0x0000000086000000| Untracked 
|  97|0x0000000086100000, 0x0000000086100000, 0x0000000086200000|  0%| F|  |TAMS 0x0000000086100000, 0x0000000086100000| Untracked 
|  98|0x0000000086200000, 0x0000000086300000, 0x0000000086300000|100%| O|  |TAMS 0x0000000086300000, 0x0000000086200000| Untracked 
|  99|0x0000000086300000, 0x0000000086300000, 0x0000000086400000|  0%| F|  |TAMS 0x0000000086300000, 0x0000000086300000| Untracked 
| 100|0x0000000086400000, 0x0000000086400000, 0x0000000086500000|  0%| F|  |TAMS 0x0000000086400000, 0x0000000086400000| Untracked 
| 101|0x0000000086500000, 0x0000000086500000, 0x0000000086600000|  0%| F|  |TAMS 0x0000000086500000, 0x0000000086500000| Untracked 
| 102|0x0000000086600000, 0x0000000086600000, 0x0000000086700000|  0%| F|  |TAMS 0x0000000086600000, 0x0000000086600000| Untracked 
| 103|0x0000000086700000, 0x0000000086800000, 0x0000000086800000|100%| O|  |TAMS 0x0000000086800000, 0x0000000086700000| Untracked 
| 104|0x0000000086800000, 0x0000000086900000, 0x0000000086900000|100%| O|  |TAMS 0x0000000086900000, 0x0000000086800000| Untracked 
| 105|0x0000000086900000, 0x0000000086900000, 0x0000000086a00000|  0%| F|  |TAMS 0x0000000086900000, 0x0000000086900000| Untracked 
| 106|0x0000000086a00000, 0x0000000086b00000, 0x0000000086b00000|100%| O|  |TAMS 0x0000000086b00000, 0x0000000086a00000| Untracked 
| 107|0x0000000086b00000, 0x0000000086c00000, 0x0000000086c00000|100%| O|  |TAMS 0x0000000086c00000, 0x0000000086b00000| Untracked 
| 108|0x0000000086c00000, 0x0000000086d00000, 0x0000000086d00000|100%| O|  |TAMS 0x0000000086d00000, 0x0000000086c00000| Untracked 
| 109|0x0000000086d00000, 0x0000000086d00000, 0x0000000086e00000|  0%| F|  |TAMS 0x0000000086d00000, 0x0000000086d00000| Untracked 
| 110|0x0000000086e00000, 0x0000000086e00000, 0x0000000086f00000|  0%| F|  |TAMS 0x0000000086e00000, 0x0000000086e00000| Untracked 
| 111|0x0000000086f00000, 0x0000000086f00000, 0x0000000087000000|  0%| F|  |TAMS 0x0000000086f00000, 0x0000000086f00000| Untracked 
| 112|0x0000000087000000, 0x0000000087000000, 0x0000000087100000|  0%| F|  |TAMS 0x0000000087000000, 0x0000000087000000| Untracked 
| 113|0x0000000087100000, 0x0000000087100000, 0x0000000087200000|  0%| F|  |TAMS 0x0000000087100000, 0x0000000087100000| Untracked 
| 114|0x0000000087200000, 0x0000000087200000, 0x0000000087300000|  0%| F|  |TAMS 0x0000000087200000, 0x0000000087200000| Untracked 
| 115|0x0000000087300000, 0x0000000087300000, 0x0000000087400000|  0%| F|  |TAMS 0x0000000087300000, 0x0000000087300000| Untracked 
| 116|0x0000000087400000, 0x0000000087400000, 0x0000000087500000|  0%| F|  |TAMS 0x0000000087400000, 0x0000000087400000| Untracked 
| 117|0x0000000087500000, 0x0000000087500000, 0x0000000087600000|  0%| F|  |TAMS 0x0000000087500000, 0x0000000087500000| Untracked 
| 118|0x0000000087600000, 0x0000000087600000, 0x0000000087700000|  0%| F|  |TAMS 0x0000000087600000, 0x0000000087600000| Untracked 
| 119|0x0000000087700000, 0x0000000087700000, 0x0000000087800000|  0%| F|  |TAMS 0x0000000087700000, 0x0000000087700000| Untracked 
| 120|0x0000000087800000, 0x0000000087800000, 0x0000000087900000|  0%| F|  |TAMS 0x0000000087800000, 0x0000000087800000| Untracked 
| 121|0x0000000087900000, 0x0000000087900000, 0x0000000087a00000|  0%| F|  |TAMS 0x0000000087900000, 0x0000000087900000| Untracked 
| 122|0x0000000087a00000, 0x0000000087a00000, 0x0000000087b00000|  0%| F|  |TAMS 0x0000000087a00000, 0x0000000087a00000| Untracked 
| 123|0x0000000087b00000, 0x0000000087b00000, 0x0000000087c00000|  0%| F|  |TAMS 0x0000000087b00000, 0x0000000087b00000| Untracked 
| 124|0x0000000087c00000, 0x0000000087c00000, 0x0000000087d00000|  0%| F|  |TAMS 0x0000000087c00000, 0x0000000087c00000| Untracked 
| 125|0x0000000087d00000, 0x0000000087d00000, 0x0000000087e00000|  0%| F|  |TAMS 0x0000000087d00000, 0x0000000087d00000| Untracked 
| 126|0x0000000087e00000, 0x0000000087e00000, 0x0000000087f00000|  0%| F|  |TAMS 0x0000000087e00000, 0x0000000087e00000| Untracked 
| 127|0x0000000087f00000, 0x0000000087f00000, 0x0000000088000000|  0%| F|  |TAMS 0x0000000087f00000, 0x0000000087f00000| Untracked 
| 128|0x0000000088000000, 0x0000000088000000, 0x0000000088100000|  0%| F|  |TAMS 0x0000000088000000, 0x0000000088000000| Untracked 
| 129|0x0000000088100000, 0x0000000088100000, 0x0000000088200000|  0%| F|  |TAMS 0x0000000088100000, 0x0000000088100000| Untracked 
| 130|0x0000000088200000, 0x0000000088200000, 0x0000000088300000|  0%| F|  |TAMS 0x0000000088200000, 0x0000000088200000| Untracked 
| 131|0x0000000088300000, 0x0000000088300000, 0x0000000088400000|  0%| F|  |TAMS 0x0000000088300000, 0x0000000088300000| Untracked 
| 132|0x0000000088400000, 0x0000000088400000, 0x0000000088500000|  0%| F|  |TAMS 0x0000000088400000, 0x0000000088400000| Untracked 
| 133|0x0000000088500000, 0x0000000088500000, 0x0000000088600000|  0%| F|  |TAMS 0x0000000088500000, 0x0000000088500000| Untracked 
| 134|0x0000000088600000, 0x0000000088600000, 0x0000000088700000|  0%| F|  |TAMS 0x0000000088600000, 0x0000000088600000| Untracked 
| 135|0x0000000088700000, 0x0000000088700000, 0x0000000088800000|  0%| F|  |TAMS 0x0000000088700000, 0x0000000088700000| Untracked 
| 136|0x0000000088800000, 0x0000000088800000, 0x0000000088900000|  0%| F|  |TAMS 0x0000000088800000, 0x0000000088800000| Untracked 
| 137|0x0000000088900000, 0x0000000088900000, 0x0000000088a00000|  0%| F|  |TAMS 0x0000000088900000, 0x0000000088900000| Untracked 
| 138|0x0000000088a00000, 0x0000000088a00000, 0x0000000088b00000|  0%| F|  |TAMS 0x0000000088a00000, 0x0000000088a00000| Untracked 
| 139|0x0000000088b00000, 0x0000000088b00000, 0x0000000088c00000|  0%| F|  |TAMS 0x0000000088b00000, 0x0000000088b00000| Untracked 
| 140|0x0000000088c00000, 0x0000000088c00000, 0x0000000088d00000|  0%| F|  |TAMS 0x0000000088c00000, 0x0000000088c00000| Untracked 
| 141|0x0000000088d00000, 0x0000000088d00000, 0x0000000088e00000|  0%| F|  |TAMS 0x0000000088d00000, 0x0000000088d00000| Untracked 
| 142|0x0000000088e00000, 0x0000000088e00000, 0x0000000088f00000|  0%| F|  |TAMS 0x0000000088e00000, 0x0000000088e00000| Untracked 
| 143|0x0000000088f00000, 0x0000000088f00000, 0x0000000089000000|  0%| F|  |TAMS 0x0000000088f00000, 0x0000000088f00000| Untracked 
| 144|0x0000000089000000, 0x0000000089000000, 0x0000000089100000|  0%| F|  |TAMS 0x0000000089000000, 0x0000000089000000| Untracked 
| 145|0x0000000089100000, 0x0000000089100000, 0x0000000089200000|  0%| F|  |TAMS 0x0000000089100000, 0x0000000089100000| Untracked 
| 146|0x0000000089200000, 0x0000000089200000, 0x0000000089300000|  0%| F|  |TAMS 0x0000000089200000, 0x0000000089200000| Untracked 
| 147|0x0000000089300000, 0x0000000089300000, 0x0000000089400000|  0%| F|  |TAMS 0x0000000089300000, 0x0000000089300000| Untracked 
| 148|0x0000000089400000, 0x0000000089400000, 0x0000000089500000|  0%| F|  |TAMS 0x0000000089400000, 0x0000000089400000| Untracked 
| 149|0x0000000089500000, 0x0000000089500000, 0x0000000089600000|  0%| F|  |TAMS 0x0000000089500000, 0x0000000089500000| Untracked 
| 150|0x0000000089600000, 0x0000000089600000, 0x0000000089700000|  0%| F|  |TAMS 0x0000000089600000, 0x0000000089600000| Untracked 
| 151|0x0000000089700000, 0x0000000089700000, 0x0000000089800000|  0%| F|  |TAMS 0x0000000089700000, 0x0000000089700000| Untracked 
| 152|0x0000000089800000, 0x0000000089800000, 0x0000000089900000|  0%| F|  |TAMS 0x0000000089800000, 0x0000000089800000| Untracked 
| 153|0x0000000089900000, 0x0000000089900000, 0x0000000089a00000|  0%| F|  |TAMS 0x0000000089900000, 0x0000000089900000| Untracked 
| 154|0x0000000089a00000, 0x0000000089a00000, 0x0000000089b00000|  0%| F|  |TAMS 0x0000000089a00000, 0x0000000089a00000| Untracked 
| 155|0x0000000089b00000, 0x0000000089b00000, 0x0000000089c00000|  0%| F|  |TAMS 0x0000000089b00000, 0x0000000089b00000| Untracked 
| 156|0x0000000089c00000, 0x0000000089c00000, 0x0000000089d00000|  0%| F|  |TAMS 0x0000000089c00000, 0x0000000089c00000| Untracked 
| 157|0x0000000089d00000, 0x0000000089d00000, 0x0000000089e00000|  0%| F|  |TAMS 0x0000000089d00000, 0x0000000089d00000| Untracked 
| 158|0x0000000089e00000, 0x0000000089e00000, 0x0000000089f00000|  0%| F|  |TAMS 0x0000000089e00000, 0x0000000089e00000| Untracked 
| 159|0x0000000089f00000, 0x0000000089f00000, 0x000000008a000000|  0%| F|  |TAMS 0x0000000089f00000, 0x0000000089f00000| Untracked 
| 160|0x000000008a000000, 0x000000008a000000, 0x000000008a100000|  0%| F|  |TAMS 0x000000008a000000, 0x000000008a000000| Untracked 
| 161|0x000000008a100000, 0x000000008a100000, 0x000000008a200000|  0%| F|  |TAMS 0x000000008a100000, 0x000000008a100000| Untracked 
| 162|0x000000008a200000, 0x000000008a200000, 0x000000008a300000|  0%| F|  |TAMS 0x000000008a200000, 0x000000008a200000| Untracked 
| 163|0x000000008a300000, 0x000000008a300000, 0x000000008a400000|  0%| F|  |TAMS 0x000000008a300000, 0x000000008a300000| Untracked 
| 164|0x000000008a400000, 0x000000008a400000, 0x000000008a500000|  0%| F|  |TAMS 0x000000008a400000, 0x000000008a400000| Untracked 
| 165|0x000000008a500000, 0x000000008a500000, 0x000000008a600000|  0%| F|  |TAMS 0x000000008a500000, 0x000000008a500000| Untracked 
| 166|0x000000008a600000, 0x000000008a600000, 0x000000008a700000|  0%| F|  |TAMS 0x000000008a600000, 0x000000008a600000| Untracked 
| 167|0x000000008a700000, 0x000000008a700000, 0x000000008a800000|  0%| F|  |TAMS 0x000000008a700000, 0x000000008a700000| Untracked 
| 168|0x000000008a800000, 0x000000008a800000, 0x000000008a900000|  0%| F|  |TAMS 0x000000008a800000, 0x000000008a800000| Untracked 
| 169|0x000000008a900000, 0x000000008a900000, 0x000000008aa00000|  0%| F|  |TAMS 0x000000008a900000, 0x000000008a900000| Untracked 
| 170|0x000000008aa00000, 0x000000008aa00000, 0x000000008ab00000|  0%| F|  |TAMS 0x000000008aa00000, 0x000000008aa00000| Untracked 
| 171|0x000000008ab00000, 0x000000008ab00000, 0x000000008ac00000|  0%| F|  |TAMS 0x000000008ab00000, 0x000000008ab00000| Untracked 
| 172|0x000000008ac00000, 0x000000008ac00000, 0x000000008ad00000|  0%| F|  |TAMS 0x000000008ac00000, 0x000000008ac00000| Untracked 
| 173|0x000000008ad00000, 0x000000008ad00000, 0x000000008ae00000|  0%| F|  |TAMS 0x000000008ad00000, 0x000000008ad00000| Untracked 
| 174|0x000000008ae00000, 0x000000008ae00000, 0x000000008af00000|  0%| F|  |TAMS 0x000000008ae00000, 0x000000008ae00000| Untracked 
| 175|0x000000008af00000, 0x000000008af00000, 0x000000008b000000|  0%| F|  |TAMS 0x000000008af00000, 0x000000008af00000| Untracked 
| 176|0x000000008b000000, 0x000000008b000000, 0x000000008b100000|  0%| F|  |TAMS 0x000000008b000000, 0x000000008b000000| Untracked 
| 177|0x000000008b100000, 0x000000008b100000, 0x000000008b200000|  0%| F|  |TAMS 0x000000008b100000, 0x000000008b100000| Untracked 
| 178|0x000000008b200000, 0x000000008b200000, 0x000000008b300000|  0%| F|  |TAMS 0x000000008b200000, 0x000000008b200000| Untracked 
| 179|0x000000008b300000, 0x000000008b300000, 0x000000008b400000|  0%| F|  |TAMS 0x000000008b300000, 0x000000008b300000| Untracked 
| 180|0x000000008b400000, 0x000000008b400000, 0x000000008b500000|  0%| F|  |TAMS 0x000000008b400000, 0x000000008b400000| Untracked 
| 181|0x000000008b500000, 0x000000008b500000, 0x000000008b600000|  0%| F|  |TAMS 0x000000008b500000, 0x000000008b500000| Untracked 
| 182|0x000000008b600000, 0x000000008b600000, 0x000000008b700000|  0%| F|  |TAMS 0x000000008b600000, 0x000000008b600000| Untracked 
| 183|0x000000008b700000, 0x000000008b700000, 0x000000008b800000|  0%| F|  |TAMS 0x000000008b700000, 0x000000008b700000| Untracked 
| 184|0x000000008b800000, 0x000000008b800000, 0x000000008b900000|  0%| F|  |TAMS 0x000000008b800000, 0x000000008b800000| Untracked 
| 185|0x000000008b900000, 0x000000008b900000, 0x000000008ba00000|  0%| F|  |TAMS 0x000000008b900000, 0x000000008b900000| Untracked 
| 186|0x000000008ba00000, 0x000000008ba00000, 0x000000008bb00000|  0%| F|  |TAMS 0x000000008ba00000, 0x000000008ba00000| Untracked 
| 187|0x000000008bb00000, 0x000000008bb00000, 0x000000008bc00000|  0%| F|  |TAMS 0x000000008bb00000, 0x000000008bb00000| Untracked 
| 188|0x000000008bc00000, 0x000000008bc00000, 0x000000008bd00000|  0%| F|  |TAMS 0x000000008bc00000, 0x000000008bc00000| Untracked 
| 189|0x000000008bd00000, 0x000000008be00000, 0x000000008be00000|100%| S|CS|TAMS 0x000000008bd00000, 0x000000008bd00000| Complete 
| 190|0x000000008be00000, 0x000000008bf00000, 0x000000008bf00000|100%| S|CS|TAMS 0x000000008be00000, 0x000000008be00000| Complete 
| 191|0x000000008bf00000, 0x000000008c000000, 0x000000008c000000|100%| S|CS|TAMS 0x000000008bf00000, 0x000000008bf00000| Complete 
| 192|0x000000008c000000, 0x000000008c100000, 0x000000008c100000|100%| S|CS|TAMS 0x000000008c000000, 0x000000008c000000| Complete 
| 193|0x000000008c100000, 0x000000008c200000, 0x000000008c200000|100%| S|CS|TAMS 0x000000008c100000, 0x000000008c100000| Complete 
| 194|0x000000008c200000, 0x000000008c300000, 0x000000008c300000|100%| S|CS|TAMS 0x000000008c200000, 0x000000008c200000| Complete 
| 195|0x000000008c300000, 0x000000008c400000, 0x000000008c400000|100%| S|CS|TAMS 0x000000008c300000, 0x000000008c300000| Complete 
| 196|0x000000008c400000, 0x000000008c500000, 0x000000008c500000|100%| S|CS|TAMS 0x000000008c400000, 0x000000008c400000| Complete 
| 197|0x000000008c500000, 0x000000008c600000, 0x000000008c600000|100%| S|CS|TAMS 0x000000008c500000, 0x000000008c500000| Complete 
| 198|0x000000008c600000, 0x000000008c700000, 0x000000008c700000|100%| S|CS|TAMS 0x000000008c600000, 0x000000008c600000| Complete 
| 199|0x000000008c700000, 0x000000008c800000, 0x000000008c800000|100%| S|CS|TAMS 0x000000008c700000, 0x000000008c700000| Complete 
| 200|0x000000008c800000, 0x000000008c800000, 0x000000008c900000|  0%| F|  |TAMS 0x000000008c800000, 0x000000008c800000| Untracked 
| 201|0x000000008c900000, 0x000000008c900000, 0x000000008ca00000|  0%| F|  |TAMS 0x000000008c900000, 0x000000008c900000| Untracked 
| 202|0x000000008ca00000, 0x000000008ca00000, 0x000000008cb00000|  0%| F|  |TAMS 0x000000008ca00000, 0x000000008ca00000| Untracked 
| 203|0x000000008cb00000, 0x000000008cb00000, 0x000000008cc00000|  0%| F|  |TAMS 0x000000008cb00000, 0x000000008cb00000| Untracked 
| 204|0x000000008cc00000, 0x000000008cc00000, 0x000000008cd00000|  0%| F|  |TAMS 0x000000008cc00000, 0x000000008cc00000| Untracked 
| 205|0x000000008cd00000, 0x000000008cd00000, 0x000000008ce00000|  0%| F|  |TAMS 0x000000008cd00000, 0x000000008cd00000| Untracked 
| 206|0x000000008ce00000, 0x000000008ce00000, 0x000000008cf00000|  0%| F|  |TAMS 0x000000008ce00000, 0x000000008ce00000| Untracked 
| 207|0x000000008cf00000, 0x000000008cf00000, 0x000000008d000000|  0%| F|  |TAMS 0x000000008cf00000, 0x000000008cf00000| Untracked 
| 208|0x000000008d000000, 0x000000008d000000, 0x000000008d100000|  0%| F|  |TAMS 0x000000008d000000, 0x000000008d000000| Untracked 
| 209|0x000000008d100000, 0x000000008d100000, 0x000000008d200000|  0%| F|  |TAMS 0x000000008d100000, 0x000000008d100000| Untracked 
| 210|0x000000008d200000, 0x000000008d200000, 0x000000008d300000|  0%| F|  |TAMS 0x000000008d200000, 0x000000008d200000| Untracked 
| 211|0x000000008d300000, 0x000000008d300000, 0x000000008d400000|  0%| F|  |TAMS 0x000000008d300000, 0x000000008d300000| Untracked 
| 212|0x000000008d400000, 0x000000008d400000, 0x000000008d500000|  0%| F|  |TAMS 0x000000008d400000, 0x000000008d400000| Untracked 
| 213|0x000000008d500000, 0x000000008d500000, 0x000000008d600000|  0%| F|  |TAMS 0x000000008d500000, 0x000000008d500000| Untracked 
| 214|0x000000008d600000, 0x000000008d600000, 0x000000008d700000|  0%| F|  |TAMS 0x000000008d600000, 0x000000008d600000| Untracked 
| 215|0x000000008d700000, 0x000000008d700000, 0x000000008d800000|  0%| F|  |TAMS 0x000000008d700000, 0x000000008d700000| Untracked 
| 216|0x000000008d800000, 0x000000008d800000, 0x000000008d900000|  0%| F|  |TAMS 0x000000008d800000, 0x000000008d800000| Untracked 
| 217|0x000000008d900000, 0x000000008d900000, 0x000000008da00000|  0%| F|  |TAMS 0x000000008d900000, 0x000000008d900000| Untracked 
| 218|0x000000008da00000, 0x000000008da00000, 0x000000008db00000|  0%| F|  |TAMS 0x000000008da00000, 0x000000008da00000| Untracked 
| 219|0x000000008db00000, 0x000000008db00000, 0x000000008dc00000|  0%| F|  |TAMS 0x000000008db00000, 0x000000008db00000| Untracked 
| 220|0x000000008dc00000, 0x000000008dc00000, 0x000000008dd00000|  0%| F|  |TAMS 0x000000008dc00000, 0x000000008dc00000| Untracked 
| 221|0x000000008dd00000, 0x000000008dd00000, 0x000000008de00000|  0%| F|  |TAMS 0x000000008dd00000, 0x000000008dd00000| Untracked 
| 222|0x000000008de00000, 0x000000008de00000, 0x000000008df00000|  0%| F|  |TAMS 0x000000008de00000, 0x000000008de00000| Untracked 
| 223|0x000000008df00000, 0x000000008df00000, 0x000000008e000000|  0%| F|  |TAMS 0x000000008df00000, 0x000000008df00000| Untracked 
| 224|0x000000008e000000, 0x000000008e000000, 0x000000008e100000|  0%| F|  |TAMS 0x000000008e000000, 0x000000008e000000| Untracked 
| 225|0x000000008e100000, 0x000000008e100000, 0x000000008e200000|  0%| F|  |TAMS 0x000000008e100000, 0x000000008e100000| Untracked 
| 226|0x000000008e200000, 0x000000008e200000, 0x000000008e300000|  0%| F|  |TAMS 0x000000008e200000, 0x000000008e200000| Untracked 
| 227|0x000000008e300000, 0x000000008e300000, 0x000000008e400000|  0%| F|  |TAMS 0x000000008e300000, 0x000000008e300000| Untracked 
| 228|0x000000008e400000, 0x000000008e400000, 0x000000008e500000|  0%| F|  |TAMS 0x000000008e400000, 0x000000008e400000| Untracked 
| 229|0x000000008e500000, 0x000000008e500000, 0x000000008e600000|  0%| F|  |TAMS 0x000000008e500000, 0x000000008e500000| Untracked 
| 230|0x000000008e600000, 0x000000008e600000, 0x000000008e700000|  0%| F|  |TAMS 0x000000008e600000, 0x000000008e600000| Untracked 
| 231|0x000000008e700000, 0x000000008e700000, 0x000000008e800000|  0%| F|  |TAMS 0x000000008e700000, 0x000000008e700000| Untracked 
| 232|0x000000008e800000, 0x000000008e800000, 0x000000008e900000|  0%| F|  |TAMS 0x000000008e800000, 0x000000008e800000| Untracked 
| 233|0x000000008e900000, 0x000000008e900000, 0x000000008ea00000|  0%| F|  |TAMS 0x000000008e900000, 0x000000008e900000| Untracked 
| 234|0x000000008ea00000, 0x000000008ea00000, 0x000000008eb00000|  0%| F|  |TAMS 0x000000008ea00000, 0x000000008ea00000| Untracked 
| 235|0x000000008eb00000, 0x000000008eb00000, 0x000000008ec00000|  0%| F|  |TAMS 0x000000008eb00000, 0x000000008eb00000| Untracked 
| 236|0x000000008ec00000, 0x000000008ec00000, 0x000000008ed00000|  0%| F|  |TAMS 0x000000008ec00000, 0x000000008ec00000| Untracked 
| 237|0x000000008ed00000, 0x000000008ed00000, 0x000000008ee00000|  0%| F|  |TAMS 0x000000008ed00000, 0x000000008ed00000| Untracked 
| 238|0x000000008ee00000, 0x000000008ee00000, 0x000000008ef00000|  0%| F|  |TAMS 0x000000008ee00000, 0x000000008ee00000| Untracked 
| 239|0x000000008ef00000, 0x000000008ef00000, 0x000000008f000000|  0%| F|  |TAMS 0x000000008ef00000, 0x000000008ef00000| Untracked 
| 240|0x000000008f000000, 0x000000008f000000, 0x000000008f100000|  0%| F|  |TAMS 0x000000008f000000, 0x000000008f000000| Untracked 
| 241|0x000000008f100000, 0x000000008f100000, 0x000000008f200000|  0%| F|  |TAMS 0x000000008f100000, 0x000000008f100000| Untracked 
| 242|0x000000008f200000, 0x000000008f200000, 0x000000008f300000|  0%| F|  |TAMS 0x000000008f200000, 0x000000008f200000| Untracked 
| 243|0x000000008f300000, 0x000000008f300000, 0x000000008f400000|  0%| F|  |TAMS 0x000000008f300000, 0x000000008f300000| Untracked 
| 244|0x000000008f400000, 0x000000008f400000, 0x000000008f500000|  0%| F|  |TAMS 0x000000008f400000, 0x000000008f400000| Untracked 
| 245|0x000000008f500000, 0x000000008f500000, 0x000000008f600000|  0%| F|  |TAMS 0x000000008f500000, 0x000000008f500000| Untracked 
| 246|0x000000008f600000, 0x000000008f600000, 0x000000008f700000|  0%| F|  |TAMS 0x000000008f600000, 0x000000008f600000| Untracked 
| 247|0x000000008f700000, 0x000000008f700000, 0x000000008f800000|  0%| F|  |TAMS 0x000000008f700000, 0x000000008f700000| Untracked 
| 248|0x000000008f800000, 0x000000008f800000, 0x000000008f900000|  0%| F|  |TAMS 0x000000008f800000, 0x000000008f800000| Untracked 
| 249|0x000000008f900000, 0x000000008f900000, 0x000000008fa00000|  0%| F|  |TAMS 0x000000008f900000, 0x000000008f900000| Untracked 
| 250|0x000000008fa00000, 0x000000008fa00000, 0x000000008fb00000|  0%| F|  |TAMS 0x000000008fa00000, 0x000000008fa00000| Untracked 
| 251|0x000000008fb00000, 0x000000008fb00000, 0x000000008fc00000|  0%| F|  |TAMS 0x000000008fb00000, 0x000000008fb00000| Untracked 
| 252|0x000000008fc00000, 0x000000008fc00000, 0x000000008fd00000|  0%| F|  |TAMS 0x000000008fc00000, 0x000000008fc00000| Untracked 
| 253|0x000000008fd00000, 0x000000008fd00000, 0x000000008fe00000|  0%| F|  |TAMS 0x000000008fd00000, 0x000000008fd00000| Untracked 
| 254|0x000000008fe00000, 0x000000008fe00000, 0x000000008ff00000|  0%| F|  |TAMS 0x000000008fe00000, 0x000000008fe00000| Untracked 
| 255|0x000000008ff00000, 0x000000008ff00000, 0x0000000090000000|  0%| F|  |TAMS 0x000000008ff00000, 0x000000008ff00000| Untracked 
| 256|0x0000000090000000, 0x0000000090000000, 0x0000000090100000|  0%| F|  |TAMS 0x0000000090000000, 0x0000000090000000| Untracked 
| 257|0x0000000090100000, 0x0000000090100000, 0x0000000090200000|  0%| F|  |TAMS 0x0000000090100000, 0x0000000090100000| Untracked 
| 258|0x0000000090200000, 0x0000000090200000, 0x0000000090300000|  0%| F|  |TAMS 0x0000000090200000, 0x0000000090200000| Untracked 
| 259|0x0000000090300000, 0x0000000090300000, 0x0000000090400000|  0%| F|  |TAMS 0x0000000090300000, 0x0000000090300000| Untracked 
| 260|0x0000000090400000, 0x0000000090400000, 0x0000000090500000|  0%| F|  |TAMS 0x0000000090400000, 0x0000000090400000| Untracked 
| 261|0x0000000090500000, 0x0000000090500000, 0x0000000090600000|  0%| F|  |TAMS 0x0000000090500000, 0x0000000090500000| Untracked 
| 262|0x0000000090600000, 0x0000000090600000, 0x0000000090700000|  0%| F|  |TAMS 0x0000000090600000, 0x0000000090600000| Untracked 
| 263|0x0000000090700000, 0x0000000090700000, 0x0000000090800000|  0%| F|  |TAMS 0x0000000090700000, 0x0000000090700000| Untracked 
| 264|0x0000000090800000, 0x0000000090800000, 0x0000000090900000|  0%| F|  |TAMS 0x0000000090800000, 0x0000000090800000| Untracked 
| 265|0x0000000090900000, 0x0000000090900000, 0x0000000090a00000|  0%| F|  |TAMS 0x0000000090900000, 0x0000000090900000| Untracked 
| 266|0x0000000090a00000, 0x0000000090a00000, 0x0000000090b00000|  0%| F|  |TAMS 0x0000000090a00000, 0x0000000090a00000| Untracked 
| 267|0x0000000090b00000, 0x0000000090b00000, 0x0000000090c00000|  0%| F|  |TAMS 0x0000000090b00000, 0x0000000090b00000| Untracked 
| 268|0x0000000090c00000, 0x0000000090c00000, 0x0000000090d00000|  0%| F|  |TAMS 0x0000000090c00000, 0x0000000090c00000| Untracked 
| 269|0x0000000090d00000, 0x0000000090d00000, 0x0000000090e00000|  0%| F|  |TAMS 0x0000000090d00000, 0x0000000090d00000| Untracked 
| 270|0x0000000090e00000, 0x0000000090e00000, 0x0000000090f00000|  0%| F|  |TAMS 0x0000000090e00000, 0x0000000090e00000| Untracked 
| 271|0x0000000090f00000, 0x0000000090f00000, 0x0000000091000000|  0%| F|  |TAMS 0x0000000090f00000, 0x0000000090f00000| Untracked 
| 272|0x0000000091000000, 0x0000000091000000, 0x0000000091100000|  0%| F|  |TAMS 0x0000000091000000, 0x0000000091000000| Untracked 
| 273|0x0000000091100000, 0x0000000091100000, 0x0000000091200000|  0%| F|  |TAMS 0x0000000091100000, 0x0000000091100000| Untracked 
| 274|0x0000000091200000, 0x0000000091200000, 0x0000000091300000|  0%| F|  |TAMS 0x0000000091200000, 0x0000000091200000| Untracked 
| 275|0x0000000091300000, 0x0000000091300000, 0x0000000091400000|  0%| F|  |TAMS 0x0000000091300000, 0x0000000091300000| Untracked 
| 276|0x0000000091400000, 0x0000000091400000, 0x0000000091500000|  0%| F|  |TAMS 0x0000000091400000, 0x0000000091400000| Untracked 
| 277|0x0000000091500000, 0x000000009155c5c8, 0x0000000091600000| 36%| E|  |TAMS 0x0000000091500000, 0x0000000091500000| Complete 
| 278|0x0000000091600000, 0x0000000091700000, 0x0000000091700000|100%| E|CS|TAMS 0x0000000091600000, 0x0000000091600000| Complete 
| 279|0x0000000091700000, 0x0000000091800000, 0x0000000091800000|100%| E|CS|TAMS 0x0000000091700000, 0x0000000091700000| Complete 
| 280|0x0000000091800000, 0x0000000091900000, 0x0000000091900000|100%| E|CS|TAMS 0x0000000091800000, 0x0000000091800000| Complete 
| 281|0x0000000091900000, 0x0000000091a00000, 0x0000000091a00000|100%| E|CS|TAMS 0x0000000091900000, 0x0000000091900000| Complete 
| 282|0x0000000091a00000, 0x0000000091b00000, 0x0000000091b00000|100%| E|CS|TAMS 0x0000000091a00000, 0x0000000091a00000| Complete 
| 283|0x0000000091b00000, 0x0000000091c00000, 0x0000000091c00000|100%| E|CS|TAMS 0x0000000091b00000, 0x0000000091b00000| Complete 
| 284|0x0000000091c00000, 0x0000000091d00000, 0x0000000091d00000|100%| E|CS|TAMS 0x0000000091c00000, 0x0000000091c00000| Complete 
| 285|0x0000000091d00000, 0x0000000091e00000, 0x0000000091e00000|100%| E|CS|TAMS 0x0000000091d00000, 0x0000000091d00000| Complete 
| 286|0x0000000091e00000, 0x0000000091f00000, 0x0000000091f00000|100%| E|CS|TAMS 0x0000000091e00000, 0x0000000091e00000| Complete 
| 287|0x0000000091f00000, 0x0000000092000000, 0x0000000092000000|100%| E|CS|TAMS 0x0000000091f00000, 0x0000000091f00000| Complete 

Card table byte_map: [0x00000141af250000,0x00000141af650000] _byte_map_base: 0x00000141aee50000

Marking Bits (Prev, Next): (CMBitMap*) 0x000001419a58ac90, (CMBitMap*) 0x000001419a58ac58
 Prev Bits: [0x00000141b1a50000, 0x00000141b3a50000)
 Next Bits: [0x00000141afa50000, 0x00000141b1a50000)

Polling page: 0x000001419a3c0000

Metaspace:

Usage:
  Non-class:     84.67 MB capacity,    83.34 MB ( 98%) used,     1.07 MB (  1%) free+waste,   269.88 KB ( <1%) overhead. 
      Class:     12.81 MB capacity,    11.99 MB ( 94%) used,   723.72 KB (  6%) free+waste,   118.50 KB ( <1%) overhead. 
       Both:     97.48 MB capacity,    95.32 MB ( 98%) used,     1.77 MB (  2%) free+waste,   388.38 KB ( <1%) overhead. 

Virtual space:
  Non-class space:       86.00 MB reserved,      84.90 MB ( 99%) committed 
      Class space:        1.00 GB reserved,      12.88 MB (  1%) committed 
             Both:        1.08 GB reserved,      97.78 MB (  9%) committed 

Chunk freelists:
   Non-Class:  48.00 KB
       Class:  4.00 KB
        Both:  52.00 KB

MaxMetaspaceSize: 17179869184.00 GB
CompressedClassSpaceSize: 1.00 GB

CodeHeap 'non-profiled nmethods': size=120064Kb used=7783Kb max_used=7783Kb free=112280Kb
 bounds [0x00000141a72f0000, 0x00000141a7a90000, 0x00000141ae830000]
CodeHeap 'profiled nmethods': size=120000Kb used=30531Kb max_used=30531Kb free=89468Kb
 bounds [0x000001419fdc0000, 0x00000141a1ba0000, 0x00000141a72f0000]
CodeHeap 'non-nmethods': size=5696Kb used=2311Kb max_used=2349Kb free=3384Kb
 bounds [0x000001419f830000, 0x000001419faa0000, 0x000001419fdc0000]
 total_blobs=14767 nmethods=13844 adapters=834
 compilation: enabled
              stopped_count=0, restarted_count=0
 full_count=0

Compilation events (20 events):
Event: 95.491 Thread 0x00000141b60c5000 nmethod 14045 0x00000141a1b86210 code [0x00000141a1b863e0, 0x00000141a1b865c8]
Event: 95.499 Thread 0x00000141b60c3800 14046       4       com.android.builder.symbols.BytecodeRClassWriterKt::generateResourceTypeClass (725 bytes)
Event: 95.527 Thread 0x00000141b60c5000 14048       3       java.util.RegularEnumSet$EnumSetIterator::next (5 bytes)
Event: 95.528 Thread 0x00000141b60c5000 nmethod 14048 0x00000141a1b86710 code [0x00000141a1b868c0, 0x00000141a1b86a08]
Event: 95.551 Thread 0x00000141b60c5000 14049       3       org.objectweb.asm.ClassWriter::<init> (7 bytes)
Event: 95.551 Thread 0x00000141b60c5000 nmethod 14049 0x00000141a1b86a90 code [0x00000141a1b86c40, 0x00000141a1b86d88]
Event: 95.551 Thread 0x00000141b60c5000 14050       3       org.objectweb.asm.ClassVisitor::<init> (94 bytes)
Event: 95.552 Thread 0x00000141b60c5000 nmethod 14050 0x00000141a1b86e10 code [0x00000141a1b870a0, 0x00000141a1b87bc8]
Event: 95.552 Thread 0x00000141b60c5000 14051       3       org.objectweb.asm.SymbolTable::<init> (41 bytes)
Event: 95.552 Thread 0x00000141b60c5000 nmethod 14051 0x00000141a1b87f10 code [0x00000141a1b88100, 0x00000141a1b88658]
Event: 95.606 Thread 0x00000141b60c5000 14053       3       com.android.zipflinger.CentralDirectoryRecord::getSize (27 bytes)
Event: 95.607 Thread 0x00000141b60c5000 nmethod 14053 0x00000141a1b88790 code [0x00000141a1b88940, 0x00000141a1b88ab8]
Event: 95.610 Thread 0x00000141b60c5000 14054       3       java.nio.ByteBuffer::put (9 bytes)
Event: 95.610 Thread 0x00000141b60c5000 nmethod 14054 0x00000141a1b88b90 code [0x00000141a1b88d40, 0x00000141a1b88f08]
Event: 95.610 Thread 0x00000141b60c5000 14055       3       java.nio.HeapByteBuffer::put (59 bytes)
Event: 95.611 Thread 0x00000141b60c5000 nmethod 14055 0x00000141a1b89010 code [0x00000141a1b89220, 0x00000141a1b897f8]
Event: 95.613 Thread 0x00000141b60c5000 14056       3       com.android.zipflinger.CentralDirectoryRecord::write (234 bytes)
Event: 95.618 Thread 0x00000141b60c5000 nmethod 14056 0x00000141a1b89a90 code [0x00000141a1b89e60, 0x00000141a1b8b7c8]
Event: 95.618 Thread 0x00000141b60c5000 14057       3       com.android.zipflinger.CentralDirectoryRecord::buildExtraField (77 bytes)
Event: 95.619 Thread 0x00000141b60c5000 nmethod 14057 0x00000141a1b8bf10 code [0x00000141a1b8c180, 0x00000141a1b8ccc8]

GC Heap History (20 events):
Event: 30.822 GC heap before
{Heap before GC invocations=48 (full 0):
 garbage-first heap   total 157696K, used 111599K [0x0000000080000000, 0x0000000100000000)
  region size 1024K, 46 young (47104K), 4 survivors (4096K)
 Metaspace       used 81101K, capacity 82893K, committed 83100K, reserved 1122304K
  class space    used 10526K, capacity 11217K, committed 11264K, reserved 1048576K
}
Event: 30.840 GC heap after
{Heap after GC invocations=49 (full 0):
 garbage-first heap   total 157696K, used 71506K [0x0000000080000000, 0x0000000100000000)
  region size 1024K, 6 young (6144K), 6 survivors (6144K)
 Metaspace       used 81101K, capacity 82893K, committed 83100K, reserved 1122304K
  class space    used 10526K, capacity 11217K, committed 11264K, reserved 1048576K
}
Event: 34.402 GC heap before
{Heap before GC invocations=49 (full 0):
 garbage-first heap   total 157696K, used 126802K [0x0000000080000000, 0x0000000100000000)
  region size 1024K, 60 young (61440K), 6 survivors (6144K)
 Metaspace       used 84361K, capacity 86402K, committed 86556K, reserved 1124352K
  class space    used 11018K, capacity 11800K, committed 11904K, reserved 1048576K
}
Event: 34.466 GC heap after
{Heap after GC invocations=50 (full 0):
 garbage-first heap   total 157696K, used 75395K [0x0000000080000000, 0x0000000100000000)
  region size 1024K, 8 young (8192K), 8 survivors (8192K)
 Metaspace       used 84361K, capacity 86402K, committed 86556K, reserved 1124352K
  class space    used 11018K, capacity 11800K, committed 11904K, reserved 1048576K
}
Event: 36.902 GC heap before
{Heap before GC invocations=50 (full 0):
 garbage-first heap   total 157696K, used 125571K [0x0000000080000000, 0x0000000100000000)
  region size 1024K, 58 young (59392K), 8 survivors (8192K)
 Metaspace       used 84723K, capacity 86721K, committed 87068K, reserved 1124352K
  class space    used 11025K, capacity 11810K, committed 11904K, reserved 1048576K
}
Event: 36.952 GC heap after
{Heap after GC invocations=51 (full 0):
 garbage-first heap   total 157696K, used 78813K [0x0000000080000000, 0x0000000100000000)
  region size 1024K, 8 young (8192K), 8 survivors (8192K)
 Metaspace       used 84723K, capacity 86721K, committed 87068K, reserved 1124352K
  class space    used 11025K, capacity 11810K, committed 11904K, reserved 1048576K
}
Event: 37.445 GC heap before
{Heap before GC invocations=51 (full 0):
 garbage-first heap   total 157696K, used 87005K [0x0000000080000000, 0x0000000100000000)
  region size 1024K, 18 young (18432K), 8 survivors (8192K)
 Metaspace       used 85654K, capacity 87655K, committed 87836K, reserved 1126400K
  class space    used 11099K, capacity 11886K, committed 11904K, reserved 1048576K
}
Event: 37.485 GC heap after
{Heap after GC invocations=52 (full 0):
 garbage-first heap   total 195584K, used 79493K [0x0000000080000000, 0x0000000100000000)
  region size 1024K, 4 young (4096K), 4 survivors (4096K)
 Metaspace       used 85654K, capacity 87655K, committed 87836K, reserved 1126400K
  class space    used 11099K, capacity 11886K, committed 11904K, reserved 1048576K
}
Event: 39.581 GC heap before
{Heap before GC invocations=53 (full 0):
 garbage-first heap   total 195584K, used 136837K [0x0000000080000000, 0x0000000100000000)
  region size 1024K, 50 young (51200K), 4 survivors (4096K)
 Metaspace       used 86743K, capacity 88672K, committed 88732K, reserved 1126400K
  class space    used 11208K, capacity 11990K, committed 12032K, reserved 1048576K
}
Event: 39.725 GC heap after
{Heap after GC invocations=54 (full 0):
 garbage-first heap   total 195584K, used 102933K [0x0000000080000000, 0x0000000100000000)
  region size 1024K, 9 young (9216K), 9 survivors (9216K)
 Metaspace       used 86743K, capacity 88672K, committed 88732K, reserved 1126400K
  class space    used 11208K, capacity 11990K, committed 12032K, reserved 1048576K
}
Event: 45.532 GC heap before
{Heap before GC invocations=55 (full 0):
 garbage-first heap   total 195584K, used 155157K [0x0000000080000000, 0x0000000100000000)
  region size 1024K, 53 young (54272K), 9 survivors (9216K)
 Metaspace       used 90657K, capacity 92665K, committed 92828K, reserved 1130496K
  class space    used 11610K, capacity 12423K, committed 12544K, reserved 1048576K
}
Event: 45.648 GC heap after
{Heap after GC invocations=56 (full 0):
 garbage-first heap   total 195584K, used 101774K [0x0000000080000000, 0x0000000100000000)
  region size 1024K, 3 young (3072K), 3 survivors (3072K)
 Metaspace       used 90657K, capacity 92665K, committed 92828K, reserved 1130496K
  class space    used 11610K, capacity 12423K, committed 12544K, reserved 1048576K
}
Event: 48.812 GC heap before
{Heap before GC invocations=56 (full 0):
 garbage-first heap   total 195584K, used 148878K [0x0000000080000000, 0x0000000100000000)
  region size 1024K, 49 young (50176K), 3 survivors (3072K)
 Metaspace       used 93958K, capacity 95966K, committed 96284K, reserved 1132544K
  class space    used 12037K, capacity 12817K, committed 12928K, reserved 1048576K
}
Event: 48.902 GC heap after
{Heap after GC invocations=57 (full 0):
 garbage-first heap   total 195584K, used 102029K [0x0000000080000000, 0x0000000100000000)
  region size 1024K, 3 young (3072K), 3 survivors (3072K)
 Metaspace       used 93958K, capacity 95966K, committed 96284K, reserved 1132544K
  class space    used 12037K, capacity 12817K, committed 12928K, reserved 1048576K
}
Event: 56.498 GC heap before
{Heap before GC invocations=58 (full 0):
 garbage-first heap   total 195584K, used 135821K [0x0000000080000000, 0x0000000100000000)
  region size 1024K, 52 young (53248K), 3 survivors (3072K)
 Metaspace       used 95054K, capacity 97187K, committed 97436K, reserved 1134592K
  class space    used 12125K, capacity 12934K, committed 13056K, reserved 1048576K
}
Event: 56.600 GC heap after
{Heap after GC invocations=59 (full 0):
 garbage-first heap   total 294912K, used 89815K [0x0000000080000000, 0x0000000100000000)
  region size 1024K, 6 young (6144K), 6 survivors (6144K)
 Metaspace       used 95054K, capacity 97187K, committed 97436K, reserved 1134592K
  class space    used 12125K, capacity 12934K, committed 13056K, reserved 1048576K
}
Event: 66.657 GC heap before
{Heap before GC invocations=59 (full 0):
 garbage-first heap   total 294912K, used 160471K [0x0000000080000000, 0x0000000100000000)
  region size 1024K, 76 young (77824K), 6 survivors (6144K)
 Metaspace       used 96277K, capacity 98482K, committed 98716K, reserved 1134592K
  class space    used 12207K, capacity 13032K, committed 13056K, reserved 1048576K
}
Event: 66.733 GC heap after
{Heap after GC invocations=60 (full 0):
 garbage-first heap   total 294912K, used 92733K [0x0000000080000000, 0x0000000100000000)
  region size 1024K, 7 young (7168K), 7 survivors (7168K)
 Metaspace       used 96277K, capacity 98482K, committed 98716K, reserved 1134592K
  class space    used 12207K, capacity 13032K, committed 13056K, reserved 1048576K
}
Event: 94.662 GC heap before
{Heap before GC invocations=60 (full 0):
 garbage-first heap   total 294912K, used 174653K [0x0000000080000000, 0x0000000100000000)
  region size 1024K, 88 young (90112K), 7 survivors (7168K)
 Metaspace       used 97554K, capacity 99752K, committed 99868K, reserved 1136640K
  class space    used 12272K, capacity 13116K, committed 13184K, reserved 1048576K
}
Event: 95.116 GC heap after
{Heap after GC invocations=61 (full 0):
 garbage-first heap   total 294912K, used 100864K [0x0000000080000000, 0x0000000100000000)
  region size 1024K, 11 young (11264K), 11 survivors (11264K)
 Metaspace       used 97554K, capacity 99752K, committed 99868K, reserved 1136640K
  class space    used 12272K, capacity 13116K, committed 13184K, reserved 1048576K
}

Deoptimization events (20 events):
Event: 92.082 Thread 0x00000141b960c000 Uncommon trap: trap_request=0xffffffc6 fr.pc=0x00000141a7a4c000 relative=0x0000000000000580
Event: 92.082 Thread 0x00000141b960c000 Uncommon trap: reason=bimorphic_or_optimized_type_check action=maybe_recompile pc=0x00000141a7a4c000 method=com.google.common.base.Equivalence$Equals.doHash(Ljava/lang/Object;)I @ 1 c2
Event: 92.082 Thread 0x00000141b960c000 DEOPT PACKING pc=0x00000141a7a4c000 sp=0x0000003a20cfd570
Event: 92.087 Thread 0x00000141b960c000 DEOPT UNPACKING pc=0x000001419f85662f sp=0x0000003a20cfd510 mode 2
Event: 92.094 Thread 0x00000141b960c000 Uncommon trap: trap_request=0xffffffc6 fr.pc=0x00000141a7a4c000 relative=0x0000000000000580
Event: 92.094 Thread 0x00000141b960c000 Uncommon trap: reason=bimorphic_or_optimized_type_check action=maybe_recompile pc=0x00000141a7a4c000 method=com.google.common.base.Equivalence$Equals.doHash(Ljava/lang/Object;)I @ 1 c2
Event: 92.094 Thread 0x00000141b960c000 DEOPT PACKING pc=0x00000141a7a4c000 sp=0x0000003a20cfd570
Event: 92.094 Thread 0x00000141b960c000 DEOPT UNPACKING pc=0x000001419f85662f sp=0x0000003a20cfd510 mode 2
Event: 92.094 Thread 0x00000141b960c000 Uncommon trap: trap_request=0xffffffc6 fr.pc=0x00000141a7a4c000 relative=0x0000000000000580
Event: 92.094 Thread 0x00000141b960c000 Uncommon trap: reason=bimorphic_or_optimized_type_check action=maybe_recompile pc=0x00000141a7a4c000 method=com.google.common.base.Equivalence$Equals.doHash(Ljava/lang/Object;)I @ 1 c2
Event: 92.094 Thread 0x00000141b960c000 DEOPT PACKING pc=0x00000141a7a4c000 sp=0x0000003a20cfd570
Event: 92.094 Thread 0x00000141b960c000 DEOPT UNPACKING pc=0x000001419f85662f sp=0x0000003a20cfd510 mode 2
Event: 94.257 Thread 0x00000141b960c000 Uncommon trap: trap_request=0xffffff4d fr.pc=0x00000141a7a67f48 relative=0x0000000000000768
Event: 94.257 Thread 0x00000141b960c000 Uncommon trap: reason=unstable_if action=reinterpret pc=0x00000141a7a67f48 method=com.android.ide.common.symbols.Symbol$Companion.normalSymbol(Lcom/android/resources/ResourceType;Ljava/lang/String;ILcom/android/resources/ResourceVisibility;Ljava/lang/Stri
Event: 94.257 Thread 0x00000141b960c000 DEOPT PACKING pc=0x00000141a7a67f48 sp=0x0000003a20cfd850
Event: 94.257 Thread 0x00000141b960c000 DEOPT UNPACKING pc=0x000001419f85662f sp=0x0000003a20cfd800 mode 2
Event: 94.265 Thread 0x00000141b960c000 Uncommon trap: trap_request=0xffffff4d fr.pc=0x00000141a7a6b754 relative=0x0000000000000194
Event: 94.265 Thread 0x00000141b960c000 Uncommon trap: reason=unstable_if action=reinterpret pc=0x00000141a7a6b754 method=com.google.common.collect.ImmutableMap.copyOf(Ljava/util/Map;)Lcom/google/common/collect/ImmutableMap; @ 4 c2
Event: 94.265 Thread 0x00000141b960c000 DEOPT PACKING pc=0x00000141a7a6b754 sp=0x0000003a20cfd870
Event: 94.265 Thread 0x00000141b960c000 DEOPT UNPACKING pc=0x000001419f85662f sp=0x0000003a20cfd828 mode 2

Classes redefined (0 events):
No events

Internal exceptions (20 events):
Event: 58.651 Thread 0x00000141bb4ff800 Exception <a 'sun/nio/fs/WindowsException'{0x00000000908133a8}> (0x00000000908133a8) thrown at [./src/hotspot/share/prims/jni.cpp, line 615]
Event: 58.663 Thread 0x00000141bb504000 Exception <a 'sun/nio/fs/WindowsException'{0x0000000090882d18}> (0x0000000090882d18) thrown at [./src/hotspot/share/prims/jni.cpp, line 615]
Event: 59.665 Thread 0x00000141b6c9a800 Exception <a 'java/lang/NoSuchMethodError'{0x000000008f9affb8}: <clinit>> (0x000000008f9affb8) thrown at [./src/hotspot/share/prims/jni.cpp, line 1362]
Event: 59.707 Thread 0x00000141b6c9a800 Exception <a 'java/lang/NoSuchMethodError'{0x000000008f9cb030}: <clinit>> (0x000000008f9cb030) thrown at [./src/hotspot/share/prims/jni.cpp, line 1362]
Event: 61.274 Thread 0x00000141b960e800 Exception <a 'java/lang/NoSuchMethodError'{0x00000000918614a0}: <clinit>> (0x00000000918614a0) thrown at [./src/hotspot/share/prims/jni.cpp, line 1362]
Event: 61.275 Thread 0x00000141b960e800 Exception <a 'java/lang/NoSuchMethodError'{0x0000000091862a90}: <clinit>> (0x0000000091862a90) thrown at [./src/hotspot/share/prims/jni.cpp, line 1362]
Event: 61.276 Thread 0x00000141b960e800 Exception <a 'java/lang/NoSuchMethodError'{0x0000000091864c30}: <clinit>> (0x0000000091864c30) thrown at [./src/hotspot/share/prims/jni.cpp, line 1362]
Event: 61.280 Thread 0x00000141b960e800 Exception <a 'java/lang/NoSuchMethodError'{0x000000009187bb78}: <clinit>> (0x000000009187bb78) thrown at [./src/hotspot/share/prims/jni.cpp, line 1362]
Event: 61.280 Thread 0x00000141b960e800 Exception <a 'java/lang/NoSuchMethodError'{0x000000009187d058}: <clinit>> (0x000000009187d058) thrown at [./src/hotspot/share/prims/jni.cpp, line 1362]
Event: 64.308 Thread 0x00000141bb4fa000 Exception <a 'java/lang/NoSuchMethodError'{0x000000008e28f740}: 'void java.lang.invoke.DirectMethodHandle$Holder.invokeStatic(java.lang.Object, long)'> (0x000000008e28f740) thrown at [./src/hotspot/share/interpreter/linkResolver.cpp, line 773]
Event: 64.447 Thread 0x00000141bb4fa000 Exception <a 'java/lang/NoSuchMethodError'{0x000000008e295150}: 'java.lang.Object java.lang.invoke.DirectMethodHandle$Holder.invokeStatic(java.lang.Object, long)'> (0x000000008e295150) thrown at [./src/hotspot/share/interpreter/linkResolver.cpp, line 773]
Event: 64.464 Thread 0x00000141bb4fa000 Exception <a 'java/lang/NoSuchMethodError'{0x000000008e14b9e8}: 'java.lang.Object java.lang.invoke.DirectMethodHandle$Holder.invokeStaticInit(java.lang.Object, java.lang.Object, long, java.lang.Object)'> (0x000000008e14b9e8) thrown at [./src/hotspot/share/interpreter/linkResolver.cpp, line 773]
Event: 64.467 Thread 0x00000141bb4fa000 Exception <a 'java/lang/NoSuchMethodError'{0x000000008e1523e0}: 'java.lang.Object java.lang.invoke.DirectMethodHandle$Holder.invokeStatic(java.lang.Object, java.lang.Object, long)'> (0x000000008e1523e0) thrown at [./src/hotspot/share/interpreter/linkResolver.cpp, line 773]
Event: 64.468 Thread 0x00000141bb4fa000 Exception <a 'java/lang/NoSuchMethodError'{0x000000008e158ea8}: 'java.lang.Object java.lang.invoke.Invokers$Holder.linkToTargetMethod(java.lang.Object, long, java.lang.Object)'> (0x000000008e158ea8) thrown at [./src/hotspot/share/interpreter/linkResolver.cpp, line 773]
Event: 78.377 Thread 0x00000141b960e800 Exception <a 'java/lang/NoSuchMethodError'{0x000000008ef11a60}: <clinit>> (0x000000008ef11a60) thrown at [./src/hotspot/share/prims/jni.cpp, line 1362]
Event: 78.411 Thread 0x00000141b960e800 Exception <a 'java/lang/NoSuchMethodError'{0x000000008ef462e0}: <clinit>> (0x000000008ef462e0) thrown at [./src/hotspot/share/prims/jni.cpp, line 1362]
Event: 78.424 Thread 0x00000141b960e800 Exception <a 'java/lang/NoSuchMethodError'{0x000000008ef58e38}: <clinit>> (0x000000008ef58e38) thrown at [./src/hotspot/share/prims/jni.cpp, line 1362]
Event: 79.480 Thread 0x00000141b960c000 Exception <a 'java/lang/NoSuchMethodError'{0x000000008ecaa6a0}: 'int java.lang.invoke.DirectMethodHandle$Holder.invokeSpecialIFC(java.lang.Object, java.lang.Object, java.lang.Object)'> (0x000000008ecaa6a0) thrown at [./src/hotspot/share/interpreter/linkResolver.cpp, line 773]
Event: 94.471 Thread 0x00000141b960c000 Exception <a 'sun/nio/fs/WindowsException'{0x000000008cc8b590}> (0x000000008cc8b590) thrown at [./src/hotspot/share/prims/jni.cpp, line 615]
Event: 94.476 Thread 0x00000141b960c000 Exception <a 'sun/nio/fs/WindowsException'{0x000000008cc8b678}> (0x000000008cc8b678) thrown at [./src/hotspot/share/prims/jni.cpp, line 615]

Events (20 events):
Event: 94.538 loading class com/android/zipflinger/Source
Event: 94.538 loading class com/android/zipflinger/Source done
Event: 94.540 loading class com/android/zipflinger/StreamSource
Event: 94.540 loading class com/android/zipflinger/StreamSource done
Event: 94.543 loading class com/android/zipflinger/LargeFileSource
Event: 94.543 loading class com/android/zipflinger/LargeFileSource done
Event: 94.550 loading class com/android/zipflinger/BytesSource
Event: 94.550 loading class com/android/zipflinger/BytesSource done
Event: 94.566 loading class com/android/zipflinger/Ints
Event: 94.566 loading class com/android/zipflinger/Ints done
Event: 94.568 loading class com/android/zipflinger/LocalFileHeader
Event: 94.568 loading class com/android/zipflinger/LocalFileHeader done
Event: 94.574 loading class com/android/zipflinger/CentralDirectoryRecord
Event: 94.574 loading class com/android/zipflinger/CentralDirectoryRecord done
Event: 94.660 Executing VM operation: G1CollectForAllocation
Event: 95.116 Executing VM operation: G1CollectForAllocation done
Event: 95.615 loading class com/android/zipflinger/Zip64
Event: 95.615 loading class com/android/zipflinger/Zip64 done
Event: 95.642 loading class com/android/zipflinger/EndOfCentralDirectory
Event: 95.642 loading class com/android/zipflinger/EndOfCentralDirectory done


Dynamic libraries:
0x00007ff694310000 - 0x00007ff69431a000 	C:\Program Files\Android\Android Studio\jre\bin\java.exe
0x00007ffcc6570000 - 0x00007ffcc6768000 	C:\WINDOWS\SYSTEM32\ntdll.dll
0x00007ffcc59c0000 - 0x00007ffcc5a7d000 	C:\WINDOWS\System32\KERNEL32.DLL
0x00007ffcc3f80000 - 0x00007ffcc424e000 	C:\WINDOWS\System32\KERNELBASE.dll
0x00007ffcc43b0000 - 0x00007ffcc44b0000 	C:\WINDOWS\System32\ucrtbase.dll
0x00007ffcbf020000 - 0x00007ffcbf039000 	C:\Program Files\Android\Android Studio\jre\bin\jli.dll
0x00007ffcc5c90000 - 0x00007ffcc5e30000 	C:\WINDOWS\System32\USER32.dll
0x00007ffcc3d20000 - 0x00007ffcc3d42000 	C:\WINDOWS\System32\win32u.dll
0x00007ffcc6030000 - 0x00007ffcc605a000 	C:\WINDOWS\System32\GDI32.dll
0x00007ffcc3dd0000 - 0x00007ffcc3edb000 	C:\WINDOWS\System32\gdi32full.dll
0x00007ffcc3ee0000 - 0x00007ffcc3f7d000 	C:\WINDOWS\System32\msvcp_win.dll
0x00007ffcbec60000 - 0x00007ffcbec77000 	C:\Program Files\Android\Android Studio\jre\bin\VCRUNTIME140.dll
0x00007ffc9f660000 - 0x00007ffc9f8fa000 	C:\WINDOWS\WinSxS\amd64_microsoft.windows.common-controls_6595b64144ccf1df_6.0.19041.1110_none_60b5254171f9507e\COMCTL32.dll
0x00007ffcc5bf0000 - 0x00007ffcc5c8e000 	C:\WINDOWS\System32\msvcrt.dll
0x00007ffcc5990000 - 0x00007ffcc59c0000 	C:\WINDOWS\System32\IMM32.DLL
0x00007ffcb3480000 - 0x00007ffcb351d000 	C:\Program Files\Android\Android Studio\jre\bin\msvcp140.dll
0x00007ffc3e540000 - 0x00007ffc3f015000 	C:\Program Files\Android\Android Studio\jre\bin\server\jvm.dll
0x00007ffcc45d0000 - 0x00007ffcc467e000 	C:\WINDOWS\System32\ADVAPI32.dll
0x00007ffcc5750000 - 0x00007ffcc57ec000 	C:\WINDOWS\System32\sechost.dll
0x00007ffcc5e90000 - 0x00007ffcc5fb5000 	C:\WINDOWS\System32\RPCRT4.dll
0x00007ffcc5be0000 - 0x00007ffcc5be8000 	C:\WINDOWS\System32\PSAPI.DLL
0x00007ffca31e0000 - 0x00007ffca31e9000 	C:\WINDOWS\SYSTEM32\WSOCK32.dll
0x00007ffcc5fc0000 - 0x00007ffcc602b000 	C:\WINDOWS\System32\WS2_32.dll
0x00007ffca5f30000 - 0x00007ffca5f57000 	C:\WINDOWS\SYSTEM32\WINMM.dll
0x00007ffcbeaa0000 - 0x00007ffcbeaaa000 	C:\WINDOWS\SYSTEM32\VERSION.dll
0x00007ffcc1b80000 - 0x00007ffcc1b92000 	C:\WINDOWS\SYSTEM32\kernel.appcore.dll
0x00007ffcb2a00000 - 0x00007ffcb2a11000 	C:\Program Files\Android\Android Studio\jre\bin\verify.dll
0x00007ffcb38b0000 - 0x00007ffcb3a94000 	C:\WINDOWS\SYSTEM32\DBGHELP.DLL
0x00007ffcb23e0000 - 0x00007ffcb240c000 	C:\WINDOWS\SYSTEM32\dbgcore.DLL
0x00007ffcc3c90000 - 0x00007ffcc3d12000 	C:\WINDOWS\System32\bcryptPrimitives.dll
0x00007ffca9360000 - 0x00007ffca9389000 	C:\Program Files\Android\Android Studio\jre\bin\java.dll
0x00007ffcbf9e0000 - 0x00007ffcbf9eb000 	C:\Program Files\Android\Android Studio\jre\bin\jimage.dll
0x00007ffca7110000 - 0x00007ffca7128000 	C:\Program Files\Android\Android Studio\jre\bin\zip.dll
0x00007ffcc4f70000 - 0x00007ffcc56b3000 	C:\WINDOWS\System32\SHELL32.dll
0x00007ffcc1d80000 - 0x00007ffcc2515000 	C:\WINDOWS\SYSTEM32\windows.storage.dll
0x00007ffcc6060000 - 0x00007ffcc63b4000 	C:\WINDOWS\System32\combase.dll
0x00007ffcc3620000 - 0x00007ffcc3650000 	C:\WINDOWS\SYSTEM32\Wldp.dll
0x00007ffcc5a80000 - 0x00007ffcc5b2d000 	C:\WINDOWS\System32\SHCORE.dll
0x00007ffcc56e0000 - 0x00007ffcc5735000 	C:\WINDOWS\System32\shlwapi.dll
0x00007ffcc3bd0000 - 0x00007ffcc3bef000 	C:\WINDOWS\SYSTEM32\profapi.dll
0x00007ffca70f0000 - 0x00007ffca710a000 	C:\Program Files\Android\Android Studio\jre\bin\net.dll
0x00007ffcb76c0000 - 0x00007ffcb77ca000 	C:\WINDOWS\SYSTEM32\WINHTTP.dll
0x00007ffcc3380000 - 0x00007ffcc33ea000 	C:\WINDOWS\system32\mswsock.dll
0x00007ffca70d0000 - 0x00007ffca70e4000 	C:\Program Files\Android\Android Studio\jre\bin\nio.dll
0x00007ffc99dd0000 - 0x00007ffc99df7000 	C:\Users\User\.gradle\native\e1d6ef7f7dcc3fd88c89a11ec53ec762bb8ba0a96d01ffa2cd45eb1d1d8dd5c5\windows-amd64\native-platform.dll
0x00007ffc88d20000 - 0x00007ffc88e64000 	C:\Users\User\.gradle\native\5664cfc778a61ccfe75a443a1ab52a65af34e5dc3c78e0209fed803814484fcb\windows-amd64\native-platform-file-events.dll
0x00007ffcbe6c0000 - 0x00007ffcbe6ca000 	C:\Program Files\Android\Android Studio\jre\bin\management.dll
0x00007ffca9350000 - 0x00007ffca935d000 	C:\Program Files\Android\Android Studio\jre\bin\management_ext.dll
0x00007ffcc3570000 - 0x00007ffcc3588000 	C:\WINDOWS\SYSTEM32\CRYPTSP.dll
0x00007ffcc2d00000 - 0x00007ffcc2d34000 	C:\WINDOWS\system32\rsaenh.dll
0x00007ffcc3d50000 - 0x00007ffcc3d77000 	C:\WINDOWS\System32\bcrypt.dll
0x00007ffcc3b50000 - 0x00007ffcc3b7e000 	C:\WINDOWS\SYSTEM32\USERENV.dll
0x00007ffcc3590000 - 0x00007ffcc359c000 	C:\WINDOWS\SYSTEM32\CRYPTBASE.dll
0x00007ffcc3070000 - 0x00007ffcc30ab000 	C:\WINDOWS\SYSTEM32\IPHLPAPI.DLL
0x00007ffcc5980000 - 0x00007ffcc5988000 	C:\WINDOWS\System32\NSI.dll
0x00007ffcbc6a0000 - 0x00007ffcbc6b7000 	C:\WINDOWS\SYSTEM32\dhcpcsvc6.DLL
0x00007ffcbc680000 - 0x00007ffcbc69d000 	C:\WINDOWS\SYSTEM32\dhcpcsvc.DLL
0x00007ffcc30c0000 - 0x00007ffcc318a000 	C:\WINDOWS\SYSTEM32\DNSAPI.dll
0x00007ffcc2990000 - 0x00007ffcc29c3000 	C:\WINDOWS\SYSTEM32\ntmarta.dll

dbghelp: loaded successfully - version: 4.0.5 - missing functions: none
symbol engine: initialized successfully - sym options: 0x614 - pdb path: .;C:\Program Files\Android\Android Studio\jre\bin;C:\WINDOWS\SYSTEM32;C:\WINDOWS\WinSxS\amd64_microsoft.windows.common-controls_6595b64144ccf1df_6.0.19041.1110_none_60b5254171f9507e;C:\Program Files\Android\Android Studio\jre\bin\server;C:\Users\User\.gradle\native\e1d6ef7f7dcc3fd88c89a11ec53ec762bb8ba0a96d01ffa2cd45eb1d1d8dd5c5\windows-amd64;C:\Users\User\.gradle\native\5664cfc778a61ccfe75a443a1ab52a65af34e5dc3c78e0209fed803814484fcb\windows-amd64

VM Arguments:
jvm_args: --add-opens=java.base/java.util=ALL-UNNAMED --add-opens=java.base/java.lang=ALL-UNNAMED --add-opens=java.base/java.lang.invoke=ALL-UNNAMED --add-opens=java.base/java.util=ALL-UNNAMED --add-opens=java.prefs/java.util.prefs=ALL-UNNAMED --add-opens=java.prefs/java.util.prefs=ALL-UNNAMED --add-opens=java.base/java.nio.charset=ALL-UNNAMED --add-opens=java.base/java.net=ALL-UNNAMED --add-opens=java.base/java.util.concurrent.atomic=ALL-UNNAMED -Xmx2048m -Dfile.encoding=UTF-8 -Duser.country=RU -Duser.language=ru -Duser.variant 
java_command: org.gradle.launcher.daemon.bootstrap.GradleDaemon 7.2
java_class_path (initial): C:\Users\User\.gradle\wrapper\dists\gradle-7.2-bin\2dnblmf4td7x66yl1d74lt32g\gradle-7.2\lib\gradle-launcher-7.2.jar
Launcher Type: SUN_STANDARD

[Global flags]
     intx CICompilerCount                          = 3                                         {product} {ergonomic}
     uint ConcGCThreads                            = 1                                         {product} {ergonomic}
     uint G1ConcRefinementThreads                  = 4                                         {product} {ergonomic}
   size_t G1HeapRegionSize                         = 1048576                                   {product} {ergonomic}
    uintx GCDrainStackTargetSize                   = 64                                        {product} {ergonomic}
   size_t InitialHeapSize                          = 67108864                                  {product} {ergonomic}
   size_t MarkStackSize                            = 4194304                                   {product} {ergonomic}
   size_t MaxHeapSize                              = 2147483648                                {product} {command line}
   size_t MaxNewSize                               = 1287651328                                {product} {ergonomic}
   size_t MinHeapDeltaBytes                        = 1048576                                   {product} {ergonomic}
    uintx NonNMethodCodeHeapSize                   = 5830732                                {pd product} {ergonomic}
    uintx NonProfiledCodeHeapSize                  = 122913754                              {pd product} {ergonomic}
    uintx ProfiledCodeHeapSize                     = 122913754                              {pd product} {ergonomic}
    uintx ReservedCodeCacheSize                    = 251658240                              {pd product} {ergonomic}
     bool SegmentedCodeCache                       = true                                      {product} {ergonomic}
     bool UseCompressedClassPointers               = true                                 {lp64_product} {ergonomic}
     bool UseCompressedOops                        = true                                 {lp64_product} {ergonomic}
     bool UseG1GC                                  = true                                      {product} {ergonomic}
     bool UseLargePagesIndividualAllocation        = false                                  {pd product} {ergonomic}

Logging:
Log output configuration:
 #0: stdout all=warning uptime,level,tags
 #1: stderr all=off uptime,level,tags

Environment Variables:
PATH=C:\Program Files (x86)\NVIDIA Corporation\PhysX\Common;C:\ProgramData\Oracle\Java\javapath;C:\WINDOWS\system32;C:\WINDOWS;C:\WINDOWS\System32\Wbem;C:\WINDOWS\System32\WindowsPowerShell\v1.0\;C:\WINDOWS\System32\OpenSSH\;C:\Program Files (x86)\ZeroTier\One\;C:\Program Files\nodejs\;C:\Users\User\AppData\Local\Programs\Python\Python37\Scripts\;C:\Users\User\AppData\Local\Programs\Python\Python37\;C:\Users\User\AppData\Local\Microsoft\WindowsApps;;C:\Users\User\AppData\Local\Programs\Microsoft VS Code\bin;C:\Users\User\AppData\Roaming\npm
USERNAME=User
OS=Windows_NT
PROCESSOR_IDENTIFIER=Intel64 Family 6 Model 142 Stepping 12, GenuineIntel



---------------  S Y S T E M  ---------------

OS: Windows 10 , 64 bit Build 19041 (10.0.19041.1889)
OS uptime: 8 days 11:13 hours

CPU:total 4 (initial active 4) (2 cores per cpu, 2 threads per core) family 6 model 142 stepping 12 microcode 0xde, cmov, cx8, fxsr, mmx, sse, sse2, sse3, ssse3, sse4.1, sse4.2, popcnt, avx, avx2, aes, clmul, erms, 3dnowpref, lzcnt, ht, tsc, tscinvbit, bmi1, bmi2, adx, fma

Memory: 4k page, system-wide physical 3984M (195M free)
TotalPageFile size 16272M (AvailPageFile size 2M)
current process WorkingSet (physical memory assigned to process): 186M, peak: 274M
current process commit charge ("private bytes"): 583M, peak: 585M

vm_info: OpenJDK 64-Bit Server VM (11.0.11+9-b60-7590822) for windows-amd64 JRE (11.0.11+9-b60-7590822), built on Jul 29 2021 21:43:44 by "builder" with MS VC++ 14.0 (VS2015)

END.
