#
# There is insufficient memory for the Java Runtime Environment to continue.
# Native memory allocation (malloc) failed to allocate 846256 bytes for Chunk::new
# Possible reasons:
#   The system is out of physical RAM or swap space
#   The process is running with CompressedOops enabled, and the Java Heap may be blocking the growth of the native heap
# Possible solutions:
#   Reduce memory load on the system
#   Increase physical memory or swap space
#   Check if swap backing store is full
#   Decrease Java heap size (-Xmx/-Xms)
#   Decrease number of Java threads
#   Decrease Java thread stack sizes (-Xss)
#   Set larger code cache with -XX:ReservedCodeCacheSize=
#   JVM is running with Unscaled Compressed Oops mode in which the Java heap is
#     placed in the first 4GB address space. The Java Heap base address is the
#     maximum limit for the native heap growth. Please use -XX:HeapBaseMinAddress
#     to set the Java Heap base and to place the Java Heap above 4GB virtual address.
# This output file may be truncated or incomplete.
#
#  Out of Memory Error (./src/hotspot/share/memory/arena.cpp:197), pid=12896, tid=15716
#
# JRE version: OpenJDK Runtime Environment (11.0.11+9) (build 11.0.11+9-b60-7590822)
# Java VM: OpenJDK 64-Bit Server VM (11.0.11+9-b60-7590822, mixed mode, tiered, compressed oops, g1 gc, windows-amd64)
# No core dump will be written. Minidumps are not enabled by default on client versions of Windows
#

---------------  S U M M A R Y ------------

Command Line: --add-opens=java.base/java.util=ALL-UNNAMED --add-opens=java.base/java.lang=ALL-UNNAMED --add-opens=java.base/java.lang.invoke=ALL-UNNAMED --add-opens=java.base/java.util=ALL-UNNAMED --add-opens=java.prefs/java.util.prefs=ALL-UNNAMED --add-opens=java.prefs/java.util.prefs=ALL-UNNAMED --add-opens=java.base/java.nio.charset=ALL-UNNAMED --add-opens=java.base/java.net=ALL-UNNAMED --add-opens=java.base/java.util.concurrent.atomic=ALL-UNNAMED -Xmx2048m -Dfile.encoding=UTF-8 -Duser.country=RU -Duser.language=ru -Duser.variant org.gradle.launcher.daemon.bootstrap.GradleDaemon 7.2

Host: Intel(R) Core(TM) i3-8145U CPU @ 2.10GHz, 4 cores, 3G,  Windows 10 , 64 bit Build 19041 (10.0.19041.1889)
Time: Sun Sep 25 11:36:38 2022 RTZ 2 (зима) elapsed time: 133.988293 seconds (0d 0h 2m 13s)

---------------  T H R E A D  ---------------

Current thread (0x000001e91a2e1000):  JavaThread "C2 CompilerThread0" daemon [_thread_in_native, id=15716, stack(0x0000005531300000,0x0000005531400000)]


Current CompileTask:
C2: 133988 15216   !   4       java.io.ObjectStreamClass::lookup (334 bytes)

Stack: [0x0000005531300000,0x0000005531400000]
Native frames: (J=compiled Java code, j=interpreted, Vv=VM code, C=native code)
V  [jvm.dll+0x5f214a]
V  [jvm.dll+0x726fb5]
V  [jvm.dll+0x7285cd]
V  [jvm.dll+0x728c83]
V  [jvm.dll+0x243278]
V  [jvm.dll+0xbc53c]
V  [jvm.dll+0xbca3c]
V  [jvm.dll+0x353e7d]
V  [jvm.dll+0x321893]
V  [jvm.dll+0x320d8a]
V  [jvm.dll+0x1fc1e2]
V  [jvm.dll+0x1fb3d4]
V  [jvm.dll+0x183d6c]
V  [jvm.dll+0x209a57]
V  [jvm.dll+0x2082a1]
V  [jvm.dll+0x6ef58f]
V  [jvm.dll+0x6e80b5]
V  [jvm.dll+0x5f1036]
C  [ucrtbase.dll+0x21bb2]
C  [KERNEL32.DLL+0x17034]
C  [ntdll.dll+0x526a1]


---------------  P R O C E S S  ---------------

Threads class SMR info:
_java_thread_list=0x000001e9230d3c60, length=78, elements={
0x000001e97ed0a000, 0x000001e91a279000, 0x000001e91a27d000, 0x000001e91a29b000,
0x000001e91a29c000, 0x000001e91a2e0800, 0x000001e91a2e1000, 0x000001e91a2e2800,
0x000001e91a2eb800, 0x000001e91ad69000, 0x000001e91c14b800, 0x000001e91d2fd000,
0x000001e91cea7800, 0x000001e91c33c800, 0x000001e91c2d1000, 0x000001e91ce19800,
0x000001e91ce15800, 0x000001e91ce1a800, 0x000001e91ce16800, 0x000001e91ce1c000,
0x000001e91ce17000, 0x000001e91ce18000, 0x000001e91bab8000, 0x000001e91bab8800,
0x000001e91bab7000, 0x000001e91bac1000, 0x000001e91f5a5000, 0x000001e91f59f800,
0x000001e91f5a0000, 0x000001e91f59b000, 0x000001e91f5a1800, 0x000001e91f5a1000,
0x000001e91f5a2800, 0x000001e91f59d000, 0x000001e91f5a3800, 0x000001e91f59d800,
0x000001e91f5a4000, 0x000001e91f59e800, 0x000001e91f5a7800, 0x000001e91f5a9000,
0x000001e91f5a8000, 0x000001e91f5a6000, 0x000001e91f5aa000, 0x000001e91babb000,
0x000001e91bab9800, 0x000001e91bac0000, 0x000001e91baba800, 0x000001e91babd800,
0x000001e91babe800, 0x000001e91bac1800, 0x000001e91babc000, 0x000001e91bac2800,
0x000001e91bac5800, 0x000001e91bac3800, 0x000001e91bac4000, 0x000001e91bac5000,
0x000001e91ce19000, 0x000001e91ce1b000, 0x000001e91d899800, 0x000001e91d89a800,
0x000001e91d899000, 0x000001e91d89b800, 0x000001e91d89c000, 0x000001e91d897800,
0x000001e91d89d000, 0x000001e91d89e000, 0x000001e91d898000, 0x000001e922dcd000,
0x000001e922dc9000, 0x000001e922dc8000, 0x000001e922dca800, 0x000001e922dce000,
0x000001e922dc9800, 0x000001e922dce800, 0x000001e922dcb800, 0x000001e922dcf800,
0x000001e922dd0000, 0x000001e922dd2000
}

Java Threads: ( => current thread )
  0x000001e97ed0a000 JavaThread "main" [_thread_blocked, id=11340, stack(0x0000005530700000,0x0000005530800000)]
  0x000001e91a279000 JavaThread "Reference Handler" daemon [_thread_blocked, id=16244, stack(0x0000005530e00000,0x0000005530f00000)]
  0x000001e91a27d000 JavaThread "Finalizer" daemon [_thread_blocked, id=7940, stack(0x0000005530f00000,0x0000005531000000)]
  0x000001e91a29b000 JavaThread "Signal Dispatcher" daemon [_thread_blocked, id=13140, stack(0x0000005531000000,0x0000005531100000)]
  0x000001e91a29c000 JavaThread "Attach Listener" daemon [_thread_blocked, id=7372, stack(0x0000005531100000,0x0000005531200000)]
  0x000001e91a2e0800 JavaThread "Service Thread" daemon [_thread_blocked, id=6296, stack(0x0000005531200000,0x0000005531300000)]
=>0x000001e91a2e1000 JavaThread "C2 CompilerThread0" daemon [_thread_in_native, id=15716, stack(0x0000005531300000,0x0000005531400000)]
  0x000001e91a2e2800 JavaThread "C1 CompilerThread0" daemon [_thread_blocked, id=13372, stack(0x0000005531400000,0x0000005531500000)]
  0x000001e91a2eb800 JavaThread "Sweeper thread" daemon [_thread_blocked, id=3216, stack(0x0000005531500000,0x0000005531600000)]
  0x000001e91ad69000 JavaThread "Common-Cleaner" daemon [_thread_blocked, id=7540, stack(0x0000005531600000,0x0000005531700000)]
  0x000001e91c14b800 JavaThread "Daemon health stats" [_thread_blocked, id=15628, stack(0x0000005531900000,0x0000005531a00000)]
  0x000001e91d2fd000 JavaThread "Incoming local TCP Connector on port 60076" [_thread_in_native, id=13484, stack(0x0000005531a00000,0x0000005531b00000)]
  0x000001e91cea7800 JavaThread "Daemon periodic checks" [_thread_blocked, id=16368, stack(0x0000005531b00000,0x0000005531c00000)]
  0x000001e91c33c800 JavaThread "Daemon" [_thread_blocked, id=9512, stack(0x0000005531c00000,0x0000005531d00000)]
  0x000001e91c2d1000 JavaThread "Daemon worker" [_thread_in_vm, id=6492, stack(0x0000005531f00000,0x0000005532000000)]
  0x000001e91ce19800 JavaThread "Cache worker for journal cache (C:\Users\User\.gradle\caches\journal-1)" [_thread_blocked, id=17016, stack(0x0000005532500000,0x0000005532600000)]
  0x000001e91ce15800 JavaThread "File lock request listener" [_thread_in_native, id=18524, stack(0x0000005532600000,0x0000005532700000)]
  0x000001e91ce1a800 JavaThread "Cache worker for file hash cache (C:\Users\User\.gradle\caches\7.2\fileHashes)" [_thread_blocked, id=17132, stack(0x0000005532700000,0x0000005532800000)]
  0x000001e91ce16800 JavaThread "File watcher server" daemon [_thread_in_native, id=8872, stack(0x0000005532900000,0x0000005532a00000)]
  0x000001e91ce1c000 JavaThread "File watcher consumer" daemon [_thread_blocked, id=15424, stack(0x0000005532a00000,0x0000005532b00000)]
  0x000001e91ce17000 JavaThread "jar transforms" [_thread_blocked, id=11604, stack(0x0000005532b00000,0x0000005532c00000)]
  0x000001e91ce18000 JavaThread "jar transforms Thread 2" [_thread_blocked, id=13792, stack(0x0000005532c00000,0x0000005532d00000)]
  0x000001e91bab8000 JavaThread "jar transforms Thread 3" [_thread_blocked, id=17592, stack(0x0000005532d00000,0x0000005532e00000)]
  0x000001e91bab8800 JavaThread "jar transforms Thread 4" [_thread_blocked, id=15928, stack(0x0000005532e00000,0x0000005532f00000)]
  0x000001e91bab7000 JavaThread "Cache worker for execution history cache (C:\Users\User\.gradle\caches\7.2\executionHistory)" [_thread_blocked, id=6092, stack(0x0000005533200000,0x0000005533300000)]
  0x000001e91bac1000 JavaThread "Cache worker for file content cache (C:\Users\User\.gradle\caches\7.2\fileContent)" [_thread_blocked, id=18824, stack(0x0000005533300000,0x0000005533400000)]
  0x000001e91f5a5000 JavaThread "Memory manager" [_thread_blocked, id=11352, stack(0x0000005535e00000,0x0000005535f00000)]
  0x000001e91f59f800 JavaThread "Handler for socket connection from /127.0.0.1:60076 to /127.0.0.1:60194" [_thread_in_native, id=11544, stack(0x0000005532000000,0x0000005532100000)]
  0x000001e91f5a0000 JavaThread "Cancel handler" [_thread_blocked, id=12740, stack(0x0000005532100000,0x0000005532200000)]
  0x000001e91f59b000 JavaThread "Asynchronous log dispatcher for DefaultDaemonConnection: socket connection from /127.0.0.1:60076 to /127.0.0.1:60194" [_thread_blocked, id=19036, stack(0x0000005532200000,0x0000005532300000)]
  0x000001e91f5a1800 JavaThread "Stdin handler" [_thread_blocked, id=10388, stack(0x0000005532800000,0x0000005532900000)]
  0x000001e91f5a1000 JavaThread "Daemon client event forwarder" [_thread_blocked, id=8540, stack(0x0000005532f00000,0x0000005533000000)]
  0x000001e91f5a2800 JavaThread "Cache worker for file hash cache (C:\Users\User\AndroidStudioProjects\CookRoomD\.gradle\7.2\fileHashes)" [_thread_blocked, id=4728, stack(0x0000005533000000,0x0000005533100000)]
  0x000001e91f59d000 JavaThread "Cache worker for checksums cache (C:\Users\User\AndroidStudioProjects\CookRoomD\.gradle\checksums)" [_thread_blocked, id=9080, stack(0x0000005533100000,0x0000005533200000)]
  0x000001e91f5a3800 JavaThread "Cache worker for cache directory md-supplier (C:\Users\User\.gradle\caches\7.2\md-supplier)" [_thread_blocked, id=1432, stack(0x0000005533400000,0x0000005533500000)]
  0x000001e91f59d800 JavaThread "Cache worker for cache directory md-rule (C:\Users\User\.gradle\caches\7.2\md-rule)" [_thread_blocked, id=16256, stack(0x0000005533500000,0x0000005533600000)]
  0x000001e91f5a4000 JavaThread "Cache worker for dependencies-accessors (C:\Users\User\AndroidStudioProjects\CookRoomD\.gradle\7.2\dependencies-accessors)" [_thread_blocked, id=16824, stack(0x0000005533600000,0x0000005533700000)]
  0x000001e91f59e800 JavaThread "Cache worker for Build Output Cleanup Cache (C:\Users\User\AndroidStudioProjects\CookRoomD\.gradle\buildOutputCleanup)" [_thread_blocked, id=8004, stack(0x0000005533700000,0x0000005533800000)]
  0x000001e91f5a7800 JavaThread "Unconstrained build operations" [_thread_blocked, id=17472, stack(0x0000005533800000,0x0000005533900000)]
  0x000001e91f5a9000 JavaThread "Unconstrained build operations Thread 2" [_thread_blocked, id=8204, stack(0x0000005533900000,0x0000005533a00000)]
  0x000001e91f5a8000 JavaThread "Unconstrained build operations Thread 3" [_thread_blocked, id=13680, stack(0x0000005533a00000,0x0000005533b00000)]
  0x000001e91f5a6000 JavaThread "Unconstrained build operations Thread 4" [_thread_blocked, id=15228, stack(0x0000005533b00000,0x0000005533c00000)]
  0x000001e91f5aa000 JavaThread "Unconstrained build operations Thread 5" [_thread_blocked, id=15264, stack(0x0000005533c00000,0x0000005533d00000)]
  0x000001e91babb000 JavaThread "Unconstrained build operations Thread 6" [_thread_blocked, id=1856, stack(0x0000005533d00000,0x0000005533e00000)]
  0x000001e91bab9800 JavaThread "Unconstrained build operations Thread 7" [_thread_blocked, id=11424, stack(0x0000005533e00000,0x0000005533f00000)]
  0x000001e91bac0000 JavaThread "Unconstrained build operations Thread 8" [_thread_blocked, id=1560, stack(0x0000005533f00000,0x0000005534000000)]
  0x000001e91baba800 JavaThread "Unconstrained build operations Thread 9" [_thread_blocked, id=392, stack(0x0000005534000000,0x0000005534100000)]
  0x000001e91babd800 JavaThread "Unconstrained build operations Thread 10" [_thread_blocked, id=10868, stack(0x0000005534100000,0x0000005534200000)]
  0x000001e91babe800 JavaThread "Unconstrained build operations Thread 11" [_thread_blocked, id=12016, stack(0x0000005534200000,0x0000005534300000)]
  0x000001e91bac1800 JavaThread "Unconstrained build operations Thread 12" [_thread_blocked, id=10184, stack(0x0000005534300000,0x0000005534400000)]
  0x000001e91babc000 JavaThread "Unconstrained build operations Thread 13" [_thread_blocked, id=10956, stack(0x0000005534400000,0x0000005534500000)]
  0x000001e91bac2800 JavaThread "Unconstrained build operations Thread 14" [_thread_blocked, id=11472, stack(0x0000005534500000,0x0000005534600000)]
  0x000001e91bac5800 JavaThread "Unconstrained build operations Thread 15" [_thread_blocked, id=18240, stack(0x0000005534600000,0x0000005534700000)]
  0x000001e91bac3800 JavaThread "Unconstrained build operations Thread 16" [_thread_blocked, id=16956, stack(0x0000005534700000,0x0000005534800000)]
  0x000001e91bac4000 JavaThread "Unconstrained build operations Thread 17" [_thread_blocked, id=16788, stack(0x0000005534800000,0x0000005534900000)]
  0x000001e91bac5000 JavaThread "Unconstrained build operations Thread 18" [_thread_blocked, id=19064, stack(0x0000005534900000,0x0000005534a00000)]
  0x000001e91ce19000 JavaThread "Unconstrained build operations Thread 19" [_thread_blocked, id=15708, stack(0x0000005534a00000,0x0000005534b00000)]
  0x000001e91ce1b000 JavaThread "Unconstrained build operations Thread 20" [_thread_blocked, id=11736, stack(0x0000005534b00000,0x0000005534c00000)]
  0x000001e91d899800 JavaThread "Unconstrained build operations Thread 21" [_thread_blocked, id=10764, stack(0x0000005534c00000,0x0000005534d00000)]
  0x000001e91d89a800 JavaThread "Unconstrained build operations Thread 22" [_thread_blocked, id=17944, stack(0x0000005534d00000,0x0000005534e00000)]
  0x000001e91d899000 JavaThread "Unconstrained build operations Thread 23" [_thread_blocked, id=15712, stack(0x0000005534e00000,0x0000005534f00000)]
  0x000001e91d89b800 JavaThread "Unconstrained build operations Thread 24" [_thread_blocked, id=13348, stack(0x0000005534f00000,0x0000005535000000)]
  0x000001e91d89c000 JavaThread "Unconstrained build operations Thread 25" [_thread_blocked, id=13972, stack(0x0000005535000000,0x0000005535100000)]
  0x000001e91d897800 JavaThread "Unconstrained build operations Thread 26" [_thread_blocked, id=3816, stack(0x0000005535100000,0x0000005535200000)]
  0x000001e91d89d000 JavaThread "Unconstrained build operations Thread 27" [_thread_blocked, id=11528, stack(0x0000005535200000,0x0000005535300000)]
  0x000001e91d89e000 JavaThread "Unconstrained build operations Thread 28" [_thread_blocked, id=9312, stack(0x0000005535300000,0x0000005535400000)]
  0x000001e91d898000 JavaThread "Unconstrained build operations Thread 29" [_thread_blocked, id=9144, stack(0x0000005535400000,0x0000005535500000)]
  0x000001e922dcd000 JavaThread "Unconstrained build operations Thread 30" [_thread_blocked, id=10052, stack(0x0000005535500000,0x0000005535600000)]
  0x000001e922dc9000 JavaThread "Unconstrained build operations Thread 31" [_thread_blocked, id=12432, stack(0x0000005535600000,0x0000005535700000)]
  0x000001e922dc8000 JavaThread "Unconstrained build operations Thread 32" [_thread_blocked, id=12204, stack(0x0000005535700000,0x0000005535800000)]
  0x000001e922dca800 JavaThread "Unconstrained build operations Thread 33" [_thread_blocked, id=10588, stack(0x0000005535800000,0x0000005535900000)]
  0x000001e922dce000 JavaThread "Unconstrained build operations Thread 34" [_thread_blocked, id=616, stack(0x0000005535900000,0x0000005535a00000)]
  0x000001e922dc9800 JavaThread "Unconstrained build operations Thread 35" [_thread_blocked, id=10968, stack(0x0000005535a00000,0x0000005535b00000)]
  0x000001e922dce800 JavaThread "Unconstrained build operations Thread 36" [_thread_blocked, id=8440, stack(0x0000005535b00000,0x0000005535c00000)]
  0x000001e922dcb800 JavaThread "Unconstrained build operations Thread 37" [_thread_blocked, id=9932, stack(0x0000005535c00000,0x0000005535d00000)]
  0x000001e922dcf800 JavaThread "Unconstrained build operations Thread 38" [_thread_blocked, id=4544, stack(0x0000005535d00000,0x0000005535e00000)]
  0x000001e922dd0000 JavaThread "Unconstrained build operations Thread 39" [_thread_blocked, id=19336, stack(0x0000005535f00000,0x0000005536000000)]
  0x000001e922dd2000 JavaThread "Unconstrained build operations Thread 40" [_thread_blocked, id=13728, stack(0x0000005536000000,0x0000005536100000)]

Other Threads:
  0x000001e91a272800 VMThread "VM Thread" [stack: 0x0000005530d00000,0x0000005530e00000] [id=18216]
  0x000001e91ada0000 WatcherThread [stack: 0x0000005531700000,0x0000005531800000] [id=10020]
  0x000001e97ed22800 GCTaskThread "GC Thread#0" [stack: 0x0000005530800000,0x0000005530900000] [id=6088]
  0x000001e91b468800 GCTaskThread "GC Thread#1" [stack: 0x0000005531800000,0x0000005531900000] [id=17352]
  0x000001e91d0ea800 GCTaskThread "GC Thread#2" [stack: 0x0000005532300000,0x0000005532400000] [id=18100]
  0x000001e91ce7a000 GCTaskThread "GC Thread#3" [stack: 0x0000005532400000,0x0000005532500000] [id=6076]
  0x000001e97ed53800 ConcurrentGCThread "G1 Main Marker" [stack: 0x0000005530900000,0x0000005530a00000] [id=3616]
  0x000001e97ed54800 ConcurrentGCThread "G1 Conc#0" [stack: 0x0000005530a00000,0x0000005530b00000] [id=8628]
  0x000001e97edb0800 ConcurrentGCThread "G1 Refine#0" [stack: 0x0000005530b00000,0x0000005530c00000] [id=11484]
  0x000001e97edb1800 ConcurrentGCThread "G1 Young RemSet Sampling" [stack: 0x0000005530c00000,0x0000005530d00000] [id=14560]

Threads with active compile tasks:
C2 CompilerThread0 134092 15216   !   4       java.io.ObjectStreamClass::lookup (334 bytes)

VM state:not at safepoint (normal execution)

VM Mutex/Monitor currently owned by a thread: None

Heap address: 0x0000000080000000, size: 2048 MB, Compressed Oops mode: 32-bit
Narrow klass base: 0x0000000000000000, Narrow klass shift: 3
Compressed class space size: 1073741824 Address: 0x0000000100000000

Heap:
 garbage-first heap   total 287744K, used 144137K [0x0000000080000000, 0x0000000100000000)
  region size 1024K, 6 young (6144K), 5 survivors (5120K)
 Metaspace       used 113877K, capacity 117479K, committed 117760K, reserved 1150976K
  class space    used 14554K, capacity 15781K, committed 15872K, reserved 1048576K
Heap Regions: E=young(eden), S=young(survivor), O=old, HS=humongous(starts), HC=humongous(continues), CS=collection set, F=free, A=archive, TAMS=top-at-mark-start (previous, next)
|   0|0x0000000080000000, 0x0000000080100000, 0x0000000080100000|100%| O|  |TAMS 0x0000000080100000, 0x0000000080000000| Untracked 
|   1|0x0000000080100000, 0x0000000080200000, 0x0000000080200000|100%| O|  |TAMS 0x0000000080200000, 0x0000000080100000| Untracked 
|   2|0x0000000080200000, 0x0000000080300000, 0x0000000080300000|100%| O|  |TAMS 0x0000000080300000, 0x0000000080200000| Untracked 
|   3|0x0000000080300000, 0x0000000080400000, 0x0000000080400000|100%|HS|  |TAMS 0x0000000080400000, 0x0000000080300000| Complete 
|   4|0x0000000080400000, 0x0000000080500000, 0x0000000080500000|100%|HC|  |TAMS 0x0000000080500000, 0x0000000080400000| Complete 
|   5|0x0000000080500000, 0x0000000080600000, 0x0000000080600000|100%|HC|  |TAMS 0x0000000080600000, 0x0000000080500000| Complete 
|   6|0x0000000080600000, 0x0000000080700000, 0x0000000080700000|100%| O|  |TAMS 0x0000000080700000, 0x0000000080600000| Untracked 
|   7|0x0000000080700000, 0x0000000080800000, 0x0000000080800000|100%| O|  |TAMS 0x0000000080800000, 0x0000000080700000| Untracked 
|   8|0x0000000080800000, 0x0000000080900000, 0x0000000080900000|100%| O|  |TAMS 0x0000000080900000, 0x0000000080800000| Untracked 
|   9|0x0000000080900000, 0x0000000080a00000, 0x0000000080a00000|100%| O|  |TAMS 0x0000000080a00000, 0x0000000080900000| Untracked 
|  10|0x0000000080a00000, 0x0000000080b00000, 0x0000000080b00000|100%| O|  |TAMS 0x0000000080b00000, 0x0000000080a00000| Untracked 
|  11|0x0000000080b00000, 0x0000000080c00000, 0x0000000080c00000|100%| O|  |TAMS 0x0000000080c00000, 0x0000000080b00000| Untracked 
|  12|0x0000000080c00000, 0x0000000080d00000, 0x0000000080d00000|100%| O|  |TAMS 0x0000000080d00000, 0x0000000080c00000| Untracked 
|  13|0x0000000080d00000, 0x0000000080e00000, 0x0000000080e00000|100%| O|  |TAMS 0x0000000080e00000, 0x0000000080d00000| Untracked 
|  14|0x0000000080e00000, 0x0000000080f00000, 0x0000000080f00000|100%| O|  |TAMS 0x0000000080f00000, 0x0000000080e00000| Untracked 
|  15|0x0000000080f00000, 0x0000000081000000, 0x0000000081000000|100%| O|  |TAMS 0x0000000081000000, 0x0000000080f00000| Untracked 
|  16|0x0000000081000000, 0x0000000081100000, 0x0000000081100000|100%| O|  |TAMS 0x0000000081100000, 0x0000000081000000| Untracked 
|  17|0x0000000081100000, 0x0000000081200000, 0x0000000081200000|100%|HS|  |TAMS 0x0000000081200000, 0x0000000081100000| Complete 
|  18|0x0000000081200000, 0x0000000081300000, 0x0000000081300000|100%|HC|  |TAMS 0x0000000081300000, 0x0000000081200000| Complete 
|  19|0x0000000081300000, 0x0000000081400000, 0x0000000081400000|100%|HS|  |TAMS 0x0000000081400000, 0x0000000081300000| Complete 
|  20|0x0000000081400000, 0x0000000081500000, 0x0000000081500000|100%|HC|  |TAMS 0x0000000081500000, 0x0000000081400000| Complete 
|  21|0x0000000081500000, 0x0000000081600000, 0x0000000081600000|100%|HC|  |TAMS 0x0000000081600000, 0x0000000081500000| Complete 
|  22|0x0000000081600000, 0x0000000081700000, 0x0000000081700000|100%|HS|  |TAMS 0x0000000081700000, 0x0000000081600000| Complete 
|  23|0x0000000081700000, 0x0000000081800000, 0x0000000081800000|100%|HC|  |TAMS 0x0000000081800000, 0x0000000081700000| Complete 
|  24|0x0000000081800000, 0x0000000081900000, 0x0000000081900000|100%|HC|  |TAMS 0x0000000081900000, 0x0000000081800000| Complete 
|  25|0x0000000081900000, 0x0000000081a00000, 0x0000000081a00000|100%|HC|  |TAMS 0x0000000081a00000, 0x0000000081900000| Complete 
|  26|0x0000000081a00000, 0x0000000081b00000, 0x0000000081b00000|100%| O|  |TAMS 0x0000000081b00000, 0x0000000081a00000| Untracked 
|  27|0x0000000081b00000, 0x0000000081c00000, 0x0000000081c00000|100%| O|  |TAMS 0x0000000081c00000, 0x0000000081b00000| Untracked 
|  28|0x0000000081c00000, 0x0000000081d00000, 0x0000000081d00000|100%| O|  |TAMS 0x0000000081d00000, 0x0000000081c00000| Untracked 
|  29|0x0000000081d00000, 0x0000000081e00000, 0x0000000081e00000|100%| O|  |TAMS 0x0000000081e00000, 0x0000000081d00000| Untracked 
|  30|0x0000000081e00000, 0x0000000081f00000, 0x0000000081f00000|100%| O|  |TAMS 0x0000000081f00000, 0x0000000081e00000| Untracked 
|  31|0x0000000081f00000, 0x0000000082000000, 0x0000000082000000|100%| O|  |TAMS 0x0000000082000000, 0x0000000081f00000| Untracked 
|  32|0x0000000082000000, 0x0000000082100000, 0x0000000082100000|100%| O|  |TAMS 0x0000000082100000, 0x0000000082000000| Untracked 
|  33|0x0000000082100000, 0x0000000082200000, 0x0000000082200000|100%| O|  |TAMS 0x0000000082200000, 0x0000000082100000| Untracked 
|  34|0x0000000082200000, 0x0000000082300000, 0x0000000082300000|100%| O|  |TAMS 0x0000000082300000, 0x0000000082200000| Untracked 
|  35|0x0000000082300000, 0x0000000082400000, 0x0000000082400000|100%| O|  |TAMS 0x0000000082400000, 0x0000000082300000| Untracked 
|  36|0x0000000082400000, 0x0000000082500000, 0x0000000082500000|100%| O|  |TAMS 0x0000000082500000, 0x0000000082400000| Untracked 
|  37|0x0000000082500000, 0x0000000082600000, 0x0000000082600000|100%| O|  |TAMS 0x0000000082600000, 0x0000000082500000| Untracked 
|  38|0x0000000082600000, 0x0000000082700000, 0x0000000082700000|100%|HS|  |TAMS 0x0000000082700000, 0x0000000082600000| Complete 
|  39|0x0000000082700000, 0x0000000082800000, 0x0000000082800000|100%|HC|  |TAMS 0x0000000082800000, 0x0000000082700000| Complete 
|  40|0x0000000082800000, 0x0000000082900000, 0x0000000082900000|100%|HC|  |TAMS 0x0000000082900000, 0x0000000082800000| Complete 
|  41|0x0000000082900000, 0x0000000082a00000, 0x0000000082a00000|100%| O|  |TAMS 0x0000000082a00000, 0x0000000082900000| Untracked 
|  42|0x0000000082a00000, 0x0000000082b00000, 0x0000000082b00000|100%| O|  |TAMS 0x0000000082b00000, 0x0000000082a00000| Untracked 
|  43|0x0000000082b00000, 0x0000000082c00000, 0x0000000082c00000|100%| O|  |TAMS 0x0000000082c00000, 0x0000000082b00000| Untracked 
|  44|0x0000000082c00000, 0x0000000082d00000, 0x0000000082d00000|100%| O|  |TAMS 0x0000000082d00000, 0x0000000082c00000| Untracked 
|  45|0x0000000082d00000, 0x0000000082e00000, 0x0000000082e00000|100%| O|  |TAMS 0x0000000082e00000, 0x0000000082d00000| Untracked 
|  46|0x0000000082e00000, 0x0000000082f00000, 0x0000000082f00000|100%| O|  |TAMS 0x0000000082f00000, 0x0000000082e00000| Untracked 
|  47|0x0000000082f00000, 0x0000000083000000, 0x0000000083000000|100%|HS|  |TAMS 0x0000000083000000, 0x0000000082f00000| Complete 
|  48|0x0000000083000000, 0x0000000083100000, 0x0000000083100000|100%|HC|  |TAMS 0x0000000083100000, 0x0000000083000000| Complete 
|  49|0x0000000083100000, 0x0000000083200000, 0x0000000083200000|100%|HC|  |TAMS 0x0000000083200000, 0x0000000083100000| Complete 
|  50|0x0000000083200000, 0x0000000083300000, 0x0000000083300000|100%|HC|  |TAMS 0x0000000083300000, 0x0000000083200000| Complete 
|  51|0x0000000083300000, 0x0000000083400000, 0x0000000083400000|100%| O|  |TAMS 0x0000000083400000, 0x0000000083300000| Untracked 
|  52|0x0000000083400000, 0x0000000083500000, 0x0000000083500000|100%| O|  |TAMS 0x0000000083500000, 0x0000000083400000| Untracked 
|  53|0x0000000083500000, 0x0000000083600000, 0x0000000083600000|100%| O|  |TAMS 0x0000000083600000, 0x0000000083500000| Untracked 
|  54|0x0000000083600000, 0x0000000083700000, 0x0000000083700000|100%| O|  |TAMS 0x0000000083700000, 0x0000000083600000| Untracked 
|  55|0x0000000083700000, 0x0000000083800000, 0x0000000083800000|100%| O|  |TAMS 0x0000000083800000, 0x0000000083700000| Untracked 
|  56|0x0000000083800000, 0x0000000083900000, 0x0000000083900000|100%|HS|  |TAMS 0x0000000083900000, 0x0000000083800000| Complete 
|  57|0x0000000083900000, 0x0000000083a00000, 0x0000000083a00000|100%|HS|  |TAMS 0x0000000083a00000, 0x0000000083900000| Complete 
|  58|0x0000000083a00000, 0x0000000083b00000, 0x0000000083b00000|100%|HS|  |TAMS 0x0000000083b00000, 0x0000000083a00000| Complete 
|  59|0x0000000083b00000, 0x0000000083c00000, 0x0000000083c00000|100%|HS|  |TAMS 0x0000000083c00000, 0x0000000083b00000| Complete 
|  60|0x0000000083c00000, 0x0000000083d00000, 0x0000000083d00000|100%|HS|  |TAMS 0x0000000083d00000, 0x0000000083c00000| Complete 
|  61|0x0000000083d00000, 0x0000000083e00000, 0x0000000083e00000|100%|HC|  |TAMS 0x0000000083e00000, 0x0000000083d00000| Complete 
|  62|0x0000000083e00000, 0x0000000083f00000, 0x0000000083f00000|100%|HC|  |TAMS 0x0000000083f00000, 0x0000000083e00000| Complete 
|  63|0x0000000083f00000, 0x0000000084000000, 0x0000000084000000|100%| O|  |TAMS 0x0000000084000000, 0x0000000083f00000| Untracked 
|  64|0x0000000084000000, 0x0000000084100000, 0x0000000084100000|100%| O|  |TAMS 0x0000000084100000, 0x0000000084000000| Untracked 
|  65|0x0000000084100000, 0x0000000084200000, 0x0000000084200000|100%| O|  |TAMS 0x0000000084200000, 0x0000000084100000| Untracked 
|  66|0x0000000084200000, 0x0000000084300000, 0x0000000084300000|100%|HS|  |TAMS 0x0000000084300000, 0x0000000084200000| Complete 
|  67|0x0000000084300000, 0x0000000084400000, 0x0000000084400000|100%|HC|  |TAMS 0x0000000084400000, 0x0000000084300000| Complete 
|  68|0x0000000084400000, 0x0000000084500000, 0x0000000084500000|100%| O|  |TAMS 0x0000000084500000, 0x0000000084400000| Untracked 
|  69|0x0000000084500000, 0x0000000084600000, 0x0000000084600000|100%| O|  |TAMS 0x0000000084600000, 0x0000000084500000| Untracked 
|  70|0x0000000084600000, 0x0000000084700000, 0x0000000084700000|100%| O|  |TAMS 0x0000000084700000, 0x0000000084600000| Untracked 
|  71|0x0000000084700000, 0x0000000084800000, 0x0000000084800000|100%| O|  |TAMS 0x0000000084800000, 0x0000000084700000| Untracked 
|  72|0x0000000084800000, 0x0000000084900000, 0x0000000084900000|100%| O|  |TAMS 0x0000000084900000, 0x0000000084800000| Untracked 
|  73|0x0000000084900000, 0x0000000084a00000, 0x0000000084a00000|100%| O|  |TAMS 0x0000000084a00000, 0x0000000084900000| Untracked 
|  74|0x0000000084a00000, 0x0000000084b00000, 0x0000000084b00000|100%| O|  |TAMS 0x0000000084b00000, 0x0000000084a00000| Untracked 
|  75|0x0000000084b00000, 0x0000000084c00000, 0x0000000084c00000|100%| O|  |TAMS 0x0000000084c00000, 0x0000000084b00000| Untracked 
|  76|0x0000000084c00000, 0x0000000084d00000, 0x0000000084d00000|100%| O|  |TAMS 0x0000000084d00000, 0x0000000084c00000| Untracked 
|  77|0x0000000084d00000, 0x0000000084e00000, 0x0000000084e00000|100%| O|  |TAMS 0x0000000084e00000, 0x0000000084d00000| Untracked 
|  78|0x0000000084e00000, 0x0000000084f00000, 0x0000000084f00000|100%| O|  |TAMS 0x0000000084f00000, 0x0000000084e00000| Untracked 
|  79|0x0000000084f00000, 0x0000000085000000, 0x0000000085000000|100%| O|  |TAMS 0x0000000085000000, 0x0000000084f00000| Untracked 
|  80|0x0000000085000000, 0x0000000085100000, 0x0000000085100000|100%| O|  |TAMS 0x0000000085100000, 0x0000000085000000| Untracked 
|  81|0x0000000085100000, 0x0000000085200000, 0x0000000085200000|100%| O|  |TAMS 0x0000000085200000, 0x0000000085100000| Untracked 
|  82|0x0000000085200000, 0x0000000085300000, 0x0000000085300000|100%| O|  |TAMS 0x0000000085300000, 0x0000000085200000| Untracked 
|  83|0x0000000085300000, 0x0000000085400000, 0x0000000085400000|100%| O|  |TAMS 0x0000000085400000, 0x0000000085300000| Untracked 
|  84|0x0000000085400000, 0x0000000085500000, 0x0000000085500000|100%| O|  |TAMS 0x0000000085500000, 0x0000000085400000| Untracked 
|  85|0x0000000085500000, 0x0000000085600000, 0x0000000085600000|100%|HS|  |TAMS 0x0000000085600000, 0x0000000085500000| Complete 
|  86|0x0000000085600000, 0x0000000085700000, 0x0000000085700000|100%|HC|  |TAMS 0x0000000085700000, 0x0000000085600000| Complete 
|  87|0x0000000085700000, 0x0000000085800000, 0x0000000085800000|100%| O|  |TAMS 0x0000000085800000, 0x0000000085700000| Untracked 
|  88|0x0000000085800000, 0x0000000085900000, 0x0000000085900000|100%| O|  |TAMS 0x0000000085900000, 0x0000000085800000| Untracked 
|  89|0x0000000085900000, 0x0000000085a00000, 0x0000000085a00000|100%| O|  |TAMS 0x0000000085a00000, 0x0000000085900000| Untracked 
|  90|0x0000000085a00000, 0x0000000085b00000, 0x0000000085b00000|100%|HS|  |TAMS 0x0000000085b00000, 0x0000000085a00000| Complete 
|  91|0x0000000085b00000, 0x0000000085c00000, 0x0000000085c00000|100%|HC|  |TAMS 0x0000000085c00000, 0x0000000085b00000| Complete 
|  92|0x0000000085c00000, 0x0000000085d00000, 0x0000000085d00000|100%|HC|  |TAMS 0x0000000085d00000, 0x0000000085c00000| Complete 
|  93|0x0000000085d00000, 0x0000000085e00000, 0x0000000085e00000|100%|HS|  |TAMS 0x0000000085e00000, 0x0000000085d00000| Complete 
|  94|0x0000000085e00000, 0x0000000085f00000, 0x0000000085f00000|100%|HC|  |TAMS 0x0000000085f00000, 0x0000000085e00000| Complete 
|  95|0x0000000085f00000, 0x0000000086000000, 0x0000000086000000|100%|HC|  |TAMS 0x0000000086000000, 0x0000000085f00000| Complete 
|  96|0x0000000086000000, 0x0000000086100000, 0x0000000086100000|100%|HC|  |TAMS 0x0000000086100000, 0x0000000086000000| Complete 
|  97|0x0000000086100000, 0x0000000086200000, 0x0000000086200000|100%| O|  |TAMS 0x0000000086200000, 0x0000000086100000| Untracked 
|  98|0x0000000086200000, 0x0000000086300000, 0x0000000086300000|100%| O|  |TAMS 0x0000000086300000, 0x0000000086200000| Untracked 
|  99|0x0000000086300000, 0x0000000086400000, 0x0000000086400000|100%| O|  |TAMS 0x0000000086400000, 0x0000000086300000| Untracked 
| 100|0x0000000086400000, 0x0000000086500000, 0x0000000086500000|100%| O|  |TAMS 0x0000000086500000, 0x0000000086400000| Untracked 
| 101|0x0000000086500000, 0x0000000086600000, 0x0000000086600000|100%| O|  |TAMS 0x0000000086600000, 0x0000000086500000| Untracked 
| 102|0x0000000086600000, 0x0000000086700000, 0x0000000086700000|100%| O|  |TAMS 0x0000000086700000, 0x0000000086600000| Untracked 
| 103|0x0000000086700000, 0x0000000086800000, 0x0000000086800000|100%| O|  |TAMS 0x0000000086800000, 0x0000000086700000| Untracked 
| 104|0x0000000086800000, 0x0000000086900000, 0x0000000086900000|100%| O|  |TAMS 0x0000000086900000, 0x0000000086800000| Untracked 
| 105|0x0000000086900000, 0x0000000086a00000, 0x0000000086a00000|100%| O|  |TAMS 0x0000000086a00000, 0x0000000086900000| Untracked 
| 106|0x0000000086a00000, 0x0000000086b00000, 0x0000000086b00000|100%| O|  |TAMS 0x0000000086b00000, 0x0000000086a00000| Untracked 
| 107|0x0000000086b00000, 0x0000000086c00000, 0x0000000086c00000|100%| O|  |TAMS 0x0000000086c00000, 0x0000000086b00000| Untracked 
| 108|0x0000000086c00000, 0x0000000086d00000, 0x0000000086d00000|100%| O|  |TAMS 0x0000000086d00000, 0x0000000086c00000| Untracked 
| 109|0x0000000086d00000, 0x0000000086e00000, 0x0000000086e00000|100%| O|  |TAMS 0x0000000086e00000, 0x0000000086d00000| Untracked 
| 110|0x0000000086e00000, 0x0000000086f00000, 0x0000000086f00000|100%| O|  |TAMS 0x0000000086f00000, 0x0000000086e00000| Untracked 
| 111|0x0000000086f00000, 0x0000000087000000, 0x0000000087000000|100%| O|  |TAMS 0x0000000087000000, 0x0000000086f00000| Untracked 
| 112|0x0000000087000000, 0x0000000087100000, 0x0000000087100000|100%| O|  |TAMS 0x0000000087100000, 0x0000000087000000| Untracked 
| 113|0x0000000087100000, 0x0000000087200000, 0x0000000087200000|100%| O|  |TAMS 0x0000000087200000, 0x0000000087100000| Untracked 
| 114|0x0000000087200000, 0x0000000087300000, 0x0000000087300000|100%| O|  |TAMS 0x0000000087300000, 0x0000000087200000| Untracked 
| 115|0x0000000087300000, 0x0000000087400000, 0x0000000087400000|100%| O|  |TAMS 0x0000000087400000, 0x0000000087300000| Untracked 
| 116|0x0000000087400000, 0x0000000087500000, 0x0000000087500000|100%| O|  |TAMS 0x0000000087500000, 0x0000000087400000| Untracked 
| 117|0x0000000087500000, 0x0000000087600000, 0x0000000087600000|100%| O|  |TAMS 0x0000000087600000, 0x0000000087500000| Untracked 
| 118|0x0000000087600000, 0x0000000087700000, 0x0000000087700000|100%| O|  |TAMS 0x0000000087700000, 0x0000000087600000| Untracked 
| 119|0x0000000087700000, 0x0000000087800000, 0x0000000087800000|100%| O|  |TAMS 0x0000000087800000, 0x0000000087700000| Untracked 
| 120|0x0000000087800000, 0x0000000087900000, 0x0000000087900000|100%| O|  |TAMS 0x0000000087900000, 0x0000000087800000| Untracked 
| 121|0x0000000087900000, 0x0000000087a00000, 0x0000000087a00000|100%| O|  |TAMS 0x0000000087a00000, 0x0000000087900000| Untracked 
| 122|0x0000000087a00000, 0x0000000087b00000, 0x0000000087b00000|100%| O|  |TAMS 0x0000000087b00000, 0x0000000087a00000| Untracked 
| 123|0x0000000087b00000, 0x0000000087c00000, 0x0000000087c00000|100%| O|  |TAMS 0x0000000087c00000, 0x0000000087b00000| Untracked 
| 124|0x0000000087c00000, 0x0000000087d00000, 0x0000000087d00000|100%| O|  |TAMS 0x0000000087d00000, 0x0000000087c00000| Untracked 
| 125|0x0000000087d00000, 0x0000000087e00000, 0x0000000087e00000|100%| O|  |TAMS 0x0000000087e00000, 0x0000000087d00000| Untracked 
| 126|0x0000000087e00000, 0x0000000087f00000, 0x0000000087f00000|100%| O|  |TAMS 0x0000000087f00000, 0x0000000087e00000| Untracked 
| 127|0x0000000087f00000, 0x0000000088000000, 0x0000000088000000|100%| O|  |TAMS 0x0000000088000000, 0x0000000087f00000| Untracked 
| 128|0x0000000088000000, 0x0000000088100000, 0x0000000088100000|100%| O|  |TAMS 0x0000000088100000, 0x0000000088000000| Untracked 
| 129|0x0000000088100000, 0x0000000088200000, 0x0000000088200000|100%| O|  |TAMS 0x0000000088200000, 0x0000000088100000| Untracked 
| 130|0x0000000088200000, 0x0000000088300000, 0x0000000088300000|100%| O|  |TAMS 0x0000000088300000, 0x0000000088200000| Untracked 
| 131|0x0000000088300000, 0x0000000088400000, 0x0000000088400000|100%| O|  |TAMS 0x0000000088400000, 0x0000000088300000| Untracked 
| 132|0x0000000088400000, 0x0000000088500000, 0x0000000088500000|100%| O|  |TAMS 0x0000000088500000, 0x0000000088400000| Untracked 
| 133|0x0000000088500000, 0x0000000088600000, 0x0000000088600000|100%| O|  |TAMS 0x0000000088600000, 0x0000000088500000| Untracked 
| 134|0x0000000088600000, 0x0000000088700000, 0x0000000088700000|100%| O|  |TAMS 0x0000000088700000, 0x0000000088600000| Untracked 
| 135|0x0000000088700000, 0x00000000887c5a00, 0x0000000088800000| 77%| O|  |TAMS 0x00000000887c5a00, 0x0000000088700000| Untracked 
| 136|0x0000000088800000, 0x0000000088800000, 0x0000000088900000|  0%| F|  |TAMS 0x0000000088800000, 0x0000000088800000| Untracked 
| 137|0x0000000088900000, 0x0000000088900000, 0x0000000088a00000|  0%| F|  |TAMS 0x0000000088900000, 0x0000000088900000| Untracked 
| 138|0x0000000088a00000, 0x0000000088a00000, 0x0000000088b00000|  0%| F|  |TAMS 0x0000000088a00000, 0x0000000088a00000| Untracked 
| 139|0x0000000088b00000, 0x0000000088b00000, 0x0000000088c00000|  0%| F|  |TAMS 0x0000000088b00000, 0x0000000088b00000| Untracked 
| 140|0x0000000088c00000, 0x0000000088c00000, 0x0000000088d00000|  0%| F|  |TAMS 0x0000000088c00000, 0x0000000088c00000| Untracked 
| 141|0x0000000088d00000, 0x0000000088d00000, 0x0000000088e00000|  0%| F|  |TAMS 0x0000000088d00000, 0x0000000088d00000| Untracked 
| 142|0x0000000088e00000, 0x0000000088e00000, 0x0000000088f00000|  0%| F|  |TAMS 0x0000000088e00000, 0x0000000088e00000| Untracked 
| 143|0x0000000088f00000, 0x0000000088f00000, 0x0000000089000000|  0%| F|  |TAMS 0x0000000088f00000, 0x0000000088f00000| Untracked 
| 144|0x0000000089000000, 0x0000000089000000, 0x0000000089100000|  0%| F|  |TAMS 0x0000000089000000, 0x0000000089000000| Untracked 
| 145|0x0000000089100000, 0x0000000089100000, 0x0000000089200000|  0%| F|  |TAMS 0x0000000089100000, 0x0000000089100000| Untracked 
| 146|0x0000000089200000, 0x0000000089200000, 0x0000000089300000|  0%| F|  |TAMS 0x0000000089200000, 0x0000000089200000| Untracked 
| 147|0x0000000089300000, 0x0000000089300000, 0x0000000089400000|  0%| F|  |TAMS 0x0000000089300000, 0x0000000089300000| Untracked 
| 148|0x0000000089400000, 0x0000000089400000, 0x0000000089500000|  0%| F|  |TAMS 0x0000000089400000, 0x0000000089400000| Untracked 
| 149|0x0000000089500000, 0x0000000089500000, 0x0000000089600000|  0%| F|  |TAMS 0x0000000089500000, 0x0000000089500000| Untracked 
| 150|0x0000000089600000, 0x0000000089600000, 0x0000000089700000|  0%| F|  |TAMS 0x0000000089600000, 0x0000000089600000| Untracked 
| 151|0x0000000089700000, 0x0000000089700000, 0x0000000089800000|  0%| F|  |TAMS 0x0000000089700000, 0x0000000089700000| Untracked 
| 152|0x0000000089800000, 0x0000000089800000, 0x0000000089900000|  0%| F|  |TAMS 0x0000000089800000, 0x0000000089800000| Untracked 
| 153|0x0000000089900000, 0x0000000089900000, 0x0000000089a00000|  0%| F|  |TAMS 0x0000000089900000, 0x0000000089900000| Untracked 
| 154|0x0000000089a00000, 0x0000000089a00000, 0x0000000089b00000|  0%| F|  |TAMS 0x0000000089a00000, 0x0000000089a00000| Untracked 
| 155|0x0000000089b00000, 0x0000000089b00000, 0x0000000089c00000|  0%| F|  |TAMS 0x0000000089b00000, 0x0000000089b00000| Untracked 
| 156|0x0000000089c00000, 0x0000000089c00000, 0x0000000089d00000|  0%| F|  |TAMS 0x0000000089c00000, 0x0000000089c00000| Untracked 
| 157|0x0000000089d00000, 0x0000000089d00000, 0x0000000089e00000|  0%| F|  |TAMS 0x0000000089d00000, 0x0000000089d00000| Untracked 
| 158|0x0000000089e00000, 0x0000000089e00000, 0x0000000089f00000|  0%| F|  |TAMS 0x0000000089e00000, 0x0000000089e00000| Untracked 
| 159|0x0000000089f00000, 0x0000000089f00000, 0x000000008a000000|  0%| F|  |TAMS 0x0000000089f00000, 0x0000000089f00000| Untracked 
| 160|0x000000008a000000, 0x000000008a000000, 0x000000008a100000|  0%| F|  |TAMS 0x000000008a000000, 0x000000008a000000| Untracked 
| 161|0x000000008a100000, 0x000000008a100000, 0x000000008a200000|  0%| F|  |TAMS 0x000000008a100000, 0x000000008a100000| Untracked 
| 162|0x000000008a200000, 0x000000008a200000, 0x000000008a300000|  0%| F|  |TAMS 0x000000008a200000, 0x000000008a200000| Untracked 
| 163|0x000000008a300000, 0x000000008a300000, 0x000000008a400000|  0%| F|  |TAMS 0x000000008a300000, 0x000000008a300000| Untracked 
| 164|0x000000008a400000, 0x000000008a400000, 0x000000008a500000|  0%| F|  |TAMS 0x000000008a400000, 0x000000008a400000| Untracked 
| 165|0x000000008a500000, 0x000000008a500000, 0x000000008a600000|  0%| F|  |TAMS 0x000000008a500000, 0x000000008a500000| Untracked 
| 166|0x000000008a600000, 0x000000008a600000, 0x000000008a700000|  0%| F|  |TAMS 0x000000008a600000, 0x000000008a600000| Untracked 
| 167|0x000000008a700000, 0x000000008a700000, 0x000000008a800000|  0%| F|  |TAMS 0x000000008a700000, 0x000000008a700000| Untracked 
| 168|0x000000008a800000, 0x000000008a800000, 0x000000008a900000|  0%| F|  |TAMS 0x000000008a800000, 0x000000008a800000| Untracked 
| 169|0x000000008a900000, 0x000000008a900000, 0x000000008aa00000|  0%| F|  |TAMS 0x000000008a900000, 0x000000008a900000| Untracked 
| 170|0x000000008aa00000, 0x000000008aa00000, 0x000000008ab00000|  0%| F|  |TAMS 0x000000008aa00000, 0x000000008aa00000| Untracked 
| 171|0x000000008ab00000, 0x000000008ab00000, 0x000000008ac00000|  0%| F|  |TAMS 0x000000008ab00000, 0x000000008ab00000| Untracked 
| 172|0x000000008ac00000, 0x000000008ac00000, 0x000000008ad00000|  0%| F|  |TAMS 0x000000008ac00000, 0x000000008ac00000| Untracked 
| 173|0x000000008ad00000, 0x000000008ad00000, 0x000000008ae00000|  0%| F|  |TAMS 0x000000008ad00000, 0x000000008ad00000| Untracked 
| 174|0x000000008ae00000, 0x000000008ae00000, 0x000000008af00000|  0%| F|  |TAMS 0x000000008ae00000, 0x000000008ae00000| Untracked 
| 175|0x000000008af00000, 0x000000008af00000, 0x000000008b000000|  0%| F|  |TAMS 0x000000008af00000, 0x000000008af00000| Untracked 
| 176|0x000000008b000000, 0x000000008b000000, 0x000000008b100000|  0%| F|  |TAMS 0x000000008b000000, 0x000000008b000000| Untracked 
| 177|0x000000008b100000, 0x000000008b100000, 0x000000008b200000|  0%| F|  |TAMS 0x000000008b100000, 0x000000008b100000| Untracked 
| 178|0x000000008b200000, 0x000000008b200000, 0x000000008b300000|  0%| F|  |TAMS 0x000000008b200000, 0x000000008b200000| Untracked 
| 179|0x000000008b300000, 0x000000008b300000, 0x000000008b400000|  0%| F|  |TAMS 0x000000008b300000, 0x000000008b300000| Untracked 
| 180|0x000000008b400000, 0x000000008b400000, 0x000000008b500000|  0%| F|  |TAMS 0x000000008b400000, 0x000000008b400000| Untracked 
| 181|0x000000008b500000, 0x000000008b500000, 0x000000008b600000|  0%| F|  |TAMS 0x000000008b500000, 0x000000008b500000| Untracked 
| 182|0x000000008b600000, 0x000000008b600000, 0x000000008b700000|  0%| F|  |TAMS 0x000000008b600000, 0x000000008b600000| Untracked 
| 183|0x000000008b700000, 0x000000008b700000, 0x000000008b800000|  0%| F|  |TAMS 0x000000008b700000, 0x000000008b700000| Untracked 
| 184|0x000000008b800000, 0x000000008b800000, 0x000000008b900000|  0%| F|  |TAMS 0x000000008b800000, 0x000000008b800000| Untracked 
| 185|0x000000008b900000, 0x000000008b900000, 0x000000008ba00000|  0%| F|  |TAMS 0x000000008b900000, 0x000000008b900000| Untracked 
| 186|0x000000008ba00000, 0x000000008ba00000, 0x000000008bb00000|  0%| F|  |TAMS 0x000000008ba00000, 0x000000008ba00000| Untracked 
| 187|0x000000008bb00000, 0x000000008bb00000, 0x000000008bc00000|  0%| F|  |TAMS 0x000000008bb00000, 0x000000008bb00000| Untracked 
| 188|0x000000008bc00000, 0x000000008bc00000, 0x000000008bd00000|  0%| F|  |TAMS 0x000000008bc00000, 0x000000008bc00000| Untracked 
| 189|0x000000008bd00000, 0x000000008bd00000, 0x000000008be00000|  0%| F|  |TAMS 0x000000008bd00000, 0x000000008bd00000| Untracked 
| 190|0x000000008be00000, 0x000000008be00000, 0x000000008bf00000|  0%| F|  |TAMS 0x000000008be00000, 0x000000008be00000| Untracked 
| 191|0x000000008bf00000, 0x000000008bf00000, 0x000000008c000000|  0%| F|  |TAMS 0x000000008bf00000, 0x000000008bf00000| Untracked 
| 192|0x000000008c000000, 0x000000008c000000, 0x000000008c100000|  0%| F|  |TAMS 0x000000008c000000, 0x000000008c000000| Untracked 
| 193|0x000000008c100000, 0x000000008c100000, 0x000000008c200000|  0%| F|  |TAMS 0x000000008c100000, 0x000000008c100000| Untracked 
| 194|0x000000008c200000, 0x000000008c200000, 0x000000008c300000|  0%| F|  |TAMS 0x000000008c200000, 0x000000008c200000| Untracked 
| 195|0x000000008c300000, 0x000000008c300000, 0x000000008c400000|  0%| F|  |TAMS 0x000000008c300000, 0x000000008c300000| Untracked 
| 196|0x000000008c400000, 0x000000008c400000, 0x000000008c500000|  0%| F|  |TAMS 0x000000008c400000, 0x000000008c400000| Untracked 
| 197|0x000000008c500000, 0x000000008c500000, 0x000000008c600000|  0%| F|  |TAMS 0x000000008c500000, 0x000000008c500000| Untracked 
| 198|0x000000008c600000, 0x000000008c600000, 0x000000008c700000|  0%| F|  |TAMS 0x000000008c600000, 0x000000008c600000| Untracked 
| 199|0x000000008c700000, 0x000000008c700000, 0x000000008c800000|  0%| F|  |TAMS 0x000000008c700000, 0x000000008c700000| Untracked 
| 200|0x000000008c800000, 0x000000008c800000, 0x000000008c900000|  0%| F|  |TAMS 0x000000008c800000, 0x000000008c800000| Untracked 
| 201|0x000000008c900000, 0x000000008c900000, 0x000000008ca00000|  0%| F|  |TAMS 0x000000008c900000, 0x000000008c900000| Untracked 
| 202|0x000000008ca00000, 0x000000008ca00000, 0x000000008cb00000|  0%| F|  |TAMS 0x000000008ca00000, 0x000000008ca00000| Untracked 
| 203|0x000000008cb00000, 0x000000008cb00000, 0x000000008cc00000|  0%| F|  |TAMS 0x000000008cb00000, 0x000000008cb00000| Untracked 
| 204|0x000000008cc00000, 0x000000008cc00000, 0x000000008cd00000|  0%| F|  |TAMS 0x000000008cc00000, 0x000000008cc00000| Untracked 
| 205|0x000000008cd00000, 0x000000008cd00000, 0x000000008ce00000|  0%| F|  |TAMS 0x000000008cd00000, 0x000000008cd00000| Untracked 
| 206|0x000000008ce00000, 0x000000008ce00000, 0x000000008cf00000|  0%| F|  |TAMS 0x000000008ce00000, 0x000000008ce00000| Untracked 
| 207|0x000000008cf00000, 0x000000008cf00000, 0x000000008d000000|  0%| F|  |TAMS 0x000000008cf00000, 0x000000008cf00000| Untracked 
| 208|0x000000008d000000, 0x000000008d000000, 0x000000008d100000|  0%| F|  |TAMS 0x000000008d000000, 0x000000008d000000| Untracked 
| 209|0x000000008d100000, 0x000000008d100000, 0x000000008d200000|  0%| F|  |TAMS 0x000000008d100000, 0x000000008d100000| Untracked 
| 210|0x000000008d200000, 0x000000008d200000, 0x000000008d300000|  0%| F|  |TAMS 0x000000008d200000, 0x000000008d200000| Untracked 
| 211|0x000000008d300000, 0x000000008d300000, 0x000000008d400000|  0%| F|  |TAMS 0x000000008d300000, 0x000000008d300000| Untracked 
| 212|0x000000008d400000, 0x000000008d400000, 0x000000008d500000|  0%| F|  |TAMS 0x000000008d400000, 0x000000008d400000| Untracked 
| 213|0x000000008d500000, 0x000000008d500000, 0x000000008d600000|  0%| F|  |TAMS 0x000000008d500000, 0x000000008d500000| Untracked 
| 214|0x000000008d600000, 0x000000008d600000, 0x000000008d700000|  0%| F|  |TAMS 0x000000008d600000, 0x000000008d600000| Untracked 
| 215|0x000000008d700000, 0x000000008d700000, 0x000000008d800000|  0%| F|  |TAMS 0x000000008d700000, 0x000000008d700000| Untracked 
| 216|0x000000008d800000, 0x000000008d800000, 0x000000008d900000|  0%| F|  |TAMS 0x000000008d800000, 0x000000008d800000| Untracked 
| 217|0x000000008d900000, 0x000000008d900000, 0x000000008da00000|  0%| F|  |TAMS 0x000000008d900000, 0x000000008d900000| Untracked 
| 218|0x000000008da00000, 0x000000008da00000, 0x000000008db00000|  0%| F|  |TAMS 0x000000008da00000, 0x000000008da00000| Untracked 
| 219|0x000000008db00000, 0x000000008db00000, 0x000000008dc00000|  0%| F|  |TAMS 0x000000008db00000, 0x000000008db00000| Untracked 
| 220|0x000000008dc00000, 0x000000008dc00000, 0x000000008dd00000|  0%| F|  |TAMS 0x000000008dc00000, 0x000000008dc00000| Untracked 
| 221|0x000000008dd00000, 0x000000008dd00000, 0x000000008de00000|  0%| F|  |TAMS 0x000000008dd00000, 0x000000008dd00000| Untracked 
| 222|0x000000008de00000, 0x000000008de00000, 0x000000008df00000|  0%| F|  |TAMS 0x000000008de00000, 0x000000008de00000| Untracked 
| 223|0x000000008df00000, 0x000000008df00000, 0x000000008e000000|  0%| F|  |TAMS 0x000000008df00000, 0x000000008df00000| Untracked 
| 224|0x000000008e000000, 0x000000008e000000, 0x000000008e100000|  0%| F|  |TAMS 0x000000008e000000, 0x000000008e000000| Untracked 
| 225|0x000000008e100000, 0x000000008e100000, 0x000000008e200000|  0%| F|  |TAMS 0x000000008e100000, 0x000000008e100000| Untracked 
| 226|0x000000008e200000, 0x000000008e200000, 0x000000008e300000|  0%| F|  |TAMS 0x000000008e200000, 0x000000008e200000| Untracked 
| 227|0x000000008e300000, 0x000000008e300000, 0x000000008e400000|  0%| F|  |TAMS 0x000000008e300000, 0x000000008e300000| Untracked 
| 228|0x000000008e400000, 0x000000008e400000, 0x000000008e500000|  0%| F|  |TAMS 0x000000008e400000, 0x000000008e400000| Untracked 
| 229|0x000000008e500000, 0x000000008e500000, 0x000000008e600000|  0%| F|  |TAMS 0x000000008e500000, 0x000000008e500000| Untracked 
| 230|0x000000008e600000, 0x000000008e600000, 0x000000008e700000|  0%| F|  |TAMS 0x000000008e600000, 0x000000008e600000| Untracked 
| 231|0x000000008e700000, 0x000000008e700000, 0x000000008e800000|  0%| F|  |TAMS 0x000000008e700000, 0x000000008e700000| Untracked 
| 232|0x000000008e800000, 0x000000008e800000, 0x000000008e900000|  0%| F|  |TAMS 0x000000008e800000, 0x000000008e800000| Untracked 
| 233|0x000000008e900000, 0x000000008e900000, 0x000000008ea00000|  0%| F|  |TAMS 0x000000008e900000, 0x000000008e900000| Untracked 
| 234|0x000000008ea00000, 0x000000008ea00000, 0x000000008eb00000|  0%| F|  |TAMS 0x000000008ea00000, 0x000000008ea00000| Untracked 
| 235|0x000000008eb00000, 0x000000008eb00000, 0x000000008ec00000|  0%| F|  |TAMS 0x000000008eb00000, 0x000000008eb00000| Untracked 
| 236|0x000000008ec00000, 0x000000008ec00000, 0x000000008ed00000|  0%| F|  |TAMS 0x000000008ec00000, 0x000000008ec00000| Untracked 
| 237|0x000000008ed00000, 0x000000008ed00000, 0x000000008ee00000|  0%| F|  |TAMS 0x000000008ed00000, 0x000000008ed00000| Untracked 
| 238|0x000000008ee00000, 0x000000008eefcda0, 0x000000008ef00000| 98%| S|CS|TAMS 0x000000008ee00000, 0x000000008ee00000| Complete 
| 239|0x000000008ef00000, 0x000000008f000000, 0x000000008f000000|100%| S|CS|TAMS 0x000000008ef00000, 0x000000008ef00000| Complete 
| 240|0x000000008f000000, 0x000000008f100000, 0x000000008f100000|100%| S|CS|TAMS 0x000000008f000000, 0x000000008f000000| Complete 
| 241|0x000000008f100000, 0x000000008f200000, 0x000000008f200000|100%| S|CS|TAMS 0x000000008f100000, 0x000000008f100000| Complete 
| 242|0x000000008f200000, 0x000000008f300000, 0x000000008f300000|100%| S|CS|TAMS 0x000000008f200000, 0x000000008f200000| Complete 
| 243|0x000000008f300000, 0x000000008f300000, 0x000000008f400000|  0%| F|  |TAMS 0x000000008f300000, 0x000000008f300000| Untracked 
| 244|0x000000008f400000, 0x000000008f400000, 0x000000008f500000|  0%| F|  |TAMS 0x000000008f400000, 0x000000008f400000| Untracked 
| 245|0x000000008f500000, 0x000000008f500000, 0x000000008f600000|  0%| F|  |TAMS 0x000000008f500000, 0x000000008f500000| Untracked 
| 246|0x000000008f600000, 0x000000008f600000, 0x000000008f700000|  0%| F|  |TAMS 0x000000008f600000, 0x000000008f600000| Untracked 
| 247|0x000000008f700000, 0x000000008f700000, 0x000000008f800000|  0%| F|  |TAMS 0x000000008f700000, 0x000000008f700000| Untracked 
| 248|0x000000008f800000, 0x000000008f800000, 0x000000008f900000|  0%| F|  |TAMS 0x000000008f800000, 0x000000008f800000| Untracked 
| 249|0x000000008f900000, 0x000000008f900000, 0x000000008fa00000|  0%| F|  |TAMS 0x000000008f900000, 0x000000008f900000| Untracked 
| 250|0x000000008fa00000, 0x000000008fa00000, 0x000000008fb00000|  0%| F|  |TAMS 0x000000008fa00000, 0x000000008fa00000| Untracked 
| 251|0x000000008fb00000, 0x000000008fb00000, 0x000000008fc00000|  0%| F|  |TAMS 0x000000008fb00000, 0x000000008fb00000| Untracked 
| 252|0x000000008fc00000, 0x000000008fc00000, 0x000000008fd00000|  0%| F|  |TAMS 0x000000008fc00000, 0x000000008fc00000| Untracked 
| 253|0x000000008fd00000, 0x000000008fd00000, 0x000000008fe00000|  0%| F|  |TAMS 0x000000008fd00000, 0x000000008fd00000| Untracked 
| 254|0x000000008fe00000, 0x000000008fe00000, 0x000000008ff00000|  0%| F|  |TAMS 0x000000008fe00000, 0x000000008fe00000| Untracked 
| 255|0x000000008ff00000, 0x000000008ff00000, 0x0000000090000000|  0%| F|  |TAMS 0x000000008ff00000, 0x000000008ff00000| Untracked 
| 256|0x0000000090000000, 0x0000000090000000, 0x0000000090100000|  0%| F|  |TAMS 0x0000000090000000, 0x0000000090000000| Untracked 
| 257|0x0000000090100000, 0x0000000090100000, 0x0000000090200000|  0%| F|  |TAMS 0x0000000090100000, 0x0000000090100000| Untracked 
| 258|0x0000000090200000, 0x0000000090200000, 0x0000000090300000|  0%| F|  |TAMS 0x0000000090200000, 0x0000000090200000| Untracked 
| 259|0x0000000090300000, 0x0000000090300000, 0x0000000090400000|  0%| F|  |TAMS 0x0000000090300000, 0x0000000090300000| Untracked 
| 260|0x0000000090400000, 0x0000000090400000, 0x0000000090500000|  0%| F|  |TAMS 0x0000000090400000, 0x0000000090400000| Untracked 
| 261|0x0000000090500000, 0x0000000090500000, 0x0000000090600000|  0%| F|  |TAMS 0x0000000090500000, 0x0000000090500000| Untracked 
| 262|0x0000000090600000, 0x0000000090600000, 0x0000000090700000|  0%| F|  |TAMS 0x0000000090600000, 0x0000000090600000| Untracked 
| 263|0x0000000090700000, 0x0000000090700000, 0x0000000090800000|  0%| F|  |TAMS 0x0000000090700000, 0x0000000090700000| Untracked 
| 264|0x0000000090800000, 0x0000000090800000, 0x0000000090900000|  0%| F|  |TAMS 0x0000000090800000, 0x0000000090800000| Untracked 
| 265|0x0000000090900000, 0x0000000090900000, 0x0000000090a00000|  0%| F|  |TAMS 0x0000000090900000, 0x0000000090900000| Untracked 
| 266|0x0000000090a00000, 0x0000000090a00000, 0x0000000090b00000|  0%| F|  |TAMS 0x0000000090a00000, 0x0000000090a00000| Untracked 
| 267|0x0000000090b00000, 0x0000000090b00000, 0x0000000090c00000|  0%| F|  |TAMS 0x0000000090b00000, 0x0000000090b00000| Untracked 
| 268|0x0000000090c00000, 0x0000000090c00000, 0x0000000090d00000|  0%| F|  |TAMS 0x0000000090c00000, 0x0000000090c00000| Untracked 
| 269|0x0000000090d00000, 0x0000000090d00000, 0x0000000090e00000|  0%| F|  |TAMS 0x0000000090d00000, 0x0000000090d00000| Untracked 
| 270|0x0000000090e00000, 0x0000000090e00000, 0x0000000090f00000|  0%| F|  |TAMS 0x0000000090e00000, 0x0000000090e00000| Untracked 
| 271|0x0000000090f00000, 0x0000000090f00000, 0x0000000091000000|  0%| F|  |TAMS 0x0000000090f00000, 0x0000000090f00000| Untracked 
| 272|0x0000000091000000, 0x0000000091000000, 0x0000000091100000|  0%| F|  |TAMS 0x0000000091000000, 0x0000000091000000| Untracked 
| 273|0x0000000091100000, 0x0000000091100000, 0x0000000091200000|  0%| F|  |TAMS 0x0000000091100000, 0x0000000091100000| Untracked 
| 274|0x0000000091200000, 0x0000000091200000, 0x0000000091300000|  0%| F|  |TAMS 0x0000000091200000, 0x0000000091200000| Untracked 
| 275|0x0000000091300000, 0x0000000091300000, 0x0000000091400000|  0%| F|  |TAMS 0x0000000091300000, 0x0000000091300000| Untracked 
| 276|0x0000000091400000, 0x0000000091400000, 0x0000000091500000|  0%| F|  |TAMS 0x0000000091400000, 0x0000000091400000| Untracked 
| 277|0x0000000091500000, 0x0000000091500000, 0x0000000091600000|  0%| F|  |TAMS 0x0000000091500000, 0x0000000091500000| Untracked 
| 278|0x0000000091600000, 0x0000000091600000, 0x0000000091700000|  0%| F|  |TAMS 0x0000000091600000, 0x0000000091600000| Untracked 
| 279|0x0000000091700000, 0x0000000091700000, 0x0000000091800000|  0%| F|  |TAMS 0x0000000091700000, 0x0000000091700000| Untracked 
| 280|0x0000000091800000, 0x0000000091885570, 0x0000000091900000| 52%| E|  |TAMS 0x0000000091800000, 0x0000000091800000| Complete 

Card table byte_map: [0x000001e913470000,0x000001e913870000] _byte_map_base: 0x000001e913070000

Marking Bits (Prev, Next): (CMBitMap*) 0x000001e97ed4ac58, (CMBitMap*) 0x000001e97ed4ac90
 Prev Bits: [0x000001e913c70000, 0x000001e915c70000)
 Next Bits: [0x000001e915c70000, 0x000001e917c70000)

Polling page: 0x000001e900000000

Metaspace:

Usage:
  Non-class:     99.31 MB capacity,    97.00 MB ( 98%) used,     1.98 MB (  2%) free+waste,   350.50 KB ( <1%) overhead. 
      Class:     15.41 MB capacity,    14.21 MB ( 92%) used,     1.04 MB (  7%) free+waste,   160.69 KB (  1%) overhead. 
       Both:    114.73 MB capacity,   111.21 MB ( 97%) used,     3.02 MB (  3%) free+waste,   511.19 KB ( <1%) overhead. 

Virtual space:
  Non-class space:      100.00 MB reserved,      99.50 MB (>99%) committed 
      Class space:        1.00 GB reserved,      15.50 MB (  2%) committed 
             Both:        1.10 GB reserved,     115.00 MB ( 10%) committed 

Chunk freelists:
   Non-Class:  0 bytes
       Class:  0 bytes
        Both:  0 bytes

MaxMetaspaceSize: 17179869184.00 GB
CompressedClassSpaceSize: 1.00 GB

CodeHeap 'non-profiled nmethods': size=120064Kb used=8622Kb max_used=8622Kb free=111441Kb
 bounds [0x000001e90b500000, 0x000001e90bd70000, 0x000001e912a40000]
CodeHeap 'profiled nmethods': size=120000Kb used=32119Kb max_used=32119Kb free=87880Kb
 bounds [0x000001e903fd0000, 0x000001e905f30000, 0x000001e90b500000]
CodeHeap 'non-nmethods': size=5696Kb used=2339Kb max_used=2398Kb free=3356Kb
 bounds [0x000001e903a40000, 0x000001e903cb0000, 0x000001e903fd0000]
 total_blobs=15872 nmethods=14916 adapters=867
 compilation: enabled
              stopped_count=0, restarted_count=0
 full_count=0

Compilation events (20 events):
Event: 133.636 Thread 0x000001e91a2e1000 nmethod 15143 0x000001e90bd6a010 code [0x000001e90bd6a1c0, 0x000001e90bd6a318]
Event: 133.636 Thread 0x000001e91a2e2800 15207       3       java.lang.ref.ReferenceQueue::remove (6 bytes)
Event: 133.637 Thread 0x000001e91a2e2800 nmethod 15207 0x000001e905f2ac90 code [0x000001e905f2ae40, 0x000001e905f2b008]
Event: 133.637 Thread 0x000001e91a2e2800 15208   !   3       java.lang.ref.Finalizer::runFinalizer (117 bytes)
Event: 133.640 Thread 0x000001e91a2e1000 15209       4       java.io.ObjectOutputStream$BlockDataOutputStream::drain (45 bytes)
Event: 133.876 Thread 0x000001e91a2e2800 nmethod 15208 0x000001e905f2b090 code [0x000001e905f2b2c0, 0x000001e905f2bcc8]
Event: 133.876 Thread 0x000001e91a2e2800 15211       3       java.io.Bits::putChar (16 bytes)
Event: 133.876 Thread 0x000001e91a2e2800 nmethod 15211 0x000001e905f2bf90 code [0x000001e905f2c140, 0x000001e905f2c278]
Event: 133.876 Thread 0x000001e91a2e2800 15214  s    3       java.io.File::writeObject (12 bytes)
Event: 133.876 Thread 0x000001e91a2e2800 nmethod 15214 0x000001e905f2c390 code [0x000001e905f2c560, 0x000001e905f2c9b8]
Event: 133.894 Thread 0x000001e91a2e2800 15215   !   3       jdk.internal.reflect.GeneratedMethodAccessor70::invoke (66 bytes)
Event: 133.894 Thread 0x000001e91a2e1000 nmethod 15209 0x000001e90bd6a410 code [0x000001e90bd6a5c0, 0x000001e90bd6a768]
Event: 133.894 Thread 0x000001e91a2e1000 15210       4       java.io.ObjectOutputStream$HandleTable::insert (39 bytes)
Event: 133.895 Thread 0x000001e91a2e2800 nmethod 15215 0x000001e905f2cb10 code [0x000001e905f2cd80, 0x000001e905f2d848]
Event: 133.901 Thread 0x000001e91a2e1000 nmethod 15210 0x000001e90bd6a990 code [0x000001e90bd6ab40, 0x000001e90bd6ae28]
Event: 133.901 Thread 0x000001e91a2e1000 15212       4       java.io.ObjectStreamClass$WeakClassKey::equals (42 bytes)
Event: 133.904 Thread 0x000001e91a2e1000 nmethod 15212 0x000001e90bd6b010 code [0x000001e90bd6b1a0, 0x000001e90bd6b318]
Event: 133.904 Thread 0x000001e91a2e1000 15213       4       java.io.ObjectOutputStream$BlockDataOutputStream::writeInt (46 bytes)
Event: 133.907 Thread 0x000001e91a2e1000 nmethod 15213 0x000001e90bd6b490 code [0x000001e90bd6b620, 0x000001e90bd6b758]
Event: 133.909 Thread 0x000001e91a2e1000 15216   !   4       java.io.ObjectStreamClass::lookup (334 bytes)

GC Heap History (20 events):
Event: 24.456 GC heap before
{Heap before GC invocations=47 (full 0):
 garbage-first heap   total 199680K, used 154311K [0x0000000080000000, 0x0000000100000000)
  region size 1024K, 56 young (57344K), 5 survivors (5120K)
 Metaspace       used 85009K, capacity 87237K, committed 87424K, reserved 1124352K
  class space    used 11036K, capacity 11841K, committed 11904K, reserved 1048576K
}
Event: 24.482 GC heap after
{Heap after GC invocations=48 (full 0):
 garbage-first heap   total 199680K, used 110267K [0x0000000080000000, 0x0000000100000000)
  region size 1024K, 8 young (8192K), 8 survivors (8192K)
 Metaspace       used 85009K, capacity 87237K, committed 87424K, reserved 1124352K
  class space    used 11036K, capacity 11841K, committed 11904K, reserved 1048576K
}
Event: 25.550 GC heap before
{Heap before GC invocations=49 (full 0):
 garbage-first heap   total 199680K, used 161467K [0x0000000080000000, 0x0000000100000000)
  region size 1024K, 57 young (58368K), 8 survivors (8192K)
 Metaspace       used 91695K, capacity 94003K, committed 94208K, reserved 1130496K
  class space    used 11860K, capacity 12673K, committed 12800K, reserved 1048576K
}
Event: 25.567 GC heap after
{Heap after GC invocations=50 (full 0):
 garbage-first heap   total 239616K, used 112422K [0x0000000080000000, 0x0000000100000000)
  region size 1024K, 3 young (3072K), 3 survivors (3072K)
 Metaspace       used 91695K, capacity 94003K, committed 94208K, reserved 1130496K
  class space    used 11860K, capacity 12673K, committed 12800K, reserved 1048576K
}
Event: 27.195 GC heap before
{Heap before GC invocations=50 (full 0):
 garbage-first heap   total 239616K, used 175910K [0x0000000080000000, 0x0000000100000000)
  region size 1024K, 66 young (67584K), 3 survivors (3072K)
 Metaspace       used 95897K, capacity 98372K, committed 98560K, reserved 1134592K
  class space    used 12378K, capacity 13238K, committed 13312K, reserved 1048576K
}
Event: 27.213 GC heap after
{Heap after GC invocations=51 (full 0):
 garbage-first heap   total 239616K, used 117538K [0x0000000080000000, 0x0000000100000000)
  region size 1024K, 8 young (8192K), 8 survivors (8192K)
 Metaspace       used 95897K, capacity 98372K, committed 98560K, reserved 1134592K
  class space    used 12378K, capacity 13238K, committed 13312K, reserved 1048576K
}
Event: 28.937 GC heap before
{Heap before GC invocations=52 (full 0):
 garbage-first heap   total 239616K, used 189218K [0x0000000080000000, 0x0000000100000000)
  region size 1024K, 79 young (80896K), 8 survivors (8192K)
 Metaspace       used 97252K, capacity 99688K, committed 99968K, reserved 1136640K
  class space    used 12509K, capacity 13377K, committed 13440K, reserved 1048576K
}
Event: 28.969 GC heap after
{Heap after GC invocations=53 (full 0):
 garbage-first heap   total 239616K, used 121601K [0x0000000080000000, 0x0000000100000000)
  region size 1024K, 5 young (5120K), 5 survivors (5120K)
 Metaspace       used 97252K, capacity 99688K, committed 99968K, reserved 1136640K
  class space    used 12509K, capacity 13377K, committed 13440K, reserved 1048576K
}
Event: 30.470 GC heap before
{Heap before GC invocations=53 (full 0):
 garbage-first heap   total 239616K, used 192257K [0x0000000080000000, 0x0000000100000000)
  region size 1024K, 75 young (76800K), 5 survivors (5120K)
 Metaspace       used 102041K, capacity 104739K, committed 104832K, reserved 1140736K
  class space    used 13152K, capacity 14122K, committed 14208K, reserved 1048576K
}
Event: 30.492 GC heap after
{Heap after GC invocations=54 (full 0):
 garbage-first heap   total 239616K, used 125386K [0x0000000080000000, 0x0000000100000000)
  region size 1024K, 8 young (8192K), 8 survivors (8192K)
 Metaspace       used 102041K, capacity 104739K, committed 104832K, reserved 1140736K
  class space    used 13152K, capacity 14122K, committed 14208K, reserved 1048576K
}
Event: 31.473 GC heap before
{Heap before GC invocations=55 (full 0):
 garbage-first heap   total 239616K, used 197066K [0x0000000080000000, 0x0000000100000000)
  region size 1024K, 78 young (79872K), 8 survivors (8192K)
 Metaspace       used 106784K, capacity 109368K, committed 109824K, reserved 1144832K
  class space    used 13715K, capacity 14679K, committed 14848K, reserved 1048576K
}
Event: 31.507 GC heap after
{Heap after GC invocations=56 (full 0):
 garbage-first heap   total 287744K, used 129049K [0x0000000080000000, 0x0000000100000000)
  region size 1024K, 8 young (8192K), 8 survivors (8192K)
 Metaspace       used 106784K, capacity 109368K, committed 109824K, reserved 1144832K
  class space    used 13715K, capacity 14679K, committed 14848K, reserved 1048576K
}
Event: 106.733 GC heap before
{Heap before GC invocations=56 (full 0):
 garbage-first heap   total 287744K, used 218137K [0x0000000080000000, 0x0000000100000000)
  region size 1024K, 95 young (97280K), 8 survivors (8192K)
 Metaspace       used 110814K, capacity 114035K, committed 114176K, reserved 1148928K
  class space    used 14206K, capacity 15322K, committed 15360K, reserved 1048576K
}
Event: 107.282 GC heap after
{Heap after GC invocations=57 (full 0):
 garbage-first heap   total 287744K, used 133802K [0x0000000080000000, 0x0000000100000000)
  region size 1024K, 9 young (9216K), 9 survivors (9216K)
 Metaspace       used 110814K, capacity 114035K, committed 114176K, reserved 1148928K
  class space    used 14206K, capacity 15322K, committed 15360K, reserved 1048576K
}
Event: 115.938 GC heap before
{Heap before GC invocations=57 (full 0):
 garbage-first heap   total 287744K, used 194218K [0x0000000080000000, 0x0000000100000000)
  region size 1024K, 69 young (70656K), 9 survivors (9216K)
 Metaspace       used 112897K, capacity 116159K, committed 116224K, reserved 1150976K
  class space    used 14456K, capacity 15586K, committed 15616K, reserved 1048576K
}
Event: 116.091 GC heap after
{Heap after GC invocations=58 (full 0):
 garbage-first heap   total 287744K, used 138792K [0x0000000080000000, 0x0000000100000000)
  region size 1024K, 9 young (9216K), 9 survivors (9216K)
 Metaspace       used 112897K, capacity 116159K, committed 116224K, reserved 1150976K
  class space    used 14456K, capacity 15586K, committed 15616K, reserved 1048576K
}
Event: 122.368 GC heap before
{Heap before GC invocations=58 (full 0):
 garbage-first heap   total 287744K, used 164392K [0x0000000080000000, 0x0000000100000000)
  region size 1024K, 34 young (34816K), 9 survivors (9216K)
 Metaspace       used 113130K, capacity 116357K, committed 116480K, reserved 1150976K
  class space    used 14465K, capacity 15601K, committed 15616K, reserved 1048576K
}
Event: 122.647 GC heap after
{Heap after GC invocations=59 (full 0):
 garbage-first heap   total 287744K, used 142102K [0x0000000080000000, 0x0000000100000000)
  region size 1024K, 3 young (3072K), 3 survivors (3072K)
 Metaspace       used 113130K, capacity 116357K, committed 116480K, reserved 1150976K
  class space    used 14465K, capacity 15601K, committed 15616K, reserved 1048576K
}
Event: 133.531 GC heap before
{Heap before GC invocations=60 (full 0):
 garbage-first heap   total 287744K, used 177942K [0x0000000080000000, 0x0000000100000000)
  region size 1024K, 38 young (38912K), 3 survivors (3072K)
 Metaspace       used 113871K, capacity 117476K, committed 117760K, reserved 1150976K
  class space    used 14553K, capacity 15780K, committed 15872K, reserved 1048576K
}
Event: 133.635 GC heap after
{Heap after GC invocations=61 (full 0):
 garbage-first heap   total 287744K, used 144137K [0x0000000080000000, 0x0000000100000000)
  region size 1024K, 5 young (5120K), 5 survivors (5120K)
 Metaspace       used 113871K, capacity 117476K, committed 117760K, reserved 1150976K
  class space    used 14553K, capacity 15780K, committed 15872K, reserved 1048576K
}

Deoptimization events (20 events):
Event: 121.805 Thread 0x000001e922dcb800 Uncommon trap: trap_request=0xffffffd6 fr.pc=0x000001e90bcec83c relative=0x00000000000004fc
Event: 121.805 Thread 0x000001e922dcb800 Uncommon trap: reason=array_check action=maybe_recompile pc=0x000001e90bcec83c method=java.util.TimSort.reverseRange([Ljava/lang/Object;II)V @ 27 c2
Event: 121.805 Thread 0x000001e922dcb800 DEOPT PACKING pc=0x000001e90bcec83c sp=0x0000005535cfd8f0
Event: 121.805 Thread 0x000001e922dcb800 DEOPT UNPACKING pc=0x000001e903a6662f sp=0x0000005535cfd840 mode 2
Event: 122.087 Thread 0x000001e91c2d1000 DEOPT PACKING pc=0x000001e90597c555 sp=0x0000005531ff9bd0
Event: 122.087 Thread 0x000001e91c2d1000 DEOPT UNPACKING pc=0x000001e903a66dde sp=0x0000005531ff90f0 mode 0
Event: 122.207 Thread 0x000001e91c2d1000 DEOPT PACKING pc=0x000001e9045f1d91 sp=0x0000005531ff8310
Event: 122.207 Thread 0x000001e91c2d1000 DEOPT UNPACKING pc=0x000001e903a66dde sp=0x0000005531ff77e8 mode 0
Event: 131.307 Thread 0x000001e91c2d1000 Uncommon trap: trap_request=0xffffff4d fr.pc=0x000001e90bc48558 relative=0x0000000000000758
Event: 131.307 Thread 0x000001e91c2d1000 Uncommon trap: reason=unstable_if action=reinterpret pc=0x000001e90bc48558 method=com.google.common.cache.LocalCache$Segment.expireEntries(J)V @ 84 c2
Event: 131.307 Thread 0x000001e91c2d1000 DEOPT PACKING pc=0x000001e90bc48558 sp=0x0000005531ff9660
Event: 131.308 Thread 0x000001e91c2d1000 DEOPT UNPACKING pc=0x000001e903a6662f sp=0x0000005531ff95d8 mode 2
Event: 131.427 Thread 0x000001e91c2d1000 Uncommon trap: trap_request=0xffffffc6 fr.pc=0x000001e90b644814 relative=0x0000000000000494
Event: 131.427 Thread 0x000001e91c2d1000 Uncommon trap: reason=bimorphic_or_optimized_type_check action=maybe_recompile pc=0x000001e90b644814 method=java.util.Spliterators$IteratorSpliterator.tryAdvance(Ljava/util/function/Consumer;)Z @ 50 c2
Event: 131.427 Thread 0x000001e91c2d1000 DEOPT PACKING pc=0x000001e90b644814 sp=0x0000005531ffada0
Event: 131.427 Thread 0x000001e91c2d1000 DEOPT UNPACKING pc=0x000001e903a6662f sp=0x0000005531ffad40 mode 2
Event: 131.794 Thread 0x000001e91c2d1000 DEOPT PACKING pc=0x000001e90597c555 sp=0x0000005531ffa210
Event: 131.794 Thread 0x000001e91c2d1000 DEOPT UNPACKING pc=0x000001e903a66dde sp=0x0000005531ff9730 mode 0
Event: 131.859 Thread 0x000001e91c2d1000 DEOPT PACKING pc=0x000001e9057c9cb8 sp=0x0000005531ffa1b0
Event: 131.860 Thread 0x000001e91c2d1000 DEOPT UNPACKING pc=0x000001e903a66dde sp=0x0000005531ff96d8 mode 0

Classes redefined (0 events):
No events

Internal exceptions (20 events):
Event: 114.315 Thread 0x000001e91c2d1000 Exception <a 'java/lang/ClassNotFoundException'{0x000000008f006d18}: org/jetbrains/plugins/gradle/tooling/util/SourceSetCachedFinderCustomizer> (0x000000008f006d18) thrown at [./src/hotspot/share/classfile/systemDictionary.cpp, line 231]
Event: 114.393 Thread 0x000001e91c2d1000 Exception <a 'java/lang/ClassNotFoundException'{0x000000008f081320}: org/jetbrains/plugins/gradle/tooling/util/SourceSetCachedFinder$ArtifactsMapBeanInfo> (0x000000008f081320) thrown at [./src/hotspot/share/classfile/systemDictionary.cpp, line 231]
Event: 114.395 Thread 0x000001e91c2d1000 Exception <a 'java/lang/ClassNotFoundException'{0x000000008f0918a0}: org/jetbrains/plugins/gradle/tooling/util/SourceSetCachedFinder$ArtifactsMapCustomizer> (0x000000008f0918a0) thrown at [./src/hotspot/share/classfile/systemDictionary.cpp, line 231]
Event: 115.602 Thread 0x000001e91c2d1000 Exception <a 'java/lang/NoSuchMethodError'{0x000000008e161228}: <clinit>> (0x000000008e161228) thrown at [./src/hotspot/share/prims/jni.cpp, line 1362]
Event: 115.609 Thread 0x000001e91c2d1000 Exception <a 'java/lang/NoSuchMethodError'{0x000000008e171a08}: <clinit>> (0x000000008e171a08) thrown at [./src/hotspot/share/prims/jni.cpp, line 1362]
Event: 115.808 Thread 0x000001e91c2d1000 Exception <a 'java/lang/NoSuchMethodError'{0x000000008dea60b8}: <clinit>> (0x000000008dea60b8) thrown at [./src/hotspot/share/prims/jni.cpp, line 1362]
Event: 115.810 Thread 0x000001e91c2d1000 Exception <a 'java/lang/NoSuchMethodError'{0x000000008deb3320}: <clinit>> (0x000000008deb3320) thrown at [./src/hotspot/share/prims/jni.cpp, line 1362]
Event: 115.813 Thread 0x000001e91c2d1000 Exception <a 'java/lang/NoSuchMethodError'{0x000000008dec0488}: <clinit>> (0x000000008dec0488) thrown at [./src/hotspot/share/prims/jni.cpp, line 1362]
Event: 116.510 Thread 0x000001e91c2d1000 Exception <a 'sun/nio/fs/WindowsException'{0x0000000091712b40}> (0x0000000091712b40) thrown at [./src/hotspot/share/prims/jni.cpp, line 615]
Event: 116.651 Thread 0x000001e91c2d1000 Exception <a 'sun/nio/fs/WindowsException'{0x00000000917b9a90}> (0x00000000917b9a90) thrown at [./src/hotspot/share/prims/jni.cpp, line 615]
Event: 116.652 Thread 0x000001e91c2d1000 Exception <a 'sun/nio/fs/WindowsException'{0x00000000917bab60}> (0x00000000917bab60) thrown at [./src/hotspot/share/prims/jni.cpp, line 615]
Event: 116.652 Thread 0x000001e91c2d1000 Exception <a 'sun/nio/fs/WindowsException'{0x00000000917bbc80}> (0x00000000917bbc80) thrown at [./src/hotspot/share/prims/jni.cpp, line 615]
Event: 116.653 Thread 0x000001e91c2d1000 Exception <a 'sun/nio/fs/WindowsException'{0x00000000917bcda0}> (0x00000000917bcda0) thrown at [./src/hotspot/share/prims/jni.cpp, line 615]
Event: 117.346 Thread 0x000001e91c2d1000 Exception <a 'java/lang/reflect/InvocationTargetException'{0x000000009154c378}> (0x000000009154c378) thrown at [./src/hotspot/share/runtime/reflection.cpp, line 1247]
Event: 132.812 Thread 0x000001e91c2d1000 Exception <a 'java/lang/NoSuchMethodError'{0x000000008f5b2ab8}: <clinit>> (0x000000008f5b2ab8) thrown at [./src/hotspot/share/prims/jni.cpp, line 1362]
Event: 132.824 Thread 0x000001e91c2d1000 Exception <a 'java/lang/NoSuchMethodError'{0x000000008f5c45c8}: <clinit>> (0x000000008f5c45c8) thrown at [./src/hotspot/share/prims/jni.cpp, line 1362]
Event: 132.828 Thread 0x000001e91c2d1000 Exception <a 'java/lang/NoSuchMethodError'{0x000000008f5d5b10}: <clinit>> (0x000000008f5d5b10) thrown at [./src/hotspot/share/prims/jni.cpp, line 1362]
Event: 132.831 Thread 0x000001e91c2d1000 Exception <a 'java/lang/NoSuchMethodError'{0x000000008f5f7f78}: <clinit>> (0x000000008f5f7f78) thrown at [./src/hotspot/share/prims/jni.cpp, line 1362]
Event: 133.062 Thread 0x000001e91c2d1000 Exception <a 'java/lang/ClassNotFoundException'{0x000000008f44c3e0}: org/jetbrains/plugins/gradle/tooling/util/JavaPluginUtilBeanInfo> (0x000000008f44c3e0) thrown at [./src/hotspot/share/classfile/systemDictionary.cpp, line 231]
Event: 133.074 Thread 0x000001e91c2d1000 Exception <a 'java/lang/ClassNotFoundException'{0x000000008f45ae40}: org/jetbrains/plugins/gradle/tooling/util/JavaPluginUtilCustomizer> (0x000000008f45ae40) thrown at [./src/hotspot/share/classfile/systemDictionary.cpp, line 231]

Events (20 events):
Event: 133.907 Executing VM operation: RevokeBias
Event: 133.907 Executing VM operation: RevokeBias done
Event: 133.907 Executing VM operation: RevokeBias
Event: 133.907 Executing VM operation: RevokeBias done
Event: 133.907 Executing VM operation: RevokeBias
Event: 133.908 Executing VM operation: RevokeBias done
Event: 133.908 Executing VM operation: RevokeBias
Event: 133.908 Executing VM operation: RevokeBias done
Event: 133.908 Executing VM operation: RevokeBias
Event: 133.908 Executing VM operation: RevokeBias done
Event: 133.909 Executing VM operation: RevokeBias
Event: 133.909 Executing VM operation: RevokeBias done
Event: 133.909 Executing VM operation: RevokeBias
Event: 133.910 Executing VM operation: RevokeBias done
Event: 133.914 Executing VM operation: RevokeBias
Event: 133.914 Executing VM operation: RevokeBias done
Event: 133.914 Executing VM operation: RevokeBias
Event: 133.914 Executing VM operation: RevokeBias done
Event: 133.914 Executing VM operation: BulkRevokeBias
Event: 133.915 Executing VM operation: BulkRevokeBias done


Dynamic libraries:
0x00007ff7aea70000 - 0x00007ff7aea7a000 	C:\Program Files\Android\Android Studio\jre\bin\java.exe
0x00007ffcc6570000 - 0x00007ffcc6768000 	C:\WINDOWS\SYSTEM32\ntdll.dll
0x00007ffcc59c0000 - 0x00007ffcc5a7d000 	C:\WINDOWS\System32\KERNEL32.DLL
0x00007ffcc3f80000 - 0x00007ffcc424e000 	C:\WINDOWS\System32\KERNELBASE.dll
0x00007ffcc43b0000 - 0x00007ffcc44b0000 	C:\WINDOWS\System32\ucrtbase.dll
0x00007ffcbd9c0000 - 0x00007ffcbd9d9000 	C:\Program Files\Android\Android Studio\jre\bin\jli.dll
0x00007ffcc5c90000 - 0x00007ffcc5e30000 	C:\WINDOWS\System32\USER32.dll
0x00007ffcc3d20000 - 0x00007ffcc3d42000 	C:\WINDOWS\System32\win32u.dll
0x00007ffcc6030000 - 0x00007ffcc605a000 	C:\WINDOWS\System32\GDI32.dll
0x00007ffcc3dd0000 - 0x00007ffcc3edb000 	C:\WINDOWS\System32\gdi32full.dll
0x00007ffcc3ee0000 - 0x00007ffcc3f7d000 	C:\WINDOWS\System32\msvcp_win.dll
0x00007ffcb77d0000 - 0x00007ffcb77e7000 	C:\Program Files\Android\Android Studio\jre\bin\VCRUNTIME140.dll
0x00007ffc9f660000 - 0x00007ffc9f8fa000 	C:\WINDOWS\WinSxS\amd64_microsoft.windows.common-controls_6595b64144ccf1df_6.0.19041.1110_none_60b5254171f9507e\COMCTL32.dll
0x00007ffcc5bf0000 - 0x00007ffcc5c8e000 	C:\WINDOWS\System32\msvcrt.dll
0x00007ffcc5990000 - 0x00007ffcc59c0000 	C:\WINDOWS\System32\IMM32.DLL
0x00007ffc99980000 - 0x00007ffc99a1d000 	C:\Program Files\Android\Android Studio\jre\bin\msvcp140.dll
0x00007ffc3e540000 - 0x00007ffc3f015000 	C:\Program Files\Android\Android Studio\jre\bin\server\jvm.dll
0x00007ffcc45d0000 - 0x00007ffcc467e000 	C:\WINDOWS\System32\ADVAPI32.dll
0x00007ffcc5750000 - 0x00007ffcc57ec000 	C:\WINDOWS\System32\sechost.dll
0x00007ffcc5e90000 - 0x00007ffcc5fb5000 	C:\WINDOWS\System32\RPCRT4.dll
0x00007ffcc5be0000 - 0x00007ffcc5be8000 	C:\WINDOWS\System32\PSAPI.DLL
0x00007ffca31e0000 - 0x00007ffca31e9000 	C:\WINDOWS\SYSTEM32\WSOCK32.dll
0x00007ffcc5fc0000 - 0x00007ffcc602b000 	C:\WINDOWS\System32\WS2_32.dll
0x00007ffca5f30000 - 0x00007ffca5f57000 	C:\WINDOWS\SYSTEM32\WINMM.dll
0x00007ffcbeaa0000 - 0x00007ffcbeaaa000 	C:\WINDOWS\SYSTEM32\VERSION.dll
0x00007ffcc1b80000 - 0x00007ffcc1b92000 	C:\WINDOWS\SYSTEM32\kernel.appcore.dll
0x00007ffcb2a00000 - 0x00007ffcb2a11000 	C:\Program Files\Android\Android Studio\jre\bin\verify.dll
0x00007ffcb38b0000 - 0x00007ffcb3a94000 	C:\WINDOWS\SYSTEM32\DBGHELP.DLL
0x00007ffcb23e0000 - 0x00007ffcb240c000 	C:\WINDOWS\SYSTEM32\dbgcore.DLL
0x00007ffcc3c90000 - 0x00007ffcc3d12000 	C:\WINDOWS\System32\bcryptPrimitives.dll
0x00007ffca9360000 - 0x00007ffca9389000 	C:\Program Files\Android\Android Studio\jre\bin\java.dll
0x00007ffcbf9e0000 - 0x00007ffcbf9eb000 	C:\Program Files\Android\Android Studio\jre\bin\jimage.dll
0x00007ffca7110000 - 0x00007ffca7128000 	C:\Program Files\Android\Android Studio\jre\bin\zip.dll
0x00007ffcc4f70000 - 0x00007ffcc56b3000 	C:\WINDOWS\System32\SHELL32.dll
0x00007ffcc1d80000 - 0x00007ffcc2515000 	C:\WINDOWS\SYSTEM32\windows.storage.dll
0x00007ffcc6060000 - 0x00007ffcc63b4000 	C:\WINDOWS\System32\combase.dll
0x00007ffcc3620000 - 0x00007ffcc3650000 	C:\WINDOWS\SYSTEM32\Wldp.dll
0x00007ffcc5a80000 - 0x00007ffcc5b2d000 	C:\WINDOWS\System32\SHCORE.dll
0x00007ffcc56e0000 - 0x00007ffcc5735000 	C:\WINDOWS\System32\shlwapi.dll
0x00007ffcc3bd0000 - 0x00007ffcc3bef000 	C:\WINDOWS\SYSTEM32\profapi.dll
0x00007ffca70f0000 - 0x00007ffca710a000 	C:\Program Files\Android\Android Studio\jre\bin\net.dll
0x00007ffcb76c0000 - 0x00007ffcb77ca000 	C:\WINDOWS\SYSTEM32\WINHTTP.dll
0x00007ffcc3380000 - 0x00007ffcc33ea000 	C:\WINDOWS\system32\mswsock.dll
0x00007ffca70d0000 - 0x00007ffca70e4000 	C:\Program Files\Android\Android Studio\jre\bin\nio.dll
0x00007ffc99dd0000 - 0x00007ffc99df7000 	C:\Users\User\.gradle\native\e1d6ef7f7dcc3fd88c89a11ec53ec762bb8ba0a96d01ffa2cd45eb1d1d8dd5c5\windows-amd64\native-platform.dll
0x00007ffc896b0000 - 0x00007ffc897f4000 	C:\Users\User\.gradle\native\5664cfc778a61ccfe75a443a1ab52a65af34e5dc3c78e0209fed803814484fcb\windows-amd64\native-platform-file-events.dll
0x00007ffcbe6c0000 - 0x00007ffcbe6ca000 	C:\Program Files\Android\Android Studio\jre\bin\management.dll
0x00007ffca9350000 - 0x00007ffca935d000 	C:\Program Files\Android\Android Studio\jre\bin\management_ext.dll
0x00007ffcc3570000 - 0x00007ffcc3588000 	C:\WINDOWS\SYSTEM32\CRYPTSP.dll
0x00007ffcc2d00000 - 0x00007ffcc2d34000 	C:\WINDOWS\system32\rsaenh.dll
0x00007ffcc3d50000 - 0x00007ffcc3d77000 	C:\WINDOWS\System32\bcrypt.dll
0x00007ffcc3b50000 - 0x00007ffcc3b7e000 	C:\WINDOWS\SYSTEM32\USERENV.dll
0x00007ffcc3590000 - 0x00007ffcc359c000 	C:\WINDOWS\SYSTEM32\CRYPTBASE.dll
0x00007ffcc3070000 - 0x00007ffcc30ab000 	C:\WINDOWS\SYSTEM32\IPHLPAPI.DLL
0x00007ffcc5980000 - 0x00007ffcc5988000 	C:\WINDOWS\System32\NSI.dll
0x00007ffcbc6a0000 - 0x00007ffcbc6b7000 	C:\WINDOWS\SYSTEM32\dhcpcsvc6.DLL
0x00007ffcbc680000 - 0x00007ffcbc69d000 	C:\WINDOWS\SYSTEM32\dhcpcsvc.DLL
0x00007ffcc30c0000 - 0x00007ffcc318a000 	C:\WINDOWS\SYSTEM32\DNSAPI.dll

dbghelp: loaded successfully - version: 4.0.5 - missing functions: none
symbol engine: initialized successfully - sym options: 0x614 - pdb path: .;C:\Program Files\Android\Android Studio\jre\bin;C:\WINDOWS\SYSTEM32;C:\WINDOWS\WinSxS\amd64_microsoft.windows.common-controls_6595b64144ccf1df_6.0.19041.1110_none_60b5254171f9507e;C:\Program Files\Android\Android Studio\jre\bin\server;C:\Users\User\.gradle\native\e1d6ef7f7dcc3fd88c89a11ec53ec762bb8ba0a96d01ffa2cd45eb1d1d8dd5c5\windows-amd64;C:\Users\User\.gradle\native\5664cfc778a61ccfe75a443a1ab52a65af34e5dc3c78e0209fed803814484fcb\windows-amd64

VM Arguments:
jvm_args: --add-opens=java.base/java.util=ALL-UNNAMED --add-opens=java.base/java.lang=ALL-UNNAMED --add-opens=java.base/java.lang.invoke=ALL-UNNAMED --add-opens=java.base/java.util=ALL-UNNAMED --add-opens=java.prefs/java.util.prefs=ALL-UNNAMED --add-opens=java.prefs/java.util.prefs=ALL-UNNAMED --add-opens=java.base/java.nio.charset=ALL-UNNAMED --add-opens=java.base/java.net=ALL-UNNAMED --add-opens=java.base/java.util.concurrent.atomic=ALL-UNNAMED -Xmx2048m -Dfile.encoding=UTF-8 -Duser.country=RU -Duser.language=ru -Duser.variant 
java_command: org.gradle.launcher.daemon.bootstrap.GradleDaemon 7.2
java_class_path (initial): C:\Users\User\.gradle\wrapper\dists\gradle-7.2-bin\2dnblmf4td7x66yl1d74lt32g\gradle-7.2\lib\gradle-launcher-7.2.jar
Launcher Type: SUN_STANDARD

[Global flags]
     intx CICompilerCount                          = 3                                         {product} {ergonomic}
     uint ConcGCThreads                            = 1                                         {product} {ergonomic}
     uint G1ConcRefinementThreads                  = 4                                         {product} {ergonomic}
   size_t G1HeapRegionSize                         = 1048576                                   {product} {ergonomic}
    uintx GCDrainStackTargetSize                   = 64                                        {product} {ergonomic}
   size_t InitialHeapSize                          = 67108864                                  {product} {ergonomic}
   size_t MarkStackSize                            = 4194304                                   {product} {ergonomic}
   size_t MaxHeapSize                              = 2147483648                                {product} {command line}
   size_t MaxNewSize                               = 1287651328                                {product} {ergonomic}
   size_t MinHeapDeltaBytes                        = 1048576                                   {product} {ergonomic}
    uintx NonNMethodCodeHeapSize                   = 5830732                                {pd product} {ergonomic}
    uintx NonProfiledCodeHeapSize                  = 122913754                              {pd product} {ergonomic}
    uintx ProfiledCodeHeapSize                     = 122913754                              {pd product} {ergonomic}
    uintx ReservedCodeCacheSize                    = 251658240                              {pd product} {ergonomic}
     bool SegmentedCodeCache                       = true                                      {product} {ergonomic}
     bool UseCompressedClassPointers               = true                                 {lp64_product} {ergonomic}
     bool UseCompressedOops                        = true                                 {lp64_product} {ergonomic}
     bool UseG1GC                                  = true                                      {product} {ergonomic}
     bool UseLargePagesIndividualAllocation        = false                                  {pd product} {ergonomic}

Logging:
Log output configuration:
 #0: stdout all=warning uptime,level,tags
 #1: stderr all=off uptime,level,tags

Environment Variables:
PATH=C:\Program Files (x86)\NVIDIA Corporation\PhysX\Common;C:\ProgramData\Oracle\Java\javapath;C:\WINDOWS\system32;C:\WINDOWS;C:\WINDOWS\System32\Wbem;C:\WINDOWS\System32\WindowsPowerShell\v1.0\;C:\WINDOWS\System32\OpenSSH\;C:\Program Files (x86)\ZeroTier\One\;C:\Program Files\nodejs\;C:\Users\User\AppData\Local\Programs\Python\Python37\Scripts\;C:\Users\User\AppData\Local\Programs\Python\Python37\;C:\Users\User\AppData\Local\Microsoft\WindowsApps;;C:\Users\User\AppData\Local\Programs\Microsoft VS Code\bin;C:\Users\User\AppData\Roaming\npm
USERNAME=User
OS=Windows_NT
PROCESSOR_IDENTIFIER=Intel64 Family 6 Model 142 Stepping 12, GenuineIntel



---------------  S Y S T E M  ---------------

OS: Windows 10 , 64 bit Build 19041 (10.0.19041.1889)
OS uptime: 8 days 11:29 hours

CPU:total 4 (initial active 4) (2 cores per cpu, 2 threads per core) family 6 model 142 stepping 12 microcode 0xde, cmov, cx8, fxsr, mmx, sse, sse2, sse3, ssse3, sse4.1, sse4.2, popcnt, avx, avx2, aes, clmul, erms, 3dnowpref, lzcnt, ht, tsc, tscinvbit, bmi1, bmi2, adx, fma

Memory: 4k page, system-wide physical 3984M (115M free)
TotalPageFile size 16272M (AvailPageFile size 1M)
current process WorkingSet (physical memory assigned to process): 197M, peak: 448M
current process commit charge ("private bytes"): 609M, peak: 612M

vm_info: OpenJDK 64-Bit Server VM (11.0.11+9-b60-7590822) for windows-amd64 JRE (11.0.11+9-b60-7590822), built on Jul 29 2021 21:43:44 by "builder" with MS VC++ 14.0 (VS2015)

END.
