#
# There is insufficient memory for the Java Runtime Environment to continue.
# Native memory allocation (malloc) failed to allocate 665136 bytes for Chunk::new
# Possible reasons:
#   The system is out of physical RAM or swap space
#   The process is running with CompressedOops enabled, and the Java Heap may be blocking the growth of the native heap
# Possible solutions:
#   Reduce memory load on the system
#   Increase physical memory or swap space
#   Check if swap backing store is full
#   Decrease Java heap size (-Xmx/-Xms)
#   Decrease number of Java threads
#   Decrease Java thread stack sizes (-Xss)
#   Set larger code cache with -XX:ReservedCodeCacheSize=
#   JVM is running with Unscaled Compressed Oops mode in which the Java heap is
#     placed in the first 4GB address space. The Java Heap base address is the
#     maximum limit for the native heap growth. Please use -XX:HeapBaseMinAddress
#     to set the Java Heap base and to place the Java Heap above 4GB virtual address.
# This output file may be truncated or incomplete.
#
#  Out of Memory Error (./src/hotspot/share/memory/arena.cpp:197), pid=14376, tid=17584
#
# JRE version: OpenJDK Runtime Environment (11.0.11+9) (build 11.0.11+9-b60-7590822)
# Java VM: OpenJDK 64-Bit Server VM (11.0.11+9-b60-7590822, mixed mode, tiered, compressed oops, g1 gc, windows-amd64)
# No core dump will be written. Minidumps are not enabled by default on client versions of Windows
#

---------------  S U M M A R Y ------------

Command Line: --add-opens=java.base/java.util=ALL-UNNAMED --add-opens=java.base/java.lang=ALL-UNNAMED --add-opens=java.base/java.lang.invoke=ALL-UNNAMED --add-opens=java.base/java.util=ALL-UNNAMED --add-opens=java.prefs/java.util.prefs=ALL-UNNAMED --add-opens=java.prefs/java.util.prefs=ALL-UNNAMED --add-opens=java.base/java.nio.charset=ALL-UNNAMED --add-opens=java.base/java.net=ALL-UNNAMED --add-opens=java.base/java.util.concurrent.atomic=ALL-UNNAMED -Xmx2048m -Dfile.encoding=UTF-8 -Duser.country=RU -Duser.language=ru -Duser.variant org.gradle.launcher.daemon.bootstrap.GradleDaemon 7.2

Host: Intel(R) Core(TM) i3-8145U CPU @ 2.10GHz, 4 cores, 3G,  Windows 10 , 64 bit Build 19041 (10.0.19041.1889)
Time: Sun Sep 25 11:27:30 2022 RTZ 2 (зима) elapsed time: 152.504514 seconds (0d 0h 2m 32s)

---------------  T H R E A D  ---------------

Current thread (0x0000023038eec800):  JavaThread "C2 CompilerThread0" daemon [_thread_in_native, id=17584, stack(0x0000008df6000000,0x0000008df6100000)]


Current CompileTask:
C2: 152504 16115       4       com.android.tools.build.apkzlib.zip.FileUseMap::add (50 bytes)

Stack: [0x0000008df6000000,0x0000008df6100000]
Native frames: (J=compiled Java code, j=interpreted, Vv=VM code, C=native code)
V  [jvm.dll+0x5f214a]
V  [jvm.dll+0x726fb5]
V  [jvm.dll+0x7285cd]
V  [jvm.dll+0x728c83]
V  [jvm.dll+0x243278]
V  [jvm.dll+0xbc53c]
V  [jvm.dll+0xbca3c]
V  [jvm.dll+0x353e7d]
V  [jvm.dll+0x321893]
V  [jvm.dll+0x320d8a]
V  [jvm.dll+0x1fc1e2]
V  [jvm.dll+0x1fb3d4]
V  [jvm.dll+0x183d6c]
V  [jvm.dll+0x209a57]
V  [jvm.dll+0x2082a1]
V  [jvm.dll+0x6ef58f]
V  [jvm.dll+0x6e80b5]
V  [jvm.dll+0x5f1036]
C  [ucrtbase.dll+0x21bb2]
C  [KERNEL32.DLL+0x17034]
C  [ntdll.dll+0x526a1]


---------------  P R O C E S S  ---------------

Threads class SMR info:
_java_thread_list=0x0000023043e2ccd0, length=97, elements={
0x000002301f2c8000, 0x0000023038e79000, 0x0000023038e7c800, 0x0000023038e9c000,
0x0000023038e9d800, 0x0000023038e9e800, 0x0000023038eec800, 0x0000023038eee000,
0x0000023038ef2800, 0x0000023039983800, 0x000002303ab74800, 0x000002303ad60800,
0x000002303ac38000, 0x000002303ace6800, 0x000002303ace8000, 0x000002303bece800,
0x000002303bed3800, 0x000002303bed1800, 0x000002303bed1000, 0x000002303bed4000,
0x000002303bed0000, 0x000002303b868000, 0x000002303b865800, 0x000002303b869800,
0x000002303b869000, 0x000002303b86d800, 0x000002303e4a5800, 0x000002303e49d000,
0x000002303e4a2000, 0x000002303e49c800, 0x000002303e49f800, 0x000002303e49e800,
0x000002303e4a0800, 0x000002303e4a3000, 0x000002303e4a3800, 0x000002303e49e000,
0x000002303e4a9800, 0x000002303e4aa000, 0x000002303e4a4800, 0x000002303e4a6000,
0x000002303e4ab000, 0x000002303e4a7000, 0x000002303b86a800, 0x000002303b86b800,
0x000002303b86c000, 0x000002303b866800, 0x000002303b86d000, 0x000002303b867000,
0x000002303b872800, 0x000002303b872000, 0x000002303b86f800, 0x000002303b870000,
0x000002303b871000, 0x000002303b873800, 0x000002303bed5000, 0x000002303bed2800,
0x000002303becf800, 0x000002303e86b000, 0x000002303e865000, 0x000002303e868800,
0x000002303e869800, 0x000002303e867000, 0x000002303e867800, 0x000002303e86a000,
0x000002303e86b800, 0x000002303e866000, 0x000002303e4bc800, 0x000002303e4c1000,
0x000002303e4c0800, 0x000002303e4c2000, 0x000002303e4c3000, 0x000002303e4be000,
0x000002303e4bd000, 0x000002303e4be800, 0x000002303e4bf800, 0x0000023044676000,
0x0000023044674000, 0x0000023044672800, 0x0000023044675000, 0x0000023044676800,
0x0000023044677800, 0x0000023044672000, 0x0000023044678800, 0x0000023044673800,
0x000002304467c800, 0x000002304467a000, 0x0000023044680800, 0x000002304467b000,
0x000002304467b800, 0x000002304467e000, 0x000002304467d000, 0x000002304467f000,
0x0000023044679000, 0x000002304467f800, 0x000002303e4a1000, 0x000002303b9f9800,
0x000002303b9f5000
}

Java Threads: ( => current thread )
  0x000002301f2c8000 JavaThread "main" [_thread_blocked, id=17424, stack(0x0000008df5400000,0x0000008df5500000)]
  0x0000023038e79000 JavaThread "Reference Handler" daemon [_thread_blocked, id=15256, stack(0x0000008df5b00000,0x0000008df5c00000)]
  0x0000023038e7c800 JavaThread "Finalizer" daemon [_thread_blocked, id=15272, stack(0x0000008df5c00000,0x0000008df5d00000)]
  0x0000023038e9c000 JavaThread "Signal Dispatcher" daemon [_thread_blocked, id=15604, stack(0x0000008df5d00000,0x0000008df5e00000)]
  0x0000023038e9d800 JavaThread "Attach Listener" daemon [_thread_blocked, id=15376, stack(0x0000008df5e00000,0x0000008df5f00000)]
  0x0000023038e9e800 JavaThread "Service Thread" daemon [_thread_blocked, id=3136, stack(0x0000008df5f00000,0x0000008df6000000)]
=>0x0000023038eec800 JavaThread "C2 CompilerThread0" daemon [_thread_in_native, id=17584, stack(0x0000008df6000000,0x0000008df6100000)]
  0x0000023038eee000 JavaThread "C1 CompilerThread0" daemon [_thread_blocked, id=10808, stack(0x0000008df6100000,0x0000008df6200000)]
  0x0000023038ef2800 JavaThread "Sweeper thread" daemon [_thread_blocked, id=3556, stack(0x0000008df6200000,0x0000008df6300000)]
  0x0000023039983800 JavaThread "Common-Cleaner" daemon [_thread_blocked, id=15968, stack(0x0000008df6300000,0x0000008df6400000)]
  0x000002303ab74800 JavaThread "Daemon health stats" [_thread_blocked, id=19076, stack(0x0000008df6600000,0x0000008df6700000)]
  0x000002303ad60800 JavaThread "Incoming local TCP Connector on port 59341" [_thread_in_native, id=12068, stack(0x0000008df6700000,0x0000008df6800000)]
  0x000002303ac38000 JavaThread "Daemon periodic checks" [_thread_blocked, id=18184, stack(0x0000008df6800000,0x0000008df6900000)]
  0x000002303ace6800 JavaThread "Daemon" [_thread_blocked, id=18464, stack(0x0000008df6900000,0x0000008df6a00000)]
  0x000002303ace8000 JavaThread "Daemon worker" [_thread_blocked, id=2944, stack(0x0000008df6c00000,0x0000008df6d00000)]
  0x000002303bece800 JavaThread "Cache worker for journal cache (C:\Users\User\.gradle\caches\journal-1)" [_thread_blocked, id=16720, stack(0x0000008df7200000,0x0000008df7300000)]
  0x000002303bed3800 JavaThread "File lock request listener" [_thread_in_native, id=13700, stack(0x0000008df7300000,0x0000008df7400000)]
  0x000002303bed1800 JavaThread "Cache worker for file hash cache (C:\Users\User\.gradle\caches\7.2\fileHashes)" [_thread_blocked, id=228, stack(0x0000008df7400000,0x0000008df7500000)]
  0x000002303bed1000 JavaThread "File watcher server" daemon [_thread_in_native, id=5024, stack(0x0000008df7600000,0x0000008df7700000)]
  0x000002303bed4000 JavaThread "File watcher consumer" daemon [_thread_blocked, id=16472, stack(0x0000008df7700000,0x0000008df7800000)]
  0x000002303bed0000 JavaThread "jar transforms" [_thread_blocked, id=11788, stack(0x0000008df7800000,0x0000008df7900000)]
  0x000002303b868000 JavaThread "jar transforms Thread 2" [_thread_blocked, id=19340, stack(0x0000008df7900000,0x0000008df7a00000)]
  0x000002303b865800 JavaThread "jar transforms Thread 3" [_thread_blocked, id=15800, stack(0x0000008df7a00000,0x0000008df7b00000)]
  0x000002303b869800 JavaThread "jar transforms Thread 4" [_thread_blocked, id=19004, stack(0x0000008df7b00000,0x0000008df7c00000)]
  0x000002303b869000 JavaThread "Cache worker for execution history cache (C:\Users\User\.gradle\caches\7.2\executionHistory)" [_thread_blocked, id=14040, stack(0x0000008df7f00000,0x0000008df8000000)]
  0x000002303b86d800 JavaThread "Cache worker for file content cache (C:\Users\User\.gradle\caches\7.2\fileContent)" [_thread_blocked, id=14092, stack(0x0000008df8000000,0x0000008df8100000)]
  0x000002303e4a5800 JavaThread "Memory manager" [_thread_blocked, id=15996, stack(0x0000008dfac00000,0x0000008dfad00000)]
  0x000002303e49d000 JavaThread "Handler for socket connection from /127.0.0.1:59341 to /127.0.0.1:59416" [_thread_in_native, id=9908, stack(0x0000008df6d00000,0x0000008df6e00000)]
  0x000002303e4a2000 JavaThread "Cancel handler" [_thread_blocked, id=5360, stack(0x0000008df6e00000,0x0000008df6f00000)]
  0x000002303e49c800 JavaThread "Asynchronous log dispatcher for DefaultDaemonConnection: socket connection from /127.0.0.1:59341 to /127.0.0.1:59416" [_thread_blocked, id=8868, stack(0x0000008df6f00000,0x0000008df7000000)]
  0x000002303e49f800 JavaThread "Daemon client event forwarder" [_thread_blocked, id=4928, stack(0x0000008df7c00000,0x0000008df7d00000)]
  0x000002303e49e800 JavaThread "Cache worker for file hash cache (C:\Users\User\AndroidStudioProjects\CookRoomD\.gradle\7.2\fileHashes)" [_thread_blocked, id=18812, stack(0x0000008df7d00000,0x0000008df7e00000)]
  0x000002303e4a0800 JavaThread "Cache worker for checksums cache (C:\Users\User\AndroidStudioProjects\CookRoomD\.gradle\checksums)" [_thread_blocked, id=5616, stack(0x0000008df7e00000,0x0000008df7f00000)]
  0x000002303e4a3000 JavaThread "Cache worker for cache directory md-supplier (C:\Users\User\.gradle\caches\7.2\md-supplier)" [_thread_blocked, id=2544, stack(0x0000008df8100000,0x0000008df8200000)]
  0x000002303e4a3800 JavaThread "Cache worker for cache directory md-rule (C:\Users\User\.gradle\caches\7.2\md-rule)" [_thread_blocked, id=13776, stack(0x0000008df8200000,0x0000008df8300000)]
  0x000002303e49e000 JavaThread "Cache worker for dependencies-accessors (C:\Users\User\AndroidStudioProjects\CookRoomD\.gradle\7.2\dependencies-accessors)" [_thread_blocked, id=18348, stack(0x0000008df8300000,0x0000008df8400000)]
  0x000002303e4a9800 JavaThread "Cache worker for Build Output Cleanup Cache (C:\Users\User\AndroidStudioProjects\CookRoomD\.gradle\buildOutputCleanup)" [_thread_blocked, id=4836, stack(0x0000008df8400000,0x0000008df8500000)]
  0x000002303e4aa000 JavaThread "Unconstrained build operations" [_thread_blocked, id=14304, stack(0x0000008df8500000,0x0000008df8600000)]
  0x000002303e4a4800 JavaThread "Unconstrained build operations Thread 2" [_thread_blocked, id=17740, stack(0x0000008df8600000,0x0000008df8700000)]
  0x000002303e4a6000 JavaThread "Unconstrained build operations Thread 3" [_thread_blocked, id=10532, stack(0x0000008df8700000,0x0000008df8800000)]
  0x000002303e4ab000 JavaThread "Unconstrained build operations Thread 4" [_thread_blocked, id=8084, stack(0x0000008df8800000,0x0000008df8900000)]
  0x000002303e4a7000 JavaThread "Unconstrained build operations Thread 5" [_thread_blocked, id=1956, stack(0x0000008df8900000,0x0000008df8a00000)]
  0x000002303b86a800 JavaThread "Unconstrained build operations Thread 6" [_thread_blocked, id=19304, stack(0x0000008df8a00000,0x0000008df8b00000)]
  0x000002303b86b800 JavaThread "Unconstrained build operations Thread 7" [_thread_blocked, id=11496, stack(0x0000008df8b00000,0x0000008df8c00000)]
  0x000002303b86c000 JavaThread "Unconstrained build operations Thread 8" [_thread_blocked, id=1016, stack(0x0000008df8c00000,0x0000008df8d00000)]
  0x000002303b866800 JavaThread "Unconstrained build operations Thread 9" [_thread_blocked, id=14792, stack(0x0000008df8d00000,0x0000008df8e00000)]
  0x000002303b86d000 JavaThread "Unconstrained build operations Thread 10" [_thread_blocked, id=13216, stack(0x0000008df8e00000,0x0000008df8f00000)]
  0x000002303b867000 JavaThread "Unconstrained build operations Thread 11" [_thread_blocked, id=13740, stack(0x0000008df8f00000,0x0000008df9000000)]
  0x000002303b872800 JavaThread "Unconstrained build operations Thread 12" [_thread_blocked, id=3304, stack(0x0000008df9000000,0x0000008df9100000)]
  0x000002303b872000 JavaThread "Unconstrained build operations Thread 13" [_thread_blocked, id=14480, stack(0x0000008df9100000,0x0000008df9200000)]
  0x000002303b86f800 JavaThread "Unconstrained build operations Thread 14" [_thread_blocked, id=19276, stack(0x0000008df9200000,0x0000008df9300000)]
  0x000002303b870000 JavaThread "Unconstrained build operations Thread 15" [_thread_blocked, id=17796, stack(0x0000008df9300000,0x0000008df9400000)]
  0x000002303b871000 JavaThread "Unconstrained build operations Thread 16" [_thread_blocked, id=10156, stack(0x0000008df9400000,0x0000008df9500000)]
  0x000002303b873800 JavaThread "Unconstrained build operations Thread 17" [_thread_blocked, id=8728, stack(0x0000008df9500000,0x0000008df9600000)]
  0x000002303bed5000 JavaThread "Unconstrained build operations Thread 18" [_thread_blocked, id=3380, stack(0x0000008df9600000,0x0000008df9700000)]
  0x000002303bed2800 JavaThread "Unconstrained build operations Thread 19" [_thread_blocked, id=2756, stack(0x0000008df9700000,0x0000008df9800000)]
  0x000002303becf800 JavaThread "Unconstrained build operations Thread 20" [_thread_blocked, id=9592, stack(0x0000008df9800000,0x0000008df9900000)]
  0x000002303e86b000 JavaThread "Unconstrained build operations Thread 21" [_thread_blocked, id=6932, stack(0x0000008df9900000,0x0000008df9a00000)]
  0x000002303e865000 JavaThread "Unconstrained build operations Thread 22" [_thread_blocked, id=14356, stack(0x0000008df9a00000,0x0000008df9b00000)]
  0x000002303e868800 JavaThread "Unconstrained build operations Thread 23" [_thread_blocked, id=16816, stack(0x0000008df9b00000,0x0000008df9c00000)]
  0x000002303e869800 JavaThread "Unconstrained build operations Thread 24" [_thread_blocked, id=12328, stack(0x0000008df9c00000,0x0000008df9d00000)]
  0x000002303e867000 JavaThread "Unconstrained build operations Thread 25" [_thread_blocked, id=14132, stack(0x0000008df9d00000,0x0000008df9e00000)]
  0x000002303e867800 JavaThread "Unconstrained build operations Thread 26" [_thread_blocked, id=14400, stack(0x0000008df9e00000,0x0000008df9f00000)]
  0x000002303e86a000 JavaThread "Unconstrained build operations Thread 27" [_thread_blocked, id=7144, stack(0x0000008df9f00000,0x0000008dfa000000)]
  0x000002303e86b800 JavaThread "Unconstrained build operations Thread 28" [_thread_blocked, id=7712, stack(0x0000008dfa000000,0x0000008dfa100000)]
  0x000002303e866000 JavaThread "Unconstrained build operations Thread 29" [_thread_blocked, id=15472, stack(0x0000008dfa100000,0x0000008dfa200000)]
  0x000002303e4bc800 JavaThread "Unconstrained build operations Thread 30" [_thread_blocked, id=14572, stack(0x0000008dfa200000,0x0000008dfa300000)]
  0x000002303e4c1000 JavaThread "Unconstrained build operations Thread 31" [_thread_blocked, id=19416, stack(0x0000008dfa300000,0x0000008dfa400000)]
  0x000002303e4c0800 JavaThread "Unconstrained build operations Thread 32" [_thread_blocked, id=18220, stack(0x0000008dfa400000,0x0000008dfa500000)]
  0x000002303e4c2000 JavaThread "Unconstrained build operations Thread 33" [_thread_blocked, id=19252, stack(0x0000008dfa500000,0x0000008dfa600000)]
  0x000002303e4c3000 JavaThread "Unconstrained build operations Thread 34" [_thread_blocked, id=16600, stack(0x0000008dfa600000,0x0000008dfa700000)]
  0x000002303e4be000 JavaThread "Unconstrained build operations Thread 35" [_thread_blocked, id=9456, stack(0x0000008dfa700000,0x0000008dfa800000)]
  0x000002303e4bd000 JavaThread "Unconstrained build operations Thread 36" [_thread_blocked, id=2776, stack(0x0000008dfa800000,0x0000008dfa900000)]
  0x000002303e4be800 JavaThread "Unconstrained build operations Thread 37" [_thread_blocked, id=3820, stack(0x0000008dfa900000,0x0000008dfaa00000)]
  0x000002303e4bf800 JavaThread "Unconstrained build operations Thread 38" [_thread_blocked, id=13344, stack(0x0000008dfaa00000,0x0000008dfab00000)]
  0x0000023044676000 JavaThread "Unconstrained build operations Thread 39" [_thread_blocked, id=8796, stack(0x0000008dfab00000,0x0000008dfac00000)]
  0x0000023044674000 JavaThread "Unconstrained build operations Thread 40" [_thread_blocked, id=13880, stack(0x0000008dfad00000,0x0000008dfae00000)]
  0x0000023044672800 JavaThread "build event listener" [_thread_blocked, id=1808, stack(0x0000008dfae00000,0x0000008dfaf00000)]
  0x0000023044675000 JavaThread "Execution worker for ':'" [_thread_blocked, id=14872, stack(0x0000008dfaf00000,0x0000008dfb000000)]
  0x0000023044676800 JavaThread "Execution worker for ':' Thread 2" [_thread_blocked, id=6276, stack(0x0000008dfb000000,0x0000008dfb100000)]
  0x0000023044677800 JavaThread "Execution worker for ':' Thread 3" [_thread_blocked, id=16952, stack(0x0000008dfb100000,0x0000008dfb200000)]
  0x0000023044672000 JavaThread "Cache worker for execution history cache (C:\Users\User\AndroidStudioProjects\CookRoomD\.gradle\7.2\executionHistory)" [_thread_blocked, id=10404, stack(0x0000008dfb200000,0x0000008dfb300000)]
  0x0000023044678800 JavaThread "RMI Scheduler(0)" daemon [_thread_blocked, id=2764, stack(0x0000008dfb300000,0x0000008dfb400000)]
  0x0000023044673800 JavaThread "RMI GC Daemon" daemon [_thread_blocked, id=16688, stack(0x0000008dfb500000,0x0000008dfb600000)]
  0x000002304467c800 JavaThread "RMI TCP Accept-0" daemon [_thread_in_native, id=5284, stack(0x0000008dfb600000,0x0000008dfb700000)]
  0x000002304467a000 JavaThread "RMI Reaper" [_thread_blocked, id=10564, stack(0x0000008dfb700000,0x0000008dfb800000)]
  0x0000023044680800 JavaThread "RMI TCP Connection(idle)" daemon [_thread_blocked, id=14824, stack(0x0000008dfb800000,0x0000008dfb900000)]
  0x000002304467b000 JavaThread "Cache worker for Java compile cache (C:\Users\User\.gradle\caches\7.2\javaCompile)" [_thread_blocked, id=15824, stack(0x0000008df7500000,0x0000008df7600000)]
  0x000002304467b800 JavaThread "Build operations" [_thread_blocked, id=6172, stack(0x0000008dfb400000,0x0000008dfb500000)]
  0x000002304467e000 JavaThread "Build operations Thread 2" [_thread_blocked, id=9300, stack(0x0000008dfb900000,0x0000008dfba00000)]
  0x000002304467d000 JavaThread "Build operations Thread 3" [_thread_blocked, id=7132, stack(0x0000008dfba00000,0x0000008dfbb00000)]
  0x000002304467f000 JavaThread "Build operations Thread 4" [_thread_blocked, id=13816, stack(0x0000008dfbb00000,0x0000008dfbc00000)]
  0x0000023044679000 JavaThread "WorkerExecutor Queue" [_thread_in_native, id=19172, stack(0x0000008df6a00000,0x0000008df6b00000)]
  0x000002304467f800 JavaThread "WorkerExecutor Queue Thread 2" [_thread_in_vm, id=16928, stack(0x0000008df6b00000,0x0000008df6c00000)]
  0x000002303e4a1000 JavaThread "WorkerExecutor Queue Thread 3" [_thread_blocked, id=11660, stack(0x0000008dfbc00000,0x0000008dfbd00000)]
  0x000002303b9f9800 JavaThread "WorkerExecutor Queue Thread 4" [_thread_blocked, id=15268, stack(0x0000008dfbd00000,0x0000008dfbe00000)]
  0x000002303b9f5000 JavaThread "WorkerExecutor Queue Thread 5" [_thread_blocked, id=7396, stack(0x0000008dfbe00000,0x0000008dfbf00000)]

Other Threads:
  0x0000023038e73000 VMThread "VM Thread" [stack: 0x0000008df5a00000,0x0000008df5b00000] [id=15980]
  0x0000023039989800 WatcherThread [stack: 0x0000008df6400000,0x0000008df6500000] [id=10736]
  0x000002301f2e1000 GCTaskThread "GC Thread#0" [stack: 0x0000008df5500000,0x0000008df5600000] [id=19048]
  0x000002303a2db000 GCTaskThread "GC Thread#1" [stack: 0x0000008df6500000,0x0000008df6600000] [id=11632]
  0x000002303bec5800 GCTaskThread "GC Thread#2" [stack: 0x0000008df7000000,0x0000008df7100000] [id=16712]
  0x000002303bf02800 GCTaskThread "GC Thread#3" [stack: 0x0000008df7100000,0x0000008df7200000] [id=18204]
  0x000002301f312800 ConcurrentGCThread "G1 Main Marker" [stack: 0x0000008df5600000,0x0000008df5700000] [id=15796]
  0x000002301f313800 ConcurrentGCThread "G1 Conc#0" [stack: 0x0000008df5700000,0x0000008df5800000] [id=13888]
  0x000002301f371800 ConcurrentGCThread "G1 Refine#0" [stack: 0x0000008df5800000,0x0000008df5900000] [id=14380]
  0x000002301f373000 ConcurrentGCThread "G1 Young RemSet Sampling" [stack: 0x0000008df5900000,0x0000008df5a00000] [id=9280]

Threads with active compile tasks:
C2 CompilerThread0 152691 16115       4       com.android.tools.build.apkzlib.zip.FileUseMap::add (50 bytes)

VM state:not at safepoint (normal execution)

VM Mutex/Monitor currently owned by a thread: None

Heap address: 0x0000000080000000, size: 2048 MB, Compressed Oops mode: 32-bit
Narrow klass base: 0x0000000000000000, Narrow klass shift: 3
Compressed class space size: 1073741824 Address: 0x0000000100000000

Heap:
 garbage-first heap   total 239616K, used 160268K [0x0000000080000000, 0x0000000100000000)
  region size 1024K, 12 young (12288K), 8 survivors (8192K)
 Metaspace       used 124152K, capacity 127733K, committed 128000K, reserved 1159168K
  class space    used 15958K, capacity 17299K, committed 17408K, reserved 1048576K
Heap Regions: E=young(eden), S=young(survivor), O=old, HS=humongous(starts), HC=humongous(continues), CS=collection set, F=free, A=archive, TAMS=top-at-mark-start (previous, next)
|   0|0x0000000080000000, 0x0000000080100000, 0x0000000080100000|100%| O|  |TAMS 0x0000000080100000, 0x0000000080000000| Untracked 
|   1|0x0000000080100000, 0x0000000080200000, 0x0000000080200000|100%| O|  |TAMS 0x0000000080200000, 0x0000000080100000| Untracked 
|   2|0x0000000080200000, 0x0000000080300000, 0x0000000080300000|100%| O|  |TAMS 0x0000000080300000, 0x0000000080200000| Untracked 
|   3|0x0000000080300000, 0x0000000080400000, 0x0000000080400000|100%|HS|  |TAMS 0x0000000080400000, 0x0000000080300000| Complete 
|   4|0x0000000080400000, 0x0000000080500000, 0x0000000080500000|100%|HC|  |TAMS 0x0000000080500000, 0x0000000080400000| Complete 
|   5|0x0000000080500000, 0x0000000080600000, 0x0000000080600000|100%|HC|  |TAMS 0x0000000080600000, 0x0000000080500000| Complete 
|   6|0x0000000080600000, 0x0000000080700000, 0x0000000080700000|100%| O|  |TAMS 0x0000000080700000, 0x0000000080600000| Untracked 
|   7|0x0000000080700000, 0x0000000080800000, 0x0000000080800000|100%| O|  |TAMS 0x0000000080800000, 0x0000000080700000| Untracked 
|   8|0x0000000080800000, 0x0000000080900000, 0x0000000080900000|100%| O|  |TAMS 0x0000000080900000, 0x0000000080800000| Untracked 
|   9|0x0000000080900000, 0x0000000080a00000, 0x0000000080a00000|100%| O|  |TAMS 0x0000000080a00000, 0x0000000080900000| Untracked 
|  10|0x0000000080a00000, 0x0000000080b00000, 0x0000000080b00000|100%| O|  |TAMS 0x0000000080b00000, 0x0000000080a00000| Untracked 
|  11|0x0000000080b00000, 0x0000000080c00000, 0x0000000080c00000|100%| O|  |TAMS 0x0000000080c00000, 0x0000000080b00000| Untracked 
|  12|0x0000000080c00000, 0x0000000080d00000, 0x0000000080d00000|100%| O|  |TAMS 0x0000000080d00000, 0x0000000080c00000| Untracked 
|  13|0x0000000080d00000, 0x0000000080e00000, 0x0000000080e00000|100%| O|  |TAMS 0x0000000080e00000, 0x0000000080d00000| Untracked 
|  14|0x0000000080e00000, 0x0000000080f00000, 0x0000000080f00000|100%| O|  |TAMS 0x0000000080f00000, 0x0000000080e00000| Untracked 
|  15|0x0000000080f00000, 0x0000000081000000, 0x0000000081000000|100%| O|  |TAMS 0x0000000081000000, 0x0000000080f00000| Untracked 
|  16|0x0000000081000000, 0x0000000081100000, 0x0000000081100000|100%| O|  |TAMS 0x0000000081100000, 0x0000000081000000| Untracked 
|  17|0x0000000081100000, 0x0000000081200000, 0x0000000081200000|100%|HS|  |TAMS 0x0000000081200000, 0x0000000081100000| Complete 
|  18|0x0000000081200000, 0x0000000081300000, 0x0000000081300000|100%|HC|  |TAMS 0x0000000081300000, 0x0000000081200000| Complete 
|  19|0x0000000081300000, 0x0000000081400000, 0x0000000081400000|100%|HS|  |TAMS 0x0000000081400000, 0x0000000081300000| Complete 
|  20|0x0000000081400000, 0x0000000081500000, 0x0000000081500000|100%|HC|  |TAMS 0x0000000081500000, 0x0000000081400000| Complete 
|  21|0x0000000081500000, 0x0000000081600000, 0x0000000081600000|100%|HC|  |TAMS 0x0000000081600000, 0x0000000081500000| Complete 
|  22|0x0000000081600000, 0x0000000081700000, 0x0000000081700000|100%|HS|  |TAMS 0x0000000081700000, 0x0000000081600000| Complete 
|  23|0x0000000081700000, 0x0000000081800000, 0x0000000081800000|100%|HC|  |TAMS 0x0000000081800000, 0x0000000081700000| Complete 
|  24|0x0000000081800000, 0x0000000081900000, 0x0000000081900000|100%|HC|  |TAMS 0x0000000081900000, 0x0000000081800000| Complete 
|  25|0x0000000081900000, 0x0000000081a00000, 0x0000000081a00000|100%|HC|  |TAMS 0x0000000081a00000, 0x0000000081900000| Complete 
|  26|0x0000000081a00000, 0x0000000081b00000, 0x0000000081b00000|100%| O|  |TAMS 0x0000000081b00000, 0x0000000081a00000| Untracked 
|  27|0x0000000081b00000, 0x0000000081c00000, 0x0000000081c00000|100%| O|  |TAMS 0x0000000081c00000, 0x0000000081b00000| Untracked 
|  28|0x0000000081c00000, 0x0000000081d00000, 0x0000000081d00000|100%| O|  |TAMS 0x0000000081d00000, 0x0000000081c00000| Untracked 
|  29|0x0000000081d00000, 0x0000000081e00000, 0x0000000081e00000|100%| O|  |TAMS 0x0000000081e00000, 0x0000000081d00000| Untracked 
|  30|0x0000000081e00000, 0x0000000081f00000, 0x0000000081f00000|100%| O|  |TAMS 0x0000000081f00000, 0x0000000081e00000| Untracked 
|  31|0x0000000081f00000, 0x0000000082000000, 0x0000000082000000|100%| O|  |TAMS 0x0000000082000000, 0x0000000081f00000| Untracked 
|  32|0x0000000082000000, 0x0000000082100000, 0x0000000082100000|100%| O|  |TAMS 0x0000000082100000, 0x0000000082000000| Untracked 
|  33|0x0000000082100000, 0x0000000082200000, 0x0000000082200000|100%| O|  |TAMS 0x0000000082200000, 0x0000000082100000| Untracked 
|  34|0x0000000082200000, 0x0000000082300000, 0x0000000082300000|100%| O|  |TAMS 0x0000000082300000, 0x0000000082200000| Untracked 
|  35|0x0000000082300000, 0x0000000082400000, 0x0000000082400000|100%| O|  |TAMS 0x0000000082400000, 0x0000000082300000| Untracked 
|  36|0x0000000082400000, 0x0000000082500000, 0x0000000082500000|100%| O|  |TAMS 0x0000000082500000, 0x0000000082400000| Untracked 
|  37|0x0000000082500000, 0x0000000082600000, 0x0000000082600000|100%| O|  |TAMS 0x0000000082600000, 0x0000000082500000| Untracked 
|  38|0x0000000082600000, 0x0000000082700000, 0x0000000082700000|100%|HS|  |TAMS 0x0000000082700000, 0x0000000082600000| Complete 
|  39|0x0000000082700000, 0x0000000082800000, 0x0000000082800000|100%|HC|  |TAMS 0x0000000082800000, 0x0000000082700000| Complete 
|  40|0x0000000082800000, 0x0000000082900000, 0x0000000082900000|100%|HC|  |TAMS 0x0000000082900000, 0x0000000082800000| Complete 
|  41|0x0000000082900000, 0x0000000082a00000, 0x0000000082a00000|100%| O|  |TAMS 0x0000000082a00000, 0x0000000082900000| Untracked 
|  42|0x0000000082a00000, 0x0000000082b00000, 0x0000000082b00000|100%| O|  |TAMS 0x0000000082b00000, 0x0000000082a00000| Untracked 
|  43|0x0000000082b00000, 0x0000000082c00000, 0x0000000082c00000|100%| O|  |TAMS 0x0000000082c00000, 0x0000000082b00000| Untracked 
|  44|0x0000000082c00000, 0x0000000082d00000, 0x0000000082d00000|100%| O|  |TAMS 0x0000000082d00000, 0x0000000082c00000| Untracked 
|  45|0x0000000082d00000, 0x0000000082e00000, 0x0000000082e00000|100%| O|  |TAMS 0x0000000082e00000, 0x0000000082d00000| Untracked 
|  46|0x0000000082e00000, 0x0000000082f00000, 0x0000000082f00000|100%| O|  |TAMS 0x0000000082f00000, 0x0000000082e00000| Untracked 
|  47|0x0000000082f00000, 0x0000000083000000, 0x0000000083000000|100%| O|  |TAMS 0x0000000083000000, 0x0000000082f00000| Untracked 
|  48|0x0000000083000000, 0x0000000083100000, 0x0000000083100000|100%| O|  |TAMS 0x0000000083100000, 0x0000000083000000| Untracked 
|  49|0x0000000083100000, 0x0000000083200000, 0x0000000083200000|100%|HS|  |TAMS 0x0000000083200000, 0x0000000083100000| Complete 
|  50|0x0000000083200000, 0x0000000083300000, 0x0000000083300000|100%|HC|  |TAMS 0x0000000083300000, 0x0000000083200000| Complete 
|  51|0x0000000083300000, 0x0000000083400000, 0x0000000083400000|100%|HC|  |TAMS 0x0000000083400000, 0x0000000083300000| Complete 
|  52|0x0000000083400000, 0x0000000083500000, 0x0000000083500000|100%|HC|  |TAMS 0x0000000083500000, 0x0000000083400000| Complete 
|  53|0x0000000083500000, 0x0000000083600000, 0x0000000083600000|100%| O|  |TAMS 0x0000000083600000, 0x0000000083500000| Untracked 
|  54|0x0000000083600000, 0x0000000083700000, 0x0000000083700000|100%| O|  |TAMS 0x0000000083700000, 0x0000000083600000| Untracked 
|  55|0x0000000083700000, 0x0000000083800000, 0x0000000083800000|100%| O|  |TAMS 0x0000000083800000, 0x0000000083700000| Untracked 
|  56|0x0000000083800000, 0x0000000083900000, 0x0000000083900000|100%|HS|  |TAMS 0x0000000083900000, 0x0000000083800000| Complete 
|  57|0x0000000083900000, 0x0000000083a00000, 0x0000000083a00000|100%|HS|  |TAMS 0x0000000083a00000, 0x0000000083900000| Complete 
|  58|0x0000000083a00000, 0x0000000083b00000, 0x0000000083b00000|100%|HS|  |TAMS 0x0000000083b00000, 0x0000000083a00000| Complete 
|  59|0x0000000083b00000, 0x0000000083c00000, 0x0000000083c00000|100%|HS|  |TAMS 0x0000000083c00000, 0x0000000083b00000| Complete 
|  60|0x0000000083c00000, 0x0000000083d00000, 0x0000000083d00000|100%| O|  |TAMS 0x0000000083d00000, 0x0000000083c00000| Untracked 
|  61|0x0000000083d00000, 0x0000000083e00000, 0x0000000083e00000|100%| O|  |TAMS 0x0000000083e00000, 0x0000000083d00000| Untracked 
|  62|0x0000000083e00000, 0x0000000083f00000, 0x0000000083f00000|100%|HS|  |TAMS 0x0000000083f00000, 0x0000000083e00000| Complete 
|  63|0x0000000083f00000, 0x0000000084000000, 0x0000000084000000|100%|HC|  |TAMS 0x0000000084000000, 0x0000000083f00000| Complete 
|  64|0x0000000084000000, 0x0000000084100000, 0x0000000084100000|100%|HC|  |TAMS 0x0000000084100000, 0x0000000084000000| Complete 
|  65|0x0000000084100000, 0x0000000084200000, 0x0000000084200000|100%|HS|  |TAMS 0x0000000084200000, 0x0000000084100000| Complete 
|  66|0x0000000084200000, 0x0000000084300000, 0x0000000084300000|100%|HC|  |TAMS 0x0000000084300000, 0x0000000084200000| Complete 
|  67|0x0000000084300000, 0x0000000084400000, 0x0000000084400000|100%| O|  |TAMS 0x0000000084400000, 0x0000000084300000| Untracked 
|  68|0x0000000084400000, 0x0000000084500000, 0x0000000084500000|100%| O|  |TAMS 0x0000000084500000, 0x0000000084400000| Untracked 
|  69|0x0000000084500000, 0x0000000084600000, 0x0000000084600000|100%| O|  |TAMS 0x0000000084600000, 0x0000000084500000| Untracked 
|  70|0x0000000084600000, 0x0000000084700000, 0x0000000084700000|100%| O|  |TAMS 0x0000000084700000, 0x0000000084600000| Untracked 
|  71|0x0000000084700000, 0x0000000084800000, 0x0000000084800000|100%| O|  |TAMS 0x0000000084800000, 0x0000000084700000| Untracked 
|  72|0x0000000084800000, 0x0000000084900000, 0x0000000084900000|100%| O|  |TAMS 0x0000000084900000, 0x0000000084800000| Untracked 
|  73|0x0000000084900000, 0x0000000084a00000, 0x0000000084a00000|100%| O|  |TAMS 0x0000000084a00000, 0x0000000084900000| Untracked 
|  74|0x0000000084a00000, 0x0000000084b00000, 0x0000000084b00000|100%| O|  |TAMS 0x0000000084b00000, 0x0000000084a00000| Untracked 
|  75|0x0000000084b00000, 0x0000000084c00000, 0x0000000084c00000|100%| O|  |TAMS 0x0000000084c00000, 0x0000000084b00000| Untracked 
|  76|0x0000000084c00000, 0x0000000084d00000, 0x0000000084d00000|100%| O|  |TAMS 0x0000000084d00000, 0x0000000084c00000| Untracked 
|  77|0x0000000084d00000, 0x0000000084e00000, 0x0000000084e00000|100%| O|  |TAMS 0x0000000084e00000, 0x0000000084d00000| Untracked 
|  78|0x0000000084e00000, 0x0000000084f00000, 0x0000000084f00000|100%| O|  |TAMS 0x0000000084f00000, 0x0000000084e00000| Untracked 
|  79|0x0000000084f00000, 0x0000000085000000, 0x0000000085000000|100%| O|  |TAMS 0x0000000085000000, 0x0000000084f00000| Untracked 
|  80|0x0000000085000000, 0x0000000085100000, 0x0000000085100000|100%| O|  |TAMS 0x0000000085100000, 0x0000000085000000| Untracked 
|  81|0x0000000085100000, 0x0000000085200000, 0x0000000085200000|100%| O|  |TAMS 0x0000000085200000, 0x0000000085100000| Untracked 
|  82|0x0000000085200000, 0x0000000085300000, 0x0000000085300000|100%| O|  |TAMS 0x0000000085300000, 0x0000000085200000| Untracked 
|  83|0x0000000085300000, 0x0000000085400000, 0x0000000085400000|100%| O|  |TAMS 0x0000000085400000, 0x0000000085300000| Untracked 
|  84|0x0000000085400000, 0x0000000085500000, 0x0000000085500000|100%| O|  |TAMS 0x0000000085500000, 0x0000000085400000| Untracked 
|  85|0x0000000085500000, 0x0000000085600000, 0x0000000085600000|100%|HS|  |TAMS 0x0000000085600000, 0x0000000085500000| Complete 
|  86|0x0000000085600000, 0x0000000085700000, 0x0000000085700000|100%|HC|  |TAMS 0x0000000085700000, 0x0000000085600000| Complete 
|  87|0x0000000085700000, 0x0000000085800000, 0x0000000085800000|100%|HS|  |TAMS 0x0000000085800000, 0x0000000085700000| Complete 
|  88|0x0000000085800000, 0x0000000085900000, 0x0000000085900000|100%|HC|  |TAMS 0x0000000085900000, 0x0000000085800000| Complete 
|  89|0x0000000085900000, 0x0000000085a00000, 0x0000000085a00000|100%|HC|  |TAMS 0x0000000085a00000, 0x0000000085900000| Complete 
|  90|0x0000000085a00000, 0x0000000085b00000, 0x0000000085b00000|100%|HS|  |TAMS 0x0000000085b00000, 0x0000000085a00000| Complete 
|  91|0x0000000085b00000, 0x0000000085c00000, 0x0000000085c00000|100%|HC|  |TAMS 0x0000000085c00000, 0x0000000085b00000| Complete 
|  92|0x0000000085c00000, 0x0000000085d00000, 0x0000000085d00000|100%|HC|  |TAMS 0x0000000085d00000, 0x0000000085c00000| Complete 
|  93|0x0000000085d00000, 0x0000000085e00000, 0x0000000085e00000|100%|HC|  |TAMS 0x0000000085e00000, 0x0000000085d00000| Complete 
|  94|0x0000000085e00000, 0x0000000085f00000, 0x0000000085f00000|100%| O|  |TAMS 0x0000000085f00000, 0x0000000085e00000| Untracked 
|  95|0x0000000085f00000, 0x0000000086000000, 0x0000000086000000|100%| O|  |TAMS 0x0000000086000000, 0x0000000085f00000| Untracked 
|  96|0x0000000086000000, 0x0000000086100000, 0x0000000086100000|100%| O|  |TAMS 0x0000000086100000, 0x0000000086000000| Untracked 
|  97|0x0000000086100000, 0x0000000086200000, 0x0000000086200000|100%| O|  |TAMS 0x0000000086200000, 0x0000000086100000| Untracked 
|  98|0x0000000086200000, 0x0000000086300000, 0x0000000086300000|100%| O|  |TAMS 0x0000000086300000, 0x0000000086200000| Untracked 
|  99|0x0000000086300000, 0x0000000086400000, 0x0000000086400000|100%| O|  |TAMS 0x0000000086400000, 0x0000000086300000| Untracked 
| 100|0x0000000086400000, 0x0000000086500000, 0x0000000086500000|100%| O|  |TAMS 0x0000000086500000, 0x0000000086400000| Untracked 
| 101|0x0000000086500000, 0x0000000086500000, 0x0000000086600000|  0%| F|  |TAMS 0x0000000086500000, 0x0000000086500000| Untracked 
| 102|0x0000000086600000, 0x0000000086600000, 0x0000000086700000|  0%| F|  |TAMS 0x0000000086600000, 0x0000000086600000| Untracked 
| 103|0x0000000086700000, 0x0000000086800000, 0x0000000086800000|100%| O|  |TAMS 0x0000000086800000, 0x0000000086700000| Untracked 
| 104|0x0000000086800000, 0x0000000086900000, 0x0000000086900000|100%| O|  |TAMS 0x0000000086900000, 0x0000000086800000| Untracked 
| 105|0x0000000086900000, 0x0000000086a00000, 0x0000000086a00000|100%| O|  |TAMS 0x0000000086a00000, 0x0000000086900000| Untracked 
| 106|0x0000000086a00000, 0x0000000086b00000, 0x0000000086b00000|100%| O|  |TAMS 0x0000000086b00000, 0x0000000086a00000| Untracked 
| 107|0x0000000086b00000, 0x0000000086c00000, 0x0000000086c00000|100%| O|  |TAMS 0x0000000086c00000, 0x0000000086b00000| Untracked 
| 108|0x0000000086c00000, 0x0000000086d00000, 0x0000000086d00000|100%| O|  |TAMS 0x0000000086d00000, 0x0000000086c00000| Untracked 
| 109|0x0000000086d00000, 0x0000000086e00000, 0x0000000086e00000|100%| O|  |TAMS 0x0000000086e00000, 0x0000000086d00000| Untracked 
| 110|0x0000000086e00000, 0x0000000086f00000, 0x0000000086f00000|100%| O|  |TAMS 0x0000000086f00000, 0x0000000086e00000| Untracked 
| 111|0x0000000086f00000, 0x0000000087000000, 0x0000000087000000|100%| O|  |TAMS 0x0000000087000000, 0x0000000086f00000| Untracked 
| 112|0x0000000087000000, 0x0000000087100000, 0x0000000087100000|100%| O|  |TAMS 0x0000000087100000, 0x0000000087000000| Untracked 
| 113|0x0000000087100000, 0x0000000087200000, 0x0000000087200000|100%| O|  |TAMS 0x0000000087200000, 0x0000000087100000| Untracked 
| 114|0x0000000087200000, 0x0000000087300000, 0x0000000087300000|100%| O|  |TAMS 0x0000000087300000, 0x0000000087200000| Untracked 
| 115|0x0000000087300000, 0x0000000087400000, 0x0000000087400000|100%| O|  |TAMS 0x0000000087400000, 0x0000000087300000| Untracked 
| 116|0x0000000087400000, 0x0000000087500000, 0x0000000087500000|100%| O|  |TAMS 0x0000000087500000, 0x0000000087400000| Untracked 
| 117|0x0000000087500000, 0x0000000087600000, 0x0000000087600000|100%| O|  |TAMS 0x0000000087600000, 0x0000000087500000| Untracked 
| 118|0x0000000087600000, 0x0000000087700000, 0x0000000087700000|100%| O|  |TAMS 0x0000000087700000, 0x0000000087600000| Untracked 
| 119|0x0000000087700000, 0x0000000087800000, 0x0000000087800000|100%| O|  |TAMS 0x0000000087800000, 0x0000000087700000| Untracked 
| 120|0x0000000087800000, 0x0000000087900000, 0x0000000087900000|100%| O|  |TAMS 0x0000000087800000, 0x0000000087800000| Untracked 
| 121|0x0000000087900000, 0x0000000087a00000, 0x0000000087a00000|100%| O|  |TAMS 0x0000000087a00000, 0x0000000087900000| Untracked 
| 122|0x0000000087a00000, 0x0000000087b00000, 0x0000000087b00000|100%| O|  |TAMS 0x0000000087b00000, 0x0000000087a00000| Untracked 
| 123|0x0000000087b00000, 0x0000000087c00000, 0x0000000087c00000|100%| O|  |TAMS 0x0000000087c00000, 0x0000000087b00000| Untracked 
| 124|0x0000000087c00000, 0x0000000087d00000, 0x0000000087d00000|100%| O|  |TAMS 0x0000000087d00000, 0x0000000087c00000| Untracked 
| 125|0x0000000087d00000, 0x0000000087e00000, 0x0000000087e00000|100%| O|  |TAMS 0x0000000087e00000, 0x0000000087d00000| Untracked 
| 126|0x0000000087e00000, 0x0000000087f00000, 0x0000000087f00000|100%| O|  |TAMS 0x0000000087f00000, 0x0000000087e00000| Untracked 
| 127|0x0000000087f00000, 0x0000000088000000, 0x0000000088000000|100%| O|  |TAMS 0x0000000088000000, 0x0000000087f00000| Untracked 
| 128|0x0000000088000000, 0x0000000088100000, 0x0000000088100000|100%| O|  |TAMS 0x0000000088100000, 0x0000000088000000| Untracked 
| 129|0x0000000088100000, 0x0000000088200000, 0x0000000088200000|100%| O|  |TAMS 0x0000000088200000, 0x0000000088100000| Untracked 
| 130|0x0000000088200000, 0x0000000088300000, 0x0000000088300000|100%| O|  |TAMS 0x0000000088300000, 0x0000000088200000| Untracked 
| 131|0x0000000088300000, 0x0000000088400000, 0x0000000088400000|100%| O|  |TAMS 0x0000000088400000, 0x0000000088300000| Untracked 
| 132|0x0000000088400000, 0x0000000088500000, 0x0000000088500000|100%| O|  |TAMS 0x0000000088500000, 0x0000000088400000| Untracked 
| 133|0x0000000088500000, 0x0000000088600000, 0x0000000088600000|100%| O|  |TAMS 0x0000000088600000, 0x0000000088500000| Untracked 
| 134|0x0000000088600000, 0x0000000088700000, 0x0000000088700000|100%| O|  |TAMS 0x0000000088700000, 0x0000000088600000| Untracked 
| 135|0x0000000088700000, 0x0000000088800000, 0x0000000088800000|100%| O|  |TAMS 0x0000000088800000, 0x0000000088700000| Untracked 
| 136|0x0000000088800000, 0x0000000088900000, 0x0000000088900000|100%| O|  |TAMS 0x0000000088900000, 0x0000000088800000| Untracked 
| 137|0x0000000088900000, 0x0000000088a00000, 0x0000000088a00000|100%| O|  |TAMS 0x0000000088a00000, 0x0000000088900000| Untracked 
| 138|0x0000000088a00000, 0x0000000088b00000, 0x0000000088b00000|100%| O|  |TAMS 0x0000000088b00000, 0x0000000088a00000| Untracked 
| 139|0x0000000088b00000, 0x0000000088c00000, 0x0000000088c00000|100%| O|  |TAMS 0x0000000088c00000, 0x0000000088b00000| Untracked 
| 140|0x0000000088c00000, 0x0000000088d00000, 0x0000000088d00000|100%| O|  |TAMS 0x0000000088c00000, 0x0000000088c00000| Untracked 
| 141|0x0000000088d00000, 0x0000000088e00000, 0x0000000088e00000|100%| O|  |TAMS 0x0000000088d00000, 0x0000000088d00000| Untracked 
| 142|0x0000000088e00000, 0x0000000088f00000, 0x0000000088f00000|100%| O|  |TAMS 0x0000000088f00000, 0x0000000088e00000| Untracked 
| 143|0x0000000088f00000, 0x0000000089000000, 0x0000000089000000|100%| O|  |TAMS 0x0000000089000000, 0x0000000088f00000| Untracked 
| 144|0x0000000089000000, 0x0000000089100000, 0x0000000089100000|100%| O|  |TAMS 0x0000000089100000, 0x0000000089000000| Untracked 
| 145|0x0000000089100000, 0x0000000089200000, 0x0000000089200000|100%| O|  |TAMS 0x0000000089200000, 0x0000000089100000| Untracked 
| 146|0x0000000089200000, 0x0000000089300000, 0x0000000089300000|100%| O|  |TAMS 0x00000000892d1600, 0x0000000089200000| Untracked 
| 147|0x0000000089300000, 0x0000000089383200, 0x0000000089400000| 51%| O|  |TAMS 0x0000000089300000, 0x0000000089300000| Untracked 
| 148|0x0000000089400000, 0x0000000089400000, 0x0000000089500000|  0%| F|  |TAMS 0x0000000089400000, 0x0000000089400000| Untracked 
| 149|0x0000000089500000, 0x0000000089500000, 0x0000000089600000|  0%| F|  |TAMS 0x0000000089500000, 0x0000000089500000| Untracked 
| 150|0x0000000089600000, 0x0000000089600000, 0x0000000089700000|  0%| F|  |TAMS 0x0000000089600000, 0x0000000089600000| Untracked 
| 151|0x0000000089700000, 0x0000000089700000, 0x0000000089800000|  0%| F|  |TAMS 0x0000000089700000, 0x0000000089700000| Untracked 
| 152|0x0000000089800000, 0x0000000089800000, 0x0000000089900000|  0%| F|  |TAMS 0x0000000089800000, 0x0000000089800000| Untracked 
| 153|0x0000000089900000, 0x0000000089900000, 0x0000000089a00000|  0%| F|  |TAMS 0x0000000089900000, 0x0000000089900000| Untracked 
| 154|0x0000000089a00000, 0x0000000089a00000, 0x0000000089b00000|  0%| F|  |TAMS 0x0000000089a00000, 0x0000000089a00000| Untracked 
| 155|0x0000000089b00000, 0x0000000089b00000, 0x0000000089c00000|  0%| F|  |TAMS 0x0000000089b00000, 0x0000000089b00000| Untracked 
| 156|0x0000000089c00000, 0x0000000089c00000, 0x0000000089d00000|  0%| F|  |TAMS 0x0000000089c00000, 0x0000000089c00000| Untracked 
| 157|0x0000000089d00000, 0x0000000089d00000, 0x0000000089e00000|  0%| F|  |TAMS 0x0000000089d00000, 0x0000000089d00000| Untracked 
| 158|0x0000000089e00000, 0x0000000089e00000, 0x0000000089f00000|  0%| F|  |TAMS 0x0000000089e00000, 0x0000000089e00000| Untracked 
| 159|0x0000000089f00000, 0x0000000089f00000, 0x000000008a000000|  0%| F|  |TAMS 0x0000000089f00000, 0x0000000089f00000| Untracked 
| 160|0x000000008a000000, 0x000000008a000000, 0x000000008a100000|  0%| F|  |TAMS 0x000000008a000000, 0x000000008a000000| Untracked 
| 161|0x000000008a100000, 0x000000008a100000, 0x000000008a200000|  0%| F|  |TAMS 0x000000008a100000, 0x000000008a100000| Untracked 
| 162|0x000000008a200000, 0x000000008a200000, 0x000000008a300000|  0%| F|  |TAMS 0x000000008a200000, 0x000000008a200000| Untracked 
| 163|0x000000008a300000, 0x000000008a300000, 0x000000008a400000|  0%| F|  |TAMS 0x000000008a300000, 0x000000008a300000| Untracked 
| 164|0x000000008a400000, 0x000000008a400000, 0x000000008a500000|  0%| F|  |TAMS 0x000000008a400000, 0x000000008a400000| Untracked 
| 165|0x000000008a500000, 0x000000008a500000, 0x000000008a600000|  0%| F|  |TAMS 0x000000008a500000, 0x000000008a500000| Untracked 
| 166|0x000000008a600000, 0x000000008a600000, 0x000000008a700000|  0%| F|  |TAMS 0x000000008a600000, 0x000000008a600000| Untracked 
| 167|0x000000008a700000, 0x000000008a700000, 0x000000008a800000|  0%| F|  |TAMS 0x000000008a700000, 0x000000008a700000| Untracked 
| 168|0x000000008a800000, 0x000000008a800000, 0x000000008a900000|  0%| F|  |TAMS 0x000000008a800000, 0x000000008a800000| Untracked 
| 169|0x000000008a900000, 0x000000008aa00000, 0x000000008aa00000|100%| S|CS|TAMS 0x000000008a900000, 0x000000008a900000| Complete 
| 170|0x000000008aa00000, 0x000000008ab00000, 0x000000008ab00000|100%| S|CS|TAMS 0x000000008aa00000, 0x000000008aa00000| Complete 
| 171|0x000000008ab00000, 0x000000008ac00000, 0x000000008ac00000|100%| S|CS|TAMS 0x000000008ab00000, 0x000000008ab00000| Complete 
| 172|0x000000008ac00000, 0x000000008ad00000, 0x000000008ad00000|100%| S|CS|TAMS 0x000000008ac00000, 0x000000008ac00000| Complete 
| 173|0x000000008ad00000, 0x000000008ae00000, 0x000000008ae00000|100%| S|CS|TAMS 0x000000008ad00000, 0x000000008ad00000| Complete 
| 174|0x000000008ae00000, 0x000000008af00000, 0x000000008af00000|100%| S|CS|TAMS 0x000000008ae00000, 0x000000008ae00000| Complete 
| 175|0x000000008af00000, 0x000000008b000000, 0x000000008b000000|100%| S|CS|TAMS 0x000000008af00000, 0x000000008af00000| Complete 
| 176|0x000000008b000000, 0x000000008b000000, 0x000000008b100000|  0%| F|  |TAMS 0x000000008b000000, 0x000000008b000000| Untracked 
| 177|0x000000008b100000, 0x000000008b200000, 0x000000008b200000|100%| S|CS|TAMS 0x000000008b100000, 0x000000008b100000| Complete 
| 178|0x000000008b200000, 0x000000008b200000, 0x000000008b300000|  0%| F|  |TAMS 0x000000008b200000, 0x000000008b200000| Untracked 
| 179|0x000000008b300000, 0x000000008b300000, 0x000000008b400000|  0%| F|  |TAMS 0x000000008b300000, 0x000000008b300000| Untracked 
| 180|0x000000008b400000, 0x000000008b400000, 0x000000008b500000|  0%| F|  |TAMS 0x000000008b400000, 0x000000008b400000| Untracked 
| 181|0x000000008b500000, 0x000000008b500000, 0x000000008b600000|  0%| F|  |TAMS 0x000000008b500000, 0x000000008b500000| Untracked 
| 182|0x000000008b600000, 0x000000008b600000, 0x000000008b700000|  0%| F|  |TAMS 0x000000008b600000, 0x000000008b600000| Untracked 
| 183|0x000000008b700000, 0x000000008b700000, 0x000000008b800000|  0%| F|  |TAMS 0x000000008b700000, 0x000000008b700000| Untracked 
| 184|0x000000008b800000, 0x000000008b800000, 0x000000008b900000|  0%| F|  |TAMS 0x000000008b800000, 0x000000008b800000| Untracked 
| 185|0x000000008b900000, 0x000000008b900000, 0x000000008ba00000|  0%| F|  |TAMS 0x000000008b900000, 0x000000008b900000| Untracked 
| 186|0x000000008ba00000, 0x000000008ba00000, 0x000000008bb00000|  0%| F|  |TAMS 0x000000008ba00000, 0x000000008ba00000| Untracked 
| 187|0x000000008bb00000, 0x000000008bb00000, 0x000000008bc00000|  0%| F|  |TAMS 0x000000008bb00000, 0x000000008bb00000| Untracked 
| 188|0x000000008bc00000, 0x000000008bc00000, 0x000000008bd00000|  0%| F|  |TAMS 0x000000008bc00000, 0x000000008bc00000| Untracked 
| 189|0x000000008bd00000, 0x000000008bd00000, 0x000000008be00000|  0%| F|  |TAMS 0x000000008bd00000, 0x000000008bd00000| Untracked 
| 190|0x000000008be00000, 0x000000008be00000, 0x000000008bf00000|  0%| F|  |TAMS 0x000000008be00000, 0x000000008be00000| Untracked 
| 191|0x000000008bf00000, 0x000000008bf00000, 0x000000008c000000|  0%| F|  |TAMS 0x000000008bf00000, 0x000000008bf00000| Untracked 
| 192|0x000000008c000000, 0x000000008c000000, 0x000000008c100000|  0%| F|  |TAMS 0x000000008c000000, 0x000000008c000000| Untracked 
| 193|0x000000008c100000, 0x000000008c100000, 0x000000008c200000|  0%| F|  |TAMS 0x000000008c100000, 0x000000008c100000| Untracked 
| 194|0x000000008c200000, 0x000000008c200000, 0x000000008c300000|  0%| F|  |TAMS 0x000000008c200000, 0x000000008c200000| Untracked 
| 195|0x000000008c300000, 0x000000008c300000, 0x000000008c400000|  0%| F|  |TAMS 0x000000008c300000, 0x000000008c300000| Untracked 
| 196|0x000000008c400000, 0x000000008c400000, 0x000000008c500000|  0%| F|  |TAMS 0x000000008c400000, 0x000000008c400000| Untracked 
| 197|0x000000008c500000, 0x000000008c500000, 0x000000008c600000|  0%| F|  |TAMS 0x000000008c500000, 0x000000008c500000| Untracked 
| 198|0x000000008c600000, 0x000000008c600000, 0x000000008c700000|  0%| F|  |TAMS 0x000000008c600000, 0x000000008c600000| Untracked 
| 199|0x000000008c700000, 0x000000008c700000, 0x000000008c800000|  0%| F|  |TAMS 0x000000008c700000, 0x000000008c700000| Untracked 
| 200|0x000000008c800000, 0x000000008c800000, 0x000000008c900000|  0%| F|  |TAMS 0x000000008c800000, 0x000000008c800000| Untracked 
| 201|0x000000008c900000, 0x000000008c900000, 0x000000008ca00000|  0%| F|  |TAMS 0x000000008c900000, 0x000000008c900000| Untracked 
| 202|0x000000008ca00000, 0x000000008ca00000, 0x000000008cb00000|  0%| F|  |TAMS 0x000000008ca00000, 0x000000008ca00000| Untracked 
| 203|0x000000008cb00000, 0x000000008cb00000, 0x000000008cc00000|  0%| F|  |TAMS 0x000000008cb00000, 0x000000008cb00000| Untracked 
| 204|0x000000008cc00000, 0x000000008cc00000, 0x000000008cd00000|  0%| F|  |TAMS 0x000000008cc00000, 0x000000008cc00000| Untracked 
| 205|0x000000008cd00000, 0x000000008cd00000, 0x000000008ce00000|  0%| F|  |TAMS 0x000000008cd00000, 0x000000008cd00000| Untracked 
| 206|0x000000008ce00000, 0x000000008ce00000, 0x000000008cf00000|  0%| F|  |TAMS 0x000000008ce00000, 0x000000008ce00000| Untracked 
| 207|0x000000008cf00000, 0x000000008cf00000, 0x000000008d000000|  0%| F|  |TAMS 0x000000008cf00000, 0x000000008cf00000| Untracked 
| 208|0x000000008d000000, 0x000000008d000000, 0x000000008d100000|  0%| F|  |TAMS 0x000000008d000000, 0x000000008d000000| Untracked 
| 209|0x000000008d100000, 0x000000008d100000, 0x000000008d200000|  0%| F|  |TAMS 0x000000008d100000, 0x000000008d100000| Untracked 
| 210|0x000000008d200000, 0x000000008d200000, 0x000000008d300000|  0%| F|  |TAMS 0x000000008d200000, 0x000000008d200000| Untracked 
| 211|0x000000008d300000, 0x000000008d300000, 0x000000008d400000|  0%| F|  |TAMS 0x000000008d300000, 0x000000008d300000| Untracked 
| 212|0x000000008d400000, 0x000000008d400000, 0x000000008d500000|  0%| F|  |TAMS 0x000000008d400000, 0x000000008d400000| Untracked 
| 213|0x000000008d500000, 0x000000008d500000, 0x000000008d600000|  0%| F|  |TAMS 0x000000008d500000, 0x000000008d500000| Untracked 
| 214|0x000000008d600000, 0x000000008d600000, 0x000000008d700000|  0%| F|  |TAMS 0x000000008d600000, 0x000000008d600000| Untracked 
| 215|0x000000008d700000, 0x000000008d700000, 0x000000008d800000|  0%| F|  |TAMS 0x000000008d700000, 0x000000008d700000| Untracked 
| 216|0x000000008d800000, 0x000000008d800000, 0x000000008d900000|  0%| F|  |TAMS 0x000000008d800000, 0x000000008d800000| Untracked 
| 217|0x000000008d900000, 0x000000008d900000, 0x000000008da00000|  0%| F|  |TAMS 0x000000008d900000, 0x000000008d900000| Untracked 
| 218|0x000000008da00000, 0x000000008da00000, 0x000000008db00000|  0%| F|  |TAMS 0x000000008da00000, 0x000000008da00000| Untracked 
| 219|0x000000008db00000, 0x000000008db00000, 0x000000008dc00000|  0%| F|  |TAMS 0x000000008db00000, 0x000000008db00000| Untracked 
| 220|0x000000008dc00000, 0x000000008dc00000, 0x000000008dd00000|  0%| F|  |TAMS 0x000000008dc00000, 0x000000008dc00000| Untracked 
| 221|0x000000008dd00000, 0x000000008dd00000, 0x000000008de00000|  0%| F|  |TAMS 0x000000008dd00000, 0x000000008dd00000| Untracked 
| 222|0x000000008de00000, 0x000000008de00000, 0x000000008df00000|  0%| F|  |TAMS 0x000000008de00000, 0x000000008de00000| Untracked 
| 223|0x000000008df00000, 0x000000008df00000, 0x000000008e000000|  0%| F|  |TAMS 0x000000008df00000, 0x000000008df00000| Untracked 
| 224|0x000000008e000000, 0x000000008e000000, 0x000000008e100000|  0%| F|  |TAMS 0x000000008e000000, 0x000000008e000000| Untracked 
| 225|0x000000008e100000, 0x000000008e100000, 0x000000008e200000|  0%| F|  |TAMS 0x000000008e100000, 0x000000008e100000| Untracked 
| 226|0x000000008e200000, 0x000000008e200000, 0x000000008e300000|  0%| F|  |TAMS 0x000000008e200000, 0x000000008e200000| Untracked 
| 227|0x000000008e300000, 0x000000008e300000, 0x000000008e400000|  0%| F|  |TAMS 0x000000008e300000, 0x000000008e300000| Untracked 
| 228|0x000000008e400000, 0x000000008e400000, 0x000000008e500000|  0%| F|  |TAMS 0x000000008e400000, 0x000000008e400000| Untracked 
| 229|0x000000008e500000, 0x000000008e500000, 0x000000008e600000|  0%| F|  |TAMS 0x000000008e500000, 0x000000008e500000| Untracked 
| 230|0x000000008e600000, 0x000000008e6e4760, 0x000000008e700000| 89%| E|  |TAMS 0x000000008e600000, 0x000000008e600000| Complete 
| 231|0x000000008e700000, 0x000000008e800000, 0x000000008e800000|100%| E|CS|TAMS 0x000000008e700000, 0x000000008e700000| Complete 
| 232|0x000000008e800000, 0x000000008e900000, 0x000000008e900000|100%| E|CS|TAMS 0x000000008e800000, 0x000000008e800000| Complete 
| 233|0x000000008e900000, 0x000000008ea00000, 0x000000008ea00000|100%| E|CS|TAMS 0x000000008e900000, 0x000000008e900000| Complete 

Card table byte_map: [0x00000230321d0000,0x00000230325d0000] _byte_map_base: 0x0000023031dd0000

Marking Bits (Prev, Next): (CMBitMap*) 0x000002301f309ba8, (CMBitMap*) 0x000002301f309be0
 Prev Bits: [0x00000230329d0000, 0x00000230349d0000)
 Next Bits: [0x00000230349d0000, 0x00000230369d0000)

Polling page: 0x000002301eab0000

Metaspace:

Usage:
  Non-class:    107.85 MB capacity,   105.66 MB ( 98%) used,     1.79 MB (  2%) free+waste,   402.25 KB ( <1%) overhead. 
      Class:     16.89 MB capacity,    15.58 MB ( 92%) used,     1.13 MB (  7%) free+waste,   185.19 KB (  1%) overhead. 
       Both:    124.74 MB capacity,   121.24 MB ( 97%) used,     2.92 MB (  2%) free+waste,   587.44 KB ( <1%) overhead. 

Virtual space:
  Non-class space:      108.00 MB reserved,     108.00 MB (100%) committed 
      Class space:        1.00 GB reserved,      17.00 MB (  2%) committed 
             Both:        1.11 GB reserved,     125.00 MB ( 11%) committed 

Chunk freelists:
   Non-Class:  30.00 KB
       Class:  0 bytes
        Both:  30.00 KB

MaxMetaspaceSize: 17179869184.00 GB
CompressedClassSpaceSize: 1.00 GB

CodeHeap 'non-profiled nmethods': size=120064Kb used=10596Kb max_used=10596Kb free=109467Kb
 bounds [0x000002302a890000, 0x000002302b2f0000, 0x0000023031dd0000]
CodeHeap 'profiled nmethods': size=120000Kb used=35584Kb max_used=35584Kb free=84416Kb
 bounds [0x0000023023360000, 0x0000023025620000, 0x000002302a890000]
CodeHeap 'non-nmethods': size=5696Kb used=2381Kb max_used=2424Kb free=3315Kb
 bounds [0x0000023022dd0000, 0x0000023023040000, 0x0000023023360000]
 total_blobs=16897 nmethods=15883 adapters=925
 compilation: enabled
              stopped_count=0, restarted_count=0
 full_count=0

Compilation events (20 events):
Event: 152.323 Thread 0x0000023038eee000 16126       3       com.android.tools.r8.graph.k2::a (124 bytes)
Event: 152.325 Thread 0x0000023038eee000 nmethod 16126 0x0000023025619110 code [0x0000023025619400, 0x000002302561a5f8]
Event: 152.325 Thread 0x0000023038eee000 16127       3       com.android.tools.r8.graph.l2::apply (42 bytes)
Event: 152.326 Thread 0x0000023038eee000 nmethod 16127 0x000002302561ad10 code [0x000002302561af00, 0x000002302561b458]
Event: 152.326 Thread 0x0000023038eee000 16128       3       com.android.tools.r8.graph.o2::P (2 bytes)
Event: 152.326 Thread 0x0000023038eee000 nmethod 16128 0x000002302561b590 code [0x000002302561b740, 0x000002302561b838]
Event: 152.328 Thread 0x0000023038eee000 16129       3       com.android.tools.r8.ir.conversion.r$$Lambda$1709/0x00000001010d6040::test (8 bytes)
Event: 152.329 Thread 0x0000023038eee000 nmethod 16129 0x000002302561b910 code [0x000002302561bb00, 0x000002302561c048]
Event: 152.329 Thread 0x0000023038eee000 16130       3       com.android.tools.r8.ir.conversion.r$$Lambda$1710/0x00000001010d6440::accept (16 bytes)
Event: 152.330 Thread 0x0000023038eee000 nmethod 16130 0x000002302561c210 code [0x000002302561c3e0, 0x000002302561c708]
Event: 152.330 Thread 0x0000023038eee000 16131       3       com.android.tools.r8.ir.conversion.r::a (10 bytes)
Event: 152.330 Thread 0x0000023038eee000 nmethod 16131 0x000002302561c890 code [0x000002302561ca40, 0x000002302561cc08]
Event: 152.330 Thread 0x0000023038eee000 16132       3       com.android.tools.r8.internal.ka1::a (22 bytes)
Event: 152.330 Thread 0x0000023038eee000 nmethod 16132 0x000002302561cd10 code [0x000002302561cf20, 0x000002302561d5b8]
Event: 152.331 Thread 0x0000023038eee000 16133       3       com.android.tools.r8.internal.s91::a (30 bytes)
Event: 152.333 Thread 0x0000023038eee000 nmethod 16133 0x000002302561d810 code [0x000002302561dae0, 0x000002302561ebd8]
Event: 152.333 Thread 0x0000023038eee000 16134       3       com.android.tools.r8.internal.s91$$Lambda$1720/0x00000001010e1040::get$Lambda (11 bytes)
Event: 152.333 Thread 0x0000023038eee000 nmethod 16134 0x000002302561f110 code [0x000002302561f2e0, 0x000002302561f5f8]
Event: 152.333 Thread 0x0000023038eee000 16135       3       com.android.tools.r8.internal.s91$$Lambda$1720/0x00000001010e1040::<init> (20 bytes)
Event: 152.333 Thread 0x0000023038eee000 nmethod 16135 0x000002302561f710 code [0x000002302561f8c0, 0x000002302561fb38]

GC Heap History (20 events):
Event: 56.609 GC heap before
{Heap before GC invocations=58 (full 0):
 garbage-first heap   total 239616K, used 196679K [0x0000000080000000, 0x0000000100000000)
  region size 1024K, 76 young (77824K), 7 survivors (7168K)
 Metaspace       used 106278K, capacity 109142K, committed 109312K, reserved 1144832K
  class space    used 13559K, capacity 14586K, committed 14592K, reserved 1048576K
}
Event: 56.752 GC heap after
{Heap after GC invocations=59 (full 0):
 garbage-first heap   total 239616K, used 134143K [0x0000000080000000, 0x0000000100000000)
  region size 1024K, 10 young (10240K), 10 survivors (10240K)
 Metaspace       used 106278K, capacity 109142K, committed 109312K, reserved 1144832K
  class space    used 13559K, capacity 14586K, committed 14592K, reserved 1048576K
}
Event: 59.134 GC heap before
{Heap before GC invocations=59 (full 0):
 garbage-first heap   total 239616K, used 196607K [0x0000000080000000, 0x0000000100000000)
  region size 1024K, 72 young (73728K), 10 survivors (10240K)
 Metaspace       used 107415K, capacity 110325K, committed 110464K, reserved 1144832K
  class space    used 13759K, capacity 14849K, committed 14976K, reserved 1048576K
}
Event: 59.203 GC heap after
{Heap after GC invocations=60 (full 0):
 garbage-first heap   total 239616K, used 140168K [0x0000000080000000, 0x0000000100000000)
  region size 1024K, 6 young (6144K), 6 survivors (6144K)
 Metaspace       used 107415K, capacity 110325K, committed 110464K, reserved 1144832K
  class space    used 13759K, capacity 14849K, committed 14976K, reserved 1048576K
}
Event: 65.610 GC heap before
{Heap before GC invocations=61 (full 0):
 garbage-first heap   total 239616K, used 198536K [0x0000000080000000, 0x0000000100000000)
  region size 1024K, 64 young (65536K), 6 survivors (6144K)
 Metaspace       used 110134K, capacity 113261K, committed 113536K, reserved 1146880K
  class space    used 14190K, capacity 15362K, committed 15488K, reserved 1048576K
}
Event: 65.650 GC heap after
{Heap after GC invocations=62 (full 0):
 garbage-first heap   total 239616K, used 144065K [0x0000000080000000, 0x0000000100000000)
  region size 1024K, 4 young (4096K), 4 survivors (4096K)
 Metaspace       used 110134K, capacity 113261K, committed 113536K, reserved 1146880K
  class space    used 14190K, capacity 15362K, committed 15488K, reserved 1048576K
}
Event: 115.633 GC heap before
{Heap before GC invocations=62 (full 0):
 garbage-first heap   total 239616K, used 151233K [0x0000000080000000, 0x0000000100000000)
  region size 1024K, 11 young (11264K), 4 survivors (4096K)
 Metaspace       used 110559K, capacity 113782K, committed 114048K, reserved 1148928K
  class space    used 14258K, capacity 15414K, committed 15488K, reserved 1048576K
}
Event: 115.795 GC heap after
{Heap after GC invocations=63 (full 0):
 garbage-first heap   total 239616K, used 143136K [0x0000000080000000, 0x0000000100000000)
  region size 1024K, 1 young (1024K), 1 survivors (1024K)
 Metaspace       used 110559K, capacity 113782K, committed 114048K, reserved 1148928K
  class space    used 14258K, capacity 15414K, committed 15488K, reserved 1048576K
}
Event: 121.618 GC heap before
{Heap before GC invocations=63 (full 0):
 garbage-first heap   total 239616K, used 199456K [0x0000000080000000, 0x0000000100000000)
  region size 1024K, 57 young (58368K), 1 survivors (1024K)
 Metaspace       used 116476K, capacity 119757K, committed 119936K, reserved 1153024K
  class space    used 15001K, capacity 16232K, committed 16256K, reserved 1048576K
}
Event: 121.682 GC heap after
{Heap after GC invocations=64 (full 0):
 garbage-first heap   total 239616K, used 143985K [0x0000000080000000, 0x0000000100000000)
  region size 1024K, 2 young (2048K), 2 survivors (2048K)
 Metaspace       used 116476K, capacity 119757K, committed 119936K, reserved 1153024K
  class space    used 15001K, capacity 16232K, committed 16256K, reserved 1048576K
}
Event: 133.298 GC heap before
{Heap before GC invocations=65 (full 0):
 garbage-first heap   total 239616K, used 203377K [0x0000000080000000, 0x0000000100000000)
  region size 1024K, 59 young (60416K), 2 survivors (2048K)
 Metaspace       used 119137K, capacity 122474K, committed 122496K, reserved 1155072K
  class space    used 15287K, capacity 16500K, committed 16512K, reserved 1048576K
}
Event: 133.518 GC heap after
{Heap after GC invocations=66 (full 0):
 garbage-first heap   total 239616K, used 150809K [0x0000000080000000, 0x0000000100000000)
  region size 1024K, 7 young (7168K), 7 survivors (7168K)
 Metaspace       used 119137K, capacity 122474K, committed 122496K, reserved 1155072K
  class space    used 15287K, capacity 16500K, committed 16512K, reserved 1048576K
}
Event: 134.541 GC heap before
{Heap before GC invocations=66 (full 0):
 garbage-first heap   total 239616K, used 153881K [0x0000000080000000, 0x0000000100000000)
  region size 1024K, 11 young (11264K), 7 survivors (7168K)
 Metaspace       used 119140K, capacity 122474K, committed 122496K, reserved 1155072K
  class space    used 15287K, capacity 16500K, committed 16512K, reserved 1048576K
}
Event: 134.672 GC heap after
{Heap after GC invocations=67 (full 0):
 garbage-first heap   total 239616K, used 146407K [0x0000000080000000, 0x0000000100000000)
  region size 1024K, 2 young (2048K), 2 survivors (2048K)
 Metaspace       used 119140K, capacity 122474K, committed 122496K, reserved 1155072K
  class space    used 15287K, capacity 16500K, committed 16512K, reserved 1048576K
}
Event: 137.723 GC heap before
{Heap before GC invocations=67 (full 0):
 garbage-first heap   total 239616K, used 199655K [0x0000000080000000, 0x0000000100000000)
  region size 1024K, 55 young (56320K), 2 survivors (2048K)
 Metaspace       used 119249K, capacity 122623K, committed 122880K, reserved 1155072K
  class space    used 15302K, capacity 16546K, committed 16640K, reserved 1048576K
}
Event: 137.760 GC heap after
{Heap after GC invocations=68 (full 0):
 garbage-first heap   total 239616K, used 147130K [0x0000000080000000, 0x0000000100000000)
  region size 1024K, 2 young (2048K), 2 survivors (2048K)
 Metaspace       used 119249K, capacity 122623K, committed 122880K, reserved 1155072K
  class space    used 15302K, capacity 16546K, committed 16640K, reserved 1048576K
}
Event: 143.009 GC heap before
{Heap before GC invocations=69 (full 0):
 garbage-first heap   total 239616K, used 198330K [0x0000000080000000, 0x0000000100000000)
  region size 1024K, 54 young (55296K), 2 survivors (2048K)
 Metaspace       used 120534K, capacity 123946K, committed 124160K, reserved 1157120K
  class space    used 15467K, capacity 16770K, committed 16896K, reserved 1048576K
}
Event: 143.061 GC heap after
{Heap after GC invocations=70 (full 0):
 garbage-first heap   total 239616K, used 149317K [0x0000000080000000, 0x0000000100000000)
  region size 1024K, 4 young (4096K), 4 survivors (4096K)
 Metaspace       used 120534K, capacity 123946K, committed 124160K, reserved 1157120K
  class space    used 15467K, capacity 16770K, committed 16896K, reserved 1048576K
}
Event: 151.232 GC heap before
{Heap before GC invocations=71 (full 0):
 garbage-first heap   total 239616K, used 204613K [0x0000000080000000, 0x0000000100000000)
  region size 1024K, 57 young (58368K), 4 survivors (4096K)
 Metaspace       used 123917K, capacity 127512K, committed 127616K, reserved 1159168K
  class space    used 15925K, capacity 17272K, committed 17280K, reserved 1048576K
}
Event: 151.492 GC heap after
{Heap after GC invocations=72 (full 0):
 garbage-first heap   total 239616K, used 157196K [0x0000000080000000, 0x0000000100000000)
  region size 1024K, 8 young (8192K), 8 survivors (8192K)
 Metaspace       used 123917K, capacity 127512K, committed 127616K, reserved 1159168K
  class space    used 15925K, capacity 17272K, committed 17280K, reserved 1048576K
}

Deoptimization events (20 events):
Event: 152.221 Thread 0x000002304467f800 Uncommon trap: trap_request=0xffffffde fr.pc=0x000002302b2d9430 relative=0x00000000000003d0
Event: 152.221 Thread 0x000002304467f800 Uncommon trap: reason=class_check action=maybe_recompile pc=0x000002302b2d9430 method=com.android.tools.r8.internal.GY0.hasNext()Z @ 103 c2
Event: 152.221 Thread 0x000002304467f800 DEOPT PACKING pc=0x000002302b2d9430 sp=0x0000008df6bfcd80
Event: 152.221 Thread 0x000002304467f800 DEOPT UNPACKING pc=0x0000023022df662f sp=0x0000008df6bfcd28 mode 2
Event: 152.242 Thread 0x000002304467f800 Uncommon trap: trap_request=0xffffffc6 fr.pc=0x000002302b2d9408 relative=0x00000000000003a8
Event: 152.242 Thread 0x000002304467f800 Uncommon trap: reason=bimorphic_or_optimized_type_check action=maybe_recompile pc=0x000002302b2d9408 method=com.android.tools.r8.internal.GY0.hasNext()Z @ 9 c2
Event: 152.242 Thread 0x000002304467f800 DEOPT PACKING pc=0x000002302b2d9408 sp=0x0000008df6bfcd30
Event: 152.245 Thread 0x000002304467f800 DEOPT UNPACKING pc=0x0000023022df662f sp=0x0000008df6bfccd8 mode 2
Event: 152.245 Thread 0x000002304467f800 Uncommon trap: trap_request=0xffffffc6 fr.pc=0x000002302b2d9408 relative=0x00000000000003a8
Event: 152.246 Thread 0x000002304467f800 Uncommon trap: reason=bimorphic_or_optimized_type_check action=maybe_recompile pc=0x000002302b2d9408 method=com.android.tools.r8.internal.GY0.hasNext()Z @ 9 c2
Event: 152.246 Thread 0x000002304467f800 DEOPT PACKING pc=0x000002302b2d9408 sp=0x0000008df6bfcd80
Event: 152.248 Thread 0x000002304467f800 DEOPT UNPACKING pc=0x0000023022df662f sp=0x0000008df6bfcd30 mode 2
Event: 152.248 Thread 0x000002304467f800 Uncommon trap: trap_request=0xffffffc6 fr.pc=0x000002302b2d9408 relative=0x00000000000003a8
Event: 152.248 Thread 0x000002304467f800 Uncommon trap: reason=bimorphic_or_optimized_type_check action=maybe_recompile pc=0x000002302b2d9408 method=com.android.tools.r8.internal.GY0.hasNext()Z @ 9 c2
Event: 152.248 Thread 0x000002304467f800 DEOPT PACKING pc=0x000002302b2d9408 sp=0x0000008df6bfcd30
Event: 152.248 Thread 0x000002304467f800 DEOPT UNPACKING pc=0x0000023022df662f sp=0x0000008df6bfccd8 mode 2
Event: 152.248 Thread 0x000002304467f800 Uncommon trap: trap_request=0xffffffc6 fr.pc=0x000002302b2d9408 relative=0x00000000000003a8
Event: 152.248 Thread 0x000002304467f800 Uncommon trap: reason=bimorphic_or_optimized_type_check action=maybe_recompile pc=0x000002302b2d9408 method=com.android.tools.r8.internal.GY0.hasNext()Z @ 9 c2
Event: 152.248 Thread 0x000002304467f800 DEOPT PACKING pc=0x000002302b2d9408 sp=0x0000008df6bfcd80
Event: 152.251 Thread 0x000002304467f800 DEOPT UNPACKING pc=0x0000023022df662f sp=0x0000008df6bfcd30 mode 2

Classes redefined (0 events):
No events

Internal exceptions (20 events):
Event: 127.500 Thread 0x0000023044676800 Exception <a 'sun/nio/fs/WindowsException'{0x000000008d4d1b50}> (0x000000008d4d1b50) thrown at [./src/hotspot/share/prims/jni.cpp, line 615]
Event: 127.501 Thread 0x0000023044676800 Exception <a 'sun/nio/fs/WindowsException'{0x000000008d4d2d10}> (0x000000008d4d2d10) thrown at [./src/hotspot/share/prims/jni.cpp, line 615]
Event: 127.502 Thread 0x0000023044676800 Exception <a 'sun/nio/fs/WindowsException'{0x000000008d4d3f28}> (0x000000008d4d3f28) thrown at [./src/hotspot/share/prims/jni.cpp, line 615]
Event: 127.502 Thread 0x0000023044676800 Exception <a 'sun/nio/fs/WindowsException'{0x000000008d4d4088}> (0x000000008d4d4088) thrown at [./src/hotspot/share/prims/jni.cpp, line 615]
Event: 127.504 Thread 0x0000023044676800 Exception <a 'sun/nio/fs/WindowsException'{0x000000008d4d62a8}> (0x000000008d4d62a8) thrown at [./src/hotspot/share/prims/jni.cpp, line 615]
Event: 127.504 Thread 0x0000023044676800 Exception <a 'sun/nio/fs/WindowsException'{0x000000008d4d63f8}> (0x000000008d4d63f8) thrown at [./src/hotspot/share/prims/jni.cpp, line 615]
Event: 127.504 Thread 0x0000023044676800 Exception <a 'sun/nio/fs/WindowsException'{0x000000008d4d8610}> (0x000000008d4d8610) thrown at [./src/hotspot/share/prims/jni.cpp, line 615]
Event: 132.614 Thread 0x000002303e49f800 Exception <a 'java/lang/NoSuchMethodError'{0x000000008b35c200}: <clinit>> (0x000000008b35c200) thrown at [./src/hotspot/share/prims/jni.cpp, line 1362]
Event: 138.391 Thread 0x0000023044677800 Implicit null exception at 0x000002302a8efb29 to 0x000002302a8efc10
Event: 143.395 Thread 0x000002303e49f800 Exception <a 'java/lang/NoSuchMethodError'{0x000000008e200ed8}: <clinit>> (0x000000008e200ed8) thrown at [./src/hotspot/share/prims/jni.cpp, line 1362]
Event: 143.401 Thread 0x000002303e49f800 Exception <a 'java/lang/NoSuchMethodError'{0x000000008e23e6c8}: <clinit>> (0x000000008e23e6c8) thrown at [./src/hotspot/share/prims/jni.cpp, line 1362]
Event: 143.462 Thread 0x0000023044676800 Exception <a 'sun/nio/fs/WindowsException'{0x000000008e144c90}> (0x000000008e144c90) thrown at [./src/hotspot/share/prims/jni.cpp, line 615]
Event: 143.659 Thread 0x0000023044676800 Exception <a 'java/lang/NoSuchMethodError'{0x000000008dee6b98}: <clinit>> (0x000000008dee6b98) thrown at [./src/hotspot/share/prims/jni.cpp, line 1362]
Event: 145.251 Thread 0x000002304467f800 Exception <a 'sun/nio/fs/WindowsException'{0x000000008d52c8c8}> (0x000000008d52c8c8) thrown at [./src/hotspot/share/prims/jni.cpp, line 615]
Event: 145.291 Thread 0x000002303e4a1000 Exception <a 'sun/nio/fs/WindowsException'{0x000000008d5ef110}> (0x000000008d5ef110) thrown at [./src/hotspot/share/prims/jni.cpp, line 615]
Event: 146.132 Thread 0x000002304467f800 Exception <a 'java/lang/IncompatibleClassChangeError'{0x000000008ce74200}: Found class java.lang.Object, but interface was expected> (0x000000008ce74200) thrown at [./src/hotspot/share/interpreter/linkResolver.cpp, line 839]
Event: 146.283 Thread 0x000002303e4a1000 Exception <a 'java/lang/NoSuchMethodError'{0x000000008cc27828}: 'void java.lang.invoke.DirectMethodHandle$Holder.invokeStatic(java.lang.Object, java.lang.Object, int, java.lang.Object, java.lang.Object, java.lang.Object, java.lang.Object)'> (0x000000008cc27828) thrown at [./src/hotspot/share/interpreter/linkResolver.cpp, line 773]
Event: 149.466 Thread 0x000002303e4a1000 Exception <a 'java/lang/IncompatibleClassChangeError'{0x000000008c2bd278}: Found class java.lang.Object, but interface was expected> (0x000000008c2bd278) thrown at [./src/hotspot/share/interpreter/linkResolver.cpp, line 839]
Event: 149.467 Thread 0x000002303b9f9800 Exception <a 'java/lang/IncompatibleClassChangeError'{0x000000008c2efbe8}: Found class java.lang.Object, but interface was expected> (0x000000008c2efbe8) thrown at [./src/hotspot/share/interpreter/linkResolver.cpp, line 839]
Event: 149.467 Thread 0x000002304467f800 Exception <a 'java/lang/IncompatibleClassChangeError'{0x000000008c2c1528}: Found class java.lang.Object, but interface was expected> (0x000000008c2c1528) thrown at [./src/hotspot/share/interpreter/linkResolver.cpp, line 839]

Events (20 events):
Event: 152.070 loading class com/android/tools/r8/internal/VD0
Event: 152.070 loading class com/android/tools/r8/internal/VD0 done
Event: 152.072 loading class com/android/tools/r8/graph/g0
Event: 152.072 loading class com/android/tools/r8/graph/g0 done
Event: 152.074 loading class com/android/tools/r8/internal/qY0
Event: 152.074 loading class com/android/tools/r8/internal/qY0 done
Event: 152.222 loading class com/android/tools/r8/internal/BY0
Event: 152.222 loading class com/android/tools/r8/internal/BY0 done
Event: 152.224 loading class com/android/tools/r8/internal/I
Event: 152.224 loading class com/android/tools/r8/internal/I done
Event: 152.232 loading class com/android/tools/r8/internal/H
Event: 152.232 loading class com/android/tools/r8/internal/H done
Event: 152.254 loading class com/android/tools/r8/graph/S0
Event: 152.254 loading class com/android/tools/r8/graph/S0 done
Event: 152.258 loading class com/android/tools/r8/internal/f51
Event: 152.258 loading class com/android/tools/r8/internal/f51 done
Event: 152.286 loading class com/android/tools/r8/internal/lU0
Event: 152.286 loading class com/android/tools/r8/internal/lU0 done
Event: 152.289 loading class com/android/tools/r8/internal/dN0
Event: 152.289 loading class com/android/tools/r8/internal/dN0 done


Dynamic libraries:
0x00007ff7aea70000 - 0x00007ff7aea7a000 	C:\Program Files\Android\Android Studio\jre\bin\java.exe
0x00007ffcc6570000 - 0x00007ffcc6768000 	C:\WINDOWS\SYSTEM32\ntdll.dll
0x00007ffcc59c0000 - 0x00007ffcc5a7d000 	C:\WINDOWS\System32\KERNEL32.DLL
0x00007ffcc3f80000 - 0x00007ffcc424e000 	C:\WINDOWS\System32\KERNELBASE.dll
0x00007ffcc43b0000 - 0x00007ffcc44b0000 	C:\WINDOWS\System32\ucrtbase.dll
0x00007ffcbd9c0000 - 0x00007ffcbd9d9000 	C:\Program Files\Android\Android Studio\jre\bin\jli.dll
0x00007ffcc5c90000 - 0x00007ffcc5e30000 	C:\WINDOWS\System32\USER32.dll
0x00007ffcc3d20000 - 0x00007ffcc3d42000 	C:\WINDOWS\System32\win32u.dll
0x00007ffcc6030000 - 0x00007ffcc605a000 	C:\WINDOWS\System32\GDI32.dll
0x00007ffcc3dd0000 - 0x00007ffcc3edb000 	C:\WINDOWS\System32\gdi32full.dll
0x00007ffcc3ee0000 - 0x00007ffcc3f7d000 	C:\WINDOWS\System32\msvcp_win.dll
0x00007ffcb77d0000 - 0x00007ffcb77e7000 	C:\Program Files\Android\Android Studio\jre\bin\VCRUNTIME140.dll
0x00007ffc9f660000 - 0x00007ffc9f8fa000 	C:\WINDOWS\WinSxS\amd64_microsoft.windows.common-controls_6595b64144ccf1df_6.0.19041.1110_none_60b5254171f9507e\COMCTL32.dll
0x00007ffcc5bf0000 - 0x00007ffcc5c8e000 	C:\WINDOWS\System32\msvcrt.dll
0x00007ffcc5990000 - 0x00007ffcc59c0000 	C:\WINDOWS\System32\IMM32.DLL
0x00007ffc99980000 - 0x00007ffc99a1d000 	C:\Program Files\Android\Android Studio\jre\bin\msvcp140.dll
0x00007ffc3e540000 - 0x00007ffc3f015000 	C:\Program Files\Android\Android Studio\jre\bin\server\jvm.dll
0x00007ffcc45d0000 - 0x00007ffcc467e000 	C:\WINDOWS\System32\ADVAPI32.dll
0x00007ffcc5750000 - 0x00007ffcc57ec000 	C:\WINDOWS\System32\sechost.dll
0x00007ffcc5e90000 - 0x00007ffcc5fb5000 	C:\WINDOWS\System32\RPCRT4.dll
0x00007ffcc5be0000 - 0x00007ffcc5be8000 	C:\WINDOWS\System32\PSAPI.DLL
0x00007ffca31e0000 - 0x00007ffca31e9000 	C:\WINDOWS\SYSTEM32\WSOCK32.dll
0x00007ffcc5fc0000 - 0x00007ffcc602b000 	C:\WINDOWS\System32\WS2_32.dll
0x00007ffca5f30000 - 0x00007ffca5f57000 	C:\WINDOWS\SYSTEM32\WINMM.dll
0x00007ffcbeaa0000 - 0x00007ffcbeaaa000 	C:\WINDOWS\SYSTEM32\VERSION.dll
0x00007ffcc1b80000 - 0x00007ffcc1b92000 	C:\WINDOWS\SYSTEM32\kernel.appcore.dll
0x00007ffcb2a00000 - 0x00007ffcb2a11000 	C:\Program Files\Android\Android Studio\jre\bin\verify.dll
0x00007ffcb38b0000 - 0x00007ffcb3a94000 	C:\WINDOWS\SYSTEM32\DBGHELP.DLL
0x00007ffcb23e0000 - 0x00007ffcb240c000 	C:\WINDOWS\SYSTEM32\dbgcore.DLL
0x00007ffcc3c90000 - 0x00007ffcc3d12000 	C:\WINDOWS\System32\bcryptPrimitives.dll
0x00007ffca9360000 - 0x00007ffca9389000 	C:\Program Files\Android\Android Studio\jre\bin\java.dll
0x00007ffcbf9e0000 - 0x00007ffcbf9eb000 	C:\Program Files\Android\Android Studio\jre\bin\jimage.dll
0x00007ffca7110000 - 0x00007ffca7128000 	C:\Program Files\Android\Android Studio\jre\bin\zip.dll
0x00007ffcc4f70000 - 0x00007ffcc56b3000 	C:\WINDOWS\System32\SHELL32.dll
0x00007ffcc1d80000 - 0x00007ffcc2515000 	C:\WINDOWS\SYSTEM32\windows.storage.dll
0x00007ffcc6060000 - 0x00007ffcc63b4000 	C:\WINDOWS\System32\combase.dll
0x00007ffcc3620000 - 0x00007ffcc3650000 	C:\WINDOWS\SYSTEM32\Wldp.dll
0x00007ffcc5a80000 - 0x00007ffcc5b2d000 	C:\WINDOWS\System32\SHCORE.dll
0x00007ffcc56e0000 - 0x00007ffcc5735000 	C:\WINDOWS\System32\shlwapi.dll
0x00007ffcc3bd0000 - 0x00007ffcc3bef000 	C:\WINDOWS\SYSTEM32\profapi.dll
0x00007ffca70f0000 - 0x00007ffca710a000 	C:\Program Files\Android\Android Studio\jre\bin\net.dll
0x00007ffcb76c0000 - 0x00007ffcb77ca000 	C:\WINDOWS\SYSTEM32\WINHTTP.dll
0x00007ffcc3380000 - 0x00007ffcc33ea000 	C:\WINDOWS\system32\mswsock.dll
0x00007ffca70d0000 - 0x00007ffca70e4000 	C:\Program Files\Android\Android Studio\jre\bin\nio.dll
0x00007ffc99dd0000 - 0x00007ffc99df7000 	C:\Users\User\.gradle\native\e1d6ef7f7dcc3fd88c89a11ec53ec762bb8ba0a96d01ffa2cd45eb1d1d8dd5c5\windows-amd64\native-platform.dll
0x00007ffc810d0000 - 0x00007ffc81214000 	C:\Users\User\.gradle\native\5664cfc778a61ccfe75a443a1ab52a65af34e5dc3c78e0209fed803814484fcb\windows-amd64\native-platform-file-events.dll
0x00007ffcbe6c0000 - 0x00007ffcbe6ca000 	C:\Program Files\Android\Android Studio\jre\bin\management.dll
0x00007ffca9350000 - 0x00007ffca935d000 	C:\Program Files\Android\Android Studio\jre\bin\management_ext.dll
0x00007ffcc3570000 - 0x00007ffcc3588000 	C:\WINDOWS\SYSTEM32\CRYPTSP.dll
0x00007ffcc2d00000 - 0x00007ffcc2d34000 	C:\WINDOWS\system32\rsaenh.dll
0x00007ffcc3d50000 - 0x00007ffcc3d77000 	C:\WINDOWS\System32\bcrypt.dll
0x00007ffcc3b50000 - 0x00007ffcc3b7e000 	C:\WINDOWS\SYSTEM32\USERENV.dll
0x00007ffcc3590000 - 0x00007ffcc359c000 	C:\WINDOWS\SYSTEM32\CRYPTBASE.dll
0x00007ffcc3070000 - 0x00007ffcc30ab000 	C:\WINDOWS\SYSTEM32\IPHLPAPI.DLL
0x00007ffcc5980000 - 0x00007ffcc5988000 	C:\WINDOWS\System32\NSI.dll
0x00007ffcbc6a0000 - 0x00007ffcbc6b7000 	C:\WINDOWS\SYSTEM32\dhcpcsvc6.DLL
0x00007ffcbc680000 - 0x00007ffcbc69d000 	C:\WINDOWS\SYSTEM32\dhcpcsvc.DLL
0x00007ffcc30c0000 - 0x00007ffcc318a000 	C:\WINDOWS\SYSTEM32\DNSAPI.dll
0x00007ffc998c0000 - 0x00007ffc998de000 	C:\Users\User\AppData\Local\Temp\native-platform9233846993939931888dir\native-platform.dll
0x00007ffca1a10000 - 0x00007ffca1a18000 	C:\Program Files\Android\Android Studio\jre\bin\rmi.dll

dbghelp: loaded successfully - version: 4.0.5 - missing functions: none
symbol engine: initialized successfully - sym options: 0x614 - pdb path: .;C:\Program Files\Android\Android Studio\jre\bin;C:\WINDOWS\SYSTEM32;C:\WINDOWS\WinSxS\amd64_microsoft.windows.common-controls_6595b64144ccf1df_6.0.19041.1110_none_60b5254171f9507e;C:\Program Files\Android\Android Studio\jre\bin\server;C:\Users\User\.gradle\native\e1d6ef7f7dcc3fd88c89a11ec53ec762bb8ba0a96d01ffa2cd45eb1d1d8dd5c5\windows-amd64;C:\Users\User\.gradle\native\5664cfc778a61ccfe75a443a1ab52a65af34e5dc3c78e0209fed803814484fcb\windows-amd64;C:\Users\User\AppData\Local\Temp\native-platform9233846993939931888dir

VM Arguments:
jvm_args: --add-opens=java.base/java.util=ALL-UNNAMED --add-opens=java.base/java.lang=ALL-UNNAMED --add-opens=java.base/java.lang.invoke=ALL-UNNAMED --add-opens=java.base/java.util=ALL-UNNAMED --add-opens=java.prefs/java.util.prefs=ALL-UNNAMED --add-opens=java.prefs/java.util.prefs=ALL-UNNAMED --add-opens=java.base/java.nio.charset=ALL-UNNAMED --add-opens=java.base/java.net=ALL-UNNAMED --add-opens=java.base/java.util.concurrent.atomic=ALL-UNNAMED -Xmx2048m -Dfile.encoding=UTF-8 -Duser.country=RU -Duser.language=ru -Duser.variant 
java_command: org.gradle.launcher.daemon.bootstrap.GradleDaemon 7.2
java_class_path (initial): C:\Users\User\.gradle\wrapper\dists\gradle-7.2-bin\2dnblmf4td7x66yl1d74lt32g\gradle-7.2\lib\gradle-launcher-7.2.jar
Launcher Type: SUN_STANDARD

[Global flags]
     intx CICompilerCount                          = 3                                         {product} {ergonomic}
     uint ConcGCThreads                            = 1                                         {product} {ergonomic}
     uint G1ConcRefinementThreads                  = 4                                         {product} {ergonomic}
   size_t G1HeapRegionSize                         = 1048576                                   {product} {ergonomic}
    uintx GCDrainStackTargetSize                   = 64                                        {product} {ergonomic}
   size_t InitialHeapSize                          = 67108864                                  {product} {ergonomic}
   size_t MarkStackSize                            = 4194304                                   {product} {ergonomic}
   size_t MaxHeapSize                              = 2147483648                                {product} {command line}
   size_t MaxNewSize                               = 1287651328                                {product} {ergonomic}
   size_t MinHeapDeltaBytes                        = 1048576                                   {product} {ergonomic}
    uintx NonNMethodCodeHeapSize                   = 5830732                                {pd product} {ergonomic}
    uintx NonProfiledCodeHeapSize                  = 122913754                              {pd product} {ergonomic}
    uintx ProfiledCodeHeapSize                     = 122913754                              {pd product} {ergonomic}
    uintx ReservedCodeCacheSize                    = 251658240                              {pd product} {ergonomic}
     bool SegmentedCodeCache                       = true                                      {product} {ergonomic}
     bool UseCompressedClassPointers               = true                                 {lp64_product} {ergonomic}
     bool UseCompressedOops                        = true                                 {lp64_product} {ergonomic}
     bool UseG1GC                                  = true                                      {product} {ergonomic}
     bool UseLargePagesIndividualAllocation        = false                                  {pd product} {ergonomic}

Logging:
Log output configuration:
 #0: stdout all=warning uptime,level,tags
 #1: stderr all=off uptime,level,tags

Environment Variables:
PATH=C:\Program Files (x86)\NVIDIA Corporation\PhysX\Common;C:\ProgramData\Oracle\Java\javapath;C:\WINDOWS\system32;C:\WINDOWS;C:\WINDOWS\System32\Wbem;C:\WINDOWS\System32\WindowsPowerShell\v1.0\;C:\WINDOWS\System32\OpenSSH\;C:\Program Files (x86)\ZeroTier\One\;C:\Program Files\nodejs\;C:\Users\User\AppData\Local\Programs\Python\Python37\Scripts\;C:\Users\User\AppData\Local\Programs\Python\Python37\;C:\Users\User\AppData\Local\Microsoft\WindowsApps;;C:\Users\User\AppData\Local\Programs\Microsoft VS Code\bin;C:\Users\User\AppData\Roaming\npm
USERNAME=User
OS=Windows_NT
PROCESSOR_IDENTIFIER=Intel64 Family 6 Model 142 Stepping 12, GenuineIntel



---------------  S Y S T E M  ---------------

OS: Windows 10 , 64 bit Build 19041 (10.0.19041.1889)
OS uptime: 8 days 11:20 hours

CPU:total 4 (initial active 4) (2 cores per cpu, 2 threads per core) family 6 model 142 stepping 12 microcode 0xde, cmov, cx8, fxsr, mmx, sse, sse2, sse3, ssse3, sse4.1, sse4.2, popcnt, avx, avx2, aes, clmul, erms, 3dnowpref, lzcnt, ht, tsc, tscinvbit, bmi1, bmi2, adx, fma

Memory: 4k page, system-wide physical 3984M (14M free)
TotalPageFile size 16272M (AvailPageFile size 0M)
current process WorkingSet (physical memory assigned to process): 146M, peak: 419M
current process commit charge ("private bytes"): 578M, peak: 585M

vm_info: OpenJDK 64-Bit Server VM (11.0.11+9-b60-7590822) for windows-amd64 JRE (11.0.11+9-b60-7590822), built on Jul 29 2021 21:43:44 by "builder" with MS VC++ 14.0 (VS2015)

END.
